[1.249s] Invoking command in '/home/ubuntu/pangolin_ws/build/pangolin_interfaces': CMAKE_PREFIX_PATH=${CMAKE_PREFIX_PATH}:/home/ubuntu/pangolin_ws/install/py_srvcli:/home/ubuntu/pangolin_ws/install/py_pubsub:/home/ubuntu/pangolin_ws/install/pangolin_control:/opt/ros/foxy /usr/bin/cmake --build /home/ubuntu/pangolin_ws/build/pangolin_interfaces -- -j4 -l4
[1.487s] [  3%] Built target pangolin_interfaces__cpp
[1.495s] [ 12%] Built target pangolin_interfaces__rosidl_generator_c
[1.628s] [ 22%] Built target pangolin_interfaces__rosidl_typesupport_cpp
[1.649s] [ 32%] Built target pangolin_interfaces__rosidl_typesupport_fastrtps_cpp
[1.661s] [ 41%] Built target pangolin_interfaces__rosidl_typesupport_c
[1.689s] [ 51%] Built target pangolin_interfaces__rosidl_typesupport_introspection_cpp
[1.771s] [ 61%] Built target pangolin_interfaces__rosidl_typesupport_introspection_c
[1.796s] [ 70%] Built target pangolin_interfaces__rosidl_typesupport_fastrtps_c
[1.879s] [ 70%] Built target pangolin_interfaces
[1.967s] [ 74%] Built target pangolin_interfaces__py
[2.092s] [ 80%] Built target pangolin_interfaces__python
[2.214s] [ 87%] Built target pangolin_interfaces__rosidl_typesupport_c__pyext
[2.220s] [ 93%] Built target pangolin_interfaces__rosidl_typesupport_fastrtps_c__pyext
[2.234s] [100%] Built target pangolin_interfaces__rosidl_typesupport_introspection_c__pyext
[2.997s] Invoked command in '/home/ubuntu/pangolin_ws/build/pangolin_interfaces' returned '0': CMAKE_PREFIX_PATH=${CMAKE_PREFIX_PATH}:/home/ubuntu/pangolin_ws/install/py_srvcli:/home/ubuntu/pangolin_ws/install/py_pubsub:/home/ubuntu/pangolin_ws/install/pangolin_control:/opt/ros/foxy /usr/bin/cmake --build /home/ubuntu/pangolin_ws/build/pangolin_interfaces -- -j4 -l4
[3.321s] Invoking command in '/home/ubuntu/pangolin_ws/build/pangolin_interfaces': CMAKE_PREFIX_PATH=${CMAKE_PREFIX_PATH}:/home/ubuntu/pangolin_ws/install/py_srvcli:/home/ubuntu/pangolin_ws/install/py_pubsub:/home/ubuntu/pangolin_ws/install/pangolin_control:/opt/ros/foxy /usr/bin/cmake --install /home/ubuntu/pangolin_ws/build/pangolin_interfaces
[3.356s] -- Install configuration: ""
[3.358s] -- Execute custom install script
[3.360s] -- Up-to-date symlink: /home/ubuntu/pangolin_ws/install/pangolin_interfaces/share/ament_index/resource_index/rosidl_interfaces/pangolin_interfaces
[3.364s] -- Up-to-date symlink: /home/ubuntu/pangolin_ws/install/pangolin_interfaces/include/pangolin_interfaces/action/detail/pangolin_action__functions.h
[3.365s] -- Up-to-date symlink: /home/ubuntu/pangolin_ws/install/pangolin_interfaces/include/pangolin_interfaces/action/detail/pangolin_action__struct.h
[3.367s] -- Up-to-date symlink: /home/ubuntu/pangolin_ws/install/pangolin_interfaces/include/pangolin_interfaces/action/detail/pangolin_action__type_support.h
[3.368s] -- Up-to-date symlink: /home/ubuntu/pangolin_ws/install/pangolin_interfaces/include/pangolin_interfaces/action/pangolin_action.h
[3.369s] -- Up-to-date symlink: /home/ubuntu/pangolin_ws/install/pangolin_interfaces/include/pangolin_interfaces/msg/rosidl_generator_c__visibility_control.h
[3.371s] -- Up-to-date symlink: /home/ubuntu/pangolin_ws/install/pangolin_interfaces/share/pangolin_interfaces/environment/library_path.sh
[3.372s] -- Up-to-date symlink: /home/ubuntu/pangolin_ws/install/pangolin_interfaces/share/pangolin_interfaces/environment/library_path.dsv
[3.376s] -- Up-to-date symlink: /home/ubuntu/pangolin_ws/install/pangolin_interfaces/include/pangolin_interfaces/action/detail/pangolin_action__rosidl_typesupport_fastrtps_c.h
[3.378s] -- Up-to-date symlink: /home/ubuntu/pangolin_ws/install/pangolin_interfaces/include/pangolin_interfaces/msg/rosidl_typesupport_fastrtps_c__visibility_control.h
[3.380s] -- Up-to-date symlink: /home/ubuntu/pangolin_ws/install/pangolin_interfaces/lib/libpangolin_interfaces__rosidl_typesupport_fastrtps_c.so
[3.384s] -- Up-to-date symlink: /home/ubuntu/pangolin_ws/install/pangolin_interfaces/include/pangolin_interfaces/action/detail/pangolin_action__rosidl_typesupport_fastrtps_cpp.hpp
[3.385s] -- Up-to-date symlink: /home/ubuntu/pangolin_ws/install/pangolin_interfaces/include/pangolin_interfaces/msg/rosidl_typesupport_fastrtps_cpp__visibility_control.h
[3.387s] -- Up-to-date symlink: /home/ubuntu/pangolin_ws/install/pangolin_interfaces/lib/libpangolin_interfaces__rosidl_typesupport_fastrtps_cpp.so
[3.391s] -- Up-to-date symlink: /home/ubuntu/pangolin_ws/install/pangolin_interfaces/include/pangolin_interfaces/action/detail/pangolin_action__rosidl_typesupport_introspection_c.h
[3.392s] -- Up-to-date symlink: /home/ubuntu/pangolin_ws/install/pangolin_interfaces/include/pangolin_interfaces/msg/rosidl_typesupport_introspection_c__visibility_control.h
[3.395s] -- Up-to-date symlink: /home/ubuntu/pangolin_ws/install/pangolin_interfaces/include/pangolin_interfaces/action/detail/pangolin_action__builder.hpp
[3.396s] -- Up-to-date symlink: /home/ubuntu/pangolin_ws/install/pangolin_interfaces/include/pangolin_interfaces/action/detail/pangolin_action__struct.hpp
[3.398s] -- Up-to-date symlink: /home/ubuntu/pangolin_ws/install/pangolin_interfaces/include/pangolin_interfaces/action/detail/pangolin_action__traits.hpp
[3.399s] -- Up-to-date symlink: /home/ubuntu/pangolin_ws/install/pangolin_interfaces/include/pangolin_interfaces/action/detail/pangolin_action__type_support.hpp
[3.400s] -- Up-to-date symlink: /home/ubuntu/pangolin_ws/install/pangolin_interfaces/include/pangolin_interfaces/action/pangolin_action.hpp
[3.402s] -- Up-to-date symlink: /home/ubuntu/pangolin_ws/install/pangolin_interfaces/include/pangolin_interfaces/msg/rosidl_generator_cpp__visibility_control.hpp
[3.405s] -- Up-to-date symlink: /home/ubuntu/pangolin_ws/install/pangolin_interfaces/include/pangolin_interfaces/action/detail/pangolin_action__rosidl_typesupport_introspection_cpp.hpp
[3.407s] -- Up-to-date symlink: /home/ubuntu/pangolin_ws/install/pangolin_interfaces/share/pangolin_interfaces/environment/pythonpath.sh
[3.408s] -- Up-to-date symlink: /home/ubuntu/pangolin_ws/install/pangolin_interfaces/share/pangolin_interfaces/environment/pythonpath.dsv
[3.410s] -- Up-to-date symlink: /home/ubuntu/pangolin_ws/install/pangolin_interfaces/lib/python3.8/site-packages/pangolin_interfaces/__init__.py
[3.412s] -- Up-to-date symlink: /home/ubuntu/pangolin_ws/install/pangolin_interfaces/lib/python3.8/site-packages/pangolin_interfaces/action/__init__.py
[3.413s] -- Up-to-date symlink: /home/ubuntu/pangolin_ws/install/pangolin_interfaces/lib/python3.8/site-packages/pangolin_interfaces/action/_pangolin_action.py
[3.416s] -- Up-to-date symlink: /home/ubuntu/pangolin_ws/install/pangolin_interfaces/lib/python3.8/site-packages/pangolin_interfaces/pangolin_interfaces_s__rosidl_typesupport_fastrtps_c.cpython-38-aarch64-linux-gnu.so
[3.418s] -- Up-to-date symlink: /home/ubuntu/pangolin_ws/install/pangolin_interfaces/lib/python3.8/site-packages/pangolin_interfaces/pangolin_interfaces_s__rosidl_typesupport_introspection_c.cpython-38-aarch64-linux-gnu.so
[3.420s] -- Up-to-date symlink: /home/ubuntu/pangolin_ws/install/pangolin_interfaces/lib/python3.8/site-packages/pangolin_interfaces/pangolin_interfaces_s__rosidl_typesupport_c.cpython-38-aarch64-linux-gnu.so
[3.422s] -- Up-to-date symlink: /home/ubuntu/pangolin_ws/install/pangolin_interfaces/lib/libpangolin_interfaces__python.so
[3.423s] -- Up-to-date symlink: /home/ubuntu/pangolin_ws/install/pangolin_interfaces/share/pangolin_interfaces/action/PangolinAction.idl
[3.425s] -- Up-to-date symlink: /home/ubuntu/pangolin_ws/install/pangolin_interfaces/share/pangolin_interfaces/action/PangolinAction.action
[3.427s] -- Up-to-date symlink: /home/ubuntu/pangolin_ws/install/pangolin_interfaces/share/ament_index/resource_index/package_run_dependencies/pangolin_interfaces
[3.428s] -- Up-to-date symlink: /home/ubuntu/pangolin_ws/install/pangolin_interfaces/share/ament_index/resource_index/parent_prefix_path/pangolin_interfaces
[3.430s] -- Up-to-date symlink: /home/ubuntu/pangolin_ws/install/pangolin_interfaces/share/pangolin_interfaces/environment/ament_prefix_path.sh
[3.432s] -- Up-to-date symlink: /home/ubuntu/pangolin_ws/install/pangolin_interfaces/share/pangolin_interfaces/environment/ament_prefix_path.dsv
[3.433s] -- Up-to-date symlink: /home/ubuntu/pangolin_ws/install/pangolin_interfaces/share/pangolin_interfaces/environment/path.sh
[3.435s] -- Up-to-date symlink: /home/ubuntu/pangolin_ws/install/pangolin_interfaces/share/pangolin_interfaces/environment/path.dsv
[3.436s] -- Up-to-date symlink: /home/ubuntu/pangolin_ws/install/pangolin_interfaces/share/pangolin_interfaces/local_setup.bash
[3.439s] -- Up-to-date symlink: /home/ubuntu/pangolin_ws/install/pangolin_interfaces/share/pangolin_interfaces/local_setup.sh
[3.439s] -- Up-to-date symlink: /home/ubuntu/pangolin_ws/install/pangolin_interfaces/share/pangolin_interfaces/local_setup.zsh
[3.441s] -- Up-to-date symlink: /home/ubuntu/pangolin_ws/install/pangolin_interfaces/share/pangolin_interfaces/local_setup.dsv
[3.442s] -- Symlinking: /home/ubuntu/pangolin_ws/install/pangolin_interfaces/share/pangolin_interfaces/package.dsv
[3.478s] -- Up-to-date symlink: /home/ubuntu/pangolin_ws/install/pangolin_interfaces/share/ament_index/resource_index/packages/pangolin_interfaces
[3.480s] -- Up-to-date symlink: /home/ubuntu/pangolin_ws/install/pangolin_interfaces/share/pangolin_interfaces/cmake/rosidl_cmake-extras.cmake
[3.481s] -- Up-to-date symlink: /home/ubuntu/pangolin_ws/install/pangolin_interfaces/share/pangolin_interfaces/cmake/ament_cmake_export_dependencies-extras.cmake
[3.483s] -- Up-to-date symlink: /home/ubuntu/pangolin_ws/install/pangolin_interfaces/share/pangolin_interfaces/cmake/ament_cmake_export_libraries-extras.cmake
[3.484s] -- Up-to-date symlink: /home/ubuntu/pangolin_ws/install/pangolin_interfaces/share/pangolin_interfaces/cmake/ament_cmake_export_targets-extras.cmake
[3.486s] -- Up-to-date symlink: /home/ubuntu/pangolin_ws/install/pangolin_interfaces/share/pangolin_interfaces/cmake/ament_cmake_export_include_directories-extras.cmake
[3.487s] -- Up-to-date symlink: /home/ubuntu/pangolin_ws/install/pangolin_interfaces/share/pangolin_interfaces/cmake/rosidl_cmake_export_typesupport_libraries-extras.cmake
[3.489s] -- Up-to-date symlink: /home/ubuntu/pangolin_ws/install/pangolin_interfaces/share/pangolin_interfaces/cmake/rosidl_cmake_export_typesupport_targets-extras.cmake
[3.490s] -- Up-to-date symlink: /home/ubuntu/pangolin_ws/install/pangolin_interfaces/share/pangolin_interfaces/cmake/pangolin_interfacesConfig.cmake
[3.491s] -- Up-to-date symlink: /home/ubuntu/pangolin_ws/install/pangolin_interfaces/share/pangolin_interfaces/cmake/pangolin_interfacesConfig-version.cmake
[3.493s] -- Up-to-date symlink: /home/ubuntu/pangolin_ws/install/pangolin_interfaces/share/pangolin_interfaces/package.xml
[3.494s] -- Up-to-date: /home/ubuntu/pangolin_ws/install/pangolin_interfaces/lib/libpangolin_interfaces__rosidl_generator_c.so
[3.496s] -- Up-to-date: /home/ubuntu/pangolin_ws/install/pangolin_interfaces/lib/libpangolin_interfaces__rosidl_typesupport_introspection_c.so
[3.499s] -- Up-to-date: /home/ubuntu/pangolin_ws/install/pangolin_interfaces/lib/libpangolin_interfaces__rosidl_typesupport_c.so
[3.502s] -- Up-to-date: /home/ubuntu/pangolin_ws/install/pangolin_interfaces/lib/libpangolin_interfaces__rosidl_typesupport_introspection_cpp.so
[3.504s] -- Up-to-date: /home/ubuntu/pangolin_ws/install/pangolin_interfaces/lib/libpangolin_interfaces__rosidl_typesupport_cpp.so
[3.691s] -- Up-to-date: /home/ubuntu/pangolin_ws/install/pangolin_interfaces/share/pangolin_interfaces/cmake/pangolin_interfaces__rosidl_generator_cExport.cmake
[3.692s] -- Up-to-date: /home/ubuntu/pangolin_ws/install/pangolin_interfaces/share/pangolin_interfaces/cmake/pangolin_interfaces__rosidl_generator_cExport-noconfig.cmake
[3.693s] -- Up-to-date: /home/ubuntu/pangolin_ws/install/pangolin_interfaces/share/pangolin_interfaces/cmake/pangolin_interfaces__rosidl_typesupport_introspection_cExport.cmake
[3.694s] -- Up-to-date: /home/ubuntu/pangolin_ws/install/pangolin_interfaces/share/pangolin_interfaces/cmake/pangolin_interfaces__rosidl_typesupport_introspection_cExport-noconfig.cmake
[3.695s] -- Up-to-date: /home/ubuntu/pangolin_ws/install/pangolin_interfaces/share/pangolin_interfaces/cmake/pangolin_interfaces__rosidl_typesupport_cExport.cmake
[3.696s] -- Up-to-date: /home/ubuntu/pangolin_ws/install/pangolin_interfaces/share/pangolin_interfaces/cmake/pangolin_interfaces__rosidl_typesupport_cExport-noconfig.cmake
[3.698s] -- Up-to-date: /home/ubuntu/pangolin_ws/install/pangolin_interfaces/share/pangolin_interfaces/cmake/pangolin_interfaces__rosidl_generator_cppExport.cmake
[3.699s] -- Up-to-date: /home/ubuntu/pangolin_ws/install/pangolin_interfaces/share/pangolin_interfaces/cmake/pangolin_interfaces__rosidl_typesupport_introspection_cppExport.cmake
[3.700s] -- Up-to-date: /home/ubuntu/pangolin_ws/install/pangolin_interfaces/share/pangolin_interfaces/cmake/pangolin_interfaces__rosidl_typesupport_introspection_cppExport-noconfig.cmake
[3.701s] -- Up-to-date: /home/ubuntu/pangolin_ws/install/pangolin_interfaces/share/pangolin_interfaces/cmake/pangolin_interfaces__rosidl_typesupport_cppExport.cmake
[3.701s] -- Up-to-date: /home/ubuntu/pangolin_ws/install/pangolin_interfaces/share/pangolin_interfaces/cmake/pangolin_interfaces__rosidl_typesupport_cppExport-noconfig.cmake
[3.709s] Invoked command in '/home/ubuntu/pangolin_ws/build/pangolin_interfaces' returned '0': CMAKE_PREFIX_PATH=${CMAKE_PREFIX_PATH}:/home/ubuntu/pangolin_ws/install/py_srvcli:/home/ubuntu/pangolin_ws/install/py_pubsub:/home/ubuntu/pangolin_ws/install/pangolin_control:/opt/ros/foxy /usr/bin/cmake --install /home/ubuntu/pangolin_ws/build/pangolin_interfaces
