[7.198s] DEBUG:colcon:Command line arguments: ['/usr/bin/colcon', 'build', '--packages-select', 'py_srvcli']
[7.198s] DEBUG:colcon:Parsed command line arguments: Namespace(allow_overriding=[], ament_cmake_args=None, base_paths=['.'], build_base='build', catkin_cmake_args=None, catkin_skip_building_tests=False, cmake_args=None, cmake_clean_cache=False, cmake_clean_first=False, cmake_force_configure=False, cmake_target=None, cmake_target_skip_unavailable=False, continue_on_error=False, event_handlers=None, executor='parallel', ignore_user_meta=False, install_base='install', log_base=None, log_level=None, main=<bound method BuildVerb.main of <colcon_core.verb.build.BuildVerb object at 0xffff93a4f100>>, merge_install=False, metas=['./colcon.meta'], packages_above=None, packages_above_and_dependencies=None, packages_above_depth=None, packages_end=None, packages_ignore=None, packages_ignore_regex=None, packages_select=['py_srvcli'], packages_select_build_failed=False, packages_select_by_dep=None, packages_select_regex=None, packages_select_test_failures=False, packages_skip=None, packages_skip_build_finished=False, packages_skip_by_dep=None, packages_skip_regex=None, packages_skip_test_passed=False, packages_skip_up_to=None, packages_start=None, packages_up_to=None, packages_up_to_regex=None, parallel_workers=4, paths=None, symlink_install=False, test_result_base=None, verb_extension=<colcon_core.verb.build.BuildVerb object at 0xffff93a4f100>, verb_name='build', verb_parser=<colcon_defaults.argument_parser.defaults.DefaultArgumentsDecorator object at 0xffff935d9bb0>)
[7.599s] Level 1:colcon.colcon_core.package_discovery:discover_packages(colcon_meta) check parameters
[7.600s] Level 1:colcon.colcon_core.package_discovery:discover_packages(recursive) check parameters
[7.600s] Level 1:colcon.colcon_core.package_discovery:discover_packages(ignore) check parameters
[7.600s] Level 1:colcon.colcon_core.package_discovery:discover_packages(path) check parameters
[7.600s] Level 1:colcon.colcon_core.package_discovery:discover_packages(colcon_meta) discover
[7.601s] Level 1:colcon.colcon_core.package_discovery:discover_packages(recursive) discover
[7.601s] INFO:colcon.colcon_core.package_discovery:Crawling recursively for packages in '/home/ubuntu/pangolin_ws'
[7.601s] Level 1:colcon.colcon_core.package_identification:_identify(.) by extensions ['ignore', 'ignore_ament_install']
[7.602s] Level 1:colcon.colcon_core.package_identification:_identify(.) by extension 'ignore'
[7.602s] Level 1:colcon.colcon_core.package_identification:_identify(.) by extension 'ignore_ament_install'
[7.602s] Level 1:colcon.colcon_core.package_identification:_identify(.) by extensions ['colcon_pkg']
[7.602s] Level 1:colcon.colcon_core.package_identification:_identify(.) by extension 'colcon_pkg'
[7.602s] Level 1:colcon.colcon_core.package_identification:_identify(.) by extensions ['colcon_meta']
[7.603s] Level 1:colcon.colcon_core.package_identification:_identify(.) by extension 'colcon_meta'
[7.603s] Level 1:colcon.colcon_core.package_identification:_identify(.) by extensions ['ros']
[7.603s] Level 1:colcon.colcon_core.package_identification:_identify(.) by extension 'ros'
[7.643s] Level 1:colcon.colcon_core.package_identification:_identify(.) by extensions ['cmake', 'python']
[7.643s] Level 1:colcon.colcon_core.package_identification:_identify(.) by extension 'cmake'
[7.643s] Level 1:colcon.colcon_core.package_identification:_identify(.) by extension 'python'
[7.644s] Level 1:colcon.colcon_core.package_identification:_identify(.) by extensions ['python_setup_py']
[7.644s] Level 1:colcon.colcon_core.package_identification:_identify(.) by extension 'python_setup_py'
[7.644s] Level 1:colcon.colcon_core.package_identification:_identify(build) by extensions ['ignore', 'ignore_ament_install']
[7.645s] Level 1:colcon.colcon_core.package_identification:_identify(build) by extension 'ignore'
[7.645s] Level 1:colcon.colcon_core.package_identification:_identify(build) ignored
[7.645s] Level 1:colcon.colcon_core.package_identification:_identify(install) by extensions ['ignore', 'ignore_ament_install']
[7.646s] Level 1:colcon.colcon_core.package_identification:_identify(install) by extension 'ignore'
[7.646s] Level 1:colcon.colcon_core.package_identification:_identify(install) ignored
[7.647s] Level 1:colcon.colcon_core.package_identification:_identify(log) by extensions ['ignore', 'ignore_ament_install']
[7.647s] Level 1:colcon.colcon_core.package_identification:_identify(log) by extension 'ignore'
[7.648s] Level 1:colcon.colcon_core.package_identification:_identify(log) ignored
[7.648s] Level 1:colcon.colcon_core.package_identification:_identify(src) by extensions ['ignore', 'ignore_ament_install']
[7.648s] Level 1:colcon.colcon_core.package_identification:_identify(src) by extension 'ignore'
[7.649s] Level 1:colcon.colcon_core.package_identification:_identify(src) by extension 'ignore_ament_install'
[7.649s] Level 1:colcon.colcon_core.package_identification:_identify(src) by extensions ['colcon_pkg']
[7.649s] Level 1:colcon.colcon_core.package_identification:_identify(src) by extension 'colcon_pkg'
[7.649s] Level 1:colcon.colcon_core.package_identification:_identify(src) by extensions ['colcon_meta']
[7.649s] Level 1:colcon.colcon_core.package_identification:_identify(src) by extension 'colcon_meta'
[7.649s] Level 1:colcon.colcon_core.package_identification:_identify(src) by extensions ['ros']
[7.650s] Level 1:colcon.colcon_core.package_identification:_identify(src) by extension 'ros'
[7.650s] Level 1:colcon.colcon_core.package_identification:_identify(src) by extensions ['cmake', 'python']
[7.650s] Level 1:colcon.colcon_core.package_identification:_identify(src) by extension 'cmake'
[7.650s] Level 1:colcon.colcon_core.package_identification:_identify(src) by extension 'python'
[7.650s] Level 1:colcon.colcon_core.package_identification:_identify(src) by extensions ['python_setup_py']
[7.651s] Level 1:colcon.colcon_core.package_identification:_identify(src) by extension 'python_setup_py'
[7.651s] Level 1:colcon.colcon_core.package_identification:_identify(src/pangolin_control) by extensions ['ignore', 'ignore_ament_install']
[7.651s] Level 1:colcon.colcon_core.package_identification:_identify(src/pangolin_control) by extension 'ignore'
[7.652s] Level 1:colcon.colcon_core.package_identification:_identify(src/pangolin_control) by extension 'ignore_ament_install'
[7.652s] Level 1:colcon.colcon_core.package_identification:_identify(src/pangolin_control) by extensions ['colcon_pkg']
[7.652s] Level 1:colcon.colcon_core.package_identification:_identify(src/pangolin_control) by extension 'colcon_pkg'
[7.652s] Level 1:colcon.colcon_core.package_identification:_identify(src/pangolin_control) by extensions ['colcon_meta']
[7.652s] Level 1:colcon.colcon_core.package_identification:_identify(src/pangolin_control) by extension 'colcon_meta'
[7.653s] Level 1:colcon.colcon_core.package_identification:_identify(src/pangolin_control) by extensions ['ros']
[7.653s] Level 1:colcon.colcon_core.package_identification:_identify(src/pangolin_control) by extension 'ros'
[7.664s] DEBUG:colcon.colcon_core.package_identification:Package 'src/pangolin_control' with type 'ros.ament_python' and name 'pangolin_control'
[7.665s] Level 1:colcon.colcon_core.package_identification:_identify(src/py_pubsub) by extensions ['ignore', 'ignore_ament_install']
[7.665s] Level 1:colcon.colcon_core.package_identification:_identify(src/py_pubsub) by extension 'ignore'
[7.666s] Level 1:colcon.colcon_core.package_identification:_identify(src/py_pubsub) by extension 'ignore_ament_install'
[7.666s] Level 1:colcon.colcon_core.package_identification:_identify(src/py_pubsub) by extensions ['colcon_pkg']
[7.666s] Level 1:colcon.colcon_core.package_identification:_identify(src/py_pubsub) by extension 'colcon_pkg'
[7.666s] Level 1:colcon.colcon_core.package_identification:_identify(src/py_pubsub) by extensions ['colcon_meta']
[7.666s] Level 1:colcon.colcon_core.package_identification:_identify(src/py_pubsub) by extension 'colcon_meta'
[7.667s] Level 1:colcon.colcon_core.package_identification:_identify(src/py_pubsub) by extensions ['ros']
[7.667s] Level 1:colcon.colcon_core.package_identification:_identify(src/py_pubsub) by extension 'ros'
[7.668s] DEBUG:colcon.colcon_core.package_identification:Package 'src/py_pubsub' with type 'ros.ament_python' and name 'py_pubsub'
[7.669s] Level 1:colcon.colcon_core.package_identification:_identify(src/py_srvcli) by extensions ['ignore', 'ignore_ament_install']
[7.669s] Level 1:colcon.colcon_core.package_identification:_identify(src/py_srvcli) by extension 'ignore'
[7.670s] Level 1:colcon.colcon_core.package_identification:_identify(src/py_srvcli) by extension 'ignore_ament_install'
[7.670s] Level 1:colcon.colcon_core.package_identification:_identify(src/py_srvcli) by extensions ['colcon_pkg']
[7.670s] Level 1:colcon.colcon_core.package_identification:_identify(src/py_srvcli) by extension 'colcon_pkg'
[7.670s] Level 1:colcon.colcon_core.package_identification:_identify(src/py_srvcli) by extensions ['colcon_meta']
[7.670s] Level 1:colcon.colcon_core.package_identification:_identify(src/py_srvcli) by extension 'colcon_meta'
[7.671s] Level 1:colcon.colcon_core.package_identification:_identify(src/py_srvcli) by extensions ['ros']
[7.671s] Level 1:colcon.colcon_core.package_identification:_identify(src/py_srvcli) by extension 'ros'
[7.673s] DEBUG:colcon.colcon_core.package_identification:Package 'src/py_srvcli' with type 'ros.ament_python' and name 'py_srvcli'
[7.673s] Level 1:colcon.colcon_core.package_discovery:discover_packages(recursive) using defaults
[7.674s] Level 1:colcon.colcon_core.package_discovery:discover_packages(ignore) discover
[7.674s] Level 1:colcon.colcon_core.package_discovery:discover_packages(ignore) using defaults
[7.674s] Level 1:colcon.colcon_core.package_discovery:discover_packages(path) discover
[7.674s] Level 1:colcon.colcon_core.package_discovery:discover_packages(path) using defaults
[8.095s] INFO:colcon.colcon_core.package_selection:Skipping not selected package 'pangolin_control' in 'src/pangolin_control'
[8.095s] INFO:colcon.colcon_core.package_selection:Skipping not selected package 'py_pubsub' in 'src/py_pubsub'
[8.329s] Level 1:colcon.colcon_core.package_discovery:discover_packages(prefix_path) check parameters
[8.329s] Level 1:colcon.colcon_core.package_discovery:discover_packages(prefix_path) discover
[8.577s] DEBUG:colcon.colcon_installed_package_information.package_discovery:Found 175 installed packages in /opt/ros/foxy
[8.582s] Level 1:colcon.colcon_core.package_discovery:discover_packages(prefix_path) using defaults
[9.025s] Level 5:colcon.colcon_core.verb:set package 'py_srvcli' build argument 'cmake_args' from command line to 'None'
[9.025s] Level 5:colcon.colcon_core.verb:set package 'py_srvcli' build argument 'cmake_target' from command line to 'None'
[9.025s] Level 5:colcon.colcon_core.verb:set package 'py_srvcli' build argument 'cmake_target_skip_unavailable' from command line to 'False'
[9.025s] Level 5:colcon.colcon_core.verb:set package 'py_srvcli' build argument 'cmake_clean_cache' from command line to 'False'
[9.025s] Level 5:colcon.colcon_core.verb:set package 'py_srvcli' build argument 'cmake_clean_first' from command line to 'False'
[9.025s] Level 5:colcon.colcon_core.verb:set package 'py_srvcli' build argument 'cmake_force_configure' from command line to 'False'
[9.026s] Level 5:colcon.colcon_core.verb:set package 'py_srvcli' build argument 'ament_cmake_args' from command line to 'None'
[9.026s] Level 5:colcon.colcon_core.verb:set package 'py_srvcli' build argument 'catkin_cmake_args' from command line to 'None'
[9.026s] Level 5:colcon.colcon_core.verb:set package 'py_srvcli' build argument 'catkin_skip_building_tests' from command line to 'False'
[9.026s] DEBUG:colcon.colcon_core.verb:Building package 'py_srvcli' with the following arguments: {'ament_cmake_args': None, 'build_base': '/home/ubuntu/pangolin_ws/build/py_srvcli', 'catkin_cmake_args': None, 'catkin_skip_building_tests': False, 'cmake_args': None, 'cmake_clean_cache': False, 'cmake_clean_first': False, 'cmake_force_configure': False, 'cmake_target': None, 'cmake_target_skip_unavailable': False, 'install_base': '/home/ubuntu/pangolin_ws/install/py_srvcli', 'merge_install': False, 'path': '/home/ubuntu/pangolin_ws/src/py_srvcli', 'symlink_install': False, 'test_result_base': None}
[9.145s] INFO:colcon.colcon_core.executor:Executing jobs using 'parallel' executor
[9.267s] DEBUG:colcon.colcon_parallel_executor.executor.parallel:run_until_complete
[9.268s] INFO:colcon.colcon_ros.task.ament_python.build:Building ROS package in '/home/ubuntu/pangolin_ws/src/py_srvcli' with build type 'ament_python'
[9.268s] Level 1:colcon.colcon_core.shell:create_environment_hook('py_srvcli', 'ament_prefix_path')
[9.711s] INFO:colcon.colcon_core.plugin_system:Skipping extension 'colcon_core.shell.bat': Not used on non-Windows systems
[9.713s] INFO:colcon.colcon_core.shell:Creating environment hook '/home/ubuntu/pangolin_ws/install/py_srvcli/share/py_srvcli/hook/ament_prefix_path.ps1'
[9.717s] INFO:colcon.colcon_core.shell:Creating environment descriptor '/home/ubuntu/pangolin_ws/install/py_srvcli/share/py_srvcli/hook/ament_prefix_path.dsv'
[9.720s] INFO:colcon.colcon_core.shell:Creating environment hook '/home/ubuntu/pangolin_ws/install/py_srvcli/share/py_srvcli/hook/ament_prefix_path.sh'
[9.890s] INFO:colcon.colcon_core.shell:Skip shell extension 'powershell' for command environment: Not usable outside of PowerShell
[9.890s] DEBUG:colcon.colcon_core.shell:Skip shell extension 'dsv' for command environment
[10.989s] INFO:colcon.colcon_core.task.python.build:Building Python package in '/home/ubuntu/pangolin_ws/src/py_srvcli'
[11.131s] INFO:colcon.colcon_core.shell:Skip shell extension 'powershell' for command environment: Not usable outside of PowerShell
[11.131s] DEBUG:colcon.colcon_core.shell:Skip shell extension 'dsv' for command environment
[12.828s] DEBUG:colcon.colcon_core.event_handler.log_command:Invoking command in '/home/ubuntu/pangolin_ws/src/py_srvcli': PYTHONPATH=/home/ubuntu/pangolin_ws/build/py_srvcli/prefix_override:/home/ubuntu/pangolin_ws/install/py_srvcli/lib/python3.8/site-packages:${PYTHONPATH} /usr/bin/python3 setup.py egg_info --egg-base ../../build/py_srvcli build --build-base /home/ubuntu/pangolin_ws/build/py_srvcli/build install --record /home/ubuntu/pangolin_ws/build/py_srvcli/install.log --install-scripts $base/lib/py_srvcli --single-version-externally-managed
[13.908s] DEBUG:colcon.colcon_core.event_handler.log_command:Invoked command in '/home/ubuntu/pangolin_ws/src/py_srvcli' returned '0': PYTHONPATH=/home/ubuntu/pangolin_ws/build/py_srvcli/prefix_override:/home/ubuntu/pangolin_ws/install/py_srvcli/lib/python3.8/site-packages:${PYTHONPATH} /usr/bin/python3 setup.py egg_info --egg-base ../../build/py_srvcli build --build-base /home/ubuntu/pangolin_ws/build/py_srvcli/build install --record /home/ubuntu/pangolin_ws/build/py_srvcli/install.log --install-scripts $base/lib/py_srvcli --single-version-externally-managed
[14.049s] Level 1:colcon.colcon_core.environment:checking '/home/ubuntu/pangolin_ws/install/py_srvcli' for CMake module files
[14.052s] Level 1:colcon.colcon_core.environment:checking '/home/ubuntu/pangolin_ws/install/py_srvcli' for CMake config files
[14.055s] Level 1:colcon.colcon_core.environment:checking '/home/ubuntu/pangolin_ws/install/py_srvcli/lib'
[14.056s] Level 1:colcon.colcon_core.environment:checking '/home/ubuntu/pangolin_ws/install/py_srvcli/bin'
[14.056s] Level 1:colcon.colcon_core.environment:checking '/home/ubuntu/pangolin_ws/install/py_srvcli/lib/pkgconfig/py_srvcli.pc'
[14.057s] Level 1:colcon.colcon_core.environment:checking '/home/ubuntu/pangolin_ws/install/py_srvcli/lib/python3.8/site-packages'
[14.058s] Level 1:colcon.colcon_core.shell:create_environment_hook('py_srvcli', 'pythonpath')
[14.182s] INFO:colcon.colcon_core.shell:Creating environment hook '/home/ubuntu/pangolin_ws/install/py_srvcli/share/py_srvcli/hook/pythonpath.ps1'
[14.184s] INFO:colcon.colcon_core.shell:Creating environment descriptor '/home/ubuntu/pangolin_ws/install/py_srvcli/share/py_srvcli/hook/pythonpath.dsv'
[14.185s] INFO:colcon.colcon_core.shell:Creating environment hook '/home/ubuntu/pangolin_ws/install/py_srvcli/share/py_srvcli/hook/pythonpath.sh'
[14.188s] Level 1:colcon.colcon_core.environment:checking '/home/ubuntu/pangolin_ws/install/py_srvcli/bin'
[14.188s] Level 1:colcon.colcon_core.environment:create_environment_scripts_only(py_srvcli)
[14.310s] INFO:colcon.colcon_core.shell:Creating package script '/home/ubuntu/pangolin_ws/install/py_srvcli/share/py_srvcli/package.ps1'
[14.314s] INFO:colcon.colcon_core.shell:Creating package descriptor '/home/ubuntu/pangolin_ws/install/py_srvcli/share/py_srvcli/package.dsv'
[14.317s] INFO:colcon.colcon_core.shell:Creating package script '/home/ubuntu/pangolin_ws/install/py_srvcli/share/py_srvcli/package.sh'
[14.321s] INFO:colcon.colcon_core.shell:Creating package script '/home/ubuntu/pangolin_ws/install/py_srvcli/share/py_srvcli/package.bash'
[14.325s] INFO:colcon.colcon_core.shell:Creating package script '/home/ubuntu/pangolin_ws/install/py_srvcli/share/py_srvcli/package.zsh'
[14.328s] Level 1:colcon.colcon_core.environment:create_file_with_runtime_dependencies(/home/ubuntu/pangolin_ws/install/py_srvcli/share/colcon-core/packages/py_srvcli)
[14.330s] DEBUG:colcon.colcon_parallel_executor.executor.parallel:closing loop
[14.331s] DEBUG:colcon.colcon_parallel_executor.executor.parallel:loop closed
[14.331s] DEBUG:colcon.colcon_parallel_executor.executor.parallel:run_until_complete finished with '0'
[14.331s] DEBUG:colcon.colcon_core.event_reactor:joining thread
[14.477s] INFO:colcon.colcon_core.plugin_system:Skipping extension 'colcon_notification.desktop_notification.notify_send': Could not find 'notify-send'
[14.478s] INFO:colcon.colcon_core.plugin_system:Skipping extension 'colcon_notification.desktop_notification.terminal_notifier': Not used on non-Darwin systems
[14.478s] INFO:colcon.colcon_core.plugin_system:Skipping extension 'colcon_notification.desktop_notification.win32': Not used on non-Windows systems
[14.478s] INFO:colcon.colcon_notification.desktop_notification:Sending desktop notification using 'notify2'
[14.537s] DEBUG:colcon.colcon_notification.desktop_notification.notify2:Failed to initialize notify2: org.freedesktop.DBus.Error.ServiceUnknown: The name org.freedesktop.Notifications was not provided by any .service files
[14.538s] DEBUG:colcon.colcon_core.event_reactor:joined thread
[14.665s] INFO:colcon.colcon_core.shell:Creating prefix script '/home/ubuntu/pangolin_ws/install/local_setup.ps1'
[14.669s] INFO:colcon.colcon_core.shell:Creating prefix util module '/home/ubuntu/pangolin_ws/install/_local_setup_util_ps1.py'
[14.684s] INFO:colcon.colcon_core.shell:Creating prefix chain script '/home/ubuntu/pangolin_ws/install/setup.ps1'
[14.809s] INFO:colcon.colcon_core.shell:Creating prefix script '/home/ubuntu/pangolin_ws/install/local_setup.sh'
[14.826s] INFO:colcon.colcon_core.shell:Creating prefix util module '/home/ubuntu/pangolin_ws/install/_local_setup_util_sh.py'
[14.829s] INFO:colcon.colcon_core.shell:Creating prefix chain script '/home/ubuntu/pangolin_ws/install/setup.sh'
[14.959s] INFO:colcon.colcon_core.shell:Creating prefix script '/home/ubuntu/pangolin_ws/install/local_setup.bash'
[14.969s] INFO:colcon.colcon_core.shell:Creating prefix chain script '/home/ubuntu/pangolin_ws/install/setup.bash'
[15.098s] INFO:colcon.colcon_core.shell:Creating prefix script '/home/ubuntu/pangolin_ws/install/local_setup.zsh'
[15.110s] INFO:colcon.colcon_core.shell:Creating prefix chain script '/home/ubuntu/pangolin_ws/install/setup.zsh'
