[7.353s] DEBUG:colcon:Command line arguments: ['/usr/bin/colcon', 'build', '--symlink-install']
[7.353s] DEBUG:colcon:Parsed command line arguments: Namespace(allow_overriding=[], ament_cmake_args=None, base_paths=['.'], build_base='build', catkin_cmake_args=None, catkin_skip_building_tests=False, cmake_args=None, cmake_clean_cache=False, cmake_clean_first=False, cmake_force_configure=False, cmake_target=None, cmake_target_skip_unavailable=False, continue_on_error=False, event_handlers=None, executor='parallel', ignore_user_meta=False, install_base='install', log_base=None, log_level=None, main=<bound method BuildVerb.main of <colcon_core.verb.build.BuildVerb object at 0xffffbd694df0>>, merge_install=False, metas=['./colcon.meta'], packages_above=None, packages_above_and_dependencies=None, packages_above_depth=None, packages_end=None, packages_ignore=None, packages_ignore_regex=None, packages_select=None, packages_select_build_failed=False, packages_select_by_dep=None, packages_select_regex=None, packages_select_test_failures=False, packages_skip=None, packages_skip_build_finished=False, packages_skip_by_dep=None, packages_skip_regex=None, packages_skip_test_passed=False, packages_skip_up_to=None, packages_start=None, packages_up_to=None, packages_up_to_regex=None, parallel_workers=4, paths=None, symlink_install=True, test_result_base=None, verb_extension=<colcon_core.verb.build.BuildVerb object at 0xffffbd694df0>, verb_name='build', verb_parser=<colcon_defaults.argument_parser.defaults.DefaultArgumentsDecorator object at 0xffffbd264bb0>)
[7.704s] Level 1:colcon.colcon_core.package_discovery:discover_packages(colcon_meta) check parameters
[7.704s] Level 1:colcon.colcon_core.package_discovery:discover_packages(recursive) check parameters
[7.704s] Level 1:colcon.colcon_core.package_discovery:discover_packages(ignore) check parameters
[7.705s] Level 1:colcon.colcon_core.package_discovery:discover_packages(path) check parameters
[7.705s] Level 1:colcon.colcon_core.package_discovery:discover_packages(colcon_meta) discover
[7.705s] Level 1:colcon.colcon_core.package_discovery:discover_packages(recursive) discover
[7.705s] INFO:colcon.colcon_core.package_discovery:Crawling recursively for packages in '/home/ubuntu/pangolin_ws'
[7.706s] Level 1:colcon.colcon_core.package_identification:_identify(.) by extensions ['ignore', 'ignore_ament_install']
[7.706s] Level 1:colcon.colcon_core.package_identification:_identify(.) by extension 'ignore'
[7.706s] Level 1:colcon.colcon_core.package_identification:_identify(.) by extension 'ignore_ament_install'
[7.706s] Level 1:colcon.colcon_core.package_identification:_identify(.) by extensions ['colcon_pkg']
[7.707s] Level 1:colcon.colcon_core.package_identification:_identify(.) by extension 'colcon_pkg'
[7.707s] Level 1:colcon.colcon_core.package_identification:_identify(.) by extensions ['colcon_meta']
[7.707s] Level 1:colcon.colcon_core.package_identification:_identify(.) by extension 'colcon_meta'
[7.707s] Level 1:colcon.colcon_core.package_identification:_identify(.) by extensions ['ros']
[7.707s] Level 1:colcon.colcon_core.package_identification:_identify(.) by extension 'ros'
[7.750s] Level 1:colcon.colcon_core.package_identification:_identify(.) by extensions ['cmake', 'python']
[7.750s] Level 1:colcon.colcon_core.package_identification:_identify(.) by extension 'cmake'
[7.751s] Level 1:colcon.colcon_core.package_identification:_identify(.) by extension 'python'
[7.751s] Level 1:colcon.colcon_core.package_identification:_identify(.) by extensions ['python_setup_py']
[7.751s] Level 1:colcon.colcon_core.package_identification:_identify(.) by extension 'python_setup_py'
[7.751s] Level 1:colcon.colcon_core.package_identification:_identify(build) by extensions ['ignore', 'ignore_ament_install']
[7.752s] Level 1:colcon.colcon_core.package_identification:_identify(build) by extension 'ignore'
[7.752s] Level 1:colcon.colcon_core.package_identification:_identify(build) ignored
[7.753s] Level 1:colcon.colcon_core.package_identification:_identify(install) by extensions ['ignore', 'ignore_ament_install']
[7.753s] Level 1:colcon.colcon_core.package_identification:_identify(install) by extension 'ignore'
[7.753s] Level 1:colcon.colcon_core.package_identification:_identify(install) ignored
[7.755s] Level 1:colcon.colcon_core.package_identification:_identify(log) by extensions ['ignore', 'ignore_ament_install']
[7.755s] Level 1:colcon.colcon_core.package_identification:_identify(log) by extension 'ignore'
[7.755s] Level 1:colcon.colcon_core.package_identification:_identify(log) ignored
[7.756s] Level 1:colcon.colcon_core.package_identification:_identify(src) by extensions ['ignore', 'ignore_ament_install']
[7.756s] Level 1:colcon.colcon_core.package_identification:_identify(src) by extension 'ignore'
[7.756s] Level 1:colcon.colcon_core.package_identification:_identify(src) by extension 'ignore_ament_install'
[7.757s] Level 1:colcon.colcon_core.package_identification:_identify(src) by extensions ['colcon_pkg']
[7.757s] Level 1:colcon.colcon_core.package_identification:_identify(src) by extension 'colcon_pkg'
[7.757s] Level 1:colcon.colcon_core.package_identification:_identify(src) by extensions ['colcon_meta']
[7.757s] Level 1:colcon.colcon_core.package_identification:_identify(src) by extension 'colcon_meta'
[7.757s] Level 1:colcon.colcon_core.package_identification:_identify(src) by extensions ['ros']
[7.757s] Level 1:colcon.colcon_core.package_identification:_identify(src) by extension 'ros'
[7.758s] Level 1:colcon.colcon_core.package_identification:_identify(src) by extensions ['cmake', 'python']
[7.758s] Level 1:colcon.colcon_core.package_identification:_identify(src) by extension 'cmake'
[7.758s] Level 1:colcon.colcon_core.package_identification:_identify(src) by extension 'python'
[7.758s] Level 1:colcon.colcon_core.package_identification:_identify(src) by extensions ['python_setup_py']
[7.758s] Level 1:colcon.colcon_core.package_identification:_identify(src) by extension 'python_setup_py'
[7.759s] Level 1:colcon.colcon_core.package_identification:_identify(src/pangolin_control) by extensions ['ignore', 'ignore_ament_install']
[7.759s] Level 1:colcon.colcon_core.package_identification:_identify(src/pangolin_control) by extension 'ignore'
[7.759s] Level 1:colcon.colcon_core.package_identification:_identify(src/pangolin_control) by extension 'ignore_ament_install'
[7.760s] Level 1:colcon.colcon_core.package_identification:_identify(src/pangolin_control) by extensions ['colcon_pkg']
[7.760s] Level 1:colcon.colcon_core.package_identification:_identify(src/pangolin_control) by extension 'colcon_pkg'
[7.760s] Level 1:colcon.colcon_core.package_identification:_identify(src/pangolin_control) by extensions ['colcon_meta']
[7.760s] Level 1:colcon.colcon_core.package_identification:_identify(src/pangolin_control) by extension 'colcon_meta'
[7.760s] Level 1:colcon.colcon_core.package_identification:_identify(src/pangolin_control) by extensions ['ros']
[7.760s] Level 1:colcon.colcon_core.package_identification:_identify(src/pangolin_control) by extension 'ros'
[7.769s] DEBUG:colcon.colcon_core.package_identification:Package 'src/pangolin_control' with type 'ros.ament_python' and name 'pangolin_control'
[7.770s] Level 1:colcon.colcon_core.package_identification:_identify(src/pangolin_interfaces) by extensions ['ignore', 'ignore_ament_install']
[7.771s] Level 1:colcon.colcon_core.package_identification:_identify(src/pangolin_interfaces) by extension 'ignore'
[7.771s] Level 1:colcon.colcon_core.package_identification:_identify(src/pangolin_interfaces) by extension 'ignore_ament_install'
[7.771s] Level 1:colcon.colcon_core.package_identification:_identify(src/pangolin_interfaces) by extensions ['colcon_pkg']
[7.771s] Level 1:colcon.colcon_core.package_identification:_identify(src/pangolin_interfaces) by extension 'colcon_pkg'
[7.771s] Level 1:colcon.colcon_core.package_identification:_identify(src/pangolin_interfaces) by extensions ['colcon_meta']
[7.772s] Level 1:colcon.colcon_core.package_identification:_identify(src/pangolin_interfaces) by extension 'colcon_meta'
[7.772s] Level 1:colcon.colcon_core.package_identification:_identify(src/pangolin_interfaces) by extensions ['ros']
[7.772s] Level 1:colcon.colcon_core.package_identification:_identify(src/pangolin_interfaces) by extension 'ros'
[7.774s] DEBUG:colcon.colcon_core.package_identification:Package 'src/pangolin_interfaces' with type 'ros.ament_cmake' and name 'pangolin_interfaces'
[7.775s] Level 1:colcon.colcon_core.package_identification:_identify(src/py_pubsub) by extensions ['ignore', 'ignore_ament_install']
[7.775s] Level 1:colcon.colcon_core.package_identification:_identify(src/py_pubsub) by extension 'ignore'
[7.775s] Level 1:colcon.colcon_core.package_identification:_identify(src/py_pubsub) by extension 'ignore_ament_install'
[7.776s] Level 1:colcon.colcon_core.package_identification:_identify(src/py_pubsub) by extensions ['colcon_pkg']
[7.776s] Level 1:colcon.colcon_core.package_identification:_identify(src/py_pubsub) by extension 'colcon_pkg'
[7.776s] Level 1:colcon.colcon_core.package_identification:_identify(src/py_pubsub) by extensions ['colcon_meta']
[7.776s] Level 1:colcon.colcon_core.package_identification:_identify(src/py_pubsub) by extension 'colcon_meta'
[7.776s] Level 1:colcon.colcon_core.package_identification:_identify(src/py_pubsub) by extensions ['ros']
[7.777s] Level 1:colcon.colcon_core.package_identification:_identify(src/py_pubsub) by extension 'ros'
[7.778s] DEBUG:colcon.colcon_core.package_identification:Package 'src/py_pubsub' with type 'ros.ament_python' and name 'py_pubsub'
[7.779s] Level 1:colcon.colcon_core.package_discovery:discover_packages(recursive) using defaults
[7.779s] Level 1:colcon.colcon_core.package_discovery:discover_packages(ignore) discover
[7.779s] Level 1:colcon.colcon_core.package_discovery:discover_packages(ignore) using defaults
[7.779s] Level 1:colcon.colcon_core.package_discovery:discover_packages(path) discover
[7.779s] Level 1:colcon.colcon_core.package_discovery:discover_packages(path) using defaults
[8.457s] Level 1:colcon.colcon_core.package_discovery:discover_packages(prefix_path) check parameters
[8.457s] Level 1:colcon.colcon_core.package_discovery:discover_packages(prefix_path) discover
[8.704s] DEBUG:colcon.colcon_installed_package_information.package_discovery:Found 4 installed packages in /home/ubuntu/pangolin_ws/install
[8.831s] DEBUG:colcon.colcon_installed_package_information.package_discovery:Found 175 installed packages in /opt/ros/foxy
[8.836s] Level 1:colcon.colcon_core.package_discovery:discover_packages(prefix_path) using defaults
[9.266s] Level 5:colcon.colcon_core.verb:set package 'pangolin_interfaces' build argument 'cmake_args' from command line to 'None'
[9.266s] Level 5:colcon.colcon_core.verb:set package 'pangolin_interfaces' build argument 'cmake_target' from command line to 'None'
[9.266s] Level 5:colcon.colcon_core.verb:set package 'pangolin_interfaces' build argument 'cmake_target_skip_unavailable' from command line to 'False'
[9.266s] Level 5:colcon.colcon_core.verb:set package 'pangolin_interfaces' build argument 'cmake_clean_cache' from command line to 'False'
[9.266s] Level 5:colcon.colcon_core.verb:set package 'pangolin_interfaces' build argument 'cmake_clean_first' from command line to 'False'
[9.267s] Level 5:colcon.colcon_core.verb:set package 'pangolin_interfaces' build argument 'cmake_force_configure' from command line to 'False'
[9.267s] Level 5:colcon.colcon_core.verb:set package 'pangolin_interfaces' build argument 'ament_cmake_args' from command line to 'None'
[9.267s] Level 5:colcon.colcon_core.verb:set package 'pangolin_interfaces' build argument 'catkin_cmake_args' from command line to 'None'
[9.267s] Level 5:colcon.colcon_core.verb:set package 'pangolin_interfaces' build argument 'catkin_skip_building_tests' from command line to 'False'
[9.267s] DEBUG:colcon.colcon_core.verb:Building package 'pangolin_interfaces' with the following arguments: {'ament_cmake_args': None, 'build_base': '/home/ubuntu/pangolin_ws/build/pangolin_interfaces', 'catkin_cmake_args': None, 'catkin_skip_building_tests': False, 'cmake_args': None, 'cmake_clean_cache': False, 'cmake_clean_first': False, 'cmake_force_configure': False, 'cmake_target': None, 'cmake_target_skip_unavailable': False, 'install_base': '/home/ubuntu/pangolin_ws/install/pangolin_interfaces', 'merge_install': False, 'path': '/home/ubuntu/pangolin_ws/src/pangolin_interfaces', 'symlink_install': True, 'test_result_base': None}
[9.386s] Level 5:colcon.colcon_core.verb:set package 'py_pubsub' build argument 'cmake_args' from command line to 'None'
[9.386s] Level 5:colcon.colcon_core.verb:set package 'py_pubsub' build argument 'cmake_target' from command line to 'None'
[9.386s] Level 5:colcon.colcon_core.verb:set package 'py_pubsub' build argument 'cmake_target_skip_unavailable' from command line to 'False'
[9.386s] Level 5:colcon.colcon_core.verb:set package 'py_pubsub' build argument 'cmake_clean_cache' from command line to 'False'
[9.387s] Level 5:colcon.colcon_core.verb:set package 'py_pubsub' build argument 'cmake_clean_first' from command line to 'False'
[9.387s] Level 5:colcon.colcon_core.verb:set package 'py_pubsub' build argument 'cmake_force_configure' from command line to 'False'
[9.387s] Level 5:colcon.colcon_core.verb:set package 'py_pubsub' build argument 'ament_cmake_args' from command line to 'None'
[9.387s] Level 5:colcon.colcon_core.verb:set package 'py_pubsub' build argument 'catkin_cmake_args' from command line to 'None'
[9.387s] Level 5:colcon.colcon_core.verb:set package 'py_pubsub' build argument 'catkin_skip_building_tests' from command line to 'False'
[9.387s] DEBUG:colcon.colcon_core.verb:Building package 'py_pubsub' with the following arguments: {'ament_cmake_args': None, 'build_base': '/home/ubuntu/pangolin_ws/build/py_pubsub', 'catkin_cmake_args': None, 'catkin_skip_building_tests': False, 'cmake_args': None, 'cmake_clean_cache': False, 'cmake_clean_first': False, 'cmake_force_configure': False, 'cmake_target': None, 'cmake_target_skip_unavailable': False, 'install_base': '/home/ubuntu/pangolin_ws/install/py_pubsub', 'merge_install': False, 'path': '/home/ubuntu/pangolin_ws/src/py_pubsub', 'symlink_install': True, 'test_result_base': None}
[9.551s] Level 5:colcon.colcon_core.verb:set package 'pangolin_control' build argument 'cmake_args' from command line to 'None'
[9.552s] Level 5:colcon.colcon_core.verb:set package 'pangolin_control' build argument 'cmake_target' from command line to 'None'
[9.552s] Level 5:colcon.colcon_core.verb:set package 'pangolin_control' build argument 'cmake_target_skip_unavailable' from command line to 'False'
[9.552s] Level 5:colcon.colcon_core.verb:set package 'pangolin_control' build argument 'cmake_clean_cache' from command line to 'False'
[9.552s] Level 5:colcon.colcon_core.verb:set package 'pangolin_control' build argument 'cmake_clean_first' from command line to 'False'
[9.552s] Level 5:colcon.colcon_core.verb:set package 'pangolin_control' build argument 'cmake_force_configure' from command line to 'False'
[9.552s] Level 5:colcon.colcon_core.verb:set package 'pangolin_control' build argument 'ament_cmake_args' from command line to 'None'
[9.552s] Level 5:colcon.colcon_core.verb:set package 'pangolin_control' build argument 'catkin_cmake_args' from command line to 'None'
[9.552s] Level 5:colcon.colcon_core.verb:set package 'pangolin_control' build argument 'catkin_skip_building_tests' from command line to 'False'
[9.552s] DEBUG:colcon.colcon_core.verb:Building package 'pangolin_control' with the following arguments: {'ament_cmake_args': None, 'build_base': '/home/ubuntu/pangolin_ws/build/pangolin_control', 'catkin_cmake_args': None, 'catkin_skip_building_tests': False, 'cmake_args': None, 'cmake_clean_cache': False, 'cmake_clean_first': False, 'cmake_force_configure': False, 'cmake_target': None, 'cmake_target_skip_unavailable': False, 'install_base': '/home/ubuntu/pangolin_ws/install/pangolin_control', 'merge_install': False, 'path': '/home/ubuntu/pangolin_ws/src/pangolin_control', 'symlink_install': True, 'test_result_base': None}
[9.672s] INFO:colcon.colcon_core.executor:Executing jobs using 'parallel' executor
[9.798s] DEBUG:colcon.colcon_parallel_executor.executor.parallel:run_until_complete
[9.799s] INFO:colcon.colcon_ros.task.ament_cmake.build:Building ROS package in '/home/ubuntu/pangolin_ws/src/pangolin_interfaces' with build type 'ament_cmake'
[9.800s] INFO:colcon.colcon_cmake.task.cmake.build:Building CMake package in '/home/ubuntu/pangolin_ws/src/pangolin_interfaces'
[9.938s] INFO:colcon.colcon_core.plugin_system:Skipping extension 'colcon_core.shell.bat': Not used on non-Windows systems
[9.939s] INFO:colcon.colcon_core.shell:Skip shell extension 'powershell' for command environment: Not usable outside of PowerShell
[9.939s] DEBUG:colcon.colcon_core.shell:Skip shell extension 'dsv' for command environment
[10.344s] INFO:colcon.colcon_ros.task.ament_python.build:Building ROS package in '/home/ubuntu/pangolin_ws/src/py_pubsub' with build type 'ament_python'
[10.346s] Level 1:colcon.colcon_core.shell:create_environment_hook('py_pubsub', 'ament_prefix_path')
[10.479s] INFO:colcon.colcon_core.shell:Creating environment hook '/home/ubuntu/pangolin_ws/install/py_pubsub/share/py_pubsub/hook/ament_prefix_path.ps1'
[10.481s] INFO:colcon.colcon_core.shell:Creating environment descriptor '/home/ubuntu/pangolin_ws/install/py_pubsub/share/py_pubsub/hook/ament_prefix_path.dsv'
[10.483s] INFO:colcon.colcon_core.shell:Creating environment hook '/home/ubuntu/pangolin_ws/install/py_pubsub/share/py_pubsub/hook/ament_prefix_path.sh'
[10.612s] INFO:colcon.colcon_core.shell:Skip shell extension 'powershell' for command environment: Not usable outside of PowerShell
[10.612s] DEBUG:colcon.colcon_core.shell:Skip shell extension 'dsv' for command environment
[11.068s] DEBUG:colcon.colcon_core.event_handler.log_command:Invoking command in '/home/ubuntu/pangolin_ws/build/pangolin_interfaces': CMAKE_PREFIX_PATH=${CMAKE_PREFIX_PATH}:/home/ubuntu/pangolin_ws/install/py_srvcli:/home/ubuntu/pangolin_ws/install/py_pubsub:/home/ubuntu/pangolin_ws/install/pangolin_control:/opt/ros/foxy /usr/bin/cmake --build /home/ubuntu/pangolin_ws/build/pangolin_interfaces -- -j4 -l4
[12.210s] INFO:colcon.colcon_core.task.python.build:Building Python package in '/home/ubuntu/pangolin_ws/src/py_pubsub'
[12.357s] INFO:colcon.colcon_core.shell:Skip shell extension 'powershell' for command environment: Not usable outside of PowerShell
[12.357s] DEBUG:colcon.colcon_core.shell:Skip shell extension 'dsv' for command environment
[12.762s] DEBUG:colcon.colcon_core.event_handler.log_command:Invoked command in '/home/ubuntu/pangolin_ws/build/pangolin_interfaces' returned '0': CMAKE_PREFIX_PATH=${CMAKE_PREFIX_PATH}:/home/ubuntu/pangolin_ws/install/py_srvcli:/home/ubuntu/pangolin_ws/install/py_pubsub:/home/ubuntu/pangolin_ws/install/pangolin_control:/opt/ros/foxy /usr/bin/cmake --build /home/ubuntu/pangolin_ws/build/pangolin_interfaces -- -j4 -l4
[13.087s] DEBUG:colcon.colcon_core.event_handler.log_command:Invoking command in '/home/ubuntu/pangolin_ws/build/pangolin_interfaces': CMAKE_PREFIX_PATH=${CMAKE_PREFIX_PATH}:/home/ubuntu/pangolin_ws/install/py_srvcli:/home/ubuntu/pangolin_ws/install/py_pubsub:/home/ubuntu/pangolin_ws/install/pangolin_control:/opt/ros/foxy /usr/bin/cmake --install /home/ubuntu/pangolin_ws/build/pangolin_interfaces
[13.461s] Level 1:colcon.colcon_core.environment:create_environment_scripts_only(pangolin_interfaces)
[13.462s] DEBUG:colcon.colcon_core.event_handler.log_command:Invoked command in '/home/ubuntu/pangolin_ws/build/pangolin_interfaces' returned '0': CMAKE_PREFIX_PATH=${CMAKE_PREFIX_PATH}:/home/ubuntu/pangolin_ws/install/py_srvcli:/home/ubuntu/pangolin_ws/install/py_pubsub:/home/ubuntu/pangolin_ws/install/pangolin_control:/opt/ros/foxy /usr/bin/cmake --install /home/ubuntu/pangolin_ws/build/pangolin_interfaces
[13.633s] Level 1:colcon.colcon_core.environment:checking '/home/ubuntu/pangolin_ws/install/pangolin_interfaces' for CMake module files
[13.637s] Level 1:colcon.colcon_core.environment:checking '/home/ubuntu/pangolin_ws/install/pangolin_interfaces' for CMake config files
[13.643s] Level 1:colcon.colcon_core.shell:create_environment_hook('pangolin_interfaces', 'cmake_prefix_path')
[13.811s] INFO:colcon.colcon_core.shell:Creating environment hook '/home/ubuntu/pangolin_ws/install/pangolin_interfaces/share/pangolin_interfaces/hook/cmake_prefix_path.ps1'
[13.814s] INFO:colcon.colcon_core.shell:Creating environment descriptor '/home/ubuntu/pangolin_ws/install/pangolin_interfaces/share/pangolin_interfaces/hook/cmake_prefix_path.dsv'
[13.817s] INFO:colcon.colcon_core.shell:Creating environment hook '/home/ubuntu/pangolin_ws/install/pangolin_interfaces/share/pangolin_interfaces/hook/cmake_prefix_path.sh'
[13.820s] Level 1:colcon.colcon_core.environment:checking '/home/ubuntu/pangolin_ws/install/pangolin_interfaces/lib'
[13.822s] Level 1:colcon.colcon_core.shell:create_environment_hook('pangolin_interfaces', 'ld_library_path_lib')
[13.987s] INFO:colcon.colcon_core.shell:Creating environment hook '/home/ubuntu/pangolin_ws/install/pangolin_interfaces/share/pangolin_interfaces/hook/ld_library_path_lib.ps1'
[13.989s] INFO:colcon.colcon_core.shell:Creating environment descriptor '/home/ubuntu/pangolin_ws/install/pangolin_interfaces/share/pangolin_interfaces/hook/ld_library_path_lib.dsv'
[13.991s] INFO:colcon.colcon_core.shell:Creating environment hook '/home/ubuntu/pangolin_ws/install/pangolin_interfaces/share/pangolin_interfaces/hook/ld_library_path_lib.sh'
[13.994s] Level 1:colcon.colcon_core.environment:checking '/home/ubuntu/pangolin_ws/install/pangolin_interfaces/bin'
[13.995s] Level 1:colcon.colcon_core.environment:checking '/home/ubuntu/pangolin_ws/install/pangolin_interfaces/lib/pkgconfig/pangolin_interfaces.pc'
[13.996s] Level 1:colcon.colcon_core.environment:checking '/home/ubuntu/pangolin_ws/install/pangolin_interfaces/lib/python3.8/site-packages'
[13.997s] Level 1:colcon.colcon_core.shell:create_environment_hook('pangolin_interfaces', 'pythonpath')
[14.176s] INFO:colcon.colcon_core.shell:Creating environment hook '/home/ubuntu/pangolin_ws/install/pangolin_interfaces/share/pangolin_interfaces/hook/pythonpath.ps1'
[14.178s] INFO:colcon.colcon_core.shell:Creating environment descriptor '/home/ubuntu/pangolin_ws/install/pangolin_interfaces/share/pangolin_interfaces/hook/pythonpath.dsv'
[14.181s] INFO:colcon.colcon_core.shell:Creating environment hook '/home/ubuntu/pangolin_ws/install/pangolin_interfaces/share/pangolin_interfaces/hook/pythonpath.sh'
[14.184s] Level 1:colcon.colcon_core.environment:checking '/home/ubuntu/pangolin_ws/install/pangolin_interfaces/bin'
[14.400s] INFO:colcon.colcon_core.shell:Creating package script '/home/ubuntu/pangolin_ws/install/pangolin_interfaces/share/pangolin_interfaces/package.ps1'
[14.403s] INFO:colcon.colcon_core.shell:Creating package descriptor '/home/ubuntu/pangolin_ws/install/pangolin_interfaces/share/pangolin_interfaces/package.dsv'
[14.406s] INFO:colcon.colcon_core.shell:Creating package script '/home/ubuntu/pangolin_ws/install/pangolin_interfaces/share/pangolin_interfaces/package.sh'
[14.409s] INFO:colcon.colcon_core.shell:Creating package script '/home/ubuntu/pangolin_ws/install/pangolin_interfaces/share/pangolin_interfaces/package.bash'
[14.412s] INFO:colcon.colcon_core.shell:Creating package script '/home/ubuntu/pangolin_ws/install/pangolin_interfaces/share/pangolin_interfaces/package.zsh'
[14.415s] Level 1:colcon.colcon_core.environment:create_file_with_runtime_dependencies(/home/ubuntu/pangolin_ws/install/pangolin_interfaces/share/colcon-core/packages/pangolin_interfaces)
[14.443s] DEBUG:colcon.colcon_core.event_handler.log_command:Invoking command in '/home/ubuntu/pangolin_ws/build/py_pubsub': PYTHONPATH=/home/ubuntu/pangolin_ws/build/py_pubsub/prefix_override:/home/ubuntu/pangolin_ws/install/py_pubsub/lib/python3.8/site-packages:${PYTHONPATH} /usr/bin/python3 setup.py develop --editable --build-directory /home/ubuntu/pangolin_ws/build/py_pubsub/build --no-deps install_data
[14.871s] Level 1:colcon.colcon_core.environment:create_environment_scripts_only(pangolin_interfaces)
[15.036s] Level 1:colcon.colcon_core.environment:checking '/home/ubuntu/pangolin_ws/install/pangolin_interfaces' for CMake module files
[15.039s] Level 1:colcon.colcon_core.environment:checking '/home/ubuntu/pangolin_ws/install/pangolin_interfaces' for CMake config files
[15.045s] Level 1:colcon.colcon_core.shell:create_environment_hook('pangolin_interfaces', 'cmake_prefix_path')
[15.205s] INFO:colcon.colcon_core.shell:Creating environment hook '/home/ubuntu/pangolin_ws/install/pangolin_interfaces/share/pangolin_interfaces/hook/cmake_prefix_path.ps1'
[15.207s] INFO:colcon.colcon_core.shell:Creating environment descriptor '/home/ubuntu/pangolin_ws/install/pangolin_interfaces/share/pangolin_interfaces/hook/cmake_prefix_path.dsv'
[15.209s] INFO:colcon.colcon_core.shell:Creating environment hook '/home/ubuntu/pangolin_ws/install/pangolin_interfaces/share/pangolin_interfaces/hook/cmake_prefix_path.sh'
[15.212s] Level 1:colcon.colcon_core.environment:checking '/home/ubuntu/pangolin_ws/install/pangolin_interfaces/lib'
[15.213s] Level 1:colcon.colcon_core.shell:create_environment_hook('pangolin_interfaces', 'ld_library_path_lib')
[15.381s] INFO:colcon.colcon_core.shell:Creating environment hook '/home/ubuntu/pangolin_ws/install/pangolin_interfaces/share/pangolin_interfaces/hook/ld_library_path_lib.ps1'
[15.384s] INFO:colcon.colcon_core.shell:Creating environment descriptor '/home/ubuntu/pangolin_ws/install/pangolin_interfaces/share/pangolin_interfaces/hook/ld_library_path_lib.dsv'
[15.386s] INFO:colcon.colcon_core.shell:Creating environment hook '/home/ubuntu/pangolin_ws/install/pangolin_interfaces/share/pangolin_interfaces/hook/ld_library_path_lib.sh'
[15.389s] Level 1:colcon.colcon_core.environment:checking '/home/ubuntu/pangolin_ws/install/pangolin_interfaces/bin'
[15.390s] Level 1:colcon.colcon_core.environment:checking '/home/ubuntu/pangolin_ws/install/pangolin_interfaces/lib/pkgconfig/pangolin_interfaces.pc'
[15.391s] Level 1:colcon.colcon_core.environment:checking '/home/ubuntu/pangolin_ws/install/pangolin_interfaces/lib/python3.8/site-packages'
[15.392s] Level 1:colcon.colcon_core.shell:create_environment_hook('pangolin_interfaces', 'pythonpath')
[15.556s] INFO:colcon.colcon_core.shell:Creating environment hook '/home/ubuntu/pangolin_ws/install/pangolin_interfaces/share/pangolin_interfaces/hook/pythonpath.ps1'
[15.558s] INFO:colcon.colcon_core.shell:Creating environment descriptor '/home/ubuntu/pangolin_ws/install/pangolin_interfaces/share/pangolin_interfaces/hook/pythonpath.dsv'
[15.560s] INFO:colcon.colcon_core.shell:Creating environment hook '/home/ubuntu/pangolin_ws/install/pangolin_interfaces/share/pangolin_interfaces/hook/pythonpath.sh'
[15.562s] Level 1:colcon.colcon_core.environment:checking '/home/ubuntu/pangolin_ws/install/pangolin_interfaces/bin'
[15.722s] INFO:colcon.colcon_core.shell:Creating package script '/home/ubuntu/pangolin_ws/install/pangolin_interfaces/share/pangolin_interfaces/package.ps1'
[15.726s] INFO:colcon.colcon_core.shell:Creating package descriptor '/home/ubuntu/pangolin_ws/install/pangolin_interfaces/share/pangolin_interfaces/package.dsv'
[15.729s] INFO:colcon.colcon_core.shell:Creating package script '/home/ubuntu/pangolin_ws/install/pangolin_interfaces/share/pangolin_interfaces/package.sh'
[15.732s] INFO:colcon.colcon_core.shell:Creating package script '/home/ubuntu/pangolin_ws/install/pangolin_interfaces/share/pangolin_interfaces/package.bash'
[15.735s] INFO:colcon.colcon_core.shell:Creating package script '/home/ubuntu/pangolin_ws/install/pangolin_interfaces/share/pangolin_interfaces/package.zsh'
[15.737s] Level 1:colcon.colcon_core.environment:create_file_with_runtime_dependencies(/home/ubuntu/pangolin_ws/install/pangolin_interfaces/share/colcon-core/packages/pangolin_interfaces)
[15.739s] INFO:colcon.colcon_ros.task.ament_python.build:Building ROS package in '/home/ubuntu/pangolin_ws/src/pangolin_control' with build type 'ament_python'
[15.740s] Level 1:colcon.colcon_core.shell:create_environment_hook('pangolin_control', 'ament_prefix_path')
[15.924s] INFO:colcon.colcon_core.shell:Creating environment hook '/home/ubuntu/pangolin_ws/install/pangolin_control/share/pangolin_control/hook/ament_prefix_path.ps1'
[15.926s] INFO:colcon.colcon_core.shell:Creating environment descriptor '/home/ubuntu/pangolin_ws/install/pangolin_control/share/pangolin_control/hook/ament_prefix_path.dsv'
[15.928s] INFO:colcon.colcon_core.shell:Creating environment hook '/home/ubuntu/pangolin_ws/install/pangolin_control/share/pangolin_control/hook/ament_prefix_path.sh'
[16.100s] INFO:colcon.colcon_core.shell:Skip shell extension 'powershell' for command environment: Not usable outside of PowerShell
[16.100s] DEBUG:colcon.colcon_core.shell:Skip shell extension 'dsv' for command environment
[16.593s] Level 1:colcon.colcon_core.shell:create_environment_hook('py_pubsub', 'pythonpath_develop')
[16.595s] DEBUG:colcon.colcon_core.event_handler.log_command:Invoked command in '/home/ubuntu/pangolin_ws/build/py_pubsub' returned '0': PYTHONPATH=/home/ubuntu/pangolin_ws/build/py_pubsub/prefix_override:/home/ubuntu/pangolin_ws/install/py_pubsub/lib/python3.8/site-packages:${PYTHONPATH} /usr/bin/python3 setup.py develop --editable --build-directory /home/ubuntu/pangolin_ws/build/py_pubsub/build --no-deps install_data
[16.733s] INFO:colcon.colcon_core.shell:Creating environment hook '/home/ubuntu/pangolin_ws/build/py_pubsub/share/py_pubsub/hook/pythonpath_develop.ps1'
[16.735s] INFO:colcon.colcon_core.shell:Creating environment descriptor '/home/ubuntu/pangolin_ws/build/py_pubsub/share/py_pubsub/hook/pythonpath_develop.dsv'
[16.736s] INFO:colcon.colcon_core.shell:Creating environment hook '/home/ubuntu/pangolin_ws/build/py_pubsub/share/py_pubsub/hook/pythonpath_develop.sh'
[16.867s] Level 1:colcon.colcon_core.environment:checking '/home/ubuntu/pangolin_ws/install/py_pubsub' for CMake module files
[16.869s] Level 1:colcon.colcon_core.environment:checking '/home/ubuntu/pangolin_ws/install/py_pubsub' for CMake config files
[16.872s] Level 1:colcon.colcon_core.environment:checking '/home/ubuntu/pangolin_ws/install/py_pubsub/lib'
[16.872s] Level 1:colcon.colcon_core.environment:checking '/home/ubuntu/pangolin_ws/install/py_pubsub/bin'
[16.872s] Level 1:colcon.colcon_core.environment:checking '/home/ubuntu/pangolin_ws/install/py_pubsub/lib/pkgconfig/py_pubsub.pc'
[16.873s] Level 1:colcon.colcon_core.environment:checking '/home/ubuntu/pangolin_ws/install/py_pubsub/lib/python3.8/site-packages'
[16.874s] Level 1:colcon.colcon_core.shell:create_environment_hook('py_pubsub', 'pythonpath')
[17.049s] INFO:colcon.colcon_core.shell:Creating environment hook '/home/ubuntu/pangolin_ws/install/py_pubsub/share/py_pubsub/hook/pythonpath.ps1'
[17.051s] INFO:colcon.colcon_core.shell:Creating environment descriptor '/home/ubuntu/pangolin_ws/install/py_pubsub/share/py_pubsub/hook/pythonpath.dsv'
[17.053s] INFO:colcon.colcon_core.shell:Creating environment hook '/home/ubuntu/pangolin_ws/install/py_pubsub/share/py_pubsub/hook/pythonpath.sh'
[17.055s] Level 1:colcon.colcon_core.environment:checking '/home/ubuntu/pangolin_ws/install/py_pubsub/bin'
[17.055s] Level 1:colcon.colcon_core.environment:create_environment_scripts_only(py_pubsub)
[17.180s] INFO:colcon.colcon_core.shell:Creating package script '/home/ubuntu/pangolin_ws/install/py_pubsub/share/py_pubsub/package.ps1'
[17.182s] INFO:colcon.colcon_core.shell:Creating package descriptor '/home/ubuntu/pangolin_ws/install/py_pubsub/share/py_pubsub/package.dsv'
[17.185s] INFO:colcon.colcon_core.shell:Creating package script '/home/ubuntu/pangolin_ws/install/py_pubsub/share/py_pubsub/package.sh'
[17.187s] INFO:colcon.colcon_core.shell:Creating package script '/home/ubuntu/pangolin_ws/install/py_pubsub/share/py_pubsub/package.bash'
[17.188s] INFO:colcon.colcon_core.shell:Creating package script '/home/ubuntu/pangolin_ws/install/py_pubsub/share/py_pubsub/package.zsh'
[17.190s] Level 1:colcon.colcon_core.environment:create_file_with_runtime_dependencies(/home/ubuntu/pangolin_ws/install/py_pubsub/share/colcon-core/packages/py_pubsub)
[18.049s] INFO:colcon.colcon_core.task.python.build:Building Python package in '/home/ubuntu/pangolin_ws/src/pangolin_control'
[18.182s] INFO:colcon.colcon_core.shell:Skip shell extension 'powershell' for command environment: Not usable outside of PowerShell
[18.182s] DEBUG:colcon.colcon_core.shell:Skip shell extension 'dsv' for command environment
[19.948s] DEBUG:colcon.colcon_core.event_handler.log_command:Invoking command in '/home/ubuntu/pangolin_ws/build/pangolin_control': PYTHONPATH=/home/ubuntu/pangolin_ws/build/pangolin_control/prefix_override:/home/ubuntu/pangolin_ws/install/pangolin_control/lib/python3.8/site-packages:/home/ubuntu/pangolin_ws/install/pangolin_interfaces/lib/python3.8/site-packages:/home/ubuntu/pangolin_ws/install/py_srvcli/lib/python3.8/site-packages:/home/ubuntu/pangolin_ws/build/py_pubsub:/home/ubuntu/pangolin_ws/install/py_pubsub/lib/python3.8/site-packages:/home/ubuntu/pangolin_ws/build/pangolin_control:/home/ubuntu/pangolin_ws/install/pangolin_control/lib/python3.8/site-packages:/opt/ros/foxy/lib/python3.8/site-packages /usr/bin/python3 setup.py develop --editable --build-directory /home/ubuntu/pangolin_ws/build/pangolin_control/build --no-deps install_data
[21.536s] Level 1:colcon.colcon_core.shell:create_environment_hook('pangolin_control', 'pythonpath_develop')
[21.537s] DEBUG:colcon.colcon_core.event_handler.log_command:Invoked command in '/home/ubuntu/pangolin_ws/build/pangolin_control' returned '0': PYTHONPATH=/home/ubuntu/pangolin_ws/build/pangolin_control/prefix_override:/home/ubuntu/pangolin_ws/install/pangolin_control/lib/python3.8/site-packages:/home/ubuntu/pangolin_ws/install/pangolin_interfaces/lib/python3.8/site-packages:/home/ubuntu/pangolin_ws/install/py_srvcli/lib/python3.8/site-packages:/home/ubuntu/pangolin_ws/build/py_pubsub:/home/ubuntu/pangolin_ws/install/py_pubsub/lib/python3.8/site-packages:/home/ubuntu/pangolin_ws/build/pangolin_control:/home/ubuntu/pangolin_ws/install/pangolin_control/lib/python3.8/site-packages:/opt/ros/foxy/lib/python3.8/site-packages /usr/bin/python3 setup.py develop --editable --build-directory /home/ubuntu/pangolin_ws/build/pangolin_control/build --no-deps install_data
[21.673s] INFO:colcon.colcon_core.shell:Creating environment hook '/home/ubuntu/pangolin_ws/build/pangolin_control/share/pangolin_control/hook/pythonpath_develop.ps1'
[21.676s] INFO:colcon.colcon_core.shell:Creating environment descriptor '/home/ubuntu/pangolin_ws/build/pangolin_control/share/pangolin_control/hook/pythonpath_develop.dsv'
[21.678s] INFO:colcon.colcon_core.shell:Creating environment hook '/home/ubuntu/pangolin_ws/build/pangolin_control/share/pangolin_control/hook/pythonpath_develop.sh'
[21.811s] Level 1:colcon.colcon_core.environment:checking '/home/ubuntu/pangolin_ws/install/pangolin_control' for CMake module files
[21.813s] Level 1:colcon.colcon_core.environment:checking '/home/ubuntu/pangolin_ws/install/pangolin_control' for CMake config files
[21.816s] Level 1:colcon.colcon_core.environment:checking '/home/ubuntu/pangolin_ws/install/pangolin_control/lib'
[21.816s] Level 1:colcon.colcon_core.environment:checking '/home/ubuntu/pangolin_ws/install/pangolin_control/bin'
[21.817s] Level 1:colcon.colcon_core.environment:checking '/home/ubuntu/pangolin_ws/install/pangolin_control/lib/pkgconfig/pangolin_control.pc'
[21.817s] Level 1:colcon.colcon_core.environment:checking '/home/ubuntu/pangolin_ws/install/pangolin_control/lib/python3.8/site-packages'
[21.818s] Level 1:colcon.colcon_core.shell:create_environment_hook('pangolin_control', 'pythonpath')
[21.953s] INFO:colcon.colcon_core.shell:Creating environment hook '/home/ubuntu/pangolin_ws/install/pangolin_control/share/pangolin_control/hook/pythonpath.ps1'
[21.955s] INFO:colcon.colcon_core.shell:Creating environment descriptor '/home/ubuntu/pangolin_ws/install/pangolin_control/share/pangolin_control/hook/pythonpath.dsv'
[21.956s] INFO:colcon.colcon_core.shell:Creating environment hook '/home/ubuntu/pangolin_ws/install/pangolin_control/share/pangolin_control/hook/pythonpath.sh'
[21.960s] Level 1:colcon.colcon_core.environment:checking '/home/ubuntu/pangolin_ws/install/pangolin_control/bin'
[21.960s] Level 1:colcon.colcon_core.environment:create_environment_scripts_only(pangolin_control)
[22.091s] INFO:colcon.colcon_core.shell:Creating package script '/home/ubuntu/pangolin_ws/install/pangolin_control/share/pangolin_control/package.ps1'
[22.094s] INFO:colcon.colcon_core.shell:Creating package descriptor '/home/ubuntu/pangolin_ws/install/pangolin_control/share/pangolin_control/package.dsv'
[22.096s] INFO:colcon.colcon_core.shell:Creating package script '/home/ubuntu/pangolin_ws/install/pangolin_control/share/pangolin_control/package.sh'
[22.098s] INFO:colcon.colcon_core.shell:Creating package script '/home/ubuntu/pangolin_ws/install/pangolin_control/share/pangolin_control/package.bash'
[22.100s] INFO:colcon.colcon_core.shell:Creating package script '/home/ubuntu/pangolin_ws/install/pangolin_control/share/pangolin_control/package.zsh'
[22.102s] Level 1:colcon.colcon_core.environment:create_file_with_runtime_dependencies(/home/ubuntu/pangolin_ws/install/pangolin_control/share/colcon-core/packages/pangolin_control)
[22.104s] DEBUG:colcon.colcon_parallel_executor.executor.parallel:closing loop
[22.105s] DEBUG:colcon.colcon_parallel_executor.executor.parallel:loop closed
[22.106s] DEBUG:colcon.colcon_parallel_executor.executor.parallel:run_until_complete finished with '0'
[22.106s] DEBUG:colcon.colcon_core.event_reactor:joining thread
[22.254s] INFO:colcon.colcon_core.plugin_system:Skipping extension 'colcon_notification.desktop_notification.notify_send': Could not find 'notify-send'
[22.255s] INFO:colcon.colcon_core.plugin_system:Skipping extension 'colcon_notification.desktop_notification.terminal_notifier': Not used on non-Darwin systems
[22.255s] INFO:colcon.colcon_core.plugin_system:Skipping extension 'colcon_notification.desktop_notification.win32': Not used on non-Windows systems
[22.256s] INFO:colcon.colcon_notification.desktop_notification:Sending desktop notification using 'notify2'
[22.259s] DEBUG:colcon.colcon_notification.desktop_notification.notify2:Failed to initialize notify2: org.freedesktop.DBus.Error.ServiceUnknown: The name org.freedesktop.Notifications was not provided by any .service files
[22.259s] DEBUG:colcon.colcon_core.event_reactor:joined thread
[22.386s] INFO:colcon.colcon_core.shell:Creating prefix script '/home/ubuntu/pangolin_ws/install/local_setup.ps1'
[22.389s] INFO:colcon.colcon_core.shell:Creating prefix util module '/home/ubuntu/pangolin_ws/install/_local_setup_util_ps1.py'
[22.395s] INFO:colcon.colcon_core.shell:Creating prefix chain script '/home/ubuntu/pangolin_ws/install/setup.ps1'
[22.521s] INFO:colcon.colcon_core.shell:Creating prefix script '/home/ubuntu/pangolin_ws/install/local_setup.sh'
[22.524s] INFO:colcon.colcon_core.shell:Creating prefix util module '/home/ubuntu/pangolin_ws/install/_local_setup_util_sh.py'
[22.526s] INFO:colcon.colcon_core.shell:Creating prefix chain script '/home/ubuntu/pangolin_ws/install/setup.sh'
[22.655s] INFO:colcon.colcon_core.shell:Creating prefix script '/home/ubuntu/pangolin_ws/install/local_setup.bash'
[22.657s] INFO:colcon.colcon_core.shell:Creating prefix chain script '/home/ubuntu/pangolin_ws/install/setup.bash'
[22.785s] INFO:colcon.colcon_core.shell:Creating prefix script '/home/ubuntu/pangolin_ws/install/local_setup.zsh'
[22.788s] INFO:colcon.colcon_core.shell:Creating prefix chain script '/home/ubuntu/pangolin_ws/install/setup.zsh'
