[7.141s] DEBUG:colcon:Command line arguments: ['/usr/bin/colcon', 'build', '--symlink-install']
[7.142s] DEBUG:colcon:Parsed command line arguments: Namespace(allow_overriding=[], ament_cmake_args=None, base_paths=['.'], build_base='build', catkin_cmake_args=None, catkin_skip_building_tests=False, cmake_args=None, cmake_clean_cache=False, cmake_clean_first=False, cmake_force_configure=False, cmake_target=None, cmake_target_skip_unavailable=False, continue_on_error=False, event_handlers=None, executor='parallel', ignore_user_meta=False, install_base='install', log_base=None, log_level=None, main=<bound method BuildVerb.main of <colcon_core.verb.build.BuildVerb object at 0xffffbc02bf40>>, merge_install=False, metas=['./colcon.meta'], packages_above=None, packages_above_and_dependencies=None, packages_above_depth=None, packages_end=None, packages_ignore=None, packages_ignore_regex=None, packages_select=None, packages_select_build_failed=False, packages_select_by_dep=None, packages_select_regex=None, packages_select_test_failures=False, packages_skip=None, packages_skip_build_finished=False, packages_skip_by_dep=None, packages_skip_regex=None, packages_skip_test_passed=False, packages_skip_up_to=None, packages_start=None, packages_up_to=None, packages_up_to_regex=None, parallel_workers=4, paths=None, symlink_install=True, test_result_base=None, verb_extension=<colcon_core.verb.build.BuildVerb object at 0xffffbc02bf40>, verb_name='build', verb_parser=<colcon_defaults.argument_parser.defaults.DefaultArgumentsDecorator object at 0xffffbbbe7b20>)
[7.479s] Level 1:colcon.colcon_core.package_discovery:discover_packages(colcon_meta) check parameters
[7.479s] Level 1:colcon.colcon_core.package_discovery:discover_packages(recursive) check parameters
[7.480s] Level 1:colcon.colcon_core.package_discovery:discover_packages(ignore) check parameters
[7.480s] Level 1:colcon.colcon_core.package_discovery:discover_packages(path) check parameters
[7.480s] Level 1:colcon.colcon_core.package_discovery:discover_packages(colcon_meta) discover
[7.480s] Level 1:colcon.colcon_core.package_discovery:discover_packages(recursive) discover
[7.480s] INFO:colcon.colcon_core.package_discovery:Crawling recursively for packages in '/home/ubuntu/pangolin_ws'
[7.481s] Level 1:colcon.colcon_core.package_identification:_identify(.) by extensions ['ignore', 'ignore_ament_install']
[7.481s] Level 1:colcon.colcon_core.package_identification:_identify(.) by extension 'ignore'
[7.481s] Level 1:colcon.colcon_core.package_identification:_identify(.) by extension 'ignore_ament_install'
[7.482s] Level 1:colcon.colcon_core.package_identification:_identify(.) by extensions ['colcon_pkg']
[7.482s] Level 1:colcon.colcon_core.package_identification:_identify(.) by extension 'colcon_pkg'
[7.482s] Level 1:colcon.colcon_core.package_identification:_identify(.) by extensions ['colcon_meta']
[7.482s] Level 1:colcon.colcon_core.package_identification:_identify(.) by extension 'colcon_meta'
[7.482s] Level 1:colcon.colcon_core.package_identification:_identify(.) by extensions ['ros']
[7.482s] Level 1:colcon.colcon_core.package_identification:_identify(.) by extension 'ros'
[7.522s] Level 1:colcon.colcon_core.package_identification:_identify(.) by extensions ['cmake', 'python']
[7.522s] Level 1:colcon.colcon_core.package_identification:_identify(.) by extension 'cmake'
[7.523s] Level 1:colcon.colcon_core.package_identification:_identify(.) by extension 'python'
[7.523s] Level 1:colcon.colcon_core.package_identification:_identify(.) by extensions ['python_setup_py']
[7.523s] Level 1:colcon.colcon_core.package_identification:_identify(.) by extension 'python_setup_py'
[7.524s] Level 1:colcon.colcon_core.package_identification:_identify(build) by extensions ['ignore', 'ignore_ament_install']
[7.524s] Level 1:colcon.colcon_core.package_identification:_identify(build) by extension 'ignore'
[7.524s] Level 1:colcon.colcon_core.package_identification:_identify(build) ignored
[7.525s] Level 1:colcon.colcon_core.package_identification:_identify(install) by extensions ['ignore', 'ignore_ament_install']
[7.525s] Level 1:colcon.colcon_core.package_identification:_identify(install) by extension 'ignore'
[7.525s] Level 1:colcon.colcon_core.package_identification:_identify(install) ignored
[7.526s] Level 1:colcon.colcon_core.package_identification:_identify(log) by extensions ['ignore', 'ignore_ament_install']
[7.527s] Level 1:colcon.colcon_core.package_identification:_identify(log) by extension 'ignore'
[7.527s] Level 1:colcon.colcon_core.package_identification:_identify(log) ignored
[7.527s] Level 1:colcon.colcon_core.package_identification:_identify(src) by extensions ['ignore', 'ignore_ament_install']
[7.527s] Level 1:colcon.colcon_core.package_identification:_identify(src) by extension 'ignore'
[7.528s] Level 1:colcon.colcon_core.package_identification:_identify(src) by extension 'ignore_ament_install'
[7.528s] Level 1:colcon.colcon_core.package_identification:_identify(src) by extensions ['colcon_pkg']
[7.528s] Level 1:colcon.colcon_core.package_identification:_identify(src) by extension 'colcon_pkg'
[7.528s] Level 1:colcon.colcon_core.package_identification:_identify(src) by extensions ['colcon_meta']
[7.528s] Level 1:colcon.colcon_core.package_identification:_identify(src) by extension 'colcon_meta'
[7.529s] Level 1:colcon.colcon_core.package_identification:_identify(src) by extensions ['ros']
[7.529s] Level 1:colcon.colcon_core.package_identification:_identify(src) by extension 'ros'
[7.529s] Level 1:colcon.colcon_core.package_identification:_identify(src) by extensions ['cmake', 'python']
[7.529s] Level 1:colcon.colcon_core.package_identification:_identify(src) by extension 'cmake'
[7.529s] Level 1:colcon.colcon_core.package_identification:_identify(src) by extension 'python'
[7.529s] Level 1:colcon.colcon_core.package_identification:_identify(src) by extensions ['python_setup_py']
[7.530s] Level 1:colcon.colcon_core.package_identification:_identify(src) by extension 'python_setup_py'
[7.530s] Level 1:colcon.colcon_core.package_identification:_identify(src/pangolin_control) by extensions ['ignore', 'ignore_ament_install']
[7.530s] Level 1:colcon.colcon_core.package_identification:_identify(src/pangolin_control) by extension 'ignore'
[7.531s] Level 1:colcon.colcon_core.package_identification:_identify(src/pangolin_control) by extension 'ignore_ament_install'
[7.531s] Level 1:colcon.colcon_core.package_identification:_identify(src/pangolin_control) by extensions ['colcon_pkg']
[7.531s] Level 1:colcon.colcon_core.package_identification:_identify(src/pangolin_control) by extension 'colcon_pkg'
[7.531s] Level 1:colcon.colcon_core.package_identification:_identify(src/pangolin_control) by extensions ['colcon_meta']
[7.531s] Level 1:colcon.colcon_core.package_identification:_identify(src/pangolin_control) by extension 'colcon_meta'
[7.531s] Level 1:colcon.colcon_core.package_identification:_identify(src/pangolin_control) by extensions ['ros']
[7.532s] Level 1:colcon.colcon_core.package_identification:_identify(src/pangolin_control) by extension 'ros'
[7.539s] DEBUG:colcon.colcon_core.package_identification:Package 'src/pangolin_control' with type 'ros.ament_python' and name 'pangolin_control'
[7.540s] Level 1:colcon.colcon_core.package_identification:_identify(src/py_pubsub) by extensions ['ignore', 'ignore_ament_install']
[7.541s] Level 1:colcon.colcon_core.package_identification:_identify(src/py_pubsub) by extension 'ignore'
[7.541s] Level 1:colcon.colcon_core.package_identification:_identify(src/py_pubsub) by extension 'ignore_ament_install'
[7.541s] Level 1:colcon.colcon_core.package_identification:_identify(src/py_pubsub) by extensions ['colcon_pkg']
[7.541s] Level 1:colcon.colcon_core.package_identification:_identify(src/py_pubsub) by extension 'colcon_pkg'
[7.542s] Level 1:colcon.colcon_core.package_identification:_identify(src/py_pubsub) by extensions ['colcon_meta']
[7.542s] Level 1:colcon.colcon_core.package_identification:_identify(src/py_pubsub) by extension 'colcon_meta'
[7.542s] Level 1:colcon.colcon_core.package_identification:_identify(src/py_pubsub) by extensions ['ros']
[7.542s] Level 1:colcon.colcon_core.package_identification:_identify(src/py_pubsub) by extension 'ros'
[7.544s] DEBUG:colcon.colcon_core.package_identification:Package 'src/py_pubsub' with type 'ros.ament_python' and name 'py_pubsub'
[7.544s] Level 1:colcon.colcon_core.package_discovery:discover_packages(recursive) using defaults
[7.544s] Level 1:colcon.colcon_core.package_discovery:discover_packages(ignore) discover
[7.544s] Level 1:colcon.colcon_core.package_discovery:discover_packages(ignore) using defaults
[7.545s] Level 1:colcon.colcon_core.package_discovery:discover_packages(path) discover
[7.545s] Level 1:colcon.colcon_core.package_discovery:discover_packages(path) using defaults
[8.221s] Level 1:colcon.colcon_core.package_discovery:discover_packages(prefix_path) check parameters
[8.221s] Level 1:colcon.colcon_core.package_discovery:discover_packages(prefix_path) discover
[8.462s] DEBUG:colcon.colcon_installed_package_information.package_discovery:Found 4 installed packages in /home/ubuntu/pangolin_ws/install
[8.580s] DEBUG:colcon.colcon_installed_package_information.package_discovery:Found 1 installed packages in /home/ubuntu/install
[8.704s] DEBUG:colcon.colcon_installed_package_information.package_discovery:Found 175 installed packages in /opt/ros/foxy
[8.708s] Level 1:colcon.colcon_core.package_discovery:discover_packages(prefix_path) using defaults
[9.128s] Level 5:colcon.colcon_core.verb:set package 'pangolin_control' build argument 'cmake_args' from command line to 'None'
[9.128s] Level 5:colcon.colcon_core.verb:set package 'pangolin_control' build argument 'cmake_target' from command line to 'None'
[9.128s] Level 5:colcon.colcon_core.verb:set package 'pangolin_control' build argument 'cmake_target_skip_unavailable' from command line to 'False'
[9.128s] Level 5:colcon.colcon_core.verb:set package 'pangolin_control' build argument 'cmake_clean_cache' from command line to 'False'
[9.128s] Level 5:colcon.colcon_core.verb:set package 'pangolin_control' build argument 'cmake_clean_first' from command line to 'False'
[9.128s] Level 5:colcon.colcon_core.verb:set package 'pangolin_control' build argument 'cmake_force_configure' from command line to 'False'
[9.129s] Level 5:colcon.colcon_core.verb:set package 'pangolin_control' build argument 'ament_cmake_args' from command line to 'None'
[9.129s] Level 5:colcon.colcon_core.verb:set package 'pangolin_control' build argument 'catkin_cmake_args' from command line to 'None'
[9.129s] Level 5:colcon.colcon_core.verb:set package 'pangolin_control' build argument 'catkin_skip_building_tests' from command line to 'False'
[9.129s] DEBUG:colcon.colcon_core.verb:Building package 'pangolin_control' with the following arguments: {'ament_cmake_args': None, 'build_base': '/home/ubuntu/pangolin_ws/build/pangolin_control', 'catkin_cmake_args': None, 'catkin_skip_building_tests': False, 'cmake_args': None, 'cmake_clean_cache': False, 'cmake_clean_first': False, 'cmake_force_configure': False, 'cmake_target': None, 'cmake_target_skip_unavailable': False, 'install_base': '/home/ubuntu/pangolin_ws/install/pangolin_control', 'merge_install': False, 'path': '/home/ubuntu/pangolin_ws/src/pangolin_control', 'symlink_install': True, 'test_result_base': None}
[9.286s] Level 5:colcon.colcon_core.verb:set package 'py_pubsub' build argument 'cmake_args' from command line to 'None'
[9.286s] Level 5:colcon.colcon_core.verb:set package 'py_pubsub' build argument 'cmake_target' from command line to 'None'
[9.286s] Level 5:colcon.colcon_core.verb:set package 'py_pubsub' build argument 'cmake_target_skip_unavailable' from command line to 'False'
[9.286s] Level 5:colcon.colcon_core.verb:set package 'py_pubsub' build argument 'cmake_clean_cache' from command line to 'False'
[9.286s] Level 5:colcon.colcon_core.verb:set package 'py_pubsub' build argument 'cmake_clean_first' from command line to 'False'
[9.287s] Level 5:colcon.colcon_core.verb:set package 'py_pubsub' build argument 'cmake_force_configure' from command line to 'False'
[9.287s] Level 5:colcon.colcon_core.verb:set package 'py_pubsub' build argument 'ament_cmake_args' from command line to 'None'
[9.287s] Level 5:colcon.colcon_core.verb:set package 'py_pubsub' build argument 'catkin_cmake_args' from command line to 'None'
[9.287s] Level 5:colcon.colcon_core.verb:set package 'py_pubsub' build argument 'catkin_skip_building_tests' from command line to 'False'
[9.287s] DEBUG:colcon.colcon_core.verb:Building package 'py_pubsub' with the following arguments: {'ament_cmake_args': None, 'build_base': '/home/ubuntu/pangolin_ws/build/py_pubsub', 'catkin_cmake_args': None, 'catkin_skip_building_tests': False, 'cmake_args': None, 'cmake_clean_cache': False, 'cmake_clean_first': False, 'cmake_force_configure': False, 'cmake_target': None, 'cmake_target_skip_unavailable': False, 'install_base': '/home/ubuntu/pangolin_ws/install/py_pubsub', 'merge_install': False, 'path': '/home/ubuntu/pangolin_ws/src/py_pubsub', 'symlink_install': True, 'test_result_base': None}
[9.404s] INFO:colcon.colcon_core.executor:Executing jobs using 'parallel' executor
[9.525s] DEBUG:colcon.colcon_parallel_executor.executor.parallel:run_until_complete
[9.526s] INFO:colcon.colcon_ros.task.ament_python.build:Building ROS package in '/home/ubuntu/pangolin_ws/src/pangolin_control' with build type 'ament_python'
[9.527s] Level 1:colcon.colcon_core.shell:create_environment_hook('pangolin_control', 'ament_prefix_path')
[9.658s] INFO:colcon.colcon_core.plugin_system:Skipping extension 'colcon_core.shell.bat': Not used on non-Windows systems
[9.659s] INFO:colcon.colcon_core.shell:Creating environment hook '/home/ubuntu/pangolin_ws/install/pangolin_control/share/pangolin_control/hook/ament_prefix_path.ps1'
[9.662s] INFO:colcon.colcon_core.shell:Creating environment descriptor '/home/ubuntu/pangolin_ws/install/pangolin_control/share/pangolin_control/hook/ament_prefix_path.dsv'
[9.664s] INFO:colcon.colcon_core.shell:Creating environment hook '/home/ubuntu/pangolin_ws/install/pangolin_control/share/pangolin_control/hook/ament_prefix_path.sh'
[9.789s] INFO:colcon.colcon_core.shell:Skip shell extension 'powershell' for command environment: Not usable outside of PowerShell
[9.789s] DEBUG:colcon.colcon_core.shell:Skip shell extension 'dsv' for command environment
[10.302s] INFO:colcon.colcon_ros.task.ament_python.build:Building ROS package in '/home/ubuntu/pangolin_ws/src/py_pubsub' with build type 'ament_python'
[10.304s] Level 1:colcon.colcon_core.shell:create_environment_hook('py_pubsub', 'ament_prefix_path')
[10.436s] INFO:colcon.colcon_core.shell:Creating environment hook '/home/ubuntu/pangolin_ws/install/py_pubsub/share/py_pubsub/hook/ament_prefix_path.ps1'
[10.438s] INFO:colcon.colcon_core.shell:Creating environment descriptor '/home/ubuntu/pangolin_ws/install/py_pubsub/share/py_pubsub/hook/ament_prefix_path.dsv'
[10.439s] INFO:colcon.colcon_core.shell:Creating environment hook '/home/ubuntu/pangolin_ws/install/py_pubsub/share/py_pubsub/hook/ament_prefix_path.sh'
[10.567s] INFO:colcon.colcon_core.shell:Skip shell extension 'powershell' for command environment: Not usable outside of PowerShell
[10.567s] DEBUG:colcon.colcon_core.shell:Skip shell extension 'dsv' for command environment
[11.925s] INFO:colcon.colcon_core.task.python.build:Building Python package in '/home/ubuntu/pangolin_ws/src/pangolin_control'
[12.055s] INFO:colcon.colcon_core.shell:Skip shell extension 'powershell' for command environment: Not usable outside of PowerShell
[12.056s] DEBUG:colcon.colcon_core.shell:Skip shell extension 'dsv' for command environment
[13.400s] INFO:colcon.colcon_core.task.python.build:Building Python package in '/home/ubuntu/pangolin_ws/src/py_pubsub'
[13.529s] INFO:colcon.colcon_core.shell:Skip shell extension 'powershell' for command environment: Not usable outside of PowerShell
[13.530s] DEBUG:colcon.colcon_core.shell:Skip shell extension 'dsv' for command environment
[15.559s] DEBUG:colcon.colcon_core.event_handler.log_command:Invoking command in '/home/ubuntu/pangolin_ws/build/pangolin_control': PYTHONPATH=/home/ubuntu/pangolin_ws/build/pangolin_control/prefix_override:/home/ubuntu/pangolin_ws/install/pangolin_control/lib/python3.8/site-packages:${PYTHONPATH} /usr/bin/python3 setup.py develop --editable --build-directory /home/ubuntu/pangolin_ws/build/pangolin_control/build --no-deps install_data
[15.598s] DEBUG:colcon.colcon_core.event_handler.log_command:Invoking command in '/home/ubuntu/pangolin_ws/build/py_pubsub': PYTHONPATH=/home/ubuntu/pangolin_ws/build/py_pubsub/prefix_override:/home/ubuntu/pangolin_ws/install/py_pubsub/lib/python3.8/site-packages:${PYTHONPATH} /usr/bin/python3 setup.py develop --editable --build-directory /home/ubuntu/pangolin_ws/build/py_pubsub/build --no-deps install_data
[17.409s] Level 1:colcon.colcon_core.shell:create_environment_hook('py_pubsub', 'pythonpath_develop')
[17.411s] DEBUG:colcon.colcon_core.event_handler.log_command:Invoked command in '/home/ubuntu/pangolin_ws/build/py_pubsub' returned '0': PYTHONPATH=/home/ubuntu/pangolin_ws/build/py_pubsub/prefix_override:/home/ubuntu/pangolin_ws/install/py_pubsub/lib/python3.8/site-packages:${PYTHONPATH} /usr/bin/python3 setup.py develop --editable --build-directory /home/ubuntu/pangolin_ws/build/py_pubsub/build --no-deps install_data
[17.540s] INFO:colcon.colcon_core.shell:Creating environment hook '/home/ubuntu/pangolin_ws/build/py_pubsub/share/py_pubsub/hook/pythonpath_develop.ps1'
[17.542s] INFO:colcon.colcon_core.shell:Creating environment descriptor '/home/ubuntu/pangolin_ws/build/py_pubsub/share/py_pubsub/hook/pythonpath_develop.dsv'
[17.544s] INFO:colcon.colcon_core.shell:Creating environment hook '/home/ubuntu/pangolin_ws/build/py_pubsub/share/py_pubsub/hook/pythonpath_develop.sh'
[17.677s] Level 1:colcon.colcon_core.environment:checking '/home/ubuntu/pangolin_ws/install/py_pubsub' for CMake module files
[17.680s] Level 1:colcon.colcon_core.environment:checking '/home/ubuntu/pangolin_ws/install/py_pubsub' for CMake config files
[17.683s] Level 1:colcon.colcon_core.environment:checking '/home/ubuntu/pangolin_ws/install/py_pubsub/lib'
[17.684s] Level 1:colcon.colcon_core.environment:checking '/home/ubuntu/pangolin_ws/install/py_pubsub/bin'
[17.684s] Level 1:colcon.colcon_core.environment:checking '/home/ubuntu/pangolin_ws/install/py_pubsub/lib/pkgconfig/py_pubsub.pc'
[17.685s] Level 1:colcon.colcon_core.environment:checking '/home/ubuntu/pangolin_ws/install/py_pubsub/lib/python3.8/site-packages'
[17.686s] Level 1:colcon.colcon_core.shell:create_environment_hook('py_pubsub', 'pythonpath')
[17.807s] INFO:colcon.colcon_core.shell:Creating environment hook '/home/ubuntu/pangolin_ws/install/py_pubsub/share/py_pubsub/hook/pythonpath.ps1'
[17.808s] INFO:colcon.colcon_core.shell:Creating environment descriptor '/home/ubuntu/pangolin_ws/install/py_pubsub/share/py_pubsub/hook/pythonpath.dsv'
[17.810s] INFO:colcon.colcon_core.shell:Creating environment hook '/home/ubuntu/pangolin_ws/install/py_pubsub/share/py_pubsub/hook/pythonpath.sh'
[17.812s] Level 1:colcon.colcon_core.environment:checking '/home/ubuntu/pangolin_ws/install/py_pubsub/bin'
[17.812s] Level 1:colcon.colcon_core.environment:create_environment_scripts_only(py_pubsub)
[17.939s] INFO:colcon.colcon_core.shell:Creating package script '/home/ubuntu/pangolin_ws/install/py_pubsub/share/py_pubsub/package.ps1'
[17.942s] INFO:colcon.colcon_core.shell:Creating package descriptor '/home/ubuntu/pangolin_ws/install/py_pubsub/share/py_pubsub/package.dsv'
[17.945s] INFO:colcon.colcon_core.shell:Creating package script '/home/ubuntu/pangolin_ws/install/py_pubsub/share/py_pubsub/package.sh'
[17.948s] INFO:colcon.colcon_core.shell:Creating package script '/home/ubuntu/pangolin_ws/install/py_pubsub/share/py_pubsub/package.bash'
[17.951s] INFO:colcon.colcon_core.shell:Creating package script '/home/ubuntu/pangolin_ws/install/py_pubsub/share/py_pubsub/package.zsh'
[17.954s] Level 1:colcon.colcon_core.environment:create_file_with_runtime_dependencies(/home/ubuntu/pangolin_ws/install/py_pubsub/share/colcon-core/packages/py_pubsub)
[17.959s] Level 1:colcon.colcon_core.shell:create_environment_hook('pangolin_control', 'pythonpath_develop')
[17.961s] DEBUG:colcon.colcon_core.event_handler.log_command:Invoked command in '/home/ubuntu/pangolin_ws/build/pangolin_control' returned '0': PYTHONPATH=/home/ubuntu/pangolin_ws/build/pangolin_control/prefix_override:/home/ubuntu/pangolin_ws/install/pangolin_control/lib/python3.8/site-packages:${PYTHONPATH} /usr/bin/python3 setup.py develop --editable --build-directory /home/ubuntu/pangolin_ws/build/pangolin_control/build --no-deps install_data
[18.087s] INFO:colcon.colcon_core.shell:Creating environment hook '/home/ubuntu/pangolin_ws/build/pangolin_control/share/pangolin_control/hook/pythonpath_develop.ps1'
[18.088s] INFO:colcon.colcon_core.shell:Creating environment descriptor '/home/ubuntu/pangolin_ws/build/pangolin_control/share/pangolin_control/hook/pythonpath_develop.dsv'
[18.090s] INFO:colcon.colcon_core.shell:Creating environment hook '/home/ubuntu/pangolin_ws/build/pangolin_control/share/pangolin_control/hook/pythonpath_develop.sh'
[18.216s] Level 1:colcon.colcon_core.environment:checking '/home/ubuntu/pangolin_ws/install/pangolin_control' for CMake module files
[18.218s] Level 1:colcon.colcon_core.environment:checking '/home/ubuntu/pangolin_ws/install/pangolin_control' for CMake config files
[18.220s] Level 1:colcon.colcon_core.environment:checking '/home/ubuntu/pangolin_ws/install/pangolin_control/lib'
[18.221s] Level 1:colcon.colcon_core.environment:checking '/home/ubuntu/pangolin_ws/install/pangolin_control/bin'
[18.221s] Level 1:colcon.colcon_core.environment:checking '/home/ubuntu/pangolin_ws/install/pangolin_control/lib/pkgconfig/pangolin_control.pc'
[18.222s] Level 1:colcon.colcon_core.environment:checking '/home/ubuntu/pangolin_ws/install/pangolin_control/lib/python3.8/site-packages'
[18.222s] Level 1:colcon.colcon_core.shell:create_environment_hook('pangolin_control', 'pythonpath')
[18.348s] INFO:colcon.colcon_core.shell:Creating environment hook '/home/ubuntu/pangolin_ws/install/pangolin_control/share/pangolin_control/hook/pythonpath.ps1'
[18.350s] INFO:colcon.colcon_core.shell:Creating environment descriptor '/home/ubuntu/pangolin_ws/install/pangolin_control/share/pangolin_control/hook/pythonpath.dsv'
[18.351s] INFO:colcon.colcon_core.shell:Creating environment hook '/home/ubuntu/pangolin_ws/install/pangolin_control/share/pangolin_control/hook/pythonpath.sh'
[18.354s] Level 1:colcon.colcon_core.environment:checking '/home/ubuntu/pangolin_ws/install/pangolin_control/bin'
[18.354s] Level 1:colcon.colcon_core.environment:create_environment_scripts_only(pangolin_control)
[18.478s] INFO:colcon.colcon_core.shell:Creating package script '/home/ubuntu/pangolin_ws/install/pangolin_control/share/pangolin_control/package.ps1'
[18.480s] INFO:colcon.colcon_core.shell:Creating package descriptor '/home/ubuntu/pangolin_ws/install/pangolin_control/share/pangolin_control/package.dsv'
[18.482s] INFO:colcon.colcon_core.shell:Creating package script '/home/ubuntu/pangolin_ws/install/pangolin_control/share/pangolin_control/package.sh'
[18.485s] INFO:colcon.colcon_core.shell:Creating package script '/home/ubuntu/pangolin_ws/install/pangolin_control/share/pangolin_control/package.bash'
[18.486s] INFO:colcon.colcon_core.shell:Creating package script '/home/ubuntu/pangolin_ws/install/pangolin_control/share/pangolin_control/package.zsh'
[18.488s] Level 1:colcon.colcon_core.environment:create_file_with_runtime_dependencies(/home/ubuntu/pangolin_ws/install/pangolin_control/share/colcon-core/packages/pangolin_control)
[18.490s] DEBUG:colcon.colcon_parallel_executor.executor.parallel:closing loop
[18.491s] DEBUG:colcon.colcon_parallel_executor.executor.parallel:loop closed
[18.491s] DEBUG:colcon.colcon_parallel_executor.executor.parallel:run_until_complete finished with '0'
[18.492s] DEBUG:colcon.colcon_core.event_reactor:joining thread
[18.634s] INFO:colcon.colcon_core.plugin_system:Skipping extension 'colcon_notification.desktop_notification.notify_send': Could not find 'notify-send'
[18.634s] INFO:colcon.colcon_core.plugin_system:Skipping extension 'colcon_notification.desktop_notification.terminal_notifier': Not used on non-Darwin systems
[18.635s] INFO:colcon.colcon_core.plugin_system:Skipping extension 'colcon_notification.desktop_notification.win32': Not used on non-Windows systems
[18.635s] INFO:colcon.colcon_notification.desktop_notification:Sending desktop notification using 'notify2'
[18.638s] DEBUG:colcon.colcon_notification.desktop_notification.notify2:Failed to initialize notify2: org.freedesktop.DBus.Error.ServiceUnknown: The name org.freedesktop.Notifications was not provided by any .service files
[18.638s] DEBUG:colcon.colcon_core.event_reactor:joined thread
[18.762s] INFO:colcon.colcon_core.shell:Creating prefix script '/home/ubuntu/pangolin_ws/install/local_setup.ps1'
[18.765s] INFO:colcon.colcon_core.shell:Creating prefix util module '/home/ubuntu/pangolin_ws/install/_local_setup_util_ps1.py'
[18.771s] INFO:colcon.colcon_core.shell:Creating prefix chain script '/home/ubuntu/pangolin_ws/install/setup.ps1'
[18.931s] INFO:colcon.colcon_core.shell:Creating prefix script '/home/ubuntu/pangolin_ws/install/local_setup.sh'
[18.934s] INFO:colcon.colcon_core.shell:Creating prefix util module '/home/ubuntu/pangolin_ws/install/_local_setup_util_sh.py'
[18.936s] INFO:colcon.colcon_core.shell:Creating prefix chain script '/home/ubuntu/pangolin_ws/install/setup.sh'
[19.062s] INFO:colcon.colcon_core.shell:Creating prefix script '/home/ubuntu/pangolin_ws/install/local_setup.bash'
[19.064s] INFO:colcon.colcon_core.shell:Creating prefix chain script '/home/ubuntu/pangolin_ws/install/setup.bash'
[19.190s] INFO:colcon.colcon_core.shell:Creating prefix script '/home/ubuntu/pangolin_ws/install/local_setup.zsh'
[19.192s] INFO:colcon.colcon_core.shell:Creating prefix chain script '/home/ubuntu/pangolin_ws/install/setup.zsh'
