[7.276s] DEBUG:colcon:Command line arguments: ['/usr/bin/colcon', 'build', '--symlink-install']
[7.276s] DEBUG:colcon:Parsed command line arguments: Namespace(allow_overriding=[], ament_cmake_args=None, base_paths=['.'], build_base='build', catkin_cmake_args=None, catkin_skip_building_tests=False, cmake_args=None, cmake_clean_cache=False, cmake_clean_first=False, cmake_force_configure=False, cmake_target=None, cmake_target_skip_unavailable=False, continue_on_error=False, event_handlers=None, executor='parallel', ignore_user_meta=False, install_base='install', log_base=None, log_level=None, main=<bound method BuildVerb.main of <colcon_core.verb.build.BuildVerb object at 0xffff9d4f3550>>, merge_install=False, metas=['./colcon.meta'], packages_above=None, packages_above_and_dependencies=None, packages_above_depth=None, packages_end=None, packages_ignore=None, packages_ignore_regex=None, packages_select=None, packages_select_build_failed=False, packages_select_by_dep=None, packages_select_regex=None, packages_select_test_failures=False, packages_skip=None, packages_skip_build_finished=False, packages_skip_by_dep=None, packages_skip_regex=None, packages_skip_test_passed=False, packages_skip_up_to=None, packages_start=None, packages_up_to=None, packages_up_to_regex=None, parallel_workers=4, paths=None, symlink_install=True, test_result_base=None, verb_extension=<colcon_core.verb.build.BuildVerb object at 0xffff9d4f3550>, verb_name='build', verb_parser=<colcon_defaults.argument_parser.defaults.DefaultArgumentsDecorator object at 0xffff9d0c2b80>)
[7.624s] Level 1:colcon.colcon_core.package_discovery:discover_packages(colcon_meta) check parameters
[7.625s] Level 1:colcon.colcon_core.package_discovery:discover_packages(recursive) check parameters
[7.625s] Level 1:colcon.colcon_core.package_discovery:discover_packages(ignore) check parameters
[7.625s] Level 1:colcon.colcon_core.package_discovery:discover_packages(path) check parameters
[7.625s] Level 1:colcon.colcon_core.package_discovery:discover_packages(colcon_meta) discover
[7.626s] Level 1:colcon.colcon_core.package_discovery:discover_packages(recursive) discover
[7.626s] INFO:colcon.colcon_core.package_discovery:Crawling recursively for packages in '/home/ubuntu/pangolin_ws'
[7.626s] Level 1:colcon.colcon_core.package_identification:_identify(.) by extensions ['ignore', 'ignore_ament_install']
[7.627s] Level 1:colcon.colcon_core.package_identification:_identify(.) by extension 'ignore'
[7.627s] Level 1:colcon.colcon_core.package_identification:_identify(.) by extension 'ignore_ament_install'
[7.627s] Level 1:colcon.colcon_core.package_identification:_identify(.) by extensions ['colcon_pkg']
[7.627s] Level 1:colcon.colcon_core.package_identification:_identify(.) by extension 'colcon_pkg'
[7.627s] Level 1:colcon.colcon_core.package_identification:_identify(.) by extensions ['colcon_meta']
[7.627s] Level 1:colcon.colcon_core.package_identification:_identify(.) by extension 'colcon_meta'
[7.628s] Level 1:colcon.colcon_core.package_identification:_identify(.) by extensions ['ros']
[7.628s] Level 1:colcon.colcon_core.package_identification:_identify(.) by extension 'ros'
[7.668s] Level 1:colcon.colcon_core.package_identification:_identify(.) by extensions ['cmake', 'python']
[7.669s] Level 1:colcon.colcon_core.package_identification:_identify(.) by extension 'cmake'
[7.669s] Level 1:colcon.colcon_core.package_identification:_identify(.) by extension 'python'
[7.669s] Level 1:colcon.colcon_core.package_identification:_identify(.) by extensions ['python_setup_py']
[7.669s] Level 1:colcon.colcon_core.package_identification:_identify(.) by extension 'python_setup_py'
[7.670s] Level 1:colcon.colcon_core.package_identification:_identify(build) by extensions ['ignore', 'ignore_ament_install']
[7.670s] Level 1:colcon.colcon_core.package_identification:_identify(build) by extension 'ignore'
[7.670s] Level 1:colcon.colcon_core.package_identification:_identify(build) ignored
[7.671s] Level 1:colcon.colcon_core.package_identification:_identify(install) by extensions ['ignore', 'ignore_ament_install']
[7.671s] Level 1:colcon.colcon_core.package_identification:_identify(install) by extension 'ignore'
[7.671s] Level 1:colcon.colcon_core.package_identification:_identify(install) ignored
[7.672s] Level 1:colcon.colcon_core.package_identification:_identify(log) by extensions ['ignore', 'ignore_ament_install']
[7.672s] Level 1:colcon.colcon_core.package_identification:_identify(log) by extension 'ignore'
[7.673s] Level 1:colcon.colcon_core.package_identification:_identify(log) ignored
[7.673s] Level 1:colcon.colcon_core.package_identification:_identify(src) by extensions ['ignore', 'ignore_ament_install']
[7.673s] Level 1:colcon.colcon_core.package_identification:_identify(src) by extension 'ignore'
[7.673s] Level 1:colcon.colcon_core.package_identification:_identify(src) by extension 'ignore_ament_install'
[7.674s] Level 1:colcon.colcon_core.package_identification:_identify(src) by extensions ['colcon_pkg']
[7.674s] Level 1:colcon.colcon_core.package_identification:_identify(src) by extension 'colcon_pkg'
[7.674s] Level 1:colcon.colcon_core.package_identification:_identify(src) by extensions ['colcon_meta']
[7.674s] Level 1:colcon.colcon_core.package_identification:_identify(src) by extension 'colcon_meta'
[7.674s] Level 1:colcon.colcon_core.package_identification:_identify(src) by extensions ['ros']
[7.674s] Level 1:colcon.colcon_core.package_identification:_identify(src) by extension 'ros'
[7.675s] Level 1:colcon.colcon_core.package_identification:_identify(src) by extensions ['cmake', 'python']
[7.675s] Level 1:colcon.colcon_core.package_identification:_identify(src) by extension 'cmake'
[7.675s] Level 1:colcon.colcon_core.package_identification:_identify(src) by extension 'python'
[7.675s] Level 1:colcon.colcon_core.package_identification:_identify(src) by extensions ['python_setup_py']
[7.675s] Level 1:colcon.colcon_core.package_identification:_identify(src) by extension 'python_setup_py'
[7.676s] Level 1:colcon.colcon_core.package_identification:_identify(src/joystick_ros2) by extensions ['ignore', 'ignore_ament_install']
[7.676s] Level 1:colcon.colcon_core.package_identification:_identify(src/joystick_ros2) by extension 'ignore'
[7.676s] Level 1:colcon.colcon_core.package_identification:_identify(src/joystick_ros2) by extension 'ignore_ament_install'
[7.677s] Level 1:colcon.colcon_core.package_identification:_identify(src/joystick_ros2) by extensions ['colcon_pkg']
[7.677s] Level 1:colcon.colcon_core.package_identification:_identify(src/joystick_ros2) by extension 'colcon_pkg'
[7.677s] Level 1:colcon.colcon_core.package_identification:_identify(src/joystick_ros2) by extensions ['colcon_meta']
[7.677s] Level 1:colcon.colcon_core.package_identification:_identify(src/joystick_ros2) by extension 'colcon_meta'
[7.677s] Level 1:colcon.colcon_core.package_identification:_identify(src/joystick_ros2) by extensions ['ros']
[7.677s] Level 1:colcon.colcon_core.package_identification:_identify(src/joystick_ros2) by extension 'ros'
[7.686s] DEBUG:colcon.colcon_core.package_identification:Package 'src/joystick_ros2' with type 'ros.ament_python' and name 'joystick_ros2'
[7.686s] Level 1:colcon.colcon_core.package_identification:_identify(src/pangolin_control) by extensions ['ignore', 'ignore_ament_install']
[7.687s] Level 1:colcon.colcon_core.package_identification:_identify(src/pangolin_control) by extension 'ignore'
[7.687s] Level 1:colcon.colcon_core.package_identification:_identify(src/pangolin_control) by extension 'ignore_ament_install'
[7.687s] Level 1:colcon.colcon_core.package_identification:_identify(src/pangolin_control) by extensions ['colcon_pkg']
[7.687s] Level 1:colcon.colcon_core.package_identification:_identify(src/pangolin_control) by extension 'colcon_pkg'
[7.687s] Level 1:colcon.colcon_core.package_identification:_identify(src/pangolin_control) by extensions ['colcon_meta']
[7.688s] Level 1:colcon.colcon_core.package_identification:_identify(src/pangolin_control) by extension 'colcon_meta'
[7.688s] Level 1:colcon.colcon_core.package_identification:_identify(src/pangolin_control) by extensions ['ros']
[7.688s] Level 1:colcon.colcon_core.package_identification:_identify(src/pangolin_control) by extension 'ros'
[7.690s] DEBUG:colcon.colcon_core.package_identification:Package 'src/pangolin_control' with type 'ros.ament_python' and name 'pangolin_control'
[7.690s] Level 1:colcon.colcon_core.package_identification:_identify(src/py_pubsub) by extensions ['ignore', 'ignore_ament_install']
[7.691s] Level 1:colcon.colcon_core.package_identification:_identify(src/py_pubsub) by extension 'ignore'
[7.691s] Level 1:colcon.colcon_core.package_identification:_identify(src/py_pubsub) by extension 'ignore_ament_install'
[7.691s] Level 1:colcon.colcon_core.package_identification:_identify(src/py_pubsub) by extensions ['colcon_pkg']
[7.691s] Level 1:colcon.colcon_core.package_identification:_identify(src/py_pubsub) by extension 'colcon_pkg'
[7.691s] Level 1:colcon.colcon_core.package_identification:_identify(src/py_pubsub) by extensions ['colcon_meta']
[7.692s] Level 1:colcon.colcon_core.package_identification:_identify(src/py_pubsub) by extension 'colcon_meta'
[7.692s] Level 1:colcon.colcon_core.package_identification:_identify(src/py_pubsub) by extensions ['ros']
[7.692s] Level 1:colcon.colcon_core.package_identification:_identify(src/py_pubsub) by extension 'ros'
[7.694s] DEBUG:colcon.colcon_core.package_identification:Package 'src/py_pubsub' with type 'ros.ament_python' and name 'py_pubsub'
[7.694s] Level 1:colcon.colcon_core.package_identification:_identify(src/teleop_twist_joy) by extensions ['ignore', 'ignore_ament_install']
[7.695s] Level 1:colcon.colcon_core.package_identification:_identify(src/teleop_twist_joy) by extension 'ignore'
[7.695s] Level 1:colcon.colcon_core.package_identification:_identify(src/teleop_twist_joy) by extension 'ignore_ament_install'
[7.695s] Level 1:colcon.colcon_core.package_identification:_identify(src/teleop_twist_joy) by extensions ['colcon_pkg']
[7.695s] Level 1:colcon.colcon_core.package_identification:_identify(src/teleop_twist_joy) by extension 'colcon_pkg'
[7.695s] Level 1:colcon.colcon_core.package_identification:_identify(src/teleop_twist_joy) by extensions ['colcon_meta']
[7.696s] Level 1:colcon.colcon_core.package_identification:_identify(src/teleop_twist_joy) by extension 'colcon_meta'
[7.696s] Level 1:colcon.colcon_core.package_identification:_identify(src/teleop_twist_joy) by extensions ['ros']
[7.696s] Level 1:colcon.colcon_core.package_identification:_identify(src/teleop_twist_joy) by extension 'ros'
[7.699s] DEBUG:colcon.colcon_core.package_identification:Package 'src/teleop_twist_joy' with type 'ros.ament_cmake' and name 'teleop_twist_joy'
[7.699s] Level 1:colcon.colcon_core.package_discovery:discover_packages(recursive) using defaults
[7.700s] Level 1:colcon.colcon_core.package_discovery:discover_packages(ignore) discover
[7.700s] Level 1:colcon.colcon_core.package_discovery:discover_packages(ignore) using defaults
[7.700s] Level 1:colcon.colcon_core.package_discovery:discover_packages(path) discover
[7.700s] Level 1:colcon.colcon_core.package_discovery:discover_packages(path) using defaults
[8.363s] Level 1:colcon.colcon_core.package_discovery:discover_packages(prefix_path) check parameters
[8.363s] Level 1:colcon.colcon_core.package_discovery:discover_packages(prefix_path) discover
[8.611s] DEBUG:colcon.colcon_installed_package_information.package_discovery:Found 3 installed packages in /home/ubuntu/pangolin_ws/install
[8.730s] DEBUG:colcon.colcon_installed_package_information.package_discovery:Found 1 installed packages in /home/ubuntu/install
[8.852s] DEBUG:colcon.colcon_installed_package_information.package_discovery:Found 174 installed packages in /opt/ros/foxy
[8.857s] Level 1:colcon.colcon_core.package_discovery:discover_packages(prefix_path) using defaults
[9.282s] Level 5:colcon.colcon_core.verb:set package 'joystick_ros2' build argument 'cmake_args' from command line to 'None'
[9.282s] Level 5:colcon.colcon_core.verb:set package 'joystick_ros2' build argument 'cmake_target' from command line to 'None'
[9.282s] Level 5:colcon.colcon_core.verb:set package 'joystick_ros2' build argument 'cmake_target_skip_unavailable' from command line to 'False'
[9.283s] Level 5:colcon.colcon_core.verb:set package 'joystick_ros2' build argument 'cmake_clean_cache' from command line to 'False'
[9.283s] Level 5:colcon.colcon_core.verb:set package 'joystick_ros2' build argument 'cmake_clean_first' from command line to 'False'
[9.283s] Level 5:colcon.colcon_core.verb:set package 'joystick_ros2' build argument 'cmake_force_configure' from command line to 'False'
[9.283s] Level 5:colcon.colcon_core.verb:set package 'joystick_ros2' build argument 'ament_cmake_args' from command line to 'None'
[9.283s] Level 5:colcon.colcon_core.verb:set package 'joystick_ros2' build argument 'catkin_cmake_args' from command line to 'None'
[9.283s] Level 5:colcon.colcon_core.verb:set package 'joystick_ros2' build argument 'catkin_skip_building_tests' from command line to 'False'
[9.283s] DEBUG:colcon.colcon_core.verb:Building package 'joystick_ros2' with the following arguments: {'ament_cmake_args': None, 'build_base': '/home/ubuntu/pangolin_ws/build/joystick_ros2', 'catkin_cmake_args': None, 'catkin_skip_building_tests': False, 'cmake_args': None, 'cmake_clean_cache': False, 'cmake_clean_first': False, 'cmake_force_configure': False, 'cmake_target': None, 'cmake_target_skip_unavailable': False, 'install_base': '/home/ubuntu/pangolin_ws/install/joystick_ros2', 'merge_install': False, 'path': '/home/ubuntu/pangolin_ws/src/joystick_ros2', 'symlink_install': True, 'test_result_base': None}
[9.435s] Level 5:colcon.colcon_core.verb:set package 'pangolin_control' build argument 'cmake_args' from command line to 'None'
[9.435s] Level 5:colcon.colcon_core.verb:set package 'pangolin_control' build argument 'cmake_target' from command line to 'None'
[9.435s] Level 5:colcon.colcon_core.verb:set package 'pangolin_control' build argument 'cmake_target_skip_unavailable' from command line to 'False'
[9.435s] Level 5:colcon.colcon_core.verb:set package 'pangolin_control' build argument 'cmake_clean_cache' from command line to 'False'
[9.435s] Level 5:colcon.colcon_core.verb:set package 'pangolin_control' build argument 'cmake_clean_first' from command line to 'False'
[9.435s] Level 5:colcon.colcon_core.verb:set package 'pangolin_control' build argument 'cmake_force_configure' from command line to 'False'
[9.436s] Level 5:colcon.colcon_core.verb:set package 'pangolin_control' build argument 'ament_cmake_args' from command line to 'None'
[9.436s] Level 5:colcon.colcon_core.verb:set package 'pangolin_control' build argument 'catkin_cmake_args' from command line to 'None'
[9.436s] Level 5:colcon.colcon_core.verb:set package 'pangolin_control' build argument 'catkin_skip_building_tests' from command line to 'False'
[9.436s] DEBUG:colcon.colcon_core.verb:Building package 'pangolin_control' with the following arguments: {'ament_cmake_args': None, 'build_base': '/home/ubuntu/pangolin_ws/build/pangolin_control', 'catkin_cmake_args': None, 'catkin_skip_building_tests': False, 'cmake_args': None, 'cmake_clean_cache': False, 'cmake_clean_first': False, 'cmake_force_configure': False, 'cmake_target': None, 'cmake_target_skip_unavailable': False, 'install_base': '/home/ubuntu/pangolin_ws/install/pangolin_control', 'merge_install': False, 'path': '/home/ubuntu/pangolin_ws/src/pangolin_control', 'symlink_install': True, 'test_result_base': None}
[9.558s] Level 5:colcon.colcon_core.verb:set package 'py_pubsub' build argument 'cmake_args' from command line to 'None'
[9.558s] Level 5:colcon.colcon_core.verb:set package 'py_pubsub' build argument 'cmake_target' from command line to 'None'
[9.559s] Level 5:colcon.colcon_core.verb:set package 'py_pubsub' build argument 'cmake_target_skip_unavailable' from command line to 'False'
[9.559s] Level 5:colcon.colcon_core.verb:set package 'py_pubsub' build argument 'cmake_clean_cache' from command line to 'False'
[9.559s] Level 5:colcon.colcon_core.verb:set package 'py_pubsub' build argument 'cmake_clean_first' from command line to 'False'
[9.559s] Level 5:colcon.colcon_core.verb:set package 'py_pubsub' build argument 'cmake_force_configure' from command line to 'False'
[9.559s] Level 5:colcon.colcon_core.verb:set package 'py_pubsub' build argument 'ament_cmake_args' from command line to 'None'
[9.559s] Level 5:colcon.colcon_core.verb:set package 'py_pubsub' build argument 'catkin_cmake_args' from command line to 'None'
[9.559s] Level 5:colcon.colcon_core.verb:set package 'py_pubsub' build argument 'catkin_skip_building_tests' from command line to 'False'
[9.559s] DEBUG:colcon.colcon_core.verb:Building package 'py_pubsub' with the following arguments: {'ament_cmake_args': None, 'build_base': '/home/ubuntu/pangolin_ws/build/py_pubsub', 'catkin_cmake_args': None, 'catkin_skip_building_tests': False, 'cmake_args': None, 'cmake_clean_cache': False, 'cmake_clean_first': False, 'cmake_force_configure': False, 'cmake_target': None, 'cmake_target_skip_unavailable': False, 'install_base': '/home/ubuntu/pangolin_ws/install/py_pubsub', 'merge_install': False, 'path': '/home/ubuntu/pangolin_ws/src/py_pubsub', 'symlink_install': True, 'test_result_base': None}
[9.680s] Level 5:colcon.colcon_core.verb:set package 'teleop_twist_joy' build argument 'cmake_args' from command line to 'None'
[9.680s] Level 5:colcon.colcon_core.verb:set package 'teleop_twist_joy' build argument 'cmake_target' from command line to 'None'
[9.680s] Level 5:colcon.colcon_core.verb:set package 'teleop_twist_joy' build argument 'cmake_target_skip_unavailable' from command line to 'False'
[9.681s] Level 5:colcon.colcon_core.verb:set package 'teleop_twist_joy' build argument 'cmake_clean_cache' from command line to 'False'
[9.681s] Level 5:colcon.colcon_core.verb:set package 'teleop_twist_joy' build argument 'cmake_clean_first' from command line to 'False'
[9.681s] Level 5:colcon.colcon_core.verb:set package 'teleop_twist_joy' build argument 'cmake_force_configure' from command line to 'False'
[9.681s] Level 5:colcon.colcon_core.verb:set package 'teleop_twist_joy' build argument 'ament_cmake_args' from command line to 'None'
[9.681s] Level 5:colcon.colcon_core.verb:set package 'teleop_twist_joy' build argument 'catkin_cmake_args' from command line to 'None'
[9.681s] Level 5:colcon.colcon_core.verb:set package 'teleop_twist_joy' build argument 'catkin_skip_building_tests' from command line to 'False'
[9.681s] DEBUG:colcon.colcon_core.verb:Building package 'teleop_twist_joy' with the following arguments: {'ament_cmake_args': None, 'build_base': '/home/ubuntu/pangolin_ws/build/teleop_twist_joy', 'catkin_cmake_args': None, 'catkin_skip_building_tests': False, 'cmake_args': None, 'cmake_clean_cache': False, 'cmake_clean_first': False, 'cmake_force_configure': False, 'cmake_target': None, 'cmake_target_skip_unavailable': False, 'install_base': '/home/ubuntu/pangolin_ws/install/teleop_twist_joy', 'merge_install': False, 'path': '/home/ubuntu/pangolin_ws/src/teleop_twist_joy', 'symlink_install': True, 'test_result_base': None}
[9.803s] INFO:colcon.colcon_core.executor:Executing jobs using 'parallel' executor
[9.925s] DEBUG:colcon.colcon_parallel_executor.executor.parallel:run_until_complete
[9.926s] INFO:colcon.colcon_ros.task.ament_python.build:Building ROS package in '/home/ubuntu/pangolin_ws/src/joystick_ros2' with build type 'ament_python'
[9.927s] Level 1:colcon.colcon_core.shell:create_environment_hook('joystick_ros2', 'ament_prefix_path')
[10.062s] INFO:colcon.colcon_core.plugin_system:Skipping extension 'colcon_core.shell.bat': Not used on non-Windows systems
[10.063s] INFO:colcon.colcon_core.shell:Creating environment hook '/home/ubuntu/pangolin_ws/install/joystick_ros2/share/joystick_ros2/hook/ament_prefix_path.ps1'
[10.066s] INFO:colcon.colcon_core.shell:Creating environment descriptor '/home/ubuntu/pangolin_ws/install/joystick_ros2/share/joystick_ros2/hook/ament_prefix_path.dsv'
[10.068s] INFO:colcon.colcon_core.shell:Creating environment hook '/home/ubuntu/pangolin_ws/install/joystick_ros2/share/joystick_ros2/hook/ament_prefix_path.sh'
[10.194s] INFO:colcon.colcon_core.shell:Skip shell extension 'powershell' for command environment: Not usable outside of PowerShell
[10.195s] DEBUG:colcon.colcon_core.shell:Skip shell extension 'dsv' for command environment
[10.722s] INFO:colcon.colcon_ros.task.ament_python.build:Building ROS package in '/home/ubuntu/pangolin_ws/src/pangolin_control' with build type 'ament_python'
[10.723s] Level 1:colcon.colcon_core.shell:create_environment_hook('pangolin_control', 'ament_prefix_path')
[10.867s] INFO:colcon.colcon_core.shell:Creating environment hook '/home/ubuntu/pangolin_ws/install/pangolin_control/share/pangolin_control/hook/ament_prefix_path.ps1'
[10.869s] INFO:colcon.colcon_core.shell:Creating environment descriptor '/home/ubuntu/pangolin_ws/install/pangolin_control/share/pangolin_control/hook/ament_prefix_path.dsv'
[10.870s] INFO:colcon.colcon_core.shell:Creating environment hook '/home/ubuntu/pangolin_ws/install/pangolin_control/share/pangolin_control/hook/ament_prefix_path.sh'
[11.022s] INFO:colcon.colcon_core.shell:Skip shell extension 'powershell' for command environment: Not usable outside of PowerShell
[11.023s] DEBUG:colcon.colcon_core.shell:Skip shell extension 'dsv' for command environment
[11.550s] INFO:colcon.colcon_ros.task.ament_python.build:Building ROS package in '/home/ubuntu/pangolin_ws/src/py_pubsub' with build type 'ament_python'
[11.551s] Level 1:colcon.colcon_core.shell:create_environment_hook('py_pubsub', 'ament_prefix_path')
[11.687s] INFO:colcon.colcon_core.shell:Creating environment hook '/home/ubuntu/pangolin_ws/install/py_pubsub/share/py_pubsub/hook/ament_prefix_path.ps1'
[11.689s] INFO:colcon.colcon_core.shell:Creating environment descriptor '/home/ubuntu/pangolin_ws/install/py_pubsub/share/py_pubsub/hook/ament_prefix_path.dsv'
[11.691s] INFO:colcon.colcon_core.shell:Creating environment hook '/home/ubuntu/pangolin_ws/install/py_pubsub/share/py_pubsub/hook/ament_prefix_path.sh'
[11.817s] INFO:colcon.colcon_core.shell:Skip shell extension 'powershell' for command environment: Not usable outside of PowerShell
[11.817s] DEBUG:colcon.colcon_core.shell:Skip shell extension 'dsv' for command environment
[12.342s] INFO:colcon.colcon_ros.task.ament_cmake.build:Building ROS package in '/home/ubuntu/pangolin_ws/src/teleop_twist_joy' with build type 'ament_cmake'
[12.343s] INFO:colcon.colcon_cmake.task.cmake.build:Building CMake package in '/home/ubuntu/pangolin_ws/src/teleop_twist_joy'
[12.483s] INFO:colcon.colcon_core.shell:Skip shell extension 'powershell' for command environment: Not usable outside of PowerShell
[12.484s] DEBUG:colcon.colcon_core.shell:Skip shell extension 'dsv' for command environment
[13.825s] WARNING:colcon.colcon_ros.task.ament_python.build:Package 'joystick_ros2' doesn't explicitly install the 'package.xml' file (colcon-ros currently does it implicitly but that fallback will be removed in the future)
[13.826s] INFO:colcon.colcon_core.task.python.build:Building Python package in '/home/ubuntu/pangolin_ws/src/joystick_ros2'
[13.952s] INFO:colcon.colcon_core.shell:Skip shell extension 'powershell' for command environment: Not usable outside of PowerShell
[13.952s] DEBUG:colcon.colcon_core.shell:Skip shell extension 'dsv' for command environment
[15.280s] INFO:colcon.colcon_core.task.python.build:Building Python package in '/home/ubuntu/pangolin_ws/src/pangolin_control'
[15.409s] INFO:colcon.colcon_core.shell:Skip shell extension 'powershell' for command environment: Not usable outside of PowerShell
[15.410s] DEBUG:colcon.colcon_core.shell:Skip shell extension 'dsv' for command environment
[16.758s] INFO:colcon.colcon_core.task.python.build:Building Python package in '/home/ubuntu/pangolin_ws/src/py_pubsub'
[16.888s] INFO:colcon.colcon_core.shell:Skip shell extension 'powershell' for command environment: Not usable outside of PowerShell
[16.888s] DEBUG:colcon.colcon_core.shell:Skip shell extension 'dsv' for command environment
[17.459s] DEBUG:colcon.colcon_core.event_handler.log_command:Invoking command in '/home/ubuntu/pangolin_ws/build/teleop_twist_joy': CMAKE_PREFIX_PATH=/home/ubuntu/pangolin_ws/install/py_pubsub:/home/ubuntu/pangolin_ws/install/pangolin_control:/opt/ros/foxy /usr/bin/cmake /home/ubuntu/pangolin_ws/src/teleop_twist_joy -DAMENT_CMAKE_SYMLINK_INSTALL=1 -DCMAKE_INSTALL_PREFIX=/home/ubuntu/pangolin_ws/install/teleop_twist_joy
[17.669s] DEBUG:colcon.colcon_core.event_handler.log_command:Invoked command in '/home/ubuntu/pangolin_ws/build/teleop_twist_joy' returned '1': CMAKE_PREFIX_PATH=/home/ubuntu/pangolin_ws/install/py_pubsub:/home/ubuntu/pangolin_ws/install/pangolin_control:/opt/ros/foxy /usr/bin/cmake /home/ubuntu/pangolin_ws/src/teleop_twist_joy -DAMENT_CMAKE_SYMLINK_INSTALL=1 -DCMAKE_INSTALL_PREFIX=/home/ubuntu/pangolin_ws/install/teleop_twist_joy
[19.337s] DEBUG:colcon.colcon_parallel_executor.executor.parallel:closing loop
[19.338s] DEBUG:colcon.colcon_parallel_executor.executor.parallel:loop closed
[19.338s] DEBUG:colcon.colcon_parallel_executor.executor.parallel:run_until_complete finished with 'argument of type 'NoneType' is not iterable'
[19.338s] DEBUG:colcon.colcon_core.event_reactor:joining thread
[19.488s] INFO:colcon.colcon_core.plugin_system:Skipping extension 'colcon_notification.desktop_notification.notify_send': Could not find 'notify-send'
[19.488s] INFO:colcon.colcon_core.plugin_system:Skipping extension 'colcon_notification.desktop_notification.terminal_notifier': Not used on non-Darwin systems
[19.489s] INFO:colcon.colcon_core.plugin_system:Skipping extension 'colcon_notification.desktop_notification.win32': Not used on non-Windows systems
[19.489s] INFO:colcon.colcon_notification.desktop_notification:Sending desktop notification using 'notify2'
[19.491s] DEBUG:colcon.colcon_notification.desktop_notification.notify2:Failed to initialize notify2: org.freedesktop.DBus.Error.ServiceUnknown: The name org.freedesktop.Notifications was not provided by any .service files
[19.492s] DEBUG:colcon.colcon_core.event_reactor:joined thread
[19.615s] INFO:colcon.colcon_core.shell:Creating prefix script '/home/ubuntu/pangolin_ws/install/local_setup.ps1'
[19.619s] INFO:colcon.colcon_core.shell:Creating prefix util module '/home/ubuntu/pangolin_ws/install/_local_setup_util_ps1.py'
[19.624s] INFO:colcon.colcon_core.shell:Creating prefix chain script '/home/ubuntu/pangolin_ws/install/setup.ps1'
[19.749s] INFO:colcon.colcon_core.shell:Creating prefix script '/home/ubuntu/pangolin_ws/install/local_setup.sh'
[19.751s] INFO:colcon.colcon_core.shell:Creating prefix util module '/home/ubuntu/pangolin_ws/install/_local_setup_util_sh.py'
[19.754s] INFO:colcon.colcon_core.shell:Creating prefix chain script '/home/ubuntu/pangolin_ws/install/setup.sh'
[19.879s] INFO:colcon.colcon_core.shell:Creating prefix script '/home/ubuntu/pangolin_ws/install/local_setup.bash'
[19.881s] INFO:colcon.colcon_core.shell:Creating prefix chain script '/home/ubuntu/pangolin_ws/install/setup.bash'
[20.005s] INFO:colcon.colcon_core.shell:Creating prefix script '/home/ubuntu/pangolin_ws/install/local_setup.zsh'
[20.007s] INFO:colcon.colcon_core.shell:Creating prefix chain script '/home/ubuntu/pangolin_ws/install/setup.zsh'
