[7.439s] DEBUG:colcon:Command line arguments: ['/usr/bin/colcon', 'build', '--symlink-install']
[7.440s] DEBUG:colcon:Parsed command line arguments: Namespace(allow_overriding=[], ament_cmake_args=None, base_paths=['.'], build_base='build', catkin_cmake_args=None, catkin_skip_building_tests=False, cmake_args=None, cmake_clean_cache=False, cmake_clean_first=False, cmake_force_configure=False, cmake_target=None, cmake_target_skip_unavailable=False, continue_on_error=False, event_handlers=None, executor='parallel', ignore_user_meta=False, install_base='install', log_base=None, log_level=None, main=<bound method BuildVerb.main of <colcon_core.verb.build.BuildVerb object at 0xffff909dbe50>>, merge_install=False, metas=['./colcon.meta'], packages_above=None, packages_above_and_dependencies=None, packages_above_depth=None, packages_end=None, packages_ignore=None, packages_ignore_regex=None, packages_select=None, packages_select_build_failed=False, packages_select_by_dep=None, packages_select_regex=None, packages_select_test_failures=False, packages_skip=None, packages_skip_build_finished=False, packages_skip_by_dep=None, packages_skip_regex=None, packages_skip_test_passed=False, packages_skip_up_to=None, packages_start=None, packages_up_to=None, packages_up_to_regex=None, parallel_workers=4, paths=None, symlink_install=True, test_result_base=None, verb_extension=<colcon_core.verb.build.BuildVerb object at 0xffff909dbe50>, verb_name='build', verb_parser=<colcon_defaults.argument_parser.defaults.DefaultArgumentsDecorator object at 0xffff90572b50>)
[7.789s] Level 1:colcon.colcon_core.package_discovery:discover_packages(colcon_meta) check parameters
[7.790s] Level 1:colcon.colcon_core.package_discovery:discover_packages(recursive) check parameters
[7.790s] Level 1:colcon.colcon_core.package_discovery:discover_packages(ignore) check parameters
[7.790s] Level 1:colcon.colcon_core.package_discovery:discover_packages(path) check parameters
[7.790s] Level 1:colcon.colcon_core.package_discovery:discover_packages(colcon_meta) discover
[7.791s] Level 1:colcon.colcon_core.package_discovery:discover_packages(recursive) discover
[7.791s] INFO:colcon.colcon_core.package_discovery:Crawling recursively for packages in '/home/ubuntu/pangolin_ws'
[7.791s] Level 1:colcon.colcon_core.package_identification:_identify(.) by extensions ['ignore', 'ignore_ament_install']
[7.791s] Level 1:colcon.colcon_core.package_identification:_identify(.) by extension 'ignore'
[7.792s] Level 1:colcon.colcon_core.package_identification:_identify(.) by extension 'ignore_ament_install'
[7.792s] Level 1:colcon.colcon_core.package_identification:_identify(.) by extensions ['colcon_pkg']
[7.792s] Level 1:colcon.colcon_core.package_identification:_identify(.) by extension 'colcon_pkg'
[7.792s] Level 1:colcon.colcon_core.package_identification:_identify(.) by extensions ['colcon_meta']
[7.792s] Level 1:colcon.colcon_core.package_identification:_identify(.) by extension 'colcon_meta'
[7.793s] Level 1:colcon.colcon_core.package_identification:_identify(.) by extensions ['ros']
[7.793s] Level 1:colcon.colcon_core.package_identification:_identify(.) by extension 'ros'
[7.833s] Level 1:colcon.colcon_core.package_identification:_identify(.) by extensions ['cmake', 'python']
[7.833s] Level 1:colcon.colcon_core.package_identification:_identify(.) by extension 'cmake'
[7.834s] Level 1:colcon.colcon_core.package_identification:_identify(.) by extension 'python'
[7.834s] Level 1:colcon.colcon_core.package_identification:_identify(.) by extensions ['python_setup_py']
[7.834s] Level 1:colcon.colcon_core.package_identification:_identify(.) by extension 'python_setup_py'
[7.834s] Level 1:colcon.colcon_core.package_identification:_identify(build) by extensions ['ignore', 'ignore_ament_install']
[7.835s] Level 1:colcon.colcon_core.package_identification:_identify(build) by extension 'ignore'
[7.835s] Level 1:colcon.colcon_core.package_identification:_identify(build) ignored
[7.836s] Level 1:colcon.colcon_core.package_identification:_identify(install) by extensions ['ignore', 'ignore_ament_install']
[7.836s] Level 1:colcon.colcon_core.package_identification:_identify(install) by extension 'ignore'
[7.836s] Level 1:colcon.colcon_core.package_identification:_identify(install) ignored
[7.837s] Level 1:colcon.colcon_core.package_identification:_identify(log) by extensions ['ignore', 'ignore_ament_install']
[7.838s] Level 1:colcon.colcon_core.package_identification:_identify(log) by extension 'ignore'
[7.838s] Level 1:colcon.colcon_core.package_identification:_identify(log) ignored
[7.838s] Level 1:colcon.colcon_core.package_identification:_identify(src) by extensions ['ignore', 'ignore_ament_install']
[7.839s] Level 1:colcon.colcon_core.package_identification:_identify(src) by extension 'ignore'
[7.839s] Level 1:colcon.colcon_core.package_identification:_identify(src) by extension 'ignore_ament_install'
[7.839s] Level 1:colcon.colcon_core.package_identification:_identify(src) by extensions ['colcon_pkg']
[7.839s] Level 1:colcon.colcon_core.package_identification:_identify(src) by extension 'colcon_pkg'
[7.839s] Level 1:colcon.colcon_core.package_identification:_identify(src) by extensions ['colcon_meta']
[7.839s] Level 1:colcon.colcon_core.package_identification:_identify(src) by extension 'colcon_meta'
[7.840s] Level 1:colcon.colcon_core.package_identification:_identify(src) by extensions ['ros']
[7.840s] Level 1:colcon.colcon_core.package_identification:_identify(src) by extension 'ros'
[7.840s] Level 1:colcon.colcon_core.package_identification:_identify(src) by extensions ['cmake', 'python']
[7.840s] Level 1:colcon.colcon_core.package_identification:_identify(src) by extension 'cmake'
[7.840s] Level 1:colcon.colcon_core.package_identification:_identify(src) by extension 'python'
[7.841s] Level 1:colcon.colcon_core.package_identification:_identify(src) by extensions ['python_setup_py']
[7.841s] Level 1:colcon.colcon_core.package_identification:_identify(src) by extension 'python_setup_py'
[7.841s] Level 1:colcon.colcon_core.package_identification:_identify(src/pangolin_control) by extensions ['ignore', 'ignore_ament_install']
[7.842s] Level 1:colcon.colcon_core.package_identification:_identify(src/pangolin_control) by extension 'ignore'
[7.842s] Level 1:colcon.colcon_core.package_identification:_identify(src/pangolin_control) by extension 'ignore_ament_install'
[7.842s] Level 1:colcon.colcon_core.package_identification:_identify(src/pangolin_control) by extensions ['colcon_pkg']
[7.842s] Level 1:colcon.colcon_core.package_identification:_identify(src/pangolin_control) by extension 'colcon_pkg'
[7.842s] Level 1:colcon.colcon_core.package_identification:_identify(src/pangolin_control) by extensions ['colcon_meta']
[7.842s] Level 1:colcon.colcon_core.package_identification:_identify(src/pangolin_control) by extension 'colcon_meta'
[7.843s] Level 1:colcon.colcon_core.package_identification:_identify(src/pangolin_control) by extensions ['ros']
[7.843s] Level 1:colcon.colcon_core.package_identification:_identify(src/pangolin_control) by extension 'ros'
[7.851s] DEBUG:colcon.colcon_core.package_identification:Package 'src/pangolin_control' with type 'ros.ament_python' and name 'pangolin_control'
[7.851s] Level 1:colcon.colcon_core.package_identification:_identify(src/pangolin_interfaces) by extensions ['ignore', 'ignore_ament_install']
[7.852s] Level 1:colcon.colcon_core.package_identification:_identify(src/pangolin_interfaces) by extension 'ignore'
[7.852s] Level 1:colcon.colcon_core.package_identification:_identify(src/pangolin_interfaces) by extension 'ignore_ament_install'
[7.852s] Level 1:colcon.colcon_core.package_identification:_identify(src/pangolin_interfaces) by extensions ['colcon_pkg']
[7.852s] Level 1:colcon.colcon_core.package_identification:_identify(src/pangolin_interfaces) by extension 'colcon_pkg'
[7.853s] Level 1:colcon.colcon_core.package_identification:_identify(src/pangolin_interfaces) by extensions ['colcon_meta']
[7.853s] Level 1:colcon.colcon_core.package_identification:_identify(src/pangolin_interfaces) by extension 'colcon_meta'
[7.853s] Level 1:colcon.colcon_core.package_identification:_identify(src/pangolin_interfaces) by extensions ['ros']
[7.853s] Level 1:colcon.colcon_core.package_identification:_identify(src/pangolin_interfaces) by extension 'ros'
[7.855s] DEBUG:colcon.colcon_core.package_identification:Package 'src/pangolin_interfaces' with type 'ros.ament_cmake' and name 'pangolin_interfaces'
[7.856s] Level 1:colcon.colcon_core.package_identification:_identify(src/py_pubsub) by extensions ['ignore', 'ignore_ament_install']
[7.857s] Level 1:colcon.colcon_core.package_identification:_identify(src/py_pubsub) by extension 'ignore'
[7.857s] Level 1:colcon.colcon_core.package_identification:_identify(src/py_pubsub) by extension 'ignore_ament_install'
[7.858s] Level 1:colcon.colcon_core.package_identification:_identify(src/py_pubsub) by extensions ['colcon_pkg']
[7.858s] Level 1:colcon.colcon_core.package_identification:_identify(src/py_pubsub) by extension 'colcon_pkg'
[7.858s] Level 1:colcon.colcon_core.package_identification:_identify(src/py_pubsub) by extensions ['colcon_meta']
[7.859s] Level 1:colcon.colcon_core.package_identification:_identify(src/py_pubsub) by extension 'colcon_meta'
[7.859s] Level 1:colcon.colcon_core.package_identification:_identify(src/py_pubsub) by extensions ['ros']
[7.859s] Level 1:colcon.colcon_core.package_identification:_identify(src/py_pubsub) by extension 'ros'
[7.861s] DEBUG:colcon.colcon_core.package_identification:Package 'src/py_pubsub' with type 'ros.ament_python' and name 'py_pubsub'
[7.861s] Level 1:colcon.colcon_core.package_discovery:discover_packages(recursive) using defaults
[7.861s] Level 1:colcon.colcon_core.package_discovery:discover_packages(ignore) discover
[7.861s] Level 1:colcon.colcon_core.package_discovery:discover_packages(ignore) using defaults
[7.862s] Level 1:colcon.colcon_core.package_discovery:discover_packages(path) discover
[7.862s] Level 1:colcon.colcon_core.package_discovery:discover_packages(path) using defaults
[8.551s] Level 1:colcon.colcon_core.package_discovery:discover_packages(prefix_path) check parameters
[8.551s] Level 1:colcon.colcon_core.package_discovery:discover_packages(prefix_path) discover
[8.802s] DEBUG:colcon.colcon_installed_package_information.package_discovery:Found 4 installed packages in /home/ubuntu/pangolin_ws/install
[8.928s] DEBUG:colcon.colcon_installed_package_information.package_discovery:Found 175 installed packages in /opt/ros/foxy
[8.933s] Level 1:colcon.colcon_core.package_discovery:discover_packages(prefix_path) using defaults
[9.364s] Level 5:colcon.colcon_core.verb:set package 'pangolin_interfaces' build argument 'cmake_args' from command line to 'None'
[9.364s] Level 5:colcon.colcon_core.verb:set package 'pangolin_interfaces' build argument 'cmake_target' from command line to 'None'
[9.364s] Level 5:colcon.colcon_core.verb:set package 'pangolin_interfaces' build argument 'cmake_target_skip_unavailable' from command line to 'False'
[9.365s] Level 5:colcon.colcon_core.verb:set package 'pangolin_interfaces' build argument 'cmake_clean_cache' from command line to 'False'
[9.365s] Level 5:colcon.colcon_core.verb:set package 'pangolin_interfaces' build argument 'cmake_clean_first' from command line to 'False'
[9.365s] Level 5:colcon.colcon_core.verb:set package 'pangolin_interfaces' build argument 'cmake_force_configure' from command line to 'False'
[9.365s] Level 5:colcon.colcon_core.verb:set package 'pangolin_interfaces' build argument 'ament_cmake_args' from command line to 'None'
[9.365s] Level 5:colcon.colcon_core.verb:set package 'pangolin_interfaces' build argument 'catkin_cmake_args' from command line to 'None'
[9.365s] Level 5:colcon.colcon_core.verb:set package 'pangolin_interfaces' build argument 'catkin_skip_building_tests' from command line to 'False'
[9.365s] DEBUG:colcon.colcon_core.verb:Building package 'pangolin_interfaces' with the following arguments: {'ament_cmake_args': None, 'build_base': '/home/ubuntu/pangolin_ws/build/pangolin_interfaces', 'catkin_cmake_args': None, 'catkin_skip_building_tests': False, 'cmake_args': None, 'cmake_clean_cache': False, 'cmake_clean_first': False, 'cmake_force_configure': False, 'cmake_target': None, 'cmake_target_skip_unavailable': False, 'install_base': '/home/ubuntu/pangolin_ws/install/pangolin_interfaces', 'merge_install': False, 'path': '/home/ubuntu/pangolin_ws/src/pangolin_interfaces', 'symlink_install': True, 'test_result_base': None}
[9.485s] Level 5:colcon.colcon_core.verb:set package 'py_pubsub' build argument 'cmake_args' from command line to 'None'
[9.485s] Level 5:colcon.colcon_core.verb:set package 'py_pubsub' build argument 'cmake_target' from command line to 'None'
[9.485s] Level 5:colcon.colcon_core.verb:set package 'py_pubsub' build argument 'cmake_target_skip_unavailable' from command line to 'False'
[9.485s] Level 5:colcon.colcon_core.verb:set package 'py_pubsub' build argument 'cmake_clean_cache' from command line to 'False'
[9.486s] Level 5:colcon.colcon_core.verb:set package 'py_pubsub' build argument 'cmake_clean_first' from command line to 'False'
[9.486s] Level 5:colcon.colcon_core.verb:set package 'py_pubsub' build argument 'cmake_force_configure' from command line to 'False'
[9.486s] Level 5:colcon.colcon_core.verb:set package 'py_pubsub' build argument 'ament_cmake_args' from command line to 'None'
[9.486s] Level 5:colcon.colcon_core.verb:set package 'py_pubsub' build argument 'catkin_cmake_args' from command line to 'None'
[9.486s] Level 5:colcon.colcon_core.verb:set package 'py_pubsub' build argument 'catkin_skip_building_tests' from command line to 'False'
[9.486s] DEBUG:colcon.colcon_core.verb:Building package 'py_pubsub' with the following arguments: {'ament_cmake_args': None, 'build_base': '/home/ubuntu/pangolin_ws/build/py_pubsub', 'catkin_cmake_args': None, 'catkin_skip_building_tests': False, 'cmake_args': None, 'cmake_clean_cache': False, 'cmake_clean_first': False, 'cmake_force_configure': False, 'cmake_target': None, 'cmake_target_skip_unavailable': False, 'install_base': '/home/ubuntu/pangolin_ws/install/py_pubsub', 'merge_install': False, 'path': '/home/ubuntu/pangolin_ws/src/py_pubsub', 'symlink_install': True, 'test_result_base': None}
[9.648s] Level 5:colcon.colcon_core.verb:set package 'pangolin_control' build argument 'cmake_args' from command line to 'None'
[9.649s] Level 5:colcon.colcon_core.verb:set package 'pangolin_control' build argument 'cmake_target' from command line to 'None'
[9.649s] Level 5:colcon.colcon_core.verb:set package 'pangolin_control' build argument 'cmake_target_skip_unavailable' from command line to 'False'
[9.649s] Level 5:colcon.colcon_core.verb:set package 'pangolin_control' build argument 'cmake_clean_cache' from command line to 'False'
[9.649s] Level 5:colcon.colcon_core.verb:set package 'pangolin_control' build argument 'cmake_clean_first' from command line to 'False'
[9.649s] Level 5:colcon.colcon_core.verb:set package 'pangolin_control' build argument 'cmake_force_configure' from command line to 'False'
[9.649s] Level 5:colcon.colcon_core.verb:set package 'pangolin_control' build argument 'ament_cmake_args' from command line to 'None'
[9.649s] Level 5:colcon.colcon_core.verb:set package 'pangolin_control' build argument 'catkin_cmake_args' from command line to 'None'
[9.649s] Level 5:colcon.colcon_core.verb:set package 'pangolin_control' build argument 'catkin_skip_building_tests' from command line to 'False'
[9.650s] DEBUG:colcon.colcon_core.verb:Building package 'pangolin_control' with the following arguments: {'ament_cmake_args': None, 'build_base': '/home/ubuntu/pangolin_ws/build/pangolin_control', 'catkin_cmake_args': None, 'catkin_skip_building_tests': False, 'cmake_args': None, 'cmake_clean_cache': False, 'cmake_clean_first': False, 'cmake_force_configure': False, 'cmake_target': None, 'cmake_target_skip_unavailable': False, 'install_base': '/home/ubuntu/pangolin_ws/install/pangolin_control', 'merge_install': False, 'path': '/home/ubuntu/pangolin_ws/src/pangolin_control', 'symlink_install': True, 'test_result_base': None}
[9.771s] INFO:colcon.colcon_core.executor:Executing jobs using 'parallel' executor
[9.898s] DEBUG:colcon.colcon_parallel_executor.executor.parallel:run_until_complete
[9.899s] INFO:colcon.colcon_ros.task.ament_cmake.build:Building ROS package in '/home/ubuntu/pangolin_ws/src/pangolin_interfaces' with build type 'ament_cmake'
[9.900s] INFO:colcon.colcon_cmake.task.cmake.build:Building CMake package in '/home/ubuntu/pangolin_ws/src/pangolin_interfaces'
[10.038s] INFO:colcon.colcon_core.plugin_system:Skipping extension 'colcon_core.shell.bat': Not used on non-Windows systems
[10.039s] INFO:colcon.colcon_core.shell:Skip shell extension 'powershell' for command environment: Not usable outside of PowerShell
[10.039s] DEBUG:colcon.colcon_core.shell:Skip shell extension 'dsv' for command environment
[10.441s] INFO:colcon.colcon_ros.task.ament_python.build:Building ROS package in '/home/ubuntu/pangolin_ws/src/py_pubsub' with build type 'ament_python'
[10.442s] Level 1:colcon.colcon_core.shell:create_environment_hook('py_pubsub', 'ament_prefix_path')
[10.579s] INFO:colcon.colcon_core.shell:Creating environment hook '/home/ubuntu/pangolin_ws/install/py_pubsub/share/py_pubsub/hook/ament_prefix_path.ps1'
[10.582s] INFO:colcon.colcon_core.shell:Creating environment descriptor '/home/ubuntu/pangolin_ws/install/py_pubsub/share/py_pubsub/hook/ament_prefix_path.dsv'
[10.584s] INFO:colcon.colcon_core.shell:Creating environment hook '/home/ubuntu/pangolin_ws/install/py_pubsub/share/py_pubsub/hook/ament_prefix_path.sh'
[10.714s] INFO:colcon.colcon_core.shell:Skip shell extension 'powershell' for command environment: Not usable outside of PowerShell
[10.715s] DEBUG:colcon.colcon_core.shell:Skip shell extension 'dsv' for command environment
[11.167s] DEBUG:colcon.colcon_core.event_handler.log_command:Invoking command in '/home/ubuntu/pangolin_ws/build/pangolin_interfaces': CMAKE_PREFIX_PATH=${CMAKE_PREFIX_PATH}:/home/ubuntu/pangolin_ws/install/py_srvcli:/home/ubuntu/pangolin_ws/install/py_pubsub:/home/ubuntu/pangolin_ws/install/pangolin_control:/opt/ros/foxy /usr/bin/cmake --build /home/ubuntu/pangolin_ws/build/pangolin_interfaces -- -j4 -l4
[12.143s] INFO:colcon.colcon_core.task.python.build:Building Python package in '/home/ubuntu/pangolin_ws/src/py_pubsub'
[12.322s] INFO:colcon.colcon_core.shell:Skip shell extension 'powershell' for command environment: Not usable outside of PowerShell
[12.322s] DEBUG:colcon.colcon_core.shell:Skip shell extension 'dsv' for command environment
[14.327s] DEBUG:colcon.colcon_core.event_handler.log_command:Invoking command in '/home/ubuntu/pangolin_ws/build/py_pubsub': PYTHONPATH=/home/ubuntu/pangolin_ws/build/py_pubsub/prefix_override:/home/ubuntu/pangolin_ws/install/py_pubsub/lib/python3.8/site-packages:${PYTHONPATH} /usr/bin/python3 setup.py develop --editable --build-directory /home/ubuntu/pangolin_ws/build/py_pubsub/build --no-deps install_data
[16.296s] Level 1:colcon.colcon_core.shell:create_environment_hook('py_pubsub', 'pythonpath_develop')
[16.297s] DEBUG:colcon.colcon_core.event_handler.log_command:Invoked command in '/home/ubuntu/pangolin_ws/build/py_pubsub' returned '0': PYTHONPATH=/home/ubuntu/pangolin_ws/build/py_pubsub/prefix_override:/home/ubuntu/pangolin_ws/install/py_pubsub/lib/python3.8/site-packages:${PYTHONPATH} /usr/bin/python3 setup.py develop --editable --build-directory /home/ubuntu/pangolin_ws/build/py_pubsub/build --no-deps install_data
[16.506s] INFO:colcon.colcon_core.shell:Creating environment hook '/home/ubuntu/pangolin_ws/build/py_pubsub/share/py_pubsub/hook/pythonpath_develop.ps1'
[16.508s] INFO:colcon.colcon_core.shell:Creating environment descriptor '/home/ubuntu/pangolin_ws/build/py_pubsub/share/py_pubsub/hook/pythonpath_develop.dsv'
[16.511s] INFO:colcon.colcon_core.shell:Creating environment hook '/home/ubuntu/pangolin_ws/build/py_pubsub/share/py_pubsub/hook/pythonpath_develop.sh'
[16.649s] Level 1:colcon.colcon_core.environment:checking '/home/ubuntu/pangolin_ws/install/py_pubsub' for CMake module files
[16.652s] Level 1:colcon.colcon_core.environment:checking '/home/ubuntu/pangolin_ws/install/py_pubsub' for CMake config files
[16.654s] Level 1:colcon.colcon_core.environment:checking '/home/ubuntu/pangolin_ws/install/py_pubsub/lib'
[16.655s] Level 1:colcon.colcon_core.environment:checking '/home/ubuntu/pangolin_ws/install/py_pubsub/bin'
[16.656s] Level 1:colcon.colcon_core.environment:checking '/home/ubuntu/pangolin_ws/install/py_pubsub/lib/pkgconfig/py_pubsub.pc'
[16.656s] Level 1:colcon.colcon_core.environment:checking '/home/ubuntu/pangolin_ws/install/py_pubsub/lib/python3.8/site-packages'
[16.657s] Level 1:colcon.colcon_core.shell:create_environment_hook('py_pubsub', 'pythonpath')
[16.789s] INFO:colcon.colcon_core.shell:Creating environment hook '/home/ubuntu/pangolin_ws/install/py_pubsub/share/py_pubsub/hook/pythonpath.ps1'
[16.791s] INFO:colcon.colcon_core.shell:Creating environment descriptor '/home/ubuntu/pangolin_ws/install/py_pubsub/share/py_pubsub/hook/pythonpath.dsv'
[16.793s] INFO:colcon.colcon_core.shell:Creating environment hook '/home/ubuntu/pangolin_ws/install/py_pubsub/share/py_pubsub/hook/pythonpath.sh'
[16.796s] Level 1:colcon.colcon_core.environment:checking '/home/ubuntu/pangolin_ws/install/py_pubsub/bin'
[16.796s] Level 1:colcon.colcon_core.environment:create_environment_scripts_only(py_pubsub)
[16.925s] INFO:colcon.colcon_core.shell:Creating package script '/home/ubuntu/pangolin_ws/install/py_pubsub/share/py_pubsub/package.ps1'
[16.929s] INFO:colcon.colcon_core.shell:Creating package descriptor '/home/ubuntu/pangolin_ws/install/py_pubsub/share/py_pubsub/package.dsv'
[16.932s] INFO:colcon.colcon_core.shell:Creating package script '/home/ubuntu/pangolin_ws/install/py_pubsub/share/py_pubsub/package.sh'
[16.936s] INFO:colcon.colcon_core.shell:Creating package script '/home/ubuntu/pangolin_ws/install/py_pubsub/share/py_pubsub/package.bash'
[16.939s] INFO:colcon.colcon_core.shell:Creating package script '/home/ubuntu/pangolin_ws/install/py_pubsub/share/py_pubsub/package.zsh'
[16.942s] Level 1:colcon.colcon_core.environment:create_file_with_runtime_dependencies(/home/ubuntu/pangolin_ws/install/py_pubsub/share/colcon-core/packages/py_pubsub)
[16.953s] DEBUG:colcon.colcon_core.event_handler.log_command:Invoked command in '/home/ubuntu/pangolin_ws/build/pangolin_interfaces' returned '0': CMAKE_PREFIX_PATH=${CMAKE_PREFIX_PATH}:/home/ubuntu/pangolin_ws/install/py_srvcli:/home/ubuntu/pangolin_ws/install/py_pubsub:/home/ubuntu/pangolin_ws/install/pangolin_control:/opt/ros/foxy /usr/bin/cmake --build /home/ubuntu/pangolin_ws/build/pangolin_interfaces -- -j4 -l4
[17.279s] DEBUG:colcon.colcon_core.event_handler.log_command:Invoking command in '/home/ubuntu/pangolin_ws/build/pangolin_interfaces': CMAKE_PREFIX_PATH=${CMAKE_PREFIX_PATH}:/home/ubuntu/pangolin_ws/install/py_srvcli:/home/ubuntu/pangolin_ws/install/py_pubsub:/home/ubuntu/pangolin_ws/install/pangolin_control:/opt/ros/foxy /usr/bin/cmake --install /home/ubuntu/pangolin_ws/build/pangolin_interfaces
[17.606s] Level 1:colcon.colcon_core.environment:create_environment_scripts_only(pangolin_interfaces)
[17.607s] DEBUG:colcon.colcon_core.event_handler.log_command:Invoked command in '/home/ubuntu/pangolin_ws/build/pangolin_interfaces' returned '0': CMAKE_PREFIX_PATH=${CMAKE_PREFIX_PATH}:/home/ubuntu/pangolin_ws/install/py_srvcli:/home/ubuntu/pangolin_ws/install/py_pubsub:/home/ubuntu/pangolin_ws/install/pangolin_control:/opt/ros/foxy /usr/bin/cmake --install /home/ubuntu/pangolin_ws/build/pangolin_interfaces
[17.743s] Level 1:colcon.colcon_core.environment:checking '/home/ubuntu/pangolin_ws/install/pangolin_interfaces' for CMake module files
[17.747s] Level 1:colcon.colcon_core.environment:checking '/home/ubuntu/pangolin_ws/install/pangolin_interfaces' for CMake config files
[17.753s] Level 1:colcon.colcon_core.shell:create_environment_hook('pangolin_interfaces', 'cmake_prefix_path')
[17.881s] INFO:colcon.colcon_core.shell:Creating environment hook '/home/ubuntu/pangolin_ws/install/pangolin_interfaces/share/pangolin_interfaces/hook/cmake_prefix_path.ps1'
[17.884s] INFO:colcon.colcon_core.shell:Creating environment descriptor '/home/ubuntu/pangolin_ws/install/pangolin_interfaces/share/pangolin_interfaces/hook/cmake_prefix_path.dsv'
[17.885s] INFO:colcon.colcon_core.shell:Creating environment hook '/home/ubuntu/pangolin_ws/install/pangolin_interfaces/share/pangolin_interfaces/hook/cmake_prefix_path.sh'
[17.888s] Level 1:colcon.colcon_core.environment:checking '/home/ubuntu/pangolin_ws/install/pangolin_interfaces/lib'
[17.888s] Level 1:colcon.colcon_core.shell:create_environment_hook('pangolin_interfaces', 'ld_library_path_lib')
[18.021s] INFO:colcon.colcon_core.shell:Creating environment hook '/home/ubuntu/pangolin_ws/install/pangolin_interfaces/share/pangolin_interfaces/hook/ld_library_path_lib.ps1'
[18.023s] INFO:colcon.colcon_core.shell:Creating environment descriptor '/home/ubuntu/pangolin_ws/install/pangolin_interfaces/share/pangolin_interfaces/hook/ld_library_path_lib.dsv'
[18.024s] INFO:colcon.colcon_core.shell:Creating environment hook '/home/ubuntu/pangolin_ws/install/pangolin_interfaces/share/pangolin_interfaces/hook/ld_library_path_lib.sh'
[18.026s] Level 1:colcon.colcon_core.environment:checking '/home/ubuntu/pangolin_ws/install/pangolin_interfaces/bin'
[18.026s] Level 1:colcon.colcon_core.environment:checking '/home/ubuntu/pangolin_ws/install/pangolin_interfaces/lib/pkgconfig/pangolin_interfaces.pc'
[18.028s] Level 1:colcon.colcon_core.environment:checking '/home/ubuntu/pangolin_ws/install/pangolin_interfaces/lib/python3.8/site-packages'
[18.028s] Level 1:colcon.colcon_core.shell:create_environment_hook('pangolin_interfaces', 'pythonpath')
[18.156s] INFO:colcon.colcon_core.shell:Creating environment hook '/home/ubuntu/pangolin_ws/install/pangolin_interfaces/share/pangolin_interfaces/hook/pythonpath.ps1'
[18.158s] INFO:colcon.colcon_core.shell:Creating environment descriptor '/home/ubuntu/pangolin_ws/install/pangolin_interfaces/share/pangolin_interfaces/hook/pythonpath.dsv'
[18.160s] INFO:colcon.colcon_core.shell:Creating environment hook '/home/ubuntu/pangolin_ws/install/pangolin_interfaces/share/pangolin_interfaces/hook/pythonpath.sh'
[18.162s] Level 1:colcon.colcon_core.environment:checking '/home/ubuntu/pangolin_ws/install/pangolin_interfaces/bin'
[18.294s] INFO:colcon.colcon_core.shell:Creating package script '/home/ubuntu/pangolin_ws/install/pangolin_interfaces/share/pangolin_interfaces/package.ps1'
[18.296s] INFO:colcon.colcon_core.shell:Creating package descriptor '/home/ubuntu/pangolin_ws/install/pangolin_interfaces/share/pangolin_interfaces/package.dsv'
[18.298s] INFO:colcon.colcon_core.shell:Creating package script '/home/ubuntu/pangolin_ws/install/pangolin_interfaces/share/pangolin_interfaces/package.sh'
[18.301s] INFO:colcon.colcon_core.shell:Creating package script '/home/ubuntu/pangolin_ws/install/pangolin_interfaces/share/pangolin_interfaces/package.bash'
[18.302s] INFO:colcon.colcon_core.shell:Creating package script '/home/ubuntu/pangolin_ws/install/pangolin_interfaces/share/pangolin_interfaces/package.zsh'
[18.304s] Level 1:colcon.colcon_core.environment:create_file_with_runtime_dependencies(/home/ubuntu/pangolin_ws/install/pangolin_interfaces/share/colcon-core/packages/pangolin_interfaces)
[18.732s] Level 1:colcon.colcon_core.environment:create_environment_scripts_only(pangolin_interfaces)
[18.861s] Level 1:colcon.colcon_core.environment:checking '/home/ubuntu/pangolin_ws/install/pangolin_interfaces' for CMake module files
[18.864s] Level 1:colcon.colcon_core.environment:checking '/home/ubuntu/pangolin_ws/install/pangolin_interfaces' for CMake config files
[18.869s] Level 1:colcon.colcon_core.shell:create_environment_hook('pangolin_interfaces', 'cmake_prefix_path')
[18.999s] INFO:colcon.colcon_core.shell:Creating environment hook '/home/ubuntu/pangolin_ws/install/pangolin_interfaces/share/pangolin_interfaces/hook/cmake_prefix_path.ps1'
[19.001s] INFO:colcon.colcon_core.shell:Creating environment descriptor '/home/ubuntu/pangolin_ws/install/pangolin_interfaces/share/pangolin_interfaces/hook/cmake_prefix_path.dsv'
[19.003s] INFO:colcon.colcon_core.shell:Creating environment hook '/home/ubuntu/pangolin_ws/install/pangolin_interfaces/share/pangolin_interfaces/hook/cmake_prefix_path.sh'
[19.005s] Level 1:colcon.colcon_core.environment:checking '/home/ubuntu/pangolin_ws/install/pangolin_interfaces/lib'
[19.006s] Level 1:colcon.colcon_core.shell:create_environment_hook('pangolin_interfaces', 'ld_library_path_lib')
[19.136s] INFO:colcon.colcon_core.shell:Creating environment hook '/home/ubuntu/pangolin_ws/install/pangolin_interfaces/share/pangolin_interfaces/hook/ld_library_path_lib.ps1'
[19.143s] INFO:colcon.colcon_core.shell:Creating environment descriptor '/home/ubuntu/pangolin_ws/install/pangolin_interfaces/share/pangolin_interfaces/hook/ld_library_path_lib.dsv'
[19.146s] INFO:colcon.colcon_core.shell:Creating environment hook '/home/ubuntu/pangolin_ws/install/pangolin_interfaces/share/pangolin_interfaces/hook/ld_library_path_lib.sh'
[19.148s] Level 1:colcon.colcon_core.environment:checking '/home/ubuntu/pangolin_ws/install/pangolin_interfaces/bin'
[19.149s] Level 1:colcon.colcon_core.environment:checking '/home/ubuntu/pangolin_ws/install/pangolin_interfaces/lib/pkgconfig/pangolin_interfaces.pc'
[19.150s] Level 1:colcon.colcon_core.environment:checking '/home/ubuntu/pangolin_ws/install/pangolin_interfaces/lib/python3.8/site-packages'
[19.151s] Level 1:colcon.colcon_core.shell:create_environment_hook('pangolin_interfaces', 'pythonpath')
[19.280s] INFO:colcon.colcon_core.shell:Creating environment hook '/home/ubuntu/pangolin_ws/install/pangolin_interfaces/share/pangolin_interfaces/hook/pythonpath.ps1'
[19.282s] INFO:colcon.colcon_core.shell:Creating environment descriptor '/home/ubuntu/pangolin_ws/install/pangolin_interfaces/share/pangolin_interfaces/hook/pythonpath.dsv'
[19.283s] INFO:colcon.colcon_core.shell:Creating environment hook '/home/ubuntu/pangolin_ws/install/pangolin_interfaces/share/pangolin_interfaces/hook/pythonpath.sh'
[19.285s] Level 1:colcon.colcon_core.environment:checking '/home/ubuntu/pangolin_ws/install/pangolin_interfaces/bin'
[19.416s] INFO:colcon.colcon_core.shell:Creating package script '/home/ubuntu/pangolin_ws/install/pangolin_interfaces/share/pangolin_interfaces/package.ps1'
[19.419s] INFO:colcon.colcon_core.shell:Creating package descriptor '/home/ubuntu/pangolin_ws/install/pangolin_interfaces/share/pangolin_interfaces/package.dsv'
[19.421s] INFO:colcon.colcon_core.shell:Creating package script '/home/ubuntu/pangolin_ws/install/pangolin_interfaces/share/pangolin_interfaces/package.sh'
[19.423s] INFO:colcon.colcon_core.shell:Creating package script '/home/ubuntu/pangolin_ws/install/pangolin_interfaces/share/pangolin_interfaces/package.bash'
[19.425s] INFO:colcon.colcon_core.shell:Creating package script '/home/ubuntu/pangolin_ws/install/pangolin_interfaces/share/pangolin_interfaces/package.zsh'
[19.428s] Level 1:colcon.colcon_core.environment:create_file_with_runtime_dependencies(/home/ubuntu/pangolin_ws/install/pangolin_interfaces/share/colcon-core/packages/pangolin_interfaces)
[19.429s] INFO:colcon.colcon_ros.task.ament_python.build:Building ROS package in '/home/ubuntu/pangolin_ws/src/pangolin_control' with build type 'ament_python'
[19.430s] Level 1:colcon.colcon_core.shell:create_environment_hook('pangolin_control', 'ament_prefix_path')
[19.562s] INFO:colcon.colcon_core.shell:Creating environment hook '/home/ubuntu/pangolin_ws/install/pangolin_control/share/pangolin_control/hook/ament_prefix_path.ps1'
[19.564s] INFO:colcon.colcon_core.shell:Creating environment descriptor '/home/ubuntu/pangolin_ws/install/pangolin_control/share/pangolin_control/hook/ament_prefix_path.dsv'
[19.565s] INFO:colcon.colcon_core.shell:Creating environment hook '/home/ubuntu/pangolin_ws/install/pangolin_control/share/pangolin_control/hook/ament_prefix_path.sh'
[19.694s] INFO:colcon.colcon_core.shell:Skip shell extension 'powershell' for command environment: Not usable outside of PowerShell
[19.694s] DEBUG:colcon.colcon_core.shell:Skip shell extension 'dsv' for command environment
[20.958s] INFO:colcon.colcon_core.task.python.build:Building Python package in '/home/ubuntu/pangolin_ws/src/pangolin_control'
[21.144s] INFO:colcon.colcon_core.shell:Skip shell extension 'powershell' for command environment: Not usable outside of PowerShell
[21.144s] DEBUG:colcon.colcon_core.shell:Skip shell extension 'dsv' for command environment
[22.885s] DEBUG:colcon.colcon_core.event_handler.log_command:Invoking command in '/home/ubuntu/pangolin_ws/build/pangolin_control': LD_LIBRARY_PATH=/home/ubuntu/pangolin_ws/install/pangolin_interfaces/lib:${LD_LIBRARY_PATH} PYTHONPATH=/home/ubuntu/pangolin_ws/build/pangolin_control/prefix_override:/home/ubuntu/pangolin_ws/install/pangolin_control/lib/python3.8/site-packages:/home/ubuntu/pangolin_ws/install/pangolin_interfaces/lib/python3.8/site-packages:${PYTHONPATH} /usr/bin/python3 setup.py develop --editable --build-directory /home/ubuntu/pangolin_ws/build/pangolin_control/build --no-deps install_data
[24.409s] Level 1:colcon.colcon_core.shell:create_environment_hook('pangolin_control', 'pythonpath_develop')
[24.410s] DEBUG:colcon.colcon_core.event_handler.log_command:Invoked command in '/home/ubuntu/pangolin_ws/build/pangolin_control' returned '0': LD_LIBRARY_PATH=/home/ubuntu/pangolin_ws/install/pangolin_interfaces/lib:${LD_LIBRARY_PATH} PYTHONPATH=/home/ubuntu/pangolin_ws/build/pangolin_control/prefix_override:/home/ubuntu/pangolin_ws/install/pangolin_control/lib/python3.8/site-packages:/home/ubuntu/pangolin_ws/install/pangolin_interfaces/lib/python3.8/site-packages:${PYTHONPATH} /usr/bin/python3 setup.py develop --editable --build-directory /home/ubuntu/pangolin_ws/build/pangolin_control/build --no-deps install_data
[24.542s] INFO:colcon.colcon_core.shell:Creating environment hook '/home/ubuntu/pangolin_ws/build/pangolin_control/share/pangolin_control/hook/pythonpath_develop.ps1'
[24.544s] INFO:colcon.colcon_core.shell:Creating environment descriptor '/home/ubuntu/pangolin_ws/build/pangolin_control/share/pangolin_control/hook/pythonpath_develop.dsv'
[24.546s] INFO:colcon.colcon_core.shell:Creating environment hook '/home/ubuntu/pangolin_ws/build/pangolin_control/share/pangolin_control/hook/pythonpath_develop.sh'
[24.685s] Level 1:colcon.colcon_core.environment:checking '/home/ubuntu/pangolin_ws/install/pangolin_control' for CMake module files
[24.688s] Level 1:colcon.colcon_core.environment:checking '/home/ubuntu/pangolin_ws/install/pangolin_control' for CMake config files
[24.691s] Level 1:colcon.colcon_core.environment:checking '/home/ubuntu/pangolin_ws/install/pangolin_control/lib'
[24.691s] Level 1:colcon.colcon_core.environment:checking '/home/ubuntu/pangolin_ws/install/pangolin_control/bin'
[24.692s] Level 1:colcon.colcon_core.environment:checking '/home/ubuntu/pangolin_ws/install/pangolin_control/lib/pkgconfig/pangolin_control.pc'
[24.692s] Level 1:colcon.colcon_core.environment:checking '/home/ubuntu/pangolin_ws/install/pangolin_control/lib/python3.8/site-packages'
[24.693s] Level 1:colcon.colcon_core.shell:create_environment_hook('pangolin_control', 'pythonpath')
[24.818s] INFO:colcon.colcon_core.shell:Creating environment hook '/home/ubuntu/pangolin_ws/install/pangolin_control/share/pangolin_control/hook/pythonpath.ps1'
[24.820s] INFO:colcon.colcon_core.shell:Creating environment descriptor '/home/ubuntu/pangolin_ws/install/pangolin_control/share/pangolin_control/hook/pythonpath.dsv'
[24.821s] INFO:colcon.colcon_core.shell:Creating environment hook '/home/ubuntu/pangolin_ws/install/pangolin_control/share/pangolin_control/hook/pythonpath.sh'
[24.824s] Level 1:colcon.colcon_core.environment:checking '/home/ubuntu/pangolin_ws/install/pangolin_control/bin'
[24.824s] Level 1:colcon.colcon_core.environment:create_environment_scripts_only(pangolin_control)
[24.955s] INFO:colcon.colcon_core.shell:Creating package script '/home/ubuntu/pangolin_ws/install/pangolin_control/share/pangolin_control/package.ps1'
[24.957s] INFO:colcon.colcon_core.shell:Creating package descriptor '/home/ubuntu/pangolin_ws/install/pangolin_control/share/pangolin_control/package.dsv'
[24.959s] INFO:colcon.colcon_core.shell:Creating package script '/home/ubuntu/pangolin_ws/install/pangolin_control/share/pangolin_control/package.sh'
[24.961s] INFO:colcon.colcon_core.shell:Creating package script '/home/ubuntu/pangolin_ws/install/pangolin_control/share/pangolin_control/package.bash'
[24.963s] INFO:colcon.colcon_core.shell:Creating package script '/home/ubuntu/pangolin_ws/install/pangolin_control/share/pangolin_control/package.zsh'
[24.965s] Level 1:colcon.colcon_core.environment:create_file_with_runtime_dependencies(/home/ubuntu/pangolin_ws/install/pangolin_control/share/colcon-core/packages/pangolin_control)
[24.966s] DEBUG:colcon.colcon_parallel_executor.executor.parallel:closing loop
[24.967s] DEBUG:colcon.colcon_parallel_executor.executor.parallel:loop closed
[24.967s] DEBUG:colcon.colcon_parallel_executor.executor.parallel:run_until_complete finished with '0'
[24.969s] DEBUG:colcon.colcon_core.event_reactor:joining thread
[25.116s] INFO:colcon.colcon_core.plugin_system:Skipping extension 'colcon_notification.desktop_notification.notify_send': Could not find 'notify-send'
[25.117s] INFO:colcon.colcon_core.plugin_system:Skipping extension 'colcon_notification.desktop_notification.terminal_notifier': Not used on non-Darwin systems
[25.117s] INFO:colcon.colcon_core.plugin_system:Skipping extension 'colcon_notification.desktop_notification.win32': Not used on non-Windows systems
[25.117s] INFO:colcon.colcon_notification.desktop_notification:Sending desktop notification using 'notify2'
[25.119s] DEBUG:colcon.colcon_notification.desktop_notification.notify2:Failed to initialize notify2: org.freedesktop.DBus.Error.ServiceUnknown: The name org.freedesktop.Notifications was not provided by any .service files
[25.120s] DEBUG:colcon.colcon_core.event_reactor:joined thread
[25.247s] INFO:colcon.colcon_core.shell:Creating prefix script '/home/ubuntu/pangolin_ws/install/local_setup.ps1'
[25.250s] INFO:colcon.colcon_core.shell:Creating prefix util module '/home/ubuntu/pangolin_ws/install/_local_setup_util_ps1.py'
[25.256s] INFO:colcon.colcon_core.shell:Creating prefix chain script '/home/ubuntu/pangolin_ws/install/setup.ps1'
[25.386s] INFO:colcon.colcon_core.shell:Creating prefix script '/home/ubuntu/pangolin_ws/install/local_setup.sh'
[25.388s] INFO:colcon.colcon_core.shell:Creating prefix util module '/home/ubuntu/pangolin_ws/install/_local_setup_util_sh.py'
[25.390s] INFO:colcon.colcon_core.shell:Creating prefix chain script '/home/ubuntu/pangolin_ws/install/setup.sh'
[25.523s] INFO:colcon.colcon_core.shell:Creating prefix script '/home/ubuntu/pangolin_ws/install/local_setup.bash'
[25.525s] INFO:colcon.colcon_core.shell:Creating prefix chain script '/home/ubuntu/pangolin_ws/install/setup.bash'
[25.659s] INFO:colcon.colcon_core.shell:Creating prefix script '/home/ubuntu/pangolin_ws/install/local_setup.zsh'
[25.661s] INFO:colcon.colcon_core.shell:Creating prefix chain script '/home/ubuntu/pangolin_ws/install/setup.zsh'
