[1.632s] Invoking command in '/home/ubuntu/pangolin_ws/build/examples_rclcpp_minimal_action_client': CMAKE_PREFIX_PATH=/opt/ros/foxy /usr/bin/cmake /home/ubuntu/pangolin_ws/src/examples/rclcpp/actions/minimal_action_client -DAMENT_CMAKE_SYMLINK_INSTALL=1 -DCMAKE_INSTALL_PREFIX=/home/ubuntu/pangolin_ws/install/examples_rclcpp_minimal_action_client
[1.701s] -- Found ament_cmake: 0.9.12 (/opt/ros/foxy/share/ament_cmake/cmake)
[1.834s] -- Using PYTHON_EXECUTABLE: /usr/bin/python3
[2.799s] -- Override CMake install command with custom implementation using symlinks instead of copying resources
[2.948s] CMake Error at CMakeLists.txt:14 (find_package):
[2.950s]   By not providing "Findexample_interfaces.cmake" in CMAKE_MODULE_PATH this
[2.951s]   project has asked CMake to find a package configuration file provided by
[2.952s]   "example_interfaces", but CMake did not find one.
[2.953s] 
[2.954s]   Could not find a package configuration file provided by
[2.955s]   "example_interfaces" with any of the following names:
[2.960s] 
[2.961s]     example_interfacesConfig.cmake
[2.962s]     example_interfaces-config.cmake
[2.969s] 
[2.977s]   Add the installation prefix of "example_interfaces" to CMAKE_PREFIX_PATH or
[2.978s]   set "example_interfaces_DIR" to a directory containing one of the above
[2.979s]   files.  If "example_interfaces" provides a separate development package or
[2.980s]   SDK, be sure it has been installed.
[2.981s] 
[2.982s] 
[2.988s] -- Configuring incomplete, errors occurred!
[2.994s] See also "/home/ubuntu/pangolin_ws/build/examples_rclcpp_minimal_action_client/CMakeFiles/CMakeOutput.log".
[3.008s] Invoked command in '/home/ubuntu/pangolin_ws/build/examples_rclcpp_minimal_action_client' returned '1': CMAKE_PREFIX_PATH=/opt/ros/foxy /usr/bin/cmake /home/ubuntu/pangolin_ws/src/examples/rclcpp/actions/minimal_action_client -DAMENT_CMAKE_SYMLINK_INSTALL=1 -DCMAKE_INSTALL_PREFIX=/home/ubuntu/pangolin_ws/install/examples_rclcpp_minimal_action_client
