[0.476s] Invoking command in '/home/ubuntu/pangolin_ws/build/examples_rclcpp_minimal_composition': CMAKE_PREFIX_PATH=/opt/ros/foxy /usr/bin/cmake /home/ubuntu/pangolin_ws/src/examples/rclcpp/composition/minimal_composition -DAMENT_CMAKE_SYMLINK_INSTALL=1 -DCMAKE_INSTALL_PREFIX=/home/ubuntu/pangolin_ws/install/examples_rclcpp_minimal_composition
[1.595s] -- The C compiler identification is GNU 9.4.0
[2.475s] -- The CXX compiler identification is GNU 9.4.0
[2.507s] -- Check for working C compiler: /usr/bin/cc
[3.025s] -- Check for working C compiler: /usr/bin/cc -- works
[3.038s] -- Detecting C compiler ABI info
[3.475s] -- Detecting C compiler ABI info - done
[3.531s] -- Detecting C compile features
[3.533s] -- Detecting C compile features - done
[3.549s] -- Check for working CXX compiler: /usr/bin/c++
[4.054s] -- Check for working CXX compiler: /usr/bin/c++ -- works
[4.064s] -- Detecting CXX compiler ABI info
[4.563s] -- Detecting CXX compiler ABI info - done
[4.609s] -- Detecting CXX compile features
[4.610s] -- Detecting CXX compile features - done
[4.627s] -- Found ament_cmake: 0.9.12 (/opt/ros/foxy/share/ament_cmake/cmake)
[4.803s] -- Found PythonInterp: /usr/bin/python3 (found suitable version "3.8.10", minimum required is "3") 
[4.804s] -- Using PYTHON_EXECUTABLE: /usr/bin/python3
[5.997s] -- Override CMake install command with custom implementation using symlinks instead of copying resources
[6.224s] -- Found rclcpp: 2.4.3 (/opt/ros/foxy/share/rclcpp/cmake)
[6.440s] -- Using all available rosidl_typesupport_c: rosidl_typesupport_fastrtps_c;rosidl_typesupport_introspection_c
[6.481s] -- Found rosidl_adapter: 1.3.1 (/opt/ros/foxy/share/rosidl_adapter/cmake)
[6.856s] -- Found OpenSSL: /usr/lib/aarch64-linux-gnu/libcrypto.so (found version "1.1.1f")  
[6.962s] -- Found FastRTPS: /opt/ros/foxy/include  
[7.286s] -- Using all available rosidl_typesupport_cpp: rosidl_typesupport_fastrtps_cpp;rosidl_typesupport_introspection_cpp
[7.513s] -- Found rmw_implementation_cmake: 1.0.4 (/opt/ros/foxy/share/rmw_implementation_cmake/cmake)
[7.518s] -- Using RMW implementation 'rmw_fastrtps_cpp' as default
[7.525s] -- Looking for pthread.h
[7.845s] -- Looking for pthread.h - found
[7.846s] -- Performing Test CMAKE_HAVE_LIBC_PTHREAD
[8.153s] -- Performing Test CMAKE_HAVE_LIBC_PTHREAD - Failed
[8.154s] -- Looking for pthread_create in pthreads
[8.413s] -- Looking for pthread_create in pthreads - not found
[8.414s] -- Looking for pthread_create in pthread
[8.701s] -- Looking for pthread_create in pthread - found
[8.706s] -- Found Threads: TRUE  
[9.293s] -- Found rclcpp_components: 2.4.3 (/opt/ros/foxy/share/rclcpp_components/cmake)
[9.538s] -- Found ament_lint_auto: 0.9.8 (/opt/ros/foxy/share/ament_lint_auto/cmake)
[9.880s] -- Added test 'copyright' to check source files copyright and LICENSE
[9.890s] -- Added test 'cppcheck' to perform static code analysis on C / C++ code
[9.892s] -- Configured cppcheck include dirs: /home/ubuntu/pangolin_ws/src/examples/rclcpp/composition/minimal_composition/include
[9.892s] -- Configured cppcheck exclude dirs and/or files: 
[9.900s] -- Added test 'cpplint' to check C / C++ code against the Google style
[9.901s] -- Configured cpplint exclude dirs and/or files: 
[9.905s] -- Added test 'lint_cmake' to check CMake code style
[9.915s] -- Added test 'uncrustify' to check C / C++ code style
[9.915s] -- Configured uncrustify additional arguments: 
[9.918s] -- Added test 'xmllint' to check XML markup files
[9.942s] -- Configuring done
[10.018s] -- Generating done
[10.025s] -- Build files have been written to: /home/ubuntu/pangolin_ws/build/examples_rclcpp_minimal_composition
