[7.366s] DEBUG:colcon:Command line arguments: ['/usr/bin/colcon', 'build', '--symlink-install']
[7.367s] DEBUG:colcon:Parsed command line arguments: Namespace(allow_overriding=[], ament_cmake_args=None, base_paths=['.'], build_base='build', catkin_cmake_args=None, catkin_skip_building_tests=False, cmake_args=None, cmake_clean_cache=False, cmake_clean_first=False, cmake_force_configure=False, cmake_target=None, cmake_target_skip_unavailable=False, continue_on_error=False, event_handlers=None, executor='parallel', ignore_user_meta=False, install_base='install', log_base=None, log_level=None, main=<bound method BuildVerb.main of <colcon_core.verb.build.BuildVerb object at 0xffff804aedf0>>, merge_install=False, metas=['./colcon.meta'], packages_above=None, packages_above_and_dependencies=None, packages_above_depth=None, packages_end=None, packages_ignore=None, packages_ignore_regex=None, packages_select=None, packages_select_build_failed=False, packages_select_by_dep=None, packages_select_regex=None, packages_select_test_failures=False, packages_skip=None, packages_skip_build_finished=False, packages_skip_by_dep=None, packages_skip_regex=None, packages_skip_test_passed=False, packages_skip_up_to=None, packages_start=None, packages_up_to=None, packages_up_to_regex=None, parallel_workers=4, paths=None, symlink_install=True, test_result_base=None, verb_extension=<colcon_core.verb.build.BuildVerb object at 0xffff804aedf0>, verb_name='build', verb_parser=<colcon_defaults.argument_parser.defaults.DefaultArgumentsDecorator object at 0xffff8007e1c0>)
[7.718s] Level 1:colcon.colcon_core.package_discovery:discover_packages(colcon_meta) check parameters
[7.718s] Level 1:colcon.colcon_core.package_discovery:discover_packages(recursive) check parameters
[7.718s] Level 1:colcon.colcon_core.package_discovery:discover_packages(ignore) check parameters
[7.718s] Level 1:colcon.colcon_core.package_discovery:discover_packages(path) check parameters
[7.719s] Level 1:colcon.colcon_core.package_discovery:discover_packages(colcon_meta) discover
[7.719s] Level 1:colcon.colcon_core.package_discovery:discover_packages(recursive) discover
[7.719s] INFO:colcon.colcon_core.package_discovery:Crawling recursively for packages in '/home/ubuntu/pangolin_ws'
[7.719s] Level 1:colcon.colcon_core.package_identification:_identify(.) by extensions ['ignore', 'ignore_ament_install']
[7.720s] Level 1:colcon.colcon_core.package_identification:_identify(.) by extension 'ignore'
[7.720s] Level 1:colcon.colcon_core.package_identification:_identify(.) by extension 'ignore_ament_install'
[7.720s] Level 1:colcon.colcon_core.package_identification:_identify(.) by extensions ['colcon_pkg']
[7.720s] Level 1:colcon.colcon_core.package_identification:_identify(.) by extension 'colcon_pkg'
[7.721s] Level 1:colcon.colcon_core.package_identification:_identify(.) by extensions ['colcon_meta']
[7.721s] Level 1:colcon.colcon_core.package_identification:_identify(.) by extension 'colcon_meta'
[7.721s] Level 1:colcon.colcon_core.package_identification:_identify(.) by extensions ['ros']
[7.721s] Level 1:colcon.colcon_core.package_identification:_identify(.) by extension 'ros'
[7.762s] Level 1:colcon.colcon_core.package_identification:_identify(.) by extensions ['cmake', 'python']
[7.763s] Level 1:colcon.colcon_core.package_identification:_identify(.) by extension 'cmake'
[7.763s] Level 1:colcon.colcon_core.package_identification:_identify(.) by extension 'python'
[7.763s] Level 1:colcon.colcon_core.package_identification:_identify(.) by extensions ['python_setup_py']
[7.763s] Level 1:colcon.colcon_core.package_identification:_identify(.) by extension 'python_setup_py'
[7.764s] Level 1:colcon.colcon_core.package_identification:_identify(build) by extensions ['ignore', 'ignore_ament_install']
[7.764s] Level 1:colcon.colcon_core.package_identification:_identify(build) by extension 'ignore'
[7.764s] Level 1:colcon.colcon_core.package_identification:_identify(build) ignored
[7.765s] Level 1:colcon.colcon_core.package_identification:_identify(install) by extensions ['ignore', 'ignore_ament_install']
[7.765s] Level 1:colcon.colcon_core.package_identification:_identify(install) by extension 'ignore'
[7.766s] Level 1:colcon.colcon_core.package_identification:_identify(install) ignored
[7.767s] Level 1:colcon.colcon_core.package_identification:_identify(log) by extensions ['ignore', 'ignore_ament_install']
[7.767s] Level 1:colcon.colcon_core.package_identification:_identify(log) by extension 'ignore'
[7.768s] Level 1:colcon.colcon_core.package_identification:_identify(log) ignored
[7.768s] Level 1:colcon.colcon_core.package_identification:_identify(src) by extensions ['ignore', 'ignore_ament_install']
[7.768s] Level 1:colcon.colcon_core.package_identification:_identify(src) by extension 'ignore'
[7.769s] Level 1:colcon.colcon_core.package_identification:_identify(src) by extension 'ignore_ament_install'
[7.769s] Level 1:colcon.colcon_core.package_identification:_identify(src) by extensions ['colcon_pkg']
[7.769s] Level 1:colcon.colcon_core.package_identification:_identify(src) by extension 'colcon_pkg'
[7.769s] Level 1:colcon.colcon_core.package_identification:_identify(src) by extensions ['colcon_meta']
[7.769s] Level 1:colcon.colcon_core.package_identification:_identify(src) by extension 'colcon_meta'
[7.770s] Level 1:colcon.colcon_core.package_identification:_identify(src) by extensions ['ros']
[7.770s] Level 1:colcon.colcon_core.package_identification:_identify(src) by extension 'ros'
[7.770s] Level 1:colcon.colcon_core.package_identification:_identify(src) by extensions ['cmake', 'python']
[7.770s] Level 1:colcon.colcon_core.package_identification:_identify(src) by extension 'cmake'
[7.770s] Level 1:colcon.colcon_core.package_identification:_identify(src) by extension 'python'
[7.771s] Level 1:colcon.colcon_core.package_identification:_identify(src) by extensions ['python_setup_py']
[7.771s] Level 1:colcon.colcon_core.package_identification:_identify(src) by extension 'python_setup_py'
[7.771s] Level 1:colcon.colcon_core.package_identification:_identify(src/pangolin_control) by extensions ['ignore', 'ignore_ament_install']
[7.771s] Level 1:colcon.colcon_core.package_identification:_identify(src/pangolin_control) by extension 'ignore'
[7.772s] Level 1:colcon.colcon_core.package_identification:_identify(src/pangolin_control) by extension 'ignore_ament_install'
[7.772s] Level 1:colcon.colcon_core.package_identification:_identify(src/pangolin_control) by extensions ['colcon_pkg']
[7.772s] Level 1:colcon.colcon_core.package_identification:_identify(src/pangolin_control) by extension 'colcon_pkg'
[7.772s] Level 1:colcon.colcon_core.package_identification:_identify(src/pangolin_control) by extensions ['colcon_meta']
[7.772s] Level 1:colcon.colcon_core.package_identification:_identify(src/pangolin_control) by extension 'colcon_meta'
[7.773s] Level 1:colcon.colcon_core.package_identification:_identify(src/pangolin_control) by extensions ['ros']
[7.773s] Level 1:colcon.colcon_core.package_identification:_identify(src/pangolin_control) by extension 'ros'
[7.783s] DEBUG:colcon.colcon_core.package_identification:Package 'src/pangolin_control' with type 'ros.ament_python' and name 'pangolin_control'
[7.784s] Level 1:colcon.colcon_core.package_identification:_identify(src/pangolin_interfaces) by extensions ['ignore', 'ignore_ament_install']
[7.784s] Level 1:colcon.colcon_core.package_identification:_identify(src/pangolin_interfaces) by extension 'ignore'
[7.785s] Level 1:colcon.colcon_core.package_identification:_identify(src/pangolin_interfaces) by extension 'ignore_ament_install'
[7.785s] Level 1:colcon.colcon_core.package_identification:_identify(src/pangolin_interfaces) by extensions ['colcon_pkg']
[7.785s] Level 1:colcon.colcon_core.package_identification:_identify(src/pangolin_interfaces) by extension 'colcon_pkg'
[7.785s] Level 1:colcon.colcon_core.package_identification:_identify(src/pangolin_interfaces) by extensions ['colcon_meta']
[7.785s] Level 1:colcon.colcon_core.package_identification:_identify(src/pangolin_interfaces) by extension 'colcon_meta'
[7.786s] Level 1:colcon.colcon_core.package_identification:_identify(src/pangolin_interfaces) by extensions ['ros']
[7.786s] Level 1:colcon.colcon_core.package_identification:_identify(src/pangolin_interfaces) by extension 'ros'
[7.788s] DEBUG:colcon.colcon_core.package_identification:Package 'src/pangolin_interfaces' with type 'ros.ament_cmake' and name 'pangolin_interfaces'
[7.789s] Level 1:colcon.colcon_core.package_identification:_identify(src/py_pubsub) by extensions ['ignore', 'ignore_ament_install']
[7.790s] Level 1:colcon.colcon_core.package_identification:_identify(src/py_pubsub) by extension 'ignore'
[7.790s] Level 1:colcon.colcon_core.package_identification:_identify(src/py_pubsub) by extension 'ignore_ament_install'
[7.791s] Level 1:colcon.colcon_core.package_identification:_identify(src/py_pubsub) by extensions ['colcon_pkg']
[7.791s] Level 1:colcon.colcon_core.package_identification:_identify(src/py_pubsub) by extension 'colcon_pkg'
[7.791s] Level 1:colcon.colcon_core.package_identification:_identify(src/py_pubsub) by extensions ['colcon_meta']
[7.791s] Level 1:colcon.colcon_core.package_identification:_identify(src/py_pubsub) by extension 'colcon_meta'
[7.792s] Level 1:colcon.colcon_core.package_identification:_identify(src/py_pubsub) by extensions ['ros']
[7.792s] Level 1:colcon.colcon_core.package_identification:_identify(src/py_pubsub) by extension 'ros'
[7.794s] DEBUG:colcon.colcon_core.package_identification:Package 'src/py_pubsub' with type 'ros.ament_python' and name 'py_pubsub'
[7.794s] Level 1:colcon.colcon_core.package_discovery:discover_packages(recursive) using defaults
[7.794s] Level 1:colcon.colcon_core.package_discovery:discover_packages(ignore) discover
[7.794s] Level 1:colcon.colcon_core.package_discovery:discover_packages(ignore) using defaults
[7.794s] Level 1:colcon.colcon_core.package_discovery:discover_packages(path) discover
[7.795s] Level 1:colcon.colcon_core.package_discovery:discover_packages(path) using defaults
[8.474s] Level 1:colcon.colcon_core.package_discovery:discover_packages(prefix_path) check parameters
[8.474s] Level 1:colcon.colcon_core.package_discovery:discover_packages(prefix_path) discover
[8.723s] DEBUG:colcon.colcon_installed_package_information.package_discovery:Found 4 installed packages in /home/ubuntu/pangolin_ws/install
[8.847s] DEBUG:colcon.colcon_installed_package_information.package_discovery:Found 175 installed packages in /opt/ros/foxy
[8.852s] Level 1:colcon.colcon_core.package_discovery:discover_packages(prefix_path) using defaults
[9.284s] Level 5:colcon.colcon_core.verb:set package 'pangolin_interfaces' build argument 'cmake_args' from command line to 'None'
[9.284s] Level 5:colcon.colcon_core.verb:set package 'pangolin_interfaces' build argument 'cmake_target' from command line to 'None'
[9.284s] Level 5:colcon.colcon_core.verb:set package 'pangolin_interfaces' build argument 'cmake_target_skip_unavailable' from command line to 'False'
[9.284s] Level 5:colcon.colcon_core.verb:set package 'pangolin_interfaces' build argument 'cmake_clean_cache' from command line to 'False'
[9.284s] Level 5:colcon.colcon_core.verb:set package 'pangolin_interfaces' build argument 'cmake_clean_first' from command line to 'False'
[9.285s] Level 5:colcon.colcon_core.verb:set package 'pangolin_interfaces' build argument 'cmake_force_configure' from command line to 'False'
[9.285s] Level 5:colcon.colcon_core.verb:set package 'pangolin_interfaces' build argument 'ament_cmake_args' from command line to 'None'
[9.285s] Level 5:colcon.colcon_core.verb:set package 'pangolin_interfaces' build argument 'catkin_cmake_args' from command line to 'None'
[9.285s] Level 5:colcon.colcon_core.verb:set package 'pangolin_interfaces' build argument 'catkin_skip_building_tests' from command line to 'False'
[9.285s] DEBUG:colcon.colcon_core.verb:Building package 'pangolin_interfaces' with the following arguments: {'ament_cmake_args': None, 'build_base': '/home/ubuntu/pangolin_ws/build/pangolin_interfaces', 'catkin_cmake_args': None, 'catkin_skip_building_tests': False, 'cmake_args': None, 'cmake_clean_cache': False, 'cmake_clean_first': False, 'cmake_force_configure': False, 'cmake_target': None, 'cmake_target_skip_unavailable': False, 'install_base': '/home/ubuntu/pangolin_ws/install/pangolin_interfaces', 'merge_install': False, 'path': '/home/ubuntu/pangolin_ws/src/pangolin_interfaces', 'symlink_install': True, 'test_result_base': None}
[9.404s] Level 5:colcon.colcon_core.verb:set package 'py_pubsub' build argument 'cmake_args' from command line to 'None'
[9.404s] Level 5:colcon.colcon_core.verb:set package 'py_pubsub' build argument 'cmake_target' from command line to 'None'
[9.404s] Level 5:colcon.colcon_core.verb:set package 'py_pubsub' build argument 'cmake_target_skip_unavailable' from command line to 'False'
[9.405s] Level 5:colcon.colcon_core.verb:set package 'py_pubsub' build argument 'cmake_clean_cache' from command line to 'False'
[9.405s] Level 5:colcon.colcon_core.verb:set package 'py_pubsub' build argument 'cmake_clean_first' from command line to 'False'
[9.405s] Level 5:colcon.colcon_core.verb:set package 'py_pubsub' build argument 'cmake_force_configure' from command line to 'False'
[9.405s] Level 5:colcon.colcon_core.verb:set package 'py_pubsub' build argument 'ament_cmake_args' from command line to 'None'
[9.405s] Level 5:colcon.colcon_core.verb:set package 'py_pubsub' build argument 'catkin_cmake_args' from command line to 'None'
[9.405s] Level 5:colcon.colcon_core.verb:set package 'py_pubsub' build argument 'catkin_skip_building_tests' from command line to 'False'
[9.405s] DEBUG:colcon.colcon_core.verb:Building package 'py_pubsub' with the following arguments: {'ament_cmake_args': None, 'build_base': '/home/ubuntu/pangolin_ws/build/py_pubsub', 'catkin_cmake_args': None, 'catkin_skip_building_tests': False, 'cmake_args': None, 'cmake_clean_cache': False, 'cmake_clean_first': False, 'cmake_force_configure': False, 'cmake_target': None, 'cmake_target_skip_unavailable': False, 'install_base': '/home/ubuntu/pangolin_ws/install/py_pubsub', 'merge_install': False, 'path': '/home/ubuntu/pangolin_ws/src/py_pubsub', 'symlink_install': True, 'test_result_base': None}
[9.565s] Level 5:colcon.colcon_core.verb:set package 'pangolin_control' build argument 'cmake_args' from command line to 'None'
[9.565s] Level 5:colcon.colcon_core.verb:set package 'pangolin_control' build argument 'cmake_target' from command line to 'None'
[9.565s] Level 5:colcon.colcon_core.verb:set package 'pangolin_control' build argument 'cmake_target_skip_unavailable' from command line to 'False'
[9.565s] Level 5:colcon.colcon_core.verb:set package 'pangolin_control' build argument 'cmake_clean_cache' from command line to 'False'
[9.565s] Level 5:colcon.colcon_core.verb:set package 'pangolin_control' build argument 'cmake_clean_first' from command line to 'False'
[9.566s] Level 5:colcon.colcon_core.verb:set package 'pangolin_control' build argument 'cmake_force_configure' from command line to 'False'
[9.566s] Level 5:colcon.colcon_core.verb:set package 'pangolin_control' build argument 'ament_cmake_args' from command line to 'None'
[9.566s] Level 5:colcon.colcon_core.verb:set package 'pangolin_control' build argument 'catkin_cmake_args' from command line to 'None'
[9.566s] Level 5:colcon.colcon_core.verb:set package 'pangolin_control' build argument 'catkin_skip_building_tests' from command line to 'False'
[9.566s] DEBUG:colcon.colcon_core.verb:Building package 'pangolin_control' with the following arguments: {'ament_cmake_args': None, 'build_base': '/home/ubuntu/pangolin_ws/build/pangolin_control', 'catkin_cmake_args': None, 'catkin_skip_building_tests': False, 'cmake_args': None, 'cmake_clean_cache': False, 'cmake_clean_first': False, 'cmake_force_configure': False, 'cmake_target': None, 'cmake_target_skip_unavailable': False, 'install_base': '/home/ubuntu/pangolin_ws/install/pangolin_control', 'merge_install': False, 'path': '/home/ubuntu/pangolin_ws/src/pangolin_control', 'symlink_install': True, 'test_result_base': None}
[9.685s] INFO:colcon.colcon_core.executor:Executing jobs using 'parallel' executor
[9.810s] DEBUG:colcon.colcon_parallel_executor.executor.parallel:run_until_complete
[9.811s] INFO:colcon.colcon_ros.task.ament_cmake.build:Building ROS package in '/home/ubuntu/pangolin_ws/src/pangolin_interfaces' with build type 'ament_cmake'
[9.813s] INFO:colcon.colcon_cmake.task.cmake.build:Building CMake package in '/home/ubuntu/pangolin_ws/src/pangolin_interfaces'
[9.950s] INFO:colcon.colcon_core.plugin_system:Skipping extension 'colcon_core.shell.bat': Not used on non-Windows systems
[9.951s] INFO:colcon.colcon_core.shell:Skip shell extension 'powershell' for command environment: Not usable outside of PowerShell
[9.951s] DEBUG:colcon.colcon_core.shell:Skip shell extension 'dsv' for command environment
[10.349s] INFO:colcon.colcon_ros.task.ament_python.build:Building ROS package in '/home/ubuntu/pangolin_ws/src/py_pubsub' with build type 'ament_python'
[10.351s] Level 1:colcon.colcon_core.shell:create_environment_hook('py_pubsub', 'ament_prefix_path')
[10.485s] INFO:colcon.colcon_core.shell:Creating environment hook '/home/ubuntu/pangolin_ws/install/py_pubsub/share/py_pubsub/hook/ament_prefix_path.ps1'
[10.488s] INFO:colcon.colcon_core.shell:Creating environment descriptor '/home/ubuntu/pangolin_ws/install/py_pubsub/share/py_pubsub/hook/ament_prefix_path.dsv'
[10.490s] INFO:colcon.colcon_core.shell:Creating environment hook '/home/ubuntu/pangolin_ws/install/py_pubsub/share/py_pubsub/hook/ament_prefix_path.sh'
[10.618s] INFO:colcon.colcon_core.shell:Skip shell extension 'powershell' for command environment: Not usable outside of PowerShell
[10.618s] DEBUG:colcon.colcon_core.shell:Skip shell extension 'dsv' for command environment
[11.062s] DEBUG:colcon.colcon_core.event_handler.log_command:Invoking command in '/home/ubuntu/pangolin_ws/build/pangolin_interfaces': CMAKE_PREFIX_PATH=${CMAKE_PREFIX_PATH}:/home/ubuntu/pangolin_ws/install/py_srvcli:/home/ubuntu/pangolin_ws/install/py_pubsub:/home/ubuntu/pangolin_ws/install/pangolin_control:/opt/ros/foxy /usr/bin/cmake --build /home/ubuntu/pangolin_ws/build/pangolin_interfaces -- -j4 -l4
[12.208s] INFO:colcon.colcon_core.task.python.build:Building Python package in '/home/ubuntu/pangolin_ws/src/py_pubsub'
[12.343s] INFO:colcon.colcon_core.shell:Skip shell extension 'powershell' for command environment: Not usable outside of PowerShell
[12.343s] DEBUG:colcon.colcon_core.shell:Skip shell extension 'dsv' for command environment
[12.756s] DEBUG:colcon.colcon_core.event_handler.log_command:Invoked command in '/home/ubuntu/pangolin_ws/build/pangolin_interfaces' returned '0': CMAKE_PREFIX_PATH=${CMAKE_PREFIX_PATH}:/home/ubuntu/pangolin_ws/install/py_srvcli:/home/ubuntu/pangolin_ws/install/py_pubsub:/home/ubuntu/pangolin_ws/install/pangolin_control:/opt/ros/foxy /usr/bin/cmake --build /home/ubuntu/pangolin_ws/build/pangolin_interfaces -- -j4 -l4
[13.081s] DEBUG:colcon.colcon_core.event_handler.log_command:Invoking command in '/home/ubuntu/pangolin_ws/build/pangolin_interfaces': CMAKE_PREFIX_PATH=${CMAKE_PREFIX_PATH}:/home/ubuntu/pangolin_ws/install/py_srvcli:/home/ubuntu/pangolin_ws/install/py_pubsub:/home/ubuntu/pangolin_ws/install/pangolin_control:/opt/ros/foxy /usr/bin/cmake --install /home/ubuntu/pangolin_ws/build/pangolin_interfaces
[13.462s] Level 1:colcon.colcon_core.environment:create_environment_scripts_only(pangolin_interfaces)
[13.464s] DEBUG:colcon.colcon_core.event_handler.log_command:Invoked command in '/home/ubuntu/pangolin_ws/build/pangolin_interfaces' returned '0': CMAKE_PREFIX_PATH=${CMAKE_PREFIX_PATH}:/home/ubuntu/pangolin_ws/install/py_srvcli:/home/ubuntu/pangolin_ws/install/py_pubsub:/home/ubuntu/pangolin_ws/install/pangolin_control:/opt/ros/foxy /usr/bin/cmake --install /home/ubuntu/pangolin_ws/build/pangolin_interfaces
[13.636s] Level 1:colcon.colcon_core.environment:checking '/home/ubuntu/pangolin_ws/install/pangolin_interfaces' for CMake module files
[13.640s] Level 1:colcon.colcon_core.environment:checking '/home/ubuntu/pangolin_ws/install/pangolin_interfaces' for CMake config files
[13.646s] Level 1:colcon.colcon_core.shell:create_environment_hook('pangolin_interfaces', 'cmake_prefix_path')
[13.814s] INFO:colcon.colcon_core.shell:Creating environment hook '/home/ubuntu/pangolin_ws/install/pangolin_interfaces/share/pangolin_interfaces/hook/cmake_prefix_path.ps1'
[13.816s] INFO:colcon.colcon_core.shell:Creating environment descriptor '/home/ubuntu/pangolin_ws/install/pangolin_interfaces/share/pangolin_interfaces/hook/cmake_prefix_path.dsv'
[13.818s] INFO:colcon.colcon_core.shell:Creating environment hook '/home/ubuntu/pangolin_ws/install/pangolin_interfaces/share/pangolin_interfaces/hook/cmake_prefix_path.sh'
[13.822s] Level 1:colcon.colcon_core.environment:checking '/home/ubuntu/pangolin_ws/install/pangolin_interfaces/lib'
[13.823s] Level 1:colcon.colcon_core.shell:create_environment_hook('pangolin_interfaces', 'ld_library_path_lib')
[13.984s] INFO:colcon.colcon_core.shell:Creating environment hook '/home/ubuntu/pangolin_ws/install/pangolin_interfaces/share/pangolin_interfaces/hook/ld_library_path_lib.ps1'
[13.986s] INFO:colcon.colcon_core.shell:Creating environment descriptor '/home/ubuntu/pangolin_ws/install/pangolin_interfaces/share/pangolin_interfaces/hook/ld_library_path_lib.dsv'
[13.988s] INFO:colcon.colcon_core.shell:Creating environment hook '/home/ubuntu/pangolin_ws/install/pangolin_interfaces/share/pangolin_interfaces/hook/ld_library_path_lib.sh'
[13.991s] Level 1:colcon.colcon_core.environment:checking '/home/ubuntu/pangolin_ws/install/pangolin_interfaces/bin'
[13.992s] Level 1:colcon.colcon_core.environment:checking '/home/ubuntu/pangolin_ws/install/pangolin_interfaces/lib/pkgconfig/pangolin_interfaces.pc'
[13.993s] Level 1:colcon.colcon_core.environment:checking '/home/ubuntu/pangolin_ws/install/pangolin_interfaces/lib/python3.8/site-packages'
[13.993s] Level 1:colcon.colcon_core.shell:create_environment_hook('pangolin_interfaces', 'pythonpath')
[14.168s] INFO:colcon.colcon_core.shell:Creating environment hook '/home/ubuntu/pangolin_ws/install/pangolin_interfaces/share/pangolin_interfaces/hook/pythonpath.ps1'
[14.172s] INFO:colcon.colcon_core.shell:Creating environment descriptor '/home/ubuntu/pangolin_ws/install/pangolin_interfaces/share/pangolin_interfaces/hook/pythonpath.dsv'
[14.174s] INFO:colcon.colcon_core.shell:Creating environment hook '/home/ubuntu/pangolin_ws/install/pangolin_interfaces/share/pangolin_interfaces/hook/pythonpath.sh'
[14.176s] Level 1:colcon.colcon_core.environment:checking '/home/ubuntu/pangolin_ws/install/pangolin_interfaces/bin'
[14.393s] INFO:colcon.colcon_core.shell:Creating package script '/home/ubuntu/pangolin_ws/install/pangolin_interfaces/share/pangolin_interfaces/package.ps1'
[14.396s] INFO:colcon.colcon_core.shell:Creating package descriptor '/home/ubuntu/pangolin_ws/install/pangolin_interfaces/share/pangolin_interfaces/package.dsv'
[14.400s] INFO:colcon.colcon_core.shell:Creating package script '/home/ubuntu/pangolin_ws/install/pangolin_interfaces/share/pangolin_interfaces/package.sh'
[14.403s] INFO:colcon.colcon_core.shell:Creating package script '/home/ubuntu/pangolin_ws/install/pangolin_interfaces/share/pangolin_interfaces/package.bash'
[14.406s] INFO:colcon.colcon_core.shell:Creating package script '/home/ubuntu/pangolin_ws/install/pangolin_interfaces/share/pangolin_interfaces/package.zsh'
[14.409s] Level 1:colcon.colcon_core.environment:create_file_with_runtime_dependencies(/home/ubuntu/pangolin_ws/install/pangolin_interfaces/share/colcon-core/packages/pangolin_interfaces)
[14.438s] DEBUG:colcon.colcon_core.event_handler.log_command:Invoking command in '/home/ubuntu/pangolin_ws/build/py_pubsub': PYTHONPATH=/home/ubuntu/pangolin_ws/build/py_pubsub/prefix_override:/home/ubuntu/pangolin_ws/install/py_pubsub/lib/python3.8/site-packages:${PYTHONPATH} /usr/bin/python3 setup.py develop --editable --build-directory /home/ubuntu/pangolin_ws/build/py_pubsub/build --no-deps install_data
[14.856s] Level 1:colcon.colcon_core.environment:create_environment_scripts_only(pangolin_interfaces)
[15.020s] Level 1:colcon.colcon_core.environment:checking '/home/ubuntu/pangolin_ws/install/pangolin_interfaces' for CMake module files
[15.024s] Level 1:colcon.colcon_core.environment:checking '/home/ubuntu/pangolin_ws/install/pangolin_interfaces' for CMake config files
[15.030s] Level 1:colcon.colcon_core.shell:create_environment_hook('pangolin_interfaces', 'cmake_prefix_path')
[15.183s] INFO:colcon.colcon_core.shell:Creating environment hook '/home/ubuntu/pangolin_ws/install/pangolin_interfaces/share/pangolin_interfaces/hook/cmake_prefix_path.ps1'
[15.185s] INFO:colcon.colcon_core.shell:Creating environment descriptor '/home/ubuntu/pangolin_ws/install/pangolin_interfaces/share/pangolin_interfaces/hook/cmake_prefix_path.dsv'
[15.188s] INFO:colcon.colcon_core.shell:Creating environment hook '/home/ubuntu/pangolin_ws/install/pangolin_interfaces/share/pangolin_interfaces/hook/cmake_prefix_path.sh'
[15.191s] Level 1:colcon.colcon_core.environment:checking '/home/ubuntu/pangolin_ws/install/pangolin_interfaces/lib'
[15.192s] Level 1:colcon.colcon_core.shell:create_environment_hook('pangolin_interfaces', 'ld_library_path_lib')
[15.361s] INFO:colcon.colcon_core.shell:Creating environment hook '/home/ubuntu/pangolin_ws/install/pangolin_interfaces/share/pangolin_interfaces/hook/ld_library_path_lib.ps1'
[15.363s] INFO:colcon.colcon_core.shell:Creating environment descriptor '/home/ubuntu/pangolin_ws/install/pangolin_interfaces/share/pangolin_interfaces/hook/ld_library_path_lib.dsv'
[15.366s] INFO:colcon.colcon_core.shell:Creating environment hook '/home/ubuntu/pangolin_ws/install/pangolin_interfaces/share/pangolin_interfaces/hook/ld_library_path_lib.sh'
[15.368s] Level 1:colcon.colcon_core.environment:checking '/home/ubuntu/pangolin_ws/install/pangolin_interfaces/bin'
[15.368s] Level 1:colcon.colcon_core.environment:checking '/home/ubuntu/pangolin_ws/install/pangolin_interfaces/lib/pkgconfig/pangolin_interfaces.pc'
[15.370s] Level 1:colcon.colcon_core.environment:checking '/home/ubuntu/pangolin_ws/install/pangolin_interfaces/lib/python3.8/site-packages'
[15.370s] Level 1:colcon.colcon_core.shell:create_environment_hook('pangolin_interfaces', 'pythonpath')
[15.539s] INFO:colcon.colcon_core.shell:Creating environment hook '/home/ubuntu/pangolin_ws/install/pangolin_interfaces/share/pangolin_interfaces/hook/pythonpath.ps1'
[15.542s] INFO:colcon.colcon_core.shell:Creating environment descriptor '/home/ubuntu/pangolin_ws/install/pangolin_interfaces/share/pangolin_interfaces/hook/pythonpath.dsv'
[15.544s] INFO:colcon.colcon_core.shell:Creating environment hook '/home/ubuntu/pangolin_ws/install/pangolin_interfaces/share/pangolin_interfaces/hook/pythonpath.sh'
[15.546s] Level 1:colcon.colcon_core.environment:checking '/home/ubuntu/pangolin_ws/install/pangolin_interfaces/bin'
[15.707s] INFO:colcon.colcon_core.shell:Creating package script '/home/ubuntu/pangolin_ws/install/pangolin_interfaces/share/pangolin_interfaces/package.ps1'
[15.710s] INFO:colcon.colcon_core.shell:Creating package descriptor '/home/ubuntu/pangolin_ws/install/pangolin_interfaces/share/pangolin_interfaces/package.dsv'
[15.713s] INFO:colcon.colcon_core.shell:Creating package script '/home/ubuntu/pangolin_ws/install/pangolin_interfaces/share/pangolin_interfaces/package.sh'
[15.715s] INFO:colcon.colcon_core.shell:Creating package script '/home/ubuntu/pangolin_ws/install/pangolin_interfaces/share/pangolin_interfaces/package.bash'
[15.718s] INFO:colcon.colcon_core.shell:Creating package script '/home/ubuntu/pangolin_ws/install/pangolin_interfaces/share/pangolin_interfaces/package.zsh'
[15.720s] Level 1:colcon.colcon_core.environment:create_file_with_runtime_dependencies(/home/ubuntu/pangolin_ws/install/pangolin_interfaces/share/colcon-core/packages/pangolin_interfaces)
[15.722s] INFO:colcon.colcon_ros.task.ament_python.build:Building ROS package in '/home/ubuntu/pangolin_ws/src/pangolin_control' with build type 'ament_python'
[15.723s] Level 1:colcon.colcon_core.shell:create_environment_hook('pangolin_control', 'ament_prefix_path')
[15.910s] INFO:colcon.colcon_core.shell:Creating environment hook '/home/ubuntu/pangolin_ws/install/pangolin_control/share/pangolin_control/hook/ament_prefix_path.ps1'
[15.912s] INFO:colcon.colcon_core.shell:Creating environment descriptor '/home/ubuntu/pangolin_ws/install/pangolin_control/share/pangolin_control/hook/ament_prefix_path.dsv'
[15.914s] INFO:colcon.colcon_core.shell:Creating environment hook '/home/ubuntu/pangolin_ws/install/pangolin_control/share/pangolin_control/hook/ament_prefix_path.sh'
[16.082s] INFO:colcon.colcon_core.shell:Skip shell extension 'powershell' for command environment: Not usable outside of PowerShell
[16.083s] DEBUG:colcon.colcon_core.shell:Skip shell extension 'dsv' for command environment
[16.576s] Level 1:colcon.colcon_core.shell:create_environment_hook('py_pubsub', 'pythonpath_develop')
[16.579s] DEBUG:colcon.colcon_core.event_handler.log_command:Invoked command in '/home/ubuntu/pangolin_ws/build/py_pubsub' returned '0': PYTHONPATH=/home/ubuntu/pangolin_ws/build/py_pubsub/prefix_override:/home/ubuntu/pangolin_ws/install/py_pubsub/lib/python3.8/site-packages:${PYTHONPATH} /usr/bin/python3 setup.py develop --editable --build-directory /home/ubuntu/pangolin_ws/build/py_pubsub/build --no-deps install_data
[16.712s] INFO:colcon.colcon_core.shell:Creating environment hook '/home/ubuntu/pangolin_ws/build/py_pubsub/share/py_pubsub/hook/pythonpath_develop.ps1'
[16.715s] INFO:colcon.colcon_core.shell:Creating environment descriptor '/home/ubuntu/pangolin_ws/build/py_pubsub/share/py_pubsub/hook/pythonpath_develop.dsv'
[16.717s] INFO:colcon.colcon_core.shell:Creating environment hook '/home/ubuntu/pangolin_ws/build/py_pubsub/share/py_pubsub/hook/pythonpath_develop.sh'
[16.850s] Level 1:colcon.colcon_core.environment:checking '/home/ubuntu/pangolin_ws/install/py_pubsub' for CMake module files
[16.852s] Level 1:colcon.colcon_core.environment:checking '/home/ubuntu/pangolin_ws/install/py_pubsub' for CMake config files
[16.855s] Level 1:colcon.colcon_core.environment:checking '/home/ubuntu/pangolin_ws/install/py_pubsub/lib'
[16.855s] Level 1:colcon.colcon_core.environment:checking '/home/ubuntu/pangolin_ws/install/py_pubsub/bin'
[16.855s] Level 1:colcon.colcon_core.environment:checking '/home/ubuntu/pangolin_ws/install/py_pubsub/lib/pkgconfig/py_pubsub.pc'
[16.856s] Level 1:colcon.colcon_core.environment:checking '/home/ubuntu/pangolin_ws/install/py_pubsub/lib/python3.8/site-packages'
[16.857s] Level 1:colcon.colcon_core.shell:create_environment_hook('py_pubsub', 'pythonpath')
[17.031s] INFO:colcon.colcon_core.shell:Creating environment hook '/home/ubuntu/pangolin_ws/install/py_pubsub/share/py_pubsub/hook/pythonpath.ps1'
[17.032s] INFO:colcon.colcon_core.shell:Creating environment descriptor '/home/ubuntu/pangolin_ws/install/py_pubsub/share/py_pubsub/hook/pythonpath.dsv'
[17.034s] INFO:colcon.colcon_core.shell:Creating environment hook '/home/ubuntu/pangolin_ws/install/py_pubsub/share/py_pubsub/hook/pythonpath.sh'
[17.036s] Level 1:colcon.colcon_core.environment:checking '/home/ubuntu/pangolin_ws/install/py_pubsub/bin'
[17.037s] Level 1:colcon.colcon_core.environment:create_environment_scripts_only(py_pubsub)
[17.162s] INFO:colcon.colcon_core.shell:Creating package script '/home/ubuntu/pangolin_ws/install/py_pubsub/share/py_pubsub/package.ps1'
[17.164s] INFO:colcon.colcon_core.shell:Creating package descriptor '/home/ubuntu/pangolin_ws/install/py_pubsub/share/py_pubsub/package.dsv'
[17.167s] INFO:colcon.colcon_core.shell:Creating package script '/home/ubuntu/pangolin_ws/install/py_pubsub/share/py_pubsub/package.sh'
[17.169s] INFO:colcon.colcon_core.shell:Creating package script '/home/ubuntu/pangolin_ws/install/py_pubsub/share/py_pubsub/package.bash'
[17.171s] INFO:colcon.colcon_core.shell:Creating package script '/home/ubuntu/pangolin_ws/install/py_pubsub/share/py_pubsub/package.zsh'
[17.172s] Level 1:colcon.colcon_core.environment:create_file_with_runtime_dependencies(/home/ubuntu/pangolin_ws/install/py_pubsub/share/colcon-core/packages/py_pubsub)
[18.032s] INFO:colcon.colcon_core.task.python.build:Building Python package in '/home/ubuntu/pangolin_ws/src/pangolin_control'
[18.167s] INFO:colcon.colcon_core.shell:Skip shell extension 'powershell' for command environment: Not usable outside of PowerShell
[18.167s] DEBUG:colcon.colcon_core.shell:Skip shell extension 'dsv' for command environment
[19.935s] DEBUG:colcon.colcon_core.event_handler.log_command:Invoking command in '/home/ubuntu/pangolin_ws/build/pangolin_control': PYTHONPATH=/home/ubuntu/pangolin_ws/build/pangolin_control/prefix_override:/home/ubuntu/pangolin_ws/install/pangolin_control/lib/python3.8/site-packages:/home/ubuntu/pangolin_ws/install/pangolin_interfaces/lib/python3.8/site-packages:/home/ubuntu/pangolin_ws/install/py_srvcli/lib/python3.8/site-packages:/home/ubuntu/pangolin_ws/build/py_pubsub:/home/ubuntu/pangolin_ws/install/py_pubsub/lib/python3.8/site-packages:/home/ubuntu/pangolin_ws/build/pangolin_control:/home/ubuntu/pangolin_ws/install/pangolin_control/lib/python3.8/site-packages:/opt/ros/foxy/lib/python3.8/site-packages /usr/bin/python3 setup.py develop --editable --build-directory /home/ubuntu/pangolin_ws/build/pangolin_control/build --no-deps install_data
[21.520s] Level 1:colcon.colcon_core.shell:create_environment_hook('pangolin_control', 'pythonpath_develop')
[21.522s] DEBUG:colcon.colcon_core.event_handler.log_command:Invoked command in '/home/ubuntu/pangolin_ws/build/pangolin_control' returned '0': PYTHONPATH=/home/ubuntu/pangolin_ws/build/pangolin_control/prefix_override:/home/ubuntu/pangolin_ws/install/pangolin_control/lib/python3.8/site-packages:/home/ubuntu/pangolin_ws/install/pangolin_interfaces/lib/python3.8/site-packages:/home/ubuntu/pangolin_ws/install/py_srvcli/lib/python3.8/site-packages:/home/ubuntu/pangolin_ws/build/py_pubsub:/home/ubuntu/pangolin_ws/install/py_pubsub/lib/python3.8/site-packages:/home/ubuntu/pangolin_ws/build/pangolin_control:/home/ubuntu/pangolin_ws/install/pangolin_control/lib/python3.8/site-packages:/opt/ros/foxy/lib/python3.8/site-packages /usr/bin/python3 setup.py develop --editable --build-directory /home/ubuntu/pangolin_ws/build/pangolin_control/build --no-deps install_data
[21.660s] INFO:colcon.colcon_core.shell:Creating environment hook '/home/ubuntu/pangolin_ws/build/pangolin_control/share/pangolin_control/hook/pythonpath_develop.ps1'
[21.662s] INFO:colcon.colcon_core.shell:Creating environment descriptor '/home/ubuntu/pangolin_ws/build/pangolin_control/share/pangolin_control/hook/pythonpath_develop.dsv'
[21.664s] INFO:colcon.colcon_core.shell:Creating environment hook '/home/ubuntu/pangolin_ws/build/pangolin_control/share/pangolin_control/hook/pythonpath_develop.sh'
[21.799s] Level 1:colcon.colcon_core.environment:checking '/home/ubuntu/pangolin_ws/install/pangolin_control' for CMake module files
[21.801s] Level 1:colcon.colcon_core.environment:checking '/home/ubuntu/pangolin_ws/install/pangolin_control' for CMake config files
[21.804s] Level 1:colcon.colcon_core.environment:checking '/home/ubuntu/pangolin_ws/install/pangolin_control/lib'
[21.805s] Level 1:colcon.colcon_core.environment:checking '/home/ubuntu/pangolin_ws/install/pangolin_control/bin'
[21.805s] Level 1:colcon.colcon_core.environment:checking '/home/ubuntu/pangolin_ws/install/pangolin_control/lib/pkgconfig/pangolin_control.pc'
[21.806s] Level 1:colcon.colcon_core.environment:checking '/home/ubuntu/pangolin_ws/install/pangolin_control/lib/python3.8/site-packages'
[21.807s] Level 1:colcon.colcon_core.shell:create_environment_hook('pangolin_control', 'pythonpath')
[21.943s] INFO:colcon.colcon_core.shell:Creating environment hook '/home/ubuntu/pangolin_ws/install/pangolin_control/share/pangolin_control/hook/pythonpath.ps1'
[21.945s] INFO:colcon.colcon_core.shell:Creating environment descriptor '/home/ubuntu/pangolin_ws/install/pangolin_control/share/pangolin_control/hook/pythonpath.dsv'
[21.948s] INFO:colcon.colcon_core.shell:Creating environment hook '/home/ubuntu/pangolin_ws/install/pangolin_control/share/pangolin_control/hook/pythonpath.sh'
[21.951s] Level 1:colcon.colcon_core.environment:checking '/home/ubuntu/pangolin_ws/install/pangolin_control/bin'
[21.951s] Level 1:colcon.colcon_core.environment:create_environment_scripts_only(pangolin_control)
[22.081s] INFO:colcon.colcon_core.shell:Creating package script '/home/ubuntu/pangolin_ws/install/pangolin_control/share/pangolin_control/package.ps1'
[22.083s] INFO:colcon.colcon_core.shell:Creating package descriptor '/home/ubuntu/pangolin_ws/install/pangolin_control/share/pangolin_control/package.dsv'
[22.086s] INFO:colcon.colcon_core.shell:Creating package script '/home/ubuntu/pangolin_ws/install/pangolin_control/share/pangolin_control/package.sh'
[22.088s] INFO:colcon.colcon_core.shell:Creating package script '/home/ubuntu/pangolin_ws/install/pangolin_control/share/pangolin_control/package.bash'
[22.090s] INFO:colcon.colcon_core.shell:Creating package script '/home/ubuntu/pangolin_ws/install/pangolin_control/share/pangolin_control/package.zsh'
[22.092s] Level 1:colcon.colcon_core.environment:create_file_with_runtime_dependencies(/home/ubuntu/pangolin_ws/install/pangolin_control/share/colcon-core/packages/pangolin_control)
[22.094s] DEBUG:colcon.colcon_parallel_executor.executor.parallel:closing loop
[22.095s] DEBUG:colcon.colcon_parallel_executor.executor.parallel:loop closed
[22.096s] DEBUG:colcon.colcon_parallel_executor.executor.parallel:run_until_complete finished with '0'
[22.096s] DEBUG:colcon.colcon_core.event_reactor:joining thread
[22.248s] INFO:colcon.colcon_core.plugin_system:Skipping extension 'colcon_notification.desktop_notification.notify_send': Could not find 'notify-send'
[22.249s] INFO:colcon.colcon_core.plugin_system:Skipping extension 'colcon_notification.desktop_notification.terminal_notifier': Not used on non-Darwin systems
[22.249s] INFO:colcon.colcon_core.plugin_system:Skipping extension 'colcon_notification.desktop_notification.win32': Not used on non-Windows systems
[22.250s] INFO:colcon.colcon_notification.desktop_notification:Sending desktop notification using 'notify2'
[22.252s] DEBUG:colcon.colcon_notification.desktop_notification.notify2:Failed to initialize notify2: org.freedesktop.DBus.Error.ServiceUnknown: The name org.freedesktop.Notifications was not provided by any .service files
[22.252s] DEBUG:colcon.colcon_core.event_reactor:joined thread
[22.379s] INFO:colcon.colcon_core.shell:Creating prefix script '/home/ubuntu/pangolin_ws/install/local_setup.ps1'
[22.383s] INFO:colcon.colcon_core.shell:Creating prefix util module '/home/ubuntu/pangolin_ws/install/_local_setup_util_ps1.py'
[22.387s] INFO:colcon.colcon_core.shell:Creating prefix chain script '/home/ubuntu/pangolin_ws/install/setup.ps1'
[22.516s] INFO:colcon.colcon_core.shell:Creating prefix script '/home/ubuntu/pangolin_ws/install/local_setup.sh'
[22.518s] INFO:colcon.colcon_core.shell:Creating prefix util module '/home/ubuntu/pangolin_ws/install/_local_setup_util_sh.py'
[22.521s] INFO:colcon.colcon_core.shell:Creating prefix chain script '/home/ubuntu/pangolin_ws/install/setup.sh'
[22.651s] INFO:colcon.colcon_core.shell:Creating prefix script '/home/ubuntu/pangolin_ws/install/local_setup.bash'
[22.653s] INFO:colcon.colcon_core.shell:Creating prefix chain script '/home/ubuntu/pangolin_ws/install/setup.bash'
[22.784s] INFO:colcon.colcon_core.shell:Creating prefix script '/home/ubuntu/pangolin_ws/install/local_setup.zsh'
[22.786s] INFO:colcon.colcon_core.shell:Creating prefix chain script '/home/ubuntu/pangolin_ws/install/setup.zsh'
