[1.249s] Invoking command in '/home/ubuntu/pangolin_ws/build/pangolin_interfaces': CMAKE_PREFIX_PATH=/home/ubuntu/pangolin_ws/install/py_srvcli:/home/ubuntu/pangolin_ws/install/py_pubsub:/home/ubuntu/pangolin_ws/install/pangolin_control:/opt/ros/foxy /usr/bin/cmake --build /home/ubuntu/pangolin_ws/build/pangolin_interfaces -- -j4 -l4
[2.661s] Invoked command in '/home/ubuntu/pangolin_ws/build/pangolin_interfaces' returned '0': CMAKE_PREFIX_PATH=/home/ubuntu/pangolin_ws/install/py_srvcli:/home/ubuntu/pangolin_ws/install/py_pubsub:/home/ubuntu/pangolin_ws/install/pangolin_control:/opt/ros/foxy /usr/bin/cmake --build /home/ubuntu/pangolin_ws/build/pangolin_interfaces -- -j4 -l4
[2.800s] Invoking command in '/home/ubuntu/pangolin_ws/build/pangolin_interfaces': CMAKE_PREFIX_PATH=/home/ubuntu/pangolin_ws/install/py_srvcli:/home/ubuntu/pangolin_ws/install/py_pubsub:/home/ubuntu/pangolin_ws/install/pangolin_control:/opt/ros/foxy /usr/bin/cmake --install /home/ubuntu/pangolin_ws/build/pangolin_interfaces
[2.831s] -- Install configuration: ""
[2.833s] -- Execute custom install script
[2.835s] -- Up-to-date symlink: /home/ubuntu/pangolin_ws/install/pangolin_interfaces/share/ament_index/resource_index/package_run_dependencies/pangolin_interfaces
[2.837s] -- Up-to-date symlink: /home/ubuntu/pangolin_ws/install/pangolin_interfaces/share/ament_index/resource_index/parent_prefix_path/pangolin_interfaces
[2.839s] -- Up-to-date symlink: /home/ubuntu/pangolin_ws/install/pangolin_interfaces/share/pangolin_interfaces/environment/ament_prefix_path.sh
[2.840s] -- Up-to-date symlink: /home/ubuntu/pangolin_ws/install/pangolin_interfaces/share/pangolin_interfaces/environment/ament_prefix_path.dsv
[2.842s] -- Up-to-date symlink: /home/ubuntu/pangolin_ws/install/pangolin_interfaces/share/pangolin_interfaces/environment/path.sh
[2.843s] -- Up-to-date symlink: /home/ubuntu/pangolin_ws/install/pangolin_interfaces/share/pangolin_interfaces/environment/path.dsv
[2.845s] -- Up-to-date symlink: /home/ubuntu/pangolin_ws/install/pangolin_interfaces/share/pangolin_interfaces/local_setup.bash
[2.846s] -- Up-to-date symlink: /home/ubuntu/pangolin_ws/install/pangolin_interfaces/share/pangolin_interfaces/local_setup.sh
[2.848s] -- Up-to-date symlink: /home/ubuntu/pangolin_ws/install/pangolin_interfaces/share/pangolin_interfaces/local_setup.zsh
[2.849s] -- Up-to-date symlink: /home/ubuntu/pangolin_ws/install/pangolin_interfaces/share/pangolin_interfaces/local_setup.dsv
[2.850s] -- Symlinking: /home/ubuntu/pangolin_ws/install/pangolin_interfaces/share/pangolin_interfaces/package.dsv
[2.885s] -- Up-to-date symlink: /home/ubuntu/pangolin_ws/install/pangolin_interfaces/share/ament_index/resource_index/packages/pangolin_interfaces
[2.886s] -- Up-to-date symlink: /home/ubuntu/pangolin_ws/install/pangolin_interfaces/share/pangolin_interfaces/cmake/pangolin_interfacesConfig.cmake
[2.887s] -- Up-to-date symlink: /home/ubuntu/pangolin_ws/install/pangolin_interfaces/share/pangolin_interfaces/cmake/pangolin_interfacesConfig-version.cmake
[2.889s] -- Up-to-date symlink: /home/ubuntu/pangolin_ws/install/pangolin_interfaces/share/pangolin_interfaces/package.xml
[2.895s] Invoked command in '/home/ubuntu/pangolin_ws/build/pangolin_interfaces' returned '0': CMAKE_PREFIX_PATH=/home/ubuntu/pangolin_ws/install/py_srvcli:/home/ubuntu/pangolin_ws/install/py_pubsub:/home/ubuntu/pangolin_ws/install/pangolin_control:/opt/ros/foxy /usr/bin/cmake --install /home/ubuntu/pangolin_ws/build/pangolin_interfaces
