[6.024s] Invoking command in '/home/ubuntu/pangolin_ws/build/pangolin_control': PYTHONPATH=/home/ubuntu/pangolin_ws/build/pangolin_control/prefix_override:/home/ubuntu/pangolin_ws/install/pangolin_control/lib/python3.8/site-packages:${PYTHONPATH} /usr/bin/python3 setup.py develop --editable --build-directory /home/ubuntu/pangolin_ws/build/pangolin_control/build --no-deps install_data
[6.968s] running develop
[7.515s] running egg_info
[7.517s] writing pangolin_control.egg-info/PKG-INFO
[7.518s] writing dependency_links to pangolin_control.egg-info/dependency_links.txt
[7.519s] writing entry points to pangolin_control.egg-info/entry_points.txt
[7.519s] writing requirements to pangolin_control.egg-info/requires.txt
[7.523s] writing top-level names to pangolin_control.egg-info/top_level.txt
[7.648s] reading manifest file 'pangolin_control.egg-info/SOURCES.txt'
[7.651s] writing manifest file 'pangolin_control.egg-info/SOURCES.txt'
[7.657s] running build_ext
[7.659s] Creating /home/ubuntu/pangolin_ws/install/pangolin_control/lib/python3.8/site-packages/pangolin-control.egg-link (link to .)
[7.663s] Installing pangolin_control script to /home/ubuntu/pangolin_ws/install/pangolin_control/lib/pangolin_control
[7.664s] 
[7.665s] Installed /home/ubuntu/pangolin_ws/build/pangolin_control
[7.667s] running install_data
[7.670s] copying launch/pangolin_control.launch.py -> /home/ubuntu/pangolin_ws/install/pangolin_control/share/pangolin_control/launch
[7.672s] creating /home/ubuntu/pangolin_ws/install/pangolin_control/share/pangolin_control/config
[7.679s] copying config/joyps3.config.yaml -> /home/ubuntu/pangolin_ws/install/pangolin_control/share/pangolin_control/config
[8.387s] Invoked command in '/home/ubuntu/pangolin_ws/build/pangolin_control' returned '0': PYTHONPATH=/home/ubuntu/pangolin_ws/build/pangolin_control/prefix_override:/home/ubuntu/pangolin_ws/install/pangolin_control/lib/python3.8/site-packages:${PYTHONPATH} /usr/bin/python3 setup.py develop --editable --build-directory /home/ubuntu/pangolin_ws/build/pangolin_control/build --no-deps install_data
