[1.249s] Invoking command in '/home/ubuntu/pangolin_ws/build/pangolin_interfaces': CMAKE_PREFIX_PATH=${CMAKE_PREFIX_PATH}:/home/ubuntu/pangolin_ws/install/py_srvcli:/home/ubuntu/pangolin_ws/install/py_pubsub:/home/ubuntu/pangolin_ws/install/pangolin_control:/opt/ros/foxy /usr/bin/cmake --build /home/ubuntu/pangolin_ws/build/pangolin_interfaces -- -j4 -l4
[1.481s] [  3%] Built target pangolin_interfaces__cpp
[1.492s] [ 12%] Built target pangolin_interfaces__rosidl_generator_c
[1.623s] [ 22%] Built target pangolin_interfaces__rosidl_typesupport_cpp
[1.641s] [ 32%] Built target pangolin_interfaces__rosidl_typesupport_introspection_cpp
[1.687s] [ 41%] Built target pangolin_interfaces__rosidl_typesupport_c
[1.690s] [ 51%] Built target pangolin_interfaces__rosidl_typesupport_fastrtps_cpp
[1.741s] [ 61%] Built target pangolin_interfaces__rosidl_typesupport_introspection_c
[1.803s] [ 70%] Built target pangolin_interfaces__rosidl_typesupport_fastrtps_c
[1.891s] [ 70%] Built target pangolin_interfaces
[1.973s] [ 74%] Built target pangolin_interfaces__py
[2.081s] [ 80%] Built target pangolin_interfaces__python
[2.204s] [ 87%] Built target pangolin_interfaces__rosidl_typesupport_c__pyext
[2.220s] [ 93%] Built target pangolin_interfaces__rosidl_typesupport_introspection_c__pyext
[2.230s] [100%] Built target pangolin_interfaces__rosidl_typesupport_fastrtps_c__pyext
[2.942s] Invoked command in '/home/ubuntu/pangolin_ws/build/pangolin_interfaces' returned '0': CMAKE_PREFIX_PATH=${CMAKE_PREFIX_PATH}:/home/ubuntu/pangolin_ws/install/py_srvcli:/home/ubuntu/pangolin_ws/install/py_pubsub:/home/ubuntu/pangolin_ws/install/pangolin_control:/opt/ros/foxy /usr/bin/cmake --build /home/ubuntu/pangolin_ws/build/pangolin_interfaces -- -j4 -l4
[3.266s] Invoking command in '/home/ubuntu/pangolin_ws/build/pangolin_interfaces': CMAKE_PREFIX_PATH=${CMAKE_PREFIX_PATH}:/home/ubuntu/pangolin_ws/install/py_srvcli:/home/ubuntu/pangolin_ws/install/py_pubsub:/home/ubuntu/pangolin_ws/install/pangolin_control:/opt/ros/foxy /usr/bin/cmake --install /home/ubuntu/pangolin_ws/build/pangolin_interfaces
[3.303s] -- Install configuration: ""
[3.305s] -- Execute custom install script
[3.307s] -- Up-to-date symlink: /home/ubuntu/pangolin_ws/install/pangolin_interfaces/share/ament_index/resource_index/rosidl_interfaces/pangolin_interfaces
[3.310s] -- Up-to-date symlink: /home/ubuntu/pangolin_ws/install/pangolin_interfaces/include/pangolin_interfaces/action/detail/pangolin_action__functions.h
[3.312s] -- Up-to-date symlink: /home/ubuntu/pangolin_ws/install/pangolin_interfaces/include/pangolin_interfaces/action/detail/pangolin_action__struct.h
[3.313s] -- Up-to-date symlink: /home/ubuntu/pangolin_ws/install/pangolin_interfaces/include/pangolin_interfaces/action/detail/pangolin_action__type_support.h
[3.315s] -- Up-to-date symlink: /home/ubuntu/pangolin_ws/install/pangolin_interfaces/include/pangolin_interfaces/action/pangolin_action.h
[3.316s] -- Up-to-date symlink: /home/ubuntu/pangolin_ws/install/pangolin_interfaces/include/pangolin_interfaces/msg/rosidl_generator_c__visibility_control.h
[3.318s] -- Up-to-date symlink: /home/ubuntu/pangolin_ws/install/pangolin_interfaces/share/pangolin_interfaces/environment/library_path.sh
[3.320s] -- Up-to-date symlink: /home/ubuntu/pangolin_ws/install/pangolin_interfaces/share/pangolin_interfaces/environment/library_path.dsv
[3.324s] -- Up-to-date symlink: /home/ubuntu/pangolin_ws/install/pangolin_interfaces/include/pangolin_interfaces/action/detail/pangolin_action__rosidl_typesupport_fastrtps_c.h
[3.326s] -- Up-to-date symlink: /home/ubuntu/pangolin_ws/install/pangolin_interfaces/include/pangolin_interfaces/msg/rosidl_typesupport_fastrtps_c__visibility_control.h
[3.328s] -- Up-to-date symlink: /home/ubuntu/pangolin_ws/install/pangolin_interfaces/lib/libpangolin_interfaces__rosidl_typesupport_fastrtps_c.so
[3.331s] -- Up-to-date symlink: /home/ubuntu/pangolin_ws/install/pangolin_interfaces/include/pangolin_interfaces/action/detail/pangolin_action__rosidl_typesupport_fastrtps_cpp.hpp
[3.333s] -- Up-to-date symlink: /home/ubuntu/pangolin_ws/install/pangolin_interfaces/include/pangolin_interfaces/msg/rosidl_typesupport_fastrtps_cpp__visibility_control.h
[3.335s] -- Up-to-date symlink: /home/ubuntu/pangolin_ws/install/pangolin_interfaces/lib/libpangolin_interfaces__rosidl_typesupport_fastrtps_cpp.so
[3.338s] -- Up-to-date symlink: /home/ubuntu/pangolin_ws/install/pangolin_interfaces/include/pangolin_interfaces/action/detail/pangolin_action__rosidl_typesupport_introspection_c.h
[3.339s] -- Up-to-date symlink: /home/ubuntu/pangolin_ws/install/pangolin_interfaces/include/pangolin_interfaces/msg/rosidl_typesupport_introspection_c__visibility_control.h
[3.343s] -- Up-to-date symlink: /home/ubuntu/pangolin_ws/install/pangolin_interfaces/include/pangolin_interfaces/action/detail/pangolin_action__builder.hpp
[3.344s] -- Up-to-date symlink: /home/ubuntu/pangolin_ws/install/pangolin_interfaces/include/pangolin_interfaces/action/detail/pangolin_action__struct.hpp
[3.345s] -- Up-to-date symlink: /home/ubuntu/pangolin_ws/install/pangolin_interfaces/include/pangolin_interfaces/action/detail/pangolin_action__traits.hpp
[3.347s] -- Up-to-date symlink: /home/ubuntu/pangolin_ws/install/pangolin_interfaces/include/pangolin_interfaces/action/detail/pangolin_action__type_support.hpp
[3.348s] -- Up-to-date symlink: /home/ubuntu/pangolin_ws/install/pangolin_interfaces/include/pangolin_interfaces/action/pangolin_action.hpp
[3.349s] -- Up-to-date symlink: /home/ubuntu/pangolin_ws/install/pangolin_interfaces/include/pangolin_interfaces/msg/rosidl_generator_cpp__visibility_control.hpp
[3.352s] -- Up-to-date symlink: /home/ubuntu/pangolin_ws/install/pangolin_interfaces/include/pangolin_interfaces/action/detail/pangolin_action__rosidl_typesupport_introspection_cpp.hpp
[3.354s] -- Up-to-date symlink: /home/ubuntu/pangolin_ws/install/pangolin_interfaces/share/pangolin_interfaces/environment/pythonpath.sh
[3.355s] -- Up-to-date symlink: /home/ubuntu/pangolin_ws/install/pangolin_interfaces/share/pangolin_interfaces/environment/pythonpath.dsv
[3.357s] -- Up-to-date symlink: /home/ubuntu/pangolin_ws/install/pangolin_interfaces/lib/python3.8/site-packages/pangolin_interfaces/__init__.py
[3.360s] -- Up-to-date symlink: /home/ubuntu/pangolin_ws/install/pangolin_interfaces/lib/python3.8/site-packages/pangolin_interfaces/action/__init__.py
[3.361s] -- Up-to-date symlink: /home/ubuntu/pangolin_ws/install/pangolin_interfaces/lib/python3.8/site-packages/pangolin_interfaces/action/_pangolin_action.py
[3.363s] -- Up-to-date symlink: /home/ubuntu/pangolin_ws/install/pangolin_interfaces/lib/python3.8/site-packages/pangolin_interfaces/pangolin_interfaces_s__rosidl_typesupport_fastrtps_c.cpython-38-aarch64-linux-gnu.so
[3.365s] -- Up-to-date symlink: /home/ubuntu/pangolin_ws/install/pangolin_interfaces/lib/python3.8/site-packages/pangolin_interfaces/pangolin_interfaces_s__rosidl_typesupport_introspection_c.cpython-38-aarch64-linux-gnu.so
[3.367s] -- Up-to-date symlink: /home/ubuntu/pangolin_ws/install/pangolin_interfaces/lib/python3.8/site-packages/pangolin_interfaces/pangolin_interfaces_s__rosidl_typesupport_c.cpython-38-aarch64-linux-gnu.so
[3.369s] -- Up-to-date symlink: /home/ubuntu/pangolin_ws/install/pangolin_interfaces/lib/libpangolin_interfaces__python.so
[3.371s] -- Up-to-date symlink: /home/ubuntu/pangolin_ws/install/pangolin_interfaces/share/pangolin_interfaces/action/PangolinAction.idl
[3.373s] -- Up-to-date symlink: /home/ubuntu/pangolin_ws/install/pangolin_interfaces/share/pangolin_interfaces/action/PangolinAction.action
[3.374s] -- Up-to-date symlink: /home/ubuntu/pangolin_ws/install/pangolin_interfaces/share/ament_index/resource_index/package_run_dependencies/pangolin_interfaces
[3.376s] -- Up-to-date symlink: /home/ubuntu/pangolin_ws/install/pangolin_interfaces/share/ament_index/resource_index/parent_prefix_path/pangolin_interfaces
[3.378s] -- Up-to-date symlink: /home/ubuntu/pangolin_ws/install/pangolin_interfaces/share/pangolin_interfaces/environment/ament_prefix_path.sh
[3.379s] -- Up-to-date symlink: /home/ubuntu/pangolin_ws/install/pangolin_interfaces/share/pangolin_interfaces/environment/ament_prefix_path.dsv
[3.381s] -- Up-to-date symlink: /home/ubuntu/pangolin_ws/install/pangolin_interfaces/share/pangolin_interfaces/environment/path.sh
[3.383s] -- Up-to-date symlink: /home/ubuntu/pangolin_ws/install/pangolin_interfaces/share/pangolin_interfaces/environment/path.dsv
[3.384s] -- Up-to-date symlink: /home/ubuntu/pangolin_ws/install/pangolin_interfaces/share/pangolin_interfaces/local_setup.bash
[3.386s] -- Up-to-date symlink: /home/ubuntu/pangolin_ws/install/pangolin_interfaces/share/pangolin_interfaces/local_setup.sh
[3.387s] -- Up-to-date symlink: /home/ubuntu/pangolin_ws/install/pangolin_interfaces/share/pangolin_interfaces/local_setup.zsh
[3.389s] -- Up-to-date symlink: /home/ubuntu/pangolin_ws/install/pangolin_interfaces/share/pangolin_interfaces/local_setup.dsv
[3.389s] -- Symlinking: /home/ubuntu/pangolin_ws/install/pangolin_interfaces/share/pangolin_interfaces/package.dsv
[3.424s] -- Up-to-date symlink: /home/ubuntu/pangolin_ws/install/pangolin_interfaces/share/ament_index/resource_index/packages/pangolin_interfaces
[3.426s] -- Up-to-date symlink: /home/ubuntu/pangolin_ws/install/pangolin_interfaces/share/pangolin_interfaces/cmake/rosidl_cmake-extras.cmake
[3.428s] -- Up-to-date symlink: /home/ubuntu/pangolin_ws/install/pangolin_interfaces/share/pangolin_interfaces/cmake/ament_cmake_export_dependencies-extras.cmake
[3.429s] -- Up-to-date symlink: /home/ubuntu/pangolin_ws/install/pangolin_interfaces/share/pangolin_interfaces/cmake/ament_cmake_export_libraries-extras.cmake
[3.431s] -- Up-to-date symlink: /home/ubuntu/pangolin_ws/install/pangolin_interfaces/share/pangolin_interfaces/cmake/ament_cmake_export_targets-extras.cmake
[3.432s] -- Up-to-date symlink: /home/ubuntu/pangolin_ws/install/pangolin_interfaces/share/pangolin_interfaces/cmake/ament_cmake_export_include_directories-extras.cmake
[3.434s] -- Up-to-date symlink: /home/ubuntu/pangolin_ws/install/pangolin_interfaces/share/pangolin_interfaces/cmake/rosidl_cmake_export_typesupport_libraries-extras.cmake
[3.435s] -- Up-to-date symlink: /home/ubuntu/pangolin_ws/install/pangolin_interfaces/share/pangolin_interfaces/cmake/rosidl_cmake_export_typesupport_targets-extras.cmake
[3.437s] -- Up-to-date symlink: /home/ubuntu/pangolin_ws/install/pangolin_interfaces/share/pangolin_interfaces/cmake/pangolin_interfacesConfig.cmake
[3.438s] -- Up-to-date symlink: /home/ubuntu/pangolin_ws/install/pangolin_interfaces/share/pangolin_interfaces/cmake/pangolin_interfacesConfig-version.cmake
[3.439s] -- Up-to-date symlink: /home/ubuntu/pangolin_ws/install/pangolin_interfaces/share/pangolin_interfaces/package.xml
[3.441s] -- Up-to-date: /home/ubuntu/pangolin_ws/install/pangolin_interfaces/lib/libpangolin_interfaces__rosidl_generator_c.so
[3.445s] -- Up-to-date: /home/ubuntu/pangolin_ws/install/pangolin_interfaces/lib/libpangolin_interfaces__rosidl_typesupport_introspection_c.so
[3.447s] -- Up-to-date: /home/ubuntu/pangolin_ws/install/pangolin_interfaces/lib/libpangolin_interfaces__rosidl_typesupport_c.so
[3.449s] -- Up-to-date: /home/ubuntu/pangolin_ws/install/pangolin_interfaces/lib/libpangolin_interfaces__rosidl_typesupport_introspection_cpp.so
[3.452s] -- Up-to-date: /home/ubuntu/pangolin_ws/install/pangolin_interfaces/lib/libpangolin_interfaces__rosidl_typesupport_cpp.so
[3.633s] -- Up-to-date: /home/ubuntu/pangolin_ws/install/pangolin_interfaces/share/pangolin_interfaces/cmake/pangolin_interfaces__rosidl_generator_cExport.cmake
[3.633s] -- Up-to-date: /home/ubuntu/pangolin_ws/install/pangolin_interfaces/share/pangolin_interfaces/cmake/pangolin_interfaces__rosidl_generator_cExport-noconfig.cmake
[3.634s] -- Up-to-date: /home/ubuntu/pangolin_ws/install/pangolin_interfaces/share/pangolin_interfaces/cmake/pangolin_interfaces__rosidl_typesupport_introspection_cExport.cmake
[3.635s] -- Up-to-date: /home/ubuntu/pangolin_ws/install/pangolin_interfaces/share/pangolin_interfaces/cmake/pangolin_interfaces__rosidl_typesupport_introspection_cExport-noconfig.cmake
[3.636s] -- Up-to-date: /home/ubuntu/pangolin_ws/install/pangolin_interfaces/share/pangolin_interfaces/cmake/pangolin_interfaces__rosidl_typesupport_cExport.cmake
[3.637s] -- Up-to-date: /home/ubuntu/pangolin_ws/install/pangolin_interfaces/share/pangolin_interfaces/cmake/pangolin_interfaces__rosidl_typesupport_cExport-noconfig.cmake
[3.638s] -- Up-to-date: /home/ubuntu/pangolin_ws/install/pangolin_interfaces/share/pangolin_interfaces/cmake/pangolin_interfaces__rosidl_generator_cppExport.cmake
[3.640s] -- Up-to-date: /home/ubuntu/pangolin_ws/install/pangolin_interfaces/share/pangolin_interfaces/cmake/pangolin_interfaces__rosidl_typesupport_introspection_cppExport.cmake
[3.640s] -- Up-to-date: /home/ubuntu/pangolin_ws/install/pangolin_interfaces/share/pangolin_interfaces/cmake/pangolin_interfaces__rosidl_typesupport_introspection_cppExport-noconfig.cmake
[3.641s] -- Up-to-date: /home/ubuntu/pangolin_ws/install/pangolin_interfaces/share/pangolin_interfaces/cmake/pangolin_interfaces__rosidl_typesupport_cppExport.cmake
[3.642s] -- Up-to-date: /home/ubuntu/pangolin_ws/install/pangolin_interfaces/share/pangolin_interfaces/cmake/pangolin_interfaces__rosidl_typesupport_cppExport-noconfig.cmake
[3.650s] Invoked command in '/home/ubuntu/pangolin_ws/build/pangolin_interfaces' returned '0': CMAKE_PREFIX_PATH=${CMAKE_PREFIX_PATH}:/home/ubuntu/pangolin_ws/install/py_srvcli:/home/ubuntu/pangolin_ws/install/py_pubsub:/home/ubuntu/pangolin_ws/install/pangolin_control:/opt/ros/foxy /usr/bin/cmake --install /home/ubuntu/pangolin_ws/build/pangolin_interfaces
