[1.399s] Invoking command in '/home/ubuntu/pangolin_ws/build/pangolin_interfaces': CMAKE_PREFIX_PATH=${CMAKE_PREFIX_PATH}:/home/ubuntu/pangolin_ws/install/py_srvcli:/home/ubuntu/pangolin_ws/install/py_pubsub:/home/ubuntu/pangolin_ws/install/pangolin_control:/opt/ros/foxy /usr/bin/cmake --build /home/ubuntu/pangolin_ws/build/pangolin_interfaces -- -j4 -l4
[1.509s] -- Found ament_cmake: 0.9.12 (/opt/ros/foxy/share/ament_cmake/cmake)
[1.637s] -- Found PythonInterp: /usr/bin/python3 (found suitable version "3.8.10", minimum required is "3") 
[1.638s] -- Using PYTHON_EXECUTABLE: /usr/bin/python3
[2.479s] -- Override CMake install command with custom implementation using symlinks instead of copying resources
[2.523s] -- Found geometry_msgs: 2.0.5 (/opt/ros/foxy/share/geometry_msgs/cmake)
[2.621s] -- Using all available rosidl_typesupport_c: rosidl_typesupport_fastrtps_c;rosidl_typesupport_introspection_c
[2.636s] -- Found rosidl_adapter: 1.3.1 (/opt/ros/foxy/share/rosidl_adapter/cmake)
[3.157s] -- Using all available rosidl_typesupport_cpp: rosidl_typesupport_fastrtps_cpp;rosidl_typesupport_introspection_cpp
[3.479s] -- Found rosidl_default_generators: 1.0.1 (/opt/ros/foxy/share/rosidl_default_generators/cmake)
[3.642s] -- Found PythonInterp: /usr/bin/python3 (found version "3.8.10") 
[4.490s] -- Found ament_cmake_ros: 0.9.2 (/opt/ros/foxy/share/ament_cmake_ros/cmake)
[5.130s] -- Using all available rosidl_typesupport_c: rosidl_typesupport_fastrtps_c;rosidl_typesupport_introspection_c
[5.244s] -- Using all available rosidl_typesupport_cpp: rosidl_typesupport_fastrtps_cpp;rosidl_typesupport_introspection_cpp
[5.383s] -- Found PythonInterp: /usr/bin/python3 (found suitable version "3.8.10", minimum required is "3.5") 
[5.399s] -- Found python_cmake_module: 0.8.1 (/opt/ros/foxy/share/python_cmake_module/cmake)
[5.544s] -- Found PythonLibs: /usr/lib/aarch64-linux-gnu/libpython3.8.so (found suitable version "3.8.10", minimum required is "3.5") 
[5.546s] -- Using PYTHON_EXECUTABLE: /usr/bin/python3
[5.547s] -- Using PYTHON_INCLUDE_DIRS: /usr/include/python3.8
[5.547s] -- Using PYTHON_LIBRARIES: /usr/lib/aarch64-linux-gnu/libpython3.8.so
[5.675s] -- Found PythonExtra: .so  
[5.922s] -- Found ament_lint_auto: 0.9.8 (/opt/ros/foxy/share/ament_lint_auto/cmake)
[5.999s] -- Added test 'copyright' to check source files copyright and LICENSE
[6.017s] -- Added test 'lint_cmake' to check CMake code style
[6.027s] -- Added test 'xmllint' to check XML markup files
[6.069s] -- Configuring done
[6.319s] -- Generating done
[6.333s] -- Build files have been written to: /home/ubuntu/pangolin_ws/build/pangolin_interfaces
[6.447s] [35m[1mScanning dependencies of target pangolin_interfaces__cpp[0m
[6.486s] [  3%] [34m[1mGenerating C code for ROS interfaces[0m
[6.528s] [  6%] [34m[1mGenerating C++ code for ROS interfaces[0m
[8.195s] [  6%] Built target pangolin_interfaces__cpp
[8.242s] [ 12%] [34m[1mGenerating C++ type support for eProsima Fast-RTPS[0m
[8.243s] [ 12%] [34m[1mGenerating C++ type support dispatch for ROS interfaces[0m
[8.247s] [ 16%] [34m[1mGenerating C++ introspection for ROS interfaces[0m
[8.274s] [35m[1mScanning dependencies of target pangolin_interfaces__rosidl_generator_c[0m
[8.396s] [ 19%] [32mBuilding C object CMakeFiles/pangolin_interfaces__rosidl_generator_c.dir/rosidl_generator_c/pangolin_interfaces/action/detail/pangolin_action__functions.c.o[0m
[9.234s] [ 22%] [32m[1mLinking C shared library libpangolin_interfaces__rosidl_generator_c.so[0m
[9.444s] [ 22%] Built target pangolin_interfaces__rosidl_generator_c
[9.516s] [ 25%] [34m[1mGenerating C type support dispatch for ROS interfaces[0m
[9.549s] [35m[1mScanning dependencies of target pangolin_interfaces__rosidl_typesupport_cpp[0m
[9.723s] [ 29%] [32mBuilding CXX object CMakeFiles/pangolin_interfaces__rosidl_typesupport_cpp.dir/rosidl_typesupport_cpp/pangolin_interfaces/action/pangolin_action__type_support.cpp.o[0m
[9.806s] [35m[1mScanning dependencies of target pangolin_interfaces__rosidl_typesupport_introspection_cpp[0m
[9.925s] [ 32%] [32mBuilding CXX object CMakeFiles/pangolin_interfaces__rosidl_typesupport_introspection_cpp.dir/rosidl_typesupport_introspection_cpp/pangolin_interfaces/action/detail/pangolin_action__type_support.cpp.o[0m
[10.006s] [35m[1mScanning dependencies of target pangolin_interfaces__rosidl_typesupport_fastrtps_cpp[0m
[10.237s] [ 35%] [32mBuilding CXX object CMakeFiles/pangolin_interfaces__rosidl_typesupport_fastrtps_cpp.dir/rosidl_typesupport_fastrtps_cpp/pangolin_interfaces/action/detail/dds_fastrtps/pangolin_action__type_support.cpp.o[0m
[10.892s] [35m[1mScanning dependencies of target pangolin_interfaces__rosidl_typesupport_c[0m
[11.036s] [ 38%] [32mBuilding CXX object CMakeFiles/pangolin_interfaces__rosidl_typesupport_c.dir/rosidl_typesupport_c/pangolin_interfaces/action/pangolin_action__type_support.cpp.o[0m
[11.403s] [ 41%] [32m[1mLinking CXX shared library libpangolin_interfaces__rosidl_typesupport_c.so[0m
[11.676s] [ 41%] Built target pangolin_interfaces__rosidl_typesupport_c
[11.739s] [ 45%] [34m[1mGenerating C introspection for ROS interfaces[0m
[11.744s] [ 48%] [32m[1mLinking CXX shared library libpangolin_interfaces__rosidl_typesupport_cpp.so[0m
[11.848s] [ 51%] [32m[1mLinking CXX shared library libpangolin_interfaces__rosidl_typesupport_introspection_cpp.so[0m
[11.955s] [ 51%] Built target pangolin_interfaces__rosidl_typesupport_cpp
[12.192s] [ 51%] Built target pangolin_interfaces__rosidl_typesupport_introspection_cpp
[13.022s] [ 54%] [32m[1mLinking CXX shared library libpangolin_interfaces__rosidl_typesupport_fastrtps_cpp.so[0m
[13.278s] [35m[1mScanning dependencies of target pangolin_interfaces__rosidl_typesupport_introspection_c[0m
[13.348s] [ 58%] [32mBuilding C object CMakeFiles/pangolin_interfaces__rosidl_typesupport_introspection_c.dir/rosidl_typesupport_introspection_c/pangolin_interfaces/action/detail/pangolin_action__type_support.c.o[0m
[13.363s] [ 58%] Built target pangolin_interfaces__rosidl_typesupport_fastrtps_cpp
[13.408s] [ 61%] [34m[1mGenerating C type support for eProsima Fast-RTPS[0m
[13.556s] [ 64%] [32m[1mLinking C shared library libpangolin_interfaces__rosidl_typesupport_introspection_c.so[0m
[13.685s] [ 64%] Built target pangolin_interfaces__rosidl_typesupport_introspection_c
[14.757s] [35m[1mScanning dependencies of target pangolin_interfaces__rosidl_typesupport_fastrtps_c[0m
[14.843s] [ 67%] [32mBuilding CXX object CMakeFiles/pangolin_interfaces__rosidl_typesupport_fastrtps_c.dir/rosidl_typesupport_fastrtps_c/pangolin_interfaces/action/detail/pangolin_action__type_support_c.cpp.o[0m
[16.380s] [ 70%] [32m[1mLinking CXX shared library libpangolin_interfaces__rosidl_typesupport_fastrtps_c.so[0m
[16.692s] [ 70%] Built target pangolin_interfaces__rosidl_typesupport_fastrtps_c
[16.731s] [35m[1mScanning dependencies of target pangolin_interfaces[0m
[16.775s] [ 70%] Built target pangolin_interfaces
[16.815s] [35m[1mScanning dependencies of target pangolin_interfaces__py[0m
[16.859s] [ 74%] [34m[1mGenerating Python code for ROS interfaces[0m
[19.619s] [ 74%] Built target pangolin_interfaces__py
[19.657s] [35m[1mScanning dependencies of target pangolin_interfaces__python[0m
[19.803s] [ 77%] [32mBuilding C object CMakeFiles/pangolin_interfaces__python.dir/rosidl_generator_py/pangolin_interfaces/action/_pangolin_action_s.c.o[0m
[20.377s] [ 80%] [32m[1mLinking C shared library rosidl_generator_py/pangolin_interfaces/libpangolin_interfaces__python.so[0m
[20.580s] [ 80%] Built target pangolin_interfaces__python
[20.637s] [35m[1mScanning dependencies of target pangolin_interfaces__rosidl_typesupport_c__pyext[0m
[20.638s] [35m[1mScanning dependencies of target pangolin_interfaces__rosidl_typesupport_introspection_c__pyext[0m
[20.638s] [35m[1mScanning dependencies of target pangolin_interfaces__rosidl_typesupport_fastrtps_c__pyext[0m
[20.732s] [ 83%] [32mBuilding C object CMakeFiles/pangolin_interfaces__rosidl_typesupport_c__pyext.dir/rosidl_generator_py/pangolin_interfaces/_pangolin_interfaces_s.ep.rosidl_typesupport_c.c.o[0m
[20.738s] [ 87%] [32mBuilding C object CMakeFiles/pangolin_interfaces__rosidl_typesupport_introspection_c__pyext.dir/rosidl_generator_py/pangolin_interfaces/_pangolin_interfaces_s.ep.rosidl_typesupport_introspection_c.c.o[0m
[20.746s] [ 90%] [32mBuilding C object CMakeFiles/pangolin_interfaces__rosidl_typesupport_fastrtps_c__pyext.dir/rosidl_generator_py/pangolin_interfaces/_pangolin_interfaces_s.ep.rosidl_typesupport_fastrtps_c.c.o[0m
[21.242s] [ 93%] [32m[1mLinking C shared library rosidl_generator_py/pangolin_interfaces/pangolin_interfaces_s__rosidl_typesupport_c.cpython-38-aarch64-linux-gnu.so[0m
[21.265s] [ 96%] [32m[1mLinking C shared library rosidl_generator_py/pangolin_interfaces/pangolin_interfaces_s__rosidl_typesupport_introspection_c.cpython-38-aarch64-linux-gnu.so[0m
[21.296s] [100%] [32m[1mLinking CXX shared library rosidl_generator_py/pangolin_interfaces/pangolin_interfaces_s__rosidl_typesupport_fastrtps_c.cpython-38-aarch64-linux-gnu.so[0m
[21.498s] [100%] Built target pangolin_interfaces__rosidl_typesupport_c__pyext
[21.537s] [100%] Built target pangolin_interfaces__rosidl_typesupport_introspection_c__pyext
[21.654s] [100%] Built target pangolin_interfaces__rosidl_typesupport_fastrtps_c__pyext
[21.696s] Invoked command in '/home/ubuntu/pangolin_ws/build/pangolin_interfaces' returned '0': CMAKE_PREFIX_PATH=${CMAKE_PREFIX_PATH}:/home/ubuntu/pangolin_ws/install/py_srvcli:/home/ubuntu/pangolin_ws/install/py_pubsub:/home/ubuntu/pangolin_ws/install/pangolin_control:/opt/ros/foxy /usr/bin/cmake --build /home/ubuntu/pangolin_ws/build/pangolin_interfaces -- -j4 -l4
[22.028s] Invoking command in '/home/ubuntu/pangolin_ws/build/pangolin_interfaces': CMAKE_PREFIX_PATH=${CMAKE_PREFIX_PATH}:/home/ubuntu/pangolin_ws/install/py_srvcli:/home/ubuntu/pangolin_ws/install/py_pubsub:/home/ubuntu/pangolin_ws/install/pangolin_control:/opt/ros/foxy /usr/bin/cmake --install /home/ubuntu/pangolin_ws/build/pangolin_interfaces
[22.060s] -- Install configuration: ""
[22.062s] -- Execute custom install script
[22.063s] -- Symlinking: /home/ubuntu/pangolin_ws/install/pangolin_interfaces/share/ament_index/resource_index/rosidl_interfaces/pangolin_interfaces
[22.099s] -- Symlinking: /home/ubuntu/pangolin_ws/install/pangolin_interfaces/include/pangolin_interfaces/action/detail/pangolin_action__functions.h
[22.130s] -- Symlinking: /home/ubuntu/pangolin_ws/install/pangolin_interfaces/include/pangolin_interfaces/action/detail/pangolin_action__struct.h
[22.160s] -- Symlinking: /home/ubuntu/pangolin_ws/install/pangolin_interfaces/include/pangolin_interfaces/action/detail/pangolin_action__type_support.h
[22.191s] -- Symlinking: /home/ubuntu/pangolin_ws/install/pangolin_interfaces/include/pangolin_interfaces/action/pangolin_action.h
[22.222s] -- Symlinking: /home/ubuntu/pangolin_ws/install/pangolin_interfaces/include/pangolin_interfaces/msg/rosidl_generator_c__visibility_control.h
[22.254s] -- Symlinking: /home/ubuntu/pangolin_ws/install/pangolin_interfaces/share/pangolin_interfaces/environment/library_path.sh
[22.287s] -- Symlinking: /home/ubuntu/pangolin_ws/install/pangolin_interfaces/share/pangolin_interfaces/environment/library_path.dsv
[22.322s] -- Symlinking: /home/ubuntu/pangolin_ws/install/pangolin_interfaces/include/pangolin_interfaces/action/detail/pangolin_action__rosidl_typesupport_fastrtps_c.h
[22.354s] -- Symlinking: /home/ubuntu/pangolin_ws/install/pangolin_interfaces/include/pangolin_interfaces/msg/rosidl_typesupport_fastrtps_c__visibility_control.h
[22.386s] -- Symlinking: /home/ubuntu/pangolin_ws/install/pangolin_interfaces/lib/libpangolin_interfaces__rosidl_typesupport_fastrtps_c.so
[22.420s] -- Symlinking: /home/ubuntu/pangolin_ws/install/pangolin_interfaces/include/pangolin_interfaces/action/detail/pangolin_action__rosidl_typesupport_fastrtps_cpp.hpp
[22.452s] -- Symlinking: /home/ubuntu/pangolin_ws/install/pangolin_interfaces/include/pangolin_interfaces/msg/rosidl_typesupport_fastrtps_cpp__visibility_control.h
[22.484s] -- Symlinking: /home/ubuntu/pangolin_ws/install/pangolin_interfaces/lib/libpangolin_interfaces__rosidl_typesupport_fastrtps_cpp.so
[22.517s] -- Symlinking: /home/ubuntu/pangolin_ws/install/pangolin_interfaces/include/pangolin_interfaces/action/detail/pangolin_action__rosidl_typesupport_introspection_c.h
[22.550s] -- Symlinking: /home/ubuntu/pangolin_ws/install/pangolin_interfaces/include/pangolin_interfaces/msg/rosidl_typesupport_introspection_c__visibility_control.h
[22.582s] -- Symlinking: /home/ubuntu/pangolin_ws/install/pangolin_interfaces/include/pangolin_interfaces/action/detail/pangolin_action__builder.hpp
[22.615s] -- Symlinking: /home/ubuntu/pangolin_ws/install/pangolin_interfaces/include/pangolin_interfaces/action/detail/pangolin_action__struct.hpp
[22.646s] -- Symlinking: /home/ubuntu/pangolin_ws/install/pangolin_interfaces/include/pangolin_interfaces/action/detail/pangolin_action__traits.hpp
[22.677s] -- Symlinking: /home/ubuntu/pangolin_ws/install/pangolin_interfaces/include/pangolin_interfaces/action/detail/pangolin_action__type_support.hpp
[22.708s] -- Symlinking: /home/ubuntu/pangolin_ws/install/pangolin_interfaces/include/pangolin_interfaces/action/pangolin_action.hpp
[22.739s] -- Symlinking: /home/ubuntu/pangolin_ws/install/pangolin_interfaces/include/pangolin_interfaces/msg/rosidl_generator_cpp__visibility_control.hpp
[22.771s] -- Symlinking: /home/ubuntu/pangolin_ws/install/pangolin_interfaces/include/pangolin_interfaces/action/detail/pangolin_action__rosidl_typesupport_introspection_cpp.hpp
[22.803s] -- Symlinking: /home/ubuntu/pangolin_ws/install/pangolin_interfaces/share/pangolin_interfaces/environment/pythonpath.sh
[22.833s] -- Symlinking: /home/ubuntu/pangolin_ws/install/pangolin_interfaces/share/pangolin_interfaces/environment/pythonpath.dsv
[22.866s] -- Symlinking: /home/ubuntu/pangolin_ws/install/pangolin_interfaces/lib/python3.8/site-packages/pangolin_interfaces/__init__.py
[22.899s] -- Symlinking: /home/ubuntu/pangolin_ws/install/pangolin_interfaces/lib/python3.8/site-packages/pangolin_interfaces/action/__init__.py
[22.930s] -- Symlinking: /home/ubuntu/pangolin_ws/install/pangolin_interfaces/lib/python3.8/site-packages/pangolin_interfaces/action/_pangolin_action.py
[22.962s] -- Symlinking: /home/ubuntu/pangolin_ws/install/pangolin_interfaces/lib/python3.8/site-packages/pangolin_interfaces/pangolin_interfaces_s__rosidl_typesupport_fastrtps_c.cpython-38-aarch64-linux-gnu.so
[22.994s] -- Symlinking: /home/ubuntu/pangolin_ws/install/pangolin_interfaces/lib/python3.8/site-packages/pangolin_interfaces/pangolin_interfaces_s__rosidl_typesupport_introspection_c.cpython-38-aarch64-linux-gnu.so
[23.027s] -- Symlinking: /home/ubuntu/pangolin_ws/install/pangolin_interfaces/lib/python3.8/site-packages/pangolin_interfaces/pangolin_interfaces_s__rosidl_typesupport_c.cpython-38-aarch64-linux-gnu.so
[23.060s] -- Symlinking: /home/ubuntu/pangolin_ws/install/pangolin_interfaces/lib/libpangolin_interfaces__python.so
[23.092s] -- Symlinking: /home/ubuntu/pangolin_ws/install/pangolin_interfaces/share/pangolin_interfaces/action/PangolinAction.idl
[23.125s] -- Symlinking: /home/ubuntu/pangolin_ws/install/pangolin_interfaces/share/pangolin_interfaces/action/PangolinAction.action
[23.156s] -- Up-to-date symlink: /home/ubuntu/pangolin_ws/install/pangolin_interfaces/share/ament_index/resource_index/package_run_dependencies/pangolin_interfaces
[23.157s] -- Up-to-date symlink: /home/ubuntu/pangolin_ws/install/pangolin_interfaces/share/ament_index/resource_index/parent_prefix_path/pangolin_interfaces
[23.159s] -- Up-to-date symlink: /home/ubuntu/pangolin_ws/install/pangolin_interfaces/share/pangolin_interfaces/environment/ament_prefix_path.sh
[23.160s] -- Up-to-date symlink: /home/ubuntu/pangolin_ws/install/pangolin_interfaces/share/pangolin_interfaces/environment/ament_prefix_path.dsv
[23.162s] -- Up-to-date symlink: /home/ubuntu/pangolin_ws/install/pangolin_interfaces/share/pangolin_interfaces/environment/path.sh
[23.163s] -- Up-to-date symlink: /home/ubuntu/pangolin_ws/install/pangolin_interfaces/share/pangolin_interfaces/environment/path.dsv
[23.164s] -- Up-to-date symlink: /home/ubuntu/pangolin_ws/install/pangolin_interfaces/share/pangolin_interfaces/local_setup.bash
[23.166s] -- Up-to-date symlink: /home/ubuntu/pangolin_ws/install/pangolin_interfaces/share/pangolin_interfaces/local_setup.sh
[23.167s] -- Up-to-date symlink: /home/ubuntu/pangolin_ws/install/pangolin_interfaces/share/pangolin_interfaces/local_setup.zsh
[23.169s] -- Up-to-date symlink: /home/ubuntu/pangolin_ws/install/pangolin_interfaces/share/pangolin_interfaces/local_setup.dsv
[23.169s] -- Symlinking: /home/ubuntu/pangolin_ws/install/pangolin_interfaces/share/pangolin_interfaces/package.dsv
[23.202s] -- Up-to-date symlink: /home/ubuntu/pangolin_ws/install/pangolin_interfaces/share/ament_index/resource_index/packages/pangolin_interfaces
[23.203s] -- Symlinking: /home/ubuntu/pangolin_ws/install/pangolin_interfaces/share/pangolin_interfaces/cmake/rosidl_cmake-extras.cmake
[23.237s] -- Symlinking: /home/ubuntu/pangolin_ws/install/pangolin_interfaces/share/pangolin_interfaces/cmake/ament_cmake_export_dependencies-extras.cmake
[23.268s] -- Symlinking: /home/ubuntu/pangolin_ws/install/pangolin_interfaces/share/pangolin_interfaces/cmake/ament_cmake_export_libraries-extras.cmake
[23.300s] -- Symlinking: /home/ubuntu/pangolin_ws/install/pangolin_interfaces/share/pangolin_interfaces/cmake/ament_cmake_export_targets-extras.cmake
[23.332s] -- Symlinking: /home/ubuntu/pangolin_ws/install/pangolin_interfaces/share/pangolin_interfaces/cmake/ament_cmake_export_include_directories-extras.cmake
[23.363s] -- Symlinking: /home/ubuntu/pangolin_ws/install/pangolin_interfaces/share/pangolin_interfaces/cmake/rosidl_cmake_export_typesupport_libraries-extras.cmake
[23.394s] -- Symlinking: /home/ubuntu/pangolin_ws/install/pangolin_interfaces/share/pangolin_interfaces/cmake/rosidl_cmake_export_typesupport_targets-extras.cmake
[23.426s] -- Up-to-date symlink: /home/ubuntu/pangolin_ws/install/pangolin_interfaces/share/pangolin_interfaces/cmake/pangolin_interfacesConfig.cmake
[23.427s] -- Up-to-date symlink: /home/ubuntu/pangolin_ws/install/pangolin_interfaces/share/pangolin_interfaces/cmake/pangolin_interfacesConfig-version.cmake
[23.428s] -- Up-to-date symlink: /home/ubuntu/pangolin_ws/install/pangolin_interfaces/share/pangolin_interfaces/package.xml
[23.429s] -- Installing: /home/ubuntu/pangolin_ws/install/pangolin_interfaces/lib/libpangolin_interfaces__rosidl_generator_c.so
[23.432s] -- Set runtime path of "/home/ubuntu/pangolin_ws/install/pangolin_interfaces/lib/libpangolin_interfaces__rosidl_generator_c.so" to ""
[23.432s] -- Installing: /home/ubuntu/pangolin_ws/install/pangolin_interfaces/lib/libpangolin_interfaces__rosidl_typesupport_introspection_c.so
[23.435s] -- Set runtime path of "/home/ubuntu/pangolin_ws/install/pangolin_interfaces/lib/libpangolin_interfaces__rosidl_typesupport_introspection_c.so" to ""
[23.436s] -- Installing: /home/ubuntu/pangolin_ws/install/pangolin_interfaces/lib/libpangolin_interfaces__rosidl_typesupport_c.so
[23.438s] -- Set runtime path of "/home/ubuntu/pangolin_ws/install/pangolin_interfaces/lib/libpangolin_interfaces__rosidl_typesupport_c.so" to ""
[23.439s] -- Installing: /home/ubuntu/pangolin_ws/install/pangolin_interfaces/lib/libpangolin_interfaces__rosidl_typesupport_introspection_cpp.so
[23.442s] -- Set runtime path of "/home/ubuntu/pangolin_ws/install/pangolin_interfaces/lib/libpangolin_interfaces__rosidl_typesupport_introspection_cpp.so" to ""
[23.443s] -- Installing: /home/ubuntu/pangolin_ws/install/pangolin_interfaces/lib/libpangolin_interfaces__rosidl_typesupport_cpp.so
[23.445s] -- Set runtime path of "/home/ubuntu/pangolin_ws/install/pangolin_interfaces/lib/libpangolin_interfaces__rosidl_typesupport_cpp.so" to ""
[23.577s] Compiling '/home/ubuntu/pangolin_ws/install/pangolin_interfaces/lib/python3.8/site-packages/pangolin_interfaces/__init__.py'...
[23.599s] -- Installing: /home/ubuntu/pangolin_ws/install/pangolin_interfaces/share/pangolin_interfaces/cmake/pangolin_interfaces__rosidl_generator_cExport.cmake
[23.601s] -- Installing: /home/ubuntu/pangolin_ws/install/pangolin_interfaces/share/pangolin_interfaces/cmake/pangolin_interfaces__rosidl_generator_cExport-noconfig.cmake
[23.603s] -- Installing: /home/ubuntu/pangolin_ws/install/pangolin_interfaces/share/pangolin_interfaces/cmake/pangolin_interfaces__rosidl_typesupport_introspection_cExport.cmake
[23.604s] -- Installing: /home/ubuntu/pangolin_ws/install/pangolin_interfaces/share/pangolin_interfaces/cmake/pangolin_interfaces__rosidl_typesupport_introspection_cExport-noconfig.cmake
[23.606s] -- Installing: /home/ubuntu/pangolin_ws/install/pangolin_interfaces/share/pangolin_interfaces/cmake/pangolin_interfaces__rosidl_typesupport_cExport.cmake
[23.607s] -- Installing: /home/ubuntu/pangolin_ws/install/pangolin_interfaces/share/pangolin_interfaces/cmake/pangolin_interfaces__rosidl_typesupport_cExport-noconfig.cmake
[23.609s] -- Installing: /home/ubuntu/pangolin_ws/install/pangolin_interfaces/share/pangolin_interfaces/cmake/pangolin_interfaces__rosidl_generator_cppExport.cmake
[23.611s] -- Installing: /home/ubuntu/pangolin_ws/install/pangolin_interfaces/share/pangolin_interfaces/cmake/pangolin_interfaces__rosidl_typesupport_introspection_cppExport.cmake
[23.612s] -- Installing: /home/ubuntu/pangolin_ws/install/pangolin_interfaces/share/pangolin_interfaces/cmake/pangolin_interfaces__rosidl_typesupport_introspection_cppExport-noconfig.cmake
[23.614s] -- Installing: /home/ubuntu/pangolin_ws/install/pangolin_interfaces/share/pangolin_interfaces/cmake/pangolin_interfaces__rosidl_typesupport_cppExport.cmake
[23.615s] -- Installing: /home/ubuntu/pangolin_ws/install/pangolin_interfaces/share/pangolin_interfaces/cmake/pangolin_interfaces__rosidl_typesupport_cppExport-noconfig.cmake
[23.623s] Invoked command in '/home/ubuntu/pangolin_ws/build/pangolin_interfaces' returned '0': CMAKE_PREFIX_PATH=${CMAKE_PREFIX_PATH}:/home/ubuntu/pangolin_ws/install/py_srvcli:/home/ubuntu/pangolin_ws/install/py_pubsub:/home/ubuntu/pangolin_ws/install/pangolin_control:/opt/ros/foxy /usr/bin/cmake --install /home/ubuntu/pangolin_ws/build/pangolin_interfaces
