[3.449s] Invoking command in '/home/ubuntu/pangolin_ws/src/py_pubsub': PYTHONPATH=/home/ubuntu/pangolin_ws/build/py_pubsub/prefix_override:/home/ubuntu/pangolin_ws/install/py_pubsub/lib/python3.8/site-packages:${PYTHONPATH} /usr/bin/python3 setup.py egg_info --egg-base ../../build/py_pubsub build --build-base /home/ubuntu/pangolin_ws/build/py_pubsub/build install --record /home/ubuntu/pangolin_ws/build/py_pubsub/install.log --install-scripts $base/lib/py_pubsub --single-version-externally-managed
[4.198s] running egg_info
[4.200s] creating ../../build/py_pubsub/py_pubsub.egg-info
[4.200s] writing ../../build/py_pubsub/py_pubsub.egg-info/PKG-INFO
[4.201s] writing dependency_links to ../../build/py_pubsub/py_pubsub.egg-info/dependency_links.txt
[4.202s] writing entry points to ../../build/py_pubsub/py_pubsub.egg-info/entry_points.txt
[4.203s] writing requirements to ../../build/py_pubsub/py_pubsub.egg-info/requires.txt
[4.203s] writing top-level names to ../../build/py_pubsub/py_pubsub.egg-info/top_level.txt
[4.215s] writing manifest file '../../build/py_pubsub/py_pubsub.egg-info/SOURCES.txt'
[4.335s] reading manifest file '../../build/py_pubsub/py_pubsub.egg-info/SOURCES.txt'
[4.338s] writing manifest file '../../build/py_pubsub/py_pubsub.egg-info/SOURCES.txt'
[4.339s] running build
[4.339s] running build_py
[4.340s] creating /home/ubuntu/pangolin_ws/build/py_pubsub/build
[4.341s] creating /home/ubuntu/pangolin_ws/build/py_pubsub/build/lib
[4.341s] creating /home/ubuntu/pangolin_ws/build/py_pubsub/build/lib/py_pubsub
[4.342s] copying py_pubsub/publisher_member_function.py -> /home/ubuntu/pangolin_ws/build/py_pubsub/build/lib/py_pubsub
[4.342s] copying py_pubsub/subscriber_member_function.py -> /home/ubuntu/pangolin_ws/build/py_pubsub/build/lib/py_pubsub
[4.343s] copying py_pubsub/__init__.py -> /home/ubuntu/pangolin_ws/build/py_pubsub/build/lib/py_pubsub
[4.343s] running install
[4.345s] running install_lib
[4.349s] creating /home/ubuntu/pangolin_ws/install/py_pubsub/lib/python3.8/site-packages/py_pubsub
[4.350s] copying /home/ubuntu/pangolin_ws/build/py_pubsub/build/lib/py_pubsub/publisher_member_function.py -> /home/ubuntu/pangolin_ws/install/py_pubsub/lib/python3.8/site-packages/py_pubsub
[4.350s] copying /home/ubuntu/pangolin_ws/build/py_pubsub/build/lib/py_pubsub/subscriber_member_function.py -> /home/ubuntu/pangolin_ws/install/py_pubsub/lib/python3.8/site-packages/py_pubsub
[4.351s] copying /home/ubuntu/pangolin_ws/build/py_pubsub/build/lib/py_pubsub/__init__.py -> /home/ubuntu/pangolin_ws/install/py_pubsub/lib/python3.8/site-packages/py_pubsub
[4.353s] byte-compiling /home/ubuntu/pangolin_ws/install/py_pubsub/lib/python3.8/site-packages/py_pubsub/publisher_member_function.py to publisher_member_function.cpython-38.pyc
[4.358s] byte-compiling /home/ubuntu/pangolin_ws/install/py_pubsub/lib/python3.8/site-packages/py_pubsub/subscriber_member_function.py to subscriber_member_function.cpython-38.pyc
[4.360s] byte-compiling /home/ubuntu/pangolin_ws/install/py_pubsub/lib/python3.8/site-packages/py_pubsub/__init__.py to __init__.cpython-38.pyc
[4.361s] running install_data
[4.363s] creating /home/ubuntu/pangolin_ws/install/py_pubsub/share/ament_index
[4.363s] creating /home/ubuntu/pangolin_ws/install/py_pubsub/share/ament_index/resource_index
[4.364s] creating /home/ubuntu/pangolin_ws/install/py_pubsub/share/ament_index/resource_index/packages
[4.364s] copying resource/py_pubsub -> /home/ubuntu/pangolin_ws/install/py_pubsub/share/ament_index/resource_index/packages
[4.365s] copying package.xml -> /home/ubuntu/pangolin_ws/install/py_pubsub/share/py_pubsub
[4.365s] running install_egg_info
[4.371s] Copying ../../build/py_pubsub/py_pubsub.egg-info to /home/ubuntu/pangolin_ws/install/py_pubsub/lib/python3.8/site-packages/py_pubsub-0.0.0-py3.8.egg-info
[4.375s] running install_scripts
[4.435s] Installing listener script to /home/ubuntu/pangolin_ws/install/py_pubsub/lib/py_pubsub
[4.435s] Installing talker script to /home/ubuntu/pangolin_ws/install/py_pubsub/lib/py_pubsub
[4.437s] writing list of installed files to '/home/ubuntu/pangolin_ws/build/py_pubsub/install.log'
[4.529s] Invoked command in '/home/ubuntu/pangolin_ws/src/py_pubsub' returned '0': PYTHONPATH=/home/ubuntu/pangolin_ws/build/py_pubsub/prefix_override:/home/ubuntu/pangolin_ws/install/py_pubsub/lib/python3.8/site-packages:${PYTHONPATH} /usr/bin/python3 setup.py egg_info --egg-base ../../build/py_pubsub build --build-base /home/ubuntu/pangolin_ws/build/py_pubsub/build install --record /home/ubuntu/pangolin_ws/build/py_pubsub/install.log --install-scripts $base/lib/py_pubsub --single-version-externally-managed
