[1.244s] Invoking command in '/home/ubuntu/pangolin_ws/build/pangolin_interfaces': CMAKE_PREFIX_PATH=${CMAKE_PREFIX_PATH}:/home/ubuntu/pangolin_ws/install/py_srvcli:/home/ubuntu/pangolin_ws/install/py_pubsub:/home/ubuntu/pangolin_ws/install/pangolin_control:/opt/ros/foxy /usr/bin/cmake --build /home/ubuntu/pangolin_ws/build/pangolin_interfaces -- -j4 -l4
[1.474s] [  3%] Built target pangolin_interfaces__cpp
[1.488s] [ 12%] Built target pangolin_interfaces__rosidl_generator_c
[1.624s] [ 22%] Built target pangolin_interfaces__rosidl_typesupport_cpp
[1.633s] [ 32%] Built target pangolin_interfaces__rosidl_typesupport_introspection_cpp
[1.656s] [ 41%] Built target pangolin_interfaces__rosidl_typesupport_fastrtps_cpp
[1.663s] [ 51%] Built target pangolin_interfaces__rosidl_typesupport_c
[1.750s] [ 61%] Built target pangolin_interfaces__rosidl_typesupport_introspection_c
[1.782s] [ 70%] Built target pangolin_interfaces__rosidl_typesupport_fastrtps_c
[1.866s] [ 70%] Built target pangolin_interfaces
[1.950s] [ 74%] Built target pangolin_interfaces__py
[2.055s] [ 80%] Built target pangolin_interfaces__python
[2.188s] [ 87%] Built target pangolin_interfaces__rosidl_typesupport_fastrtps_c__pyext
[2.199s] [ 93%] Built target pangolin_interfaces__rosidl_typesupport_introspection_c__pyext
[2.205s] [100%] Built target pangolin_interfaces__rosidl_typesupport_c__pyext
[2.919s] Invoked command in '/home/ubuntu/pangolin_ws/build/pangolin_interfaces' returned '0': CMAKE_PREFIX_PATH=${CMAKE_PREFIX_PATH}:/home/ubuntu/pangolin_ws/install/py_srvcli:/home/ubuntu/pangolin_ws/install/py_pubsub:/home/ubuntu/pangolin_ws/install/pangolin_control:/opt/ros/foxy /usr/bin/cmake --build /home/ubuntu/pangolin_ws/build/pangolin_interfaces -- -j4 -l4
[3.242s] Invoking command in '/home/ubuntu/pangolin_ws/build/pangolin_interfaces': CMAKE_PREFIX_PATH=${CMAKE_PREFIX_PATH}:/home/ubuntu/pangolin_ws/install/py_srvcli:/home/ubuntu/pangolin_ws/install/py_pubsub:/home/ubuntu/pangolin_ws/install/pangolin_control:/opt/ros/foxy /usr/bin/cmake --install /home/ubuntu/pangolin_ws/build/pangolin_interfaces
[3.276s] -- Install configuration: ""
[3.278s] -- Execute custom install script
[3.280s] -- Up-to-date symlink: /home/ubuntu/pangolin_ws/install/pangolin_interfaces/share/ament_index/resource_index/rosidl_interfaces/pangolin_interfaces
[3.284s] -- Up-to-date symlink: /home/ubuntu/pangolin_ws/install/pangolin_interfaces/include/pangolin_interfaces/action/detail/pangolin_action__functions.h
[3.285s] -- Up-to-date symlink: /home/ubuntu/pangolin_ws/install/pangolin_interfaces/include/pangolin_interfaces/action/detail/pangolin_action__struct.h
[3.286s] -- Up-to-date symlink: /home/ubuntu/pangolin_ws/install/pangolin_interfaces/include/pangolin_interfaces/action/detail/pangolin_action__type_support.h
[3.288s] -- Up-to-date symlink: /home/ubuntu/pangolin_ws/install/pangolin_interfaces/include/pangolin_interfaces/action/pangolin_action.h
[3.289s] -- Up-to-date symlink: /home/ubuntu/pangolin_ws/install/pangolin_interfaces/include/pangolin_interfaces/msg/rosidl_generator_c__visibility_control.h
[3.291s] -- Up-to-date symlink: /home/ubuntu/pangolin_ws/install/pangolin_interfaces/share/pangolin_interfaces/environment/library_path.sh
[3.293s] -- Up-to-date symlink: /home/ubuntu/pangolin_ws/install/pangolin_interfaces/share/pangolin_interfaces/environment/library_path.dsv
[3.297s] -- Up-to-date symlink: /home/ubuntu/pangolin_ws/install/pangolin_interfaces/include/pangolin_interfaces/action/detail/pangolin_action__rosidl_typesupport_fastrtps_c.h
[3.298s] -- Up-to-date symlink: /home/ubuntu/pangolin_ws/install/pangolin_interfaces/include/pangolin_interfaces/msg/rosidl_typesupport_fastrtps_c__visibility_control.h
[3.300s] -- Up-to-date symlink: /home/ubuntu/pangolin_ws/install/pangolin_interfaces/lib/libpangolin_interfaces__rosidl_typesupport_fastrtps_c.so
[3.305s] -- Up-to-date symlink: /home/ubuntu/pangolin_ws/install/pangolin_interfaces/include/pangolin_interfaces/action/detail/pangolin_action__rosidl_typesupport_fastrtps_cpp.hpp
[3.306s] -- Up-to-date symlink: /home/ubuntu/pangolin_ws/install/pangolin_interfaces/include/pangolin_interfaces/msg/rosidl_typesupport_fastrtps_cpp__visibility_control.h
[3.308s] -- Up-to-date symlink: /home/ubuntu/pangolin_ws/install/pangolin_interfaces/lib/libpangolin_interfaces__rosidl_typesupport_fastrtps_cpp.so
[3.311s] -- Up-to-date symlink: /home/ubuntu/pangolin_ws/install/pangolin_interfaces/include/pangolin_interfaces/action/detail/pangolin_action__rosidl_typesupport_introspection_c.h
[3.313s] -- Up-to-date symlink: /home/ubuntu/pangolin_ws/install/pangolin_interfaces/include/pangolin_interfaces/msg/rosidl_typesupport_introspection_c__visibility_control.h
[3.316s] -- Up-to-date symlink: /home/ubuntu/pangolin_ws/install/pangolin_interfaces/include/pangolin_interfaces/action/detail/pangolin_action__builder.hpp
[3.318s] -- Up-to-date symlink: /home/ubuntu/pangolin_ws/install/pangolin_interfaces/include/pangolin_interfaces/action/detail/pangolin_action__struct.hpp
[3.319s] -- Up-to-date symlink: /home/ubuntu/pangolin_ws/install/pangolin_interfaces/include/pangolin_interfaces/action/detail/pangolin_action__traits.hpp
[3.320s] -- Up-to-date symlink: /home/ubuntu/pangolin_ws/install/pangolin_interfaces/include/pangolin_interfaces/action/detail/pangolin_action__type_support.hpp
[3.321s] -- Up-to-date symlink: /home/ubuntu/pangolin_ws/install/pangolin_interfaces/include/pangolin_interfaces/action/pangolin_action.hpp
[3.323s] -- Up-to-date symlink: /home/ubuntu/pangolin_ws/install/pangolin_interfaces/include/pangolin_interfaces/msg/rosidl_generator_cpp__visibility_control.hpp
[3.326s] -- Up-to-date symlink: /home/ubuntu/pangolin_ws/install/pangolin_interfaces/include/pangolin_interfaces/action/detail/pangolin_action__rosidl_typesupport_introspection_cpp.hpp
[3.327s] -- Up-to-date symlink: /home/ubuntu/pangolin_ws/install/pangolin_interfaces/share/pangolin_interfaces/environment/pythonpath.sh
[3.329s] -- Up-to-date symlink: /home/ubuntu/pangolin_ws/install/pangolin_interfaces/share/pangolin_interfaces/environment/pythonpath.dsv
[3.331s] -- Up-to-date symlink: /home/ubuntu/pangolin_ws/install/pangolin_interfaces/lib/python3.8/site-packages/pangolin_interfaces/__init__.py
[3.334s] -- Up-to-date symlink: /home/ubuntu/pangolin_ws/install/pangolin_interfaces/lib/python3.8/site-packages/pangolin_interfaces/action/__init__.py
[3.335s] -- Up-to-date symlink: /home/ubuntu/pangolin_ws/install/pangolin_interfaces/lib/python3.8/site-packages/pangolin_interfaces/action/_pangolin_action.py
[3.338s] -- Up-to-date symlink: /home/ubuntu/pangolin_ws/install/pangolin_interfaces/lib/python3.8/site-packages/pangolin_interfaces/pangolin_interfaces_s__rosidl_typesupport_fastrtps_c.cpython-38-aarch64-linux-gnu.so
[3.340s] -- Up-to-date symlink: /home/ubuntu/pangolin_ws/install/pangolin_interfaces/lib/python3.8/site-packages/pangolin_interfaces/pangolin_interfaces_s__rosidl_typesupport_introspection_c.cpython-38-aarch64-linux-gnu.so
[3.342s] -- Up-to-date symlink: /home/ubuntu/pangolin_ws/install/pangolin_interfaces/lib/python3.8/site-packages/pangolin_interfaces/pangolin_interfaces_s__rosidl_typesupport_c.cpython-38-aarch64-linux-gnu.so
[3.344s] -- Up-to-date symlink: /home/ubuntu/pangolin_ws/install/pangolin_interfaces/lib/libpangolin_interfaces__python.so
[3.346s] -- Up-to-date symlink: /home/ubuntu/pangolin_ws/install/pangolin_interfaces/share/pangolin_interfaces/action/PangolinAction.idl
[3.347s] -- Up-to-date symlink: /home/ubuntu/pangolin_ws/install/pangolin_interfaces/share/pangolin_interfaces/action/PangolinAction.action
[3.349s] -- Up-to-date symlink: /home/ubuntu/pangolin_ws/install/pangolin_interfaces/share/ament_index/resource_index/package_run_dependencies/pangolin_interfaces
[3.351s] -- Up-to-date symlink: /home/ubuntu/pangolin_ws/install/pangolin_interfaces/share/ament_index/resource_index/parent_prefix_path/pangolin_interfaces
[3.353s] -- Up-to-date symlink: /home/ubuntu/pangolin_ws/install/pangolin_interfaces/share/pangolin_interfaces/environment/ament_prefix_path.sh
[3.354s] -- Up-to-date symlink: /home/ubuntu/pangolin_ws/install/pangolin_interfaces/share/pangolin_interfaces/environment/ament_prefix_path.dsv
[3.356s] -- Up-to-date symlink: /home/ubuntu/pangolin_ws/install/pangolin_interfaces/share/pangolin_interfaces/environment/path.sh
[3.359s] -- Up-to-date symlink: /home/ubuntu/pangolin_ws/install/pangolin_interfaces/share/pangolin_interfaces/environment/path.dsv
[3.359s] -- Up-to-date symlink: /home/ubuntu/pangolin_ws/install/pangolin_interfaces/share/pangolin_interfaces/local_setup.bash
[3.360s] -- Up-to-date symlink: /home/ubuntu/pangolin_ws/install/pangolin_interfaces/share/pangolin_interfaces/local_setup.sh
[3.362s] -- Up-to-date symlink: /home/ubuntu/pangolin_ws/install/pangolin_interfaces/share/pangolin_interfaces/local_setup.zsh
[3.364s] -- Up-to-date symlink: /home/ubuntu/pangolin_ws/install/pangolin_interfaces/share/pangolin_interfaces/local_setup.dsv
[3.365s] -- Symlinking: /home/ubuntu/pangolin_ws/install/pangolin_interfaces/share/pangolin_interfaces/package.dsv
[3.400s] -- Up-to-date symlink: /home/ubuntu/pangolin_ws/install/pangolin_interfaces/share/ament_index/resource_index/packages/pangolin_interfaces
[3.401s] -- Up-to-date symlink: /home/ubuntu/pangolin_ws/install/pangolin_interfaces/share/pangolin_interfaces/cmake/rosidl_cmake-extras.cmake
[3.403s] -- Up-to-date symlink: /home/ubuntu/pangolin_ws/install/pangolin_interfaces/share/pangolin_interfaces/cmake/ament_cmake_export_dependencies-extras.cmake
[3.404s] -- Up-to-date symlink: /home/ubuntu/pangolin_ws/install/pangolin_interfaces/share/pangolin_interfaces/cmake/ament_cmake_export_libraries-extras.cmake
[3.406s] -- Up-to-date symlink: /home/ubuntu/pangolin_ws/install/pangolin_interfaces/share/pangolin_interfaces/cmake/ament_cmake_export_targets-extras.cmake
[3.407s] -- Up-to-date symlink: /home/ubuntu/pangolin_ws/install/pangolin_interfaces/share/pangolin_interfaces/cmake/ament_cmake_export_include_directories-extras.cmake
[3.409s] -- Up-to-date symlink: /home/ubuntu/pangolin_ws/install/pangolin_interfaces/share/pangolin_interfaces/cmake/rosidl_cmake_export_typesupport_libraries-extras.cmake
[3.410s] -- Up-to-date symlink: /home/ubuntu/pangolin_ws/install/pangolin_interfaces/share/pangolin_interfaces/cmake/rosidl_cmake_export_typesupport_targets-extras.cmake
[3.412s] -- Up-to-date symlink: /home/ubuntu/pangolin_ws/install/pangolin_interfaces/share/pangolin_interfaces/cmake/pangolin_interfacesConfig.cmake
[3.413s] -- Up-to-date symlink: /home/ubuntu/pangolin_ws/install/pangolin_interfaces/share/pangolin_interfaces/cmake/pangolin_interfacesConfig-version.cmake
[3.415s] -- Up-to-date symlink: /home/ubuntu/pangolin_ws/install/pangolin_interfaces/share/pangolin_interfaces/package.xml
[3.416s] -- Up-to-date: /home/ubuntu/pangolin_ws/install/pangolin_interfaces/lib/libpangolin_interfaces__rosidl_generator_c.so
[3.418s] -- Up-to-date: /home/ubuntu/pangolin_ws/install/pangolin_interfaces/lib/libpangolin_interfaces__rosidl_typesupport_introspection_c.so
[3.420s] -- Up-to-date: /home/ubuntu/pangolin_ws/install/pangolin_interfaces/lib/libpangolin_interfaces__rosidl_typesupport_c.so
[3.424s] -- Up-to-date: /home/ubuntu/pangolin_ws/install/pangolin_interfaces/lib/libpangolin_interfaces__rosidl_typesupport_introspection_cpp.so
[3.426s] -- Up-to-date: /home/ubuntu/pangolin_ws/install/pangolin_interfaces/lib/libpangolin_interfaces__rosidl_typesupport_cpp.so
[3.618s] -- Up-to-date: /home/ubuntu/pangolin_ws/install/pangolin_interfaces/share/pangolin_interfaces/cmake/pangolin_interfaces__rosidl_generator_cExport.cmake
[3.619s] -- Up-to-date: /home/ubuntu/pangolin_ws/install/pangolin_interfaces/share/pangolin_interfaces/cmake/pangolin_interfaces__rosidl_generator_cExport-noconfig.cmake
[3.620s] -- Up-to-date: /home/ubuntu/pangolin_ws/install/pangolin_interfaces/share/pangolin_interfaces/cmake/pangolin_interfaces__rosidl_typesupport_introspection_cExport.cmake
[3.621s] -- Up-to-date: /home/ubuntu/pangolin_ws/install/pangolin_interfaces/share/pangolin_interfaces/cmake/pangolin_interfaces__rosidl_typesupport_introspection_cExport-noconfig.cmake
[3.622s] -- Up-to-date: /home/ubuntu/pangolin_ws/install/pangolin_interfaces/share/pangolin_interfaces/cmake/pangolin_interfaces__rosidl_typesupport_cExport.cmake
[3.623s] -- Up-to-date: /home/ubuntu/pangolin_ws/install/pangolin_interfaces/share/pangolin_interfaces/cmake/pangolin_interfaces__rosidl_typesupport_cExport-noconfig.cmake
[3.623s] -- Up-to-date: /home/ubuntu/pangolin_ws/install/pangolin_interfaces/share/pangolin_interfaces/cmake/pangolin_interfaces__rosidl_generator_cppExport.cmake
[3.625s] -- Up-to-date: /home/ubuntu/pangolin_ws/install/pangolin_interfaces/share/pangolin_interfaces/cmake/pangolin_interfaces__rosidl_typesupport_introspection_cppExport.cmake
[3.625s] -- Up-to-date: /home/ubuntu/pangolin_ws/install/pangolin_interfaces/share/pangolin_interfaces/cmake/pangolin_interfaces__rosidl_typesupport_introspection_cppExport-noconfig.cmake
[3.626s] -- Up-to-date: /home/ubuntu/pangolin_ws/install/pangolin_interfaces/share/pangolin_interfaces/cmake/pangolin_interfaces__rosidl_typesupport_cppExport.cmake
[3.627s] -- Up-to-date: /home/ubuntu/pangolin_ws/install/pangolin_interfaces/share/pangolin_interfaces/cmake/pangolin_interfaces__rosidl_typesupport_cppExport-noconfig.cmake
[3.638s] Invoked command in '/home/ubuntu/pangolin_ws/build/pangolin_interfaces' returned '0': CMAKE_PREFIX_PATH=${CMAKE_PREFIX_PATH}:/home/ubuntu/pangolin_ws/install/py_srvcli:/home/ubuntu/pangolin_ws/install/py_pubsub:/home/ubuntu/pangolin_ws/install/pangolin_control:/opt/ros/foxy /usr/bin/cmake --install /home/ubuntu/pangolin_ws/build/pangolin_interfaces
