[  3%] Built target pangolin_interfaces__cpp
[ 12%] Built target pangolin_interfaces__rosidl_generator_c
[ 22%] Built target pangolin_interfaces__rosidl_typesupport_cpp
[ 32%] Built target pangolin_interfaces__rosidl_typesupport_c
[ 41%] Built target pangolin_interfaces__rosidl_typesupport_introspection_cpp
[ 51%] Built target pangolin_interfaces__rosidl_typesupport_fastrtps_cpp
[ 61%] Built target pangolin_interfaces__rosidl_typesupport_introspection_c
[ 70%] Built target pangolin_interfaces__rosidl_typesupport_fastrtps_c
[ 70%] Built target pangolin_interfaces
[ 74%] Built target pangolin_interfaces__py
[ 80%] Built target pangolin_interfaces__python
[ 87%] Built target pangolin_interfaces__rosidl_typesupport_c__pyext
[ 93%] Built target pangolin_interfaces__rosidl_typesupport_introspection_c__pyext
[100%] Built target pangolin_interfaces__rosidl_typesupport_fastrtps_c__pyext
-- Install configuration: ""
-- Execute custom install script
-- Up-to-date symlink: /home/ubuntu/pangolin_ws/install/pangolin_interfaces/share/ament_index/resource_index/rosidl_interfaces/pangolin_interfaces
-- Up-to-date symlink: /home/ubuntu/pangolin_ws/install/pangolin_interfaces/include/pangolin_interfaces/action/detail/pangolin_action__functions.h
-- Up-to-date symlink: /home/ubuntu/pangolin_ws/install/pangolin_interfaces/include/pangolin_interfaces/action/detail/pangolin_action__struct.h
-- Up-to-date symlink: /home/ubuntu/pangolin_ws/install/pangolin_interfaces/include/pangolin_interfaces/action/detail/pangolin_action__type_support.h
-- Up-to-date symlink: /home/ubuntu/pangolin_ws/install/pangolin_interfaces/include/pangolin_interfaces/action/pangolin_action.h
-- Up-to-date symlink: /home/ubuntu/pangolin_ws/install/pangolin_interfaces/include/pangolin_interfaces/msg/rosidl_generator_c__visibility_control.h
-- Up-to-date symlink: /home/ubuntu/pangolin_ws/install/pangolin_interfaces/share/pangolin_interfaces/environment/library_path.sh
-- Up-to-date symlink: /home/ubuntu/pangolin_ws/install/pangolin_interfaces/share/pangolin_interfaces/environment/library_path.dsv
-- Up-to-date symlink: /home/ubuntu/pangolin_ws/install/pangolin_interfaces/include/pangolin_interfaces/action/detail/pangolin_action__rosidl_typesupport_fastrtps_c.h
-- Up-to-date symlink: /home/ubuntu/pangolin_ws/install/pangolin_interfaces/include/pangolin_interfaces/msg/rosidl_typesupport_fastrtps_c__visibility_control.h
-- Up-to-date symlink: /home/ubuntu/pangolin_ws/install/pangolin_interfaces/lib/libpangolin_interfaces__rosidl_typesupport_fastrtps_c.so
-- Up-to-date symlink: /home/ubuntu/pangolin_ws/install/pangolin_interfaces/include/pangolin_interfaces/action/detail/pangolin_action__rosidl_typesupport_fastrtps_cpp.hpp
-- Up-to-date symlink: /home/ubuntu/pangolin_ws/install/pangolin_interfaces/include/pangolin_interfaces/msg/rosidl_typesupport_fastrtps_cpp__visibility_control.h
-- Up-to-date symlink: /home/ubuntu/pangolin_ws/install/pangolin_interfaces/lib/libpangolin_interfaces__rosidl_typesupport_fastrtps_cpp.so
-- Up-to-date symlink: /home/ubuntu/pangolin_ws/install/pangolin_interfaces/include/pangolin_interfaces/action/detail/pangolin_action__rosidl_typesupport_introspection_c.h
-- Up-to-date symlink: /home/ubuntu/pangolin_ws/install/pangolin_interfaces/include/pangolin_interfaces/msg/rosidl_typesupport_introspection_c__visibility_control.h
-- Up-to-date symlink: /home/ubuntu/pangolin_ws/install/pangolin_interfaces/include/pangolin_interfaces/action/detail/pangolin_action__builder.hpp
-- Up-to-date symlink: /home/ubuntu/pangolin_ws/install/pangolin_interfaces/include/pangolin_interfaces/action/detail/pangolin_action__struct.hpp
-- Up-to-date symlink: /home/ubuntu/pangolin_ws/install/pangolin_interfaces/include/pangolin_interfaces/action/detail/pangolin_action__traits.hpp
-- Up-to-date symlink: /home/ubuntu/pangolin_ws/install/pangolin_interfaces/include/pangolin_interfaces/action/detail/pangolin_action__type_support.hpp
-- Up-to-date symlink: /home/ubuntu/pangolin_ws/install/pangolin_interfaces/include/pangolin_interfaces/action/pangolin_action.hpp
-- Up-to-date symlink: /home/ubuntu/pangolin_ws/install/pangolin_interfaces/include/pangolin_interfaces/msg/rosidl_generator_cpp__visibility_control.hpp
-- Up-to-date symlink: /home/ubuntu/pangolin_ws/install/pangolin_interfaces/include/pangolin_interfaces/action/detail/pangolin_action__rosidl_typesupport_introspection_cpp.hpp
-- Up-to-date symlink: /home/ubuntu/pangolin_ws/install/pangolin_interfaces/share/pangolin_interfaces/environment/pythonpath.sh
-- Up-to-date symlink: /home/ubuntu/pangolin_ws/install/pangolin_interfaces/share/pangolin_interfaces/environment/pythonpath.dsv
-- Up-to-date symlink: /home/ubuntu/pangolin_ws/install/pangolin_interfaces/lib/python3.8/site-packages/pangolin_interfaces/__init__.py
-- Up-to-date symlink: /home/ubuntu/pangolin_ws/install/pangolin_interfaces/lib/python3.8/site-packages/pangolin_interfaces/action/__init__.py
-- Up-to-date symlink: /home/ubuntu/pangolin_ws/install/pangolin_interfaces/lib/python3.8/site-packages/pangolin_interfaces/action/_pangolin_action.py
-- Up-to-date symlink: /home/ubuntu/pangolin_ws/install/pangolin_interfaces/lib/python3.8/site-packages/pangolin_interfaces/pangolin_interfaces_s__rosidl_typesupport_fastrtps_c.cpython-38-aarch64-linux-gnu.so
-- Up-to-date symlink: /home/ubuntu/pangolin_ws/install/pangolin_interfaces/lib/python3.8/site-packages/pangolin_interfaces/pangolin_interfaces_s__rosidl_typesupport_introspection_c.cpython-38-aarch64-linux-gnu.so
-- Up-to-date symlink: /home/ubuntu/pangolin_ws/install/pangolin_interfaces/lib/python3.8/site-packages/pangolin_interfaces/pangolin_interfaces_s__rosidl_typesupport_c.cpython-38-aarch64-linux-gnu.so
-- Up-to-date symlink: /home/ubuntu/pangolin_ws/install/pangolin_interfaces/lib/libpangolin_interfaces__python.so
-- Up-to-date symlink: /home/ubuntu/pangolin_ws/install/pangolin_interfaces/share/pangolin_interfaces/action/PangolinAction.idl
-- Up-to-date symlink: /home/ubuntu/pangolin_ws/install/pangolin_interfaces/share/pangolin_interfaces/action/PangolinAction.action
-- Up-to-date symlink: /home/ubuntu/pangolin_ws/install/pangolin_interfaces/share/ament_index/resource_index/package_run_dependencies/pangolin_interfaces
-- Up-to-date symlink: /home/ubuntu/pangolin_ws/install/pangolin_interfaces/share/ament_index/resource_index/parent_prefix_path/pangolin_interfaces
-- Up-to-date symlink: /home/ubuntu/pangolin_ws/install/pangolin_interfaces/share/pangolin_interfaces/environment/ament_prefix_path.sh
-- Up-to-date symlink: /home/ubuntu/pangolin_ws/install/pangolin_interfaces/share/pangolin_interfaces/environment/ament_prefix_path.dsv
-- Up-to-date symlink: /home/ubuntu/pangolin_ws/install/pangolin_interfaces/share/pangolin_interfaces/environment/path.sh
-- Up-to-date symlink: /home/ubuntu/pangolin_ws/install/pangolin_interfaces/share/pangolin_interfaces/environment/path.dsv
-- Up-to-date symlink: /home/ubuntu/pangolin_ws/install/pangolin_interfaces/share/pangolin_interfaces/local_setup.bash
-- Up-to-date symlink: /home/ubuntu/pangolin_ws/install/pangolin_interfaces/share/pangolin_interfaces/local_setup.sh
-- Up-to-date symlink: /home/ubuntu/pangolin_ws/install/pangolin_interfaces/share/pangolin_interfaces/local_setup.zsh
-- Up-to-date symlink: /home/ubuntu/pangolin_ws/install/pangolin_interfaces/share/pangolin_interfaces/local_setup.dsv
-- Symlinking: /home/ubuntu/pangolin_ws/install/pangolin_interfaces/share/pangolin_interfaces/package.dsv
-- Up-to-date symlink: /home/ubuntu/pangolin_ws/install/pangolin_interfaces/share/ament_index/resource_index/packages/pangolin_interfaces
-- Up-to-date symlink: /home/ubuntu/pangolin_ws/install/pangolin_interfaces/share/pangolin_interfaces/cmake/rosidl_cmake-extras.cmake
-- Up-to-date symlink: /home/ubuntu/pangolin_ws/install/pangolin_interfaces/share/pangolin_interfaces/cmake/ament_cmake_export_dependencies-extras.cmake
-- Up-to-date symlink: /home/ubuntu/pangolin_ws/install/pangolin_interfaces/share/pangolin_interfaces/cmake/ament_cmake_export_libraries-extras.cmake
-- Up-to-date symlink: /home/ubuntu/pangolin_ws/install/pangolin_interfaces/share/pangolin_interfaces/cmake/ament_cmake_export_targets-extras.cmake
-- Up-to-date symlink: /home/ubuntu/pangolin_ws/install/pangolin_interfaces/share/pangolin_interfaces/cmake/ament_cmake_export_include_directories-extras.cmake
-- Up-to-date symlink: /home/ubuntu/pangolin_ws/install/pangolin_interfaces/share/pangolin_interfaces/cmake/rosidl_cmake_export_typesupport_libraries-extras.cmake
-- Up-to-date symlink: /home/ubuntu/pangolin_ws/install/pangolin_interfaces/share/pangolin_interfaces/cmake/rosidl_cmake_export_typesupport_targets-extras.cmake
-- Up-to-date symlink: /home/ubuntu/pangolin_ws/install/pangolin_interfaces/share/pangolin_interfaces/cmake/pangolin_interfacesConfig.cmake
-- Up-to-date symlink: /home/ubuntu/pangolin_ws/install/pangolin_interfaces/share/pangolin_interfaces/cmake/pangolin_interfacesConfig-version.cmake
-- Up-to-date symlink: /home/ubuntu/pangolin_ws/install/pangolin_interfaces/share/pangolin_interfaces/package.xml
-- Up-to-date: /home/ubuntu/pangolin_ws/install/pangolin_interfaces/lib/libpangolin_interfaces__rosidl_generator_c.so
-- Up-to-date: /home/ubuntu/pangolin_ws/install/pangolin_interfaces/lib/libpangolin_interfaces__rosidl_typesupport_introspection_c.so
-- Up-to-date: /home/ubuntu/pangolin_ws/install/pangolin_interfaces/lib/libpangolin_interfaces__rosidl_typesupport_c.so
-- Up-to-date: /home/ubuntu/pangolin_ws/install/pangolin_interfaces/lib/libpangolin_interfaces__rosidl_typesupport_introspection_cpp.so
-- Up-to-date: /home/ubuntu/pangolin_ws/install/pangolin_interfaces/lib/libpangolin_interfaces__rosidl_typesupport_cpp.so
-- Up-to-date: /home/ubuntu/pangolin_ws/install/pangolin_interfaces/share/pangolin_interfaces/cmake/pangolin_interfaces__rosidl_generator_cExport.cmake
-- Up-to-date: /home/ubuntu/pangolin_ws/install/pangolin_interfaces/share/pangolin_interfaces/cmake/pangolin_interfaces__rosidl_generator_cExport-noconfig.cmake
-- Up-to-date: /home/ubuntu/pangolin_ws/install/pangolin_interfaces/share/pangolin_interfaces/cmake/pangolin_interfaces__rosidl_typesupport_introspection_cExport.cmake
-- Up-to-date: /home/ubuntu/pangolin_ws/install/pangolin_interfaces/share/pangolin_interfaces/cmake/pangolin_interfaces__rosidl_typesupport_introspection_cExport-noconfig.cmake
-- Up-to-date: /home/ubuntu/pangolin_ws/install/pangolin_interfaces/share/pangolin_interfaces/cmake/pangolin_interfaces__rosidl_typesupport_cExport.cmake
-- Up-to-date: /home/ubuntu/pangolin_ws/install/pangolin_interfaces/share/pangolin_interfaces/cmake/pangolin_interfaces__rosidl_typesupport_cExport-noconfig.cmake
-- Up-to-date: /home/ubuntu/pangolin_ws/install/pangolin_interfaces/share/pangolin_interfaces/cmake/pangolin_interfaces__rosidl_generator_cppExport.cmake
-- Up-to-date: /home/ubuntu/pangolin_ws/install/pangolin_interfaces/share/pangolin_interfaces/cmake/pangolin_interfaces__rosidl_typesupport_introspection_cppExport.cmake
-- Up-to-date: /home/ubuntu/pangolin_ws/install/pangolin_interfaces/share/pangolin_interfaces/cmake/pangolin_interfaces__rosidl_typesupport_introspection_cppExport-noconfig.cmake
-- Up-to-date: /home/ubuntu/pangolin_ws/install/pangolin_interfaces/share/pangolin_interfaces/cmake/pangolin_interfaces__rosidl_typesupport_cppExport.cmake
-- Up-to-date: /home/ubuntu/pangolin_ws/install/pangolin_interfaces/share/pangolin_interfaces/cmake/pangolin_interfaces__rosidl_typesupport_cppExport-noconfig.cmake
