[7.195s] DEBUG:colcon:Command line arguments: ['/usr/bin/colcon', 'build', '--symlink-install']
[7.195s] DEBUG:colcon:Parsed command line arguments: Namespace(allow_overriding=[], ament_cmake_args=None, base_paths=['.'], build_base='build', catkin_cmake_args=None, catkin_skip_building_tests=False, cmake_args=None, cmake_clean_cache=False, cmake_clean_first=False, cmake_force_configure=False, cmake_target=None, cmake_target_skip_unavailable=False, continue_on_error=False, event_handlers=None, executor='parallel', ignore_user_meta=False, install_base='install', log_base=None, log_level=None, main=<bound method BuildVerb.main of <colcon_core.verb.build.BuildVerb object at 0xffffb654df40>>, merge_install=False, metas=['./colcon.meta'], packages_above=None, packages_above_and_dependencies=None, packages_above_depth=None, packages_end=None, packages_ignore=None, packages_ignore_regex=None, packages_select=None, packages_select_build_failed=False, packages_select_by_dep=None, packages_select_regex=None, packages_select_test_failures=False, packages_skip=None, packages_skip_build_finished=False, packages_skip_by_dep=None, packages_skip_regex=None, packages_skip_test_passed=False, packages_skip_up_to=None, packages_start=None, packages_up_to=None, packages_up_to_regex=None, parallel_workers=4, paths=None, symlink_install=True, test_result_base=None, verb_extension=<colcon_core.verb.build.BuildVerb object at 0xffffb654df40>, verb_name='build', verb_parser=<colcon_defaults.argument_parser.defaults.DefaultArgumentsDecorator object at 0xffffb611cb80>)
[7.544s] Level 1:colcon.colcon_core.package_discovery:discover_packages(colcon_meta) check parameters
[7.545s] Level 1:colcon.colcon_core.package_discovery:discover_packages(recursive) check parameters
[7.545s] Level 1:colcon.colcon_core.package_discovery:discover_packages(ignore) check parameters
[7.545s] Level 1:colcon.colcon_core.package_discovery:discover_packages(path) check parameters
[7.545s] Level 1:colcon.colcon_core.package_discovery:discover_packages(colcon_meta) discover
[7.545s] Level 1:colcon.colcon_core.package_discovery:discover_packages(recursive) discover
[7.545s] INFO:colcon.colcon_core.package_discovery:Crawling recursively for packages in '/home/ubuntu/pangolin_ws'
[7.546s] Level 1:colcon.colcon_core.package_identification:_identify(.) by extensions ['ignore', 'ignore_ament_install']
[7.547s] Level 1:colcon.colcon_core.package_identification:_identify(.) by extension 'ignore'
[7.547s] Level 1:colcon.colcon_core.package_identification:_identify(.) by extension 'ignore_ament_install'
[7.547s] Level 1:colcon.colcon_core.package_identification:_identify(.) by extensions ['colcon_pkg']
[7.547s] Level 1:colcon.colcon_core.package_identification:_identify(.) by extension 'colcon_pkg'
[7.548s] Level 1:colcon.colcon_core.package_identification:_identify(.) by extensions ['colcon_meta']
[7.548s] Level 1:colcon.colcon_core.package_identification:_identify(.) by extension 'colcon_meta'
[7.548s] Level 1:colcon.colcon_core.package_identification:_identify(.) by extensions ['ros']
[7.548s] Level 1:colcon.colcon_core.package_identification:_identify(.) by extension 'ros'
[7.591s] Level 1:colcon.colcon_core.package_identification:_identify(.) by extensions ['cmake', 'python']
[7.591s] Level 1:colcon.colcon_core.package_identification:_identify(.) by extension 'cmake'
[7.592s] Level 1:colcon.colcon_core.package_identification:_identify(.) by extension 'python'
[7.592s] Level 1:colcon.colcon_core.package_identification:_identify(.) by extensions ['python_setup_py']
[7.592s] Level 1:colcon.colcon_core.package_identification:_identify(.) by extension 'python_setup_py'
[7.592s] Level 1:colcon.colcon_core.package_identification:_identify(build) by extensions ['ignore', 'ignore_ament_install']
[7.593s] Level 1:colcon.colcon_core.package_identification:_identify(build) by extension 'ignore'
[7.593s] Level 1:colcon.colcon_core.package_identification:_identify(build) ignored
[7.594s] Level 1:colcon.colcon_core.package_identification:_identify(install) by extensions ['ignore', 'ignore_ament_install']
[7.594s] Level 1:colcon.colcon_core.package_identification:_identify(install) by extension 'ignore'
[7.594s] Level 1:colcon.colcon_core.package_identification:_identify(install) ignored
[7.595s] Level 1:colcon.colcon_core.package_identification:_identify(log) by extensions ['ignore', 'ignore_ament_install']
[7.596s] Level 1:colcon.colcon_core.package_identification:_identify(log) by extension 'ignore'
[7.596s] Level 1:colcon.colcon_core.package_identification:_identify(log) ignored
[7.596s] Level 1:colcon.colcon_core.package_identification:_identify(src) by extensions ['ignore', 'ignore_ament_install']
[7.596s] Level 1:colcon.colcon_core.package_identification:_identify(src) by extension 'ignore'
[7.597s] Level 1:colcon.colcon_core.package_identification:_identify(src) by extension 'ignore_ament_install'
[7.597s] Level 1:colcon.colcon_core.package_identification:_identify(src) by extensions ['colcon_pkg']
[7.597s] Level 1:colcon.colcon_core.package_identification:_identify(src) by extension 'colcon_pkg'
[7.597s] Level 1:colcon.colcon_core.package_identification:_identify(src) by extensions ['colcon_meta']
[7.597s] Level 1:colcon.colcon_core.package_identification:_identify(src) by extension 'colcon_meta'
[7.598s] Level 1:colcon.colcon_core.package_identification:_identify(src) by extensions ['ros']
[7.598s] Level 1:colcon.colcon_core.package_identification:_identify(src) by extension 'ros'
[7.598s] Level 1:colcon.colcon_core.package_identification:_identify(src) by extensions ['cmake', 'python']
[7.598s] Level 1:colcon.colcon_core.package_identification:_identify(src) by extension 'cmake'
[7.598s] Level 1:colcon.colcon_core.package_identification:_identify(src) by extension 'python'
[7.598s] Level 1:colcon.colcon_core.package_identification:_identify(src) by extensions ['python_setup_py']
[7.599s] Level 1:colcon.colcon_core.package_identification:_identify(src) by extension 'python_setup_py'
[7.599s] Level 1:colcon.colcon_core.package_identification:_identify(src/pangolin_control) by extensions ['ignore', 'ignore_ament_install']
[7.599s] Level 1:colcon.colcon_core.package_identification:_identify(src/pangolin_control) by extension 'ignore'
[7.600s] Level 1:colcon.colcon_core.package_identification:_identify(src/pangolin_control) by extension 'ignore_ament_install'
[7.600s] Level 1:colcon.colcon_core.package_identification:_identify(src/pangolin_control) by extensions ['colcon_pkg']
[7.600s] Level 1:colcon.colcon_core.package_identification:_identify(src/pangolin_control) by extension 'colcon_pkg'
[7.600s] Level 1:colcon.colcon_core.package_identification:_identify(src/pangolin_control) by extensions ['colcon_meta']
[7.600s] Level 1:colcon.colcon_core.package_identification:_identify(src/pangolin_control) by extension 'colcon_meta'
[7.600s] Level 1:colcon.colcon_core.package_identification:_identify(src/pangolin_control) by extensions ['ros']
[7.601s] Level 1:colcon.colcon_core.package_identification:_identify(src/pangolin_control) by extension 'ros'
[7.608s] DEBUG:colcon.colcon_core.package_identification:Package 'src/pangolin_control' with type 'ros.ament_python' and name 'pangolin_control'
[7.609s] Level 1:colcon.colcon_core.package_identification:_identify(src/py_pubsub) by extensions ['ignore', 'ignore_ament_install']
[7.610s] Level 1:colcon.colcon_core.package_identification:_identify(src/py_pubsub) by extension 'ignore'
[7.610s] Level 1:colcon.colcon_core.package_identification:_identify(src/py_pubsub) by extension 'ignore_ament_install'
[7.610s] Level 1:colcon.colcon_core.package_identification:_identify(src/py_pubsub) by extensions ['colcon_pkg']
[7.610s] Level 1:colcon.colcon_core.package_identification:_identify(src/py_pubsub) by extension 'colcon_pkg'
[7.611s] Level 1:colcon.colcon_core.package_identification:_identify(src/py_pubsub) by extensions ['colcon_meta']
[7.611s] Level 1:colcon.colcon_core.package_identification:_identify(src/py_pubsub) by extension 'colcon_meta'
[7.611s] Level 1:colcon.colcon_core.package_identification:_identify(src/py_pubsub) by extensions ['ros']
[7.611s] Level 1:colcon.colcon_core.package_identification:_identify(src/py_pubsub) by extension 'ros'
[7.613s] DEBUG:colcon.colcon_core.package_identification:Package 'src/py_pubsub' with type 'ros.ament_python' and name 'py_pubsub'
[7.613s] Level 1:colcon.colcon_core.package_discovery:discover_packages(recursive) using defaults
[7.613s] Level 1:colcon.colcon_core.package_discovery:discover_packages(ignore) discover
[7.613s] Level 1:colcon.colcon_core.package_discovery:discover_packages(ignore) using defaults
[7.614s] Level 1:colcon.colcon_core.package_discovery:discover_packages(path) discover
[7.614s] Level 1:colcon.colcon_core.package_discovery:discover_packages(path) using defaults
[8.262s] Level 1:colcon.colcon_core.package_discovery:discover_packages(prefix_path) check parameters
[8.262s] Level 1:colcon.colcon_core.package_discovery:discover_packages(prefix_path) discover
[8.516s] DEBUG:colcon.colcon_installed_package_information.package_discovery:Found 3 installed packages in /home/ubuntu/pangolin_ws/install
[8.638s] DEBUG:colcon.colcon_installed_package_information.package_discovery:Found 175 installed packages in /opt/ros/foxy
[8.643s] Level 1:colcon.colcon_core.package_discovery:discover_packages(prefix_path) using defaults
[9.063s] Level 5:colcon.colcon_core.verb:set package 'pangolin_control' build argument 'cmake_args' from command line to 'None'
[9.063s] Level 5:colcon.colcon_core.verb:set package 'pangolin_control' build argument 'cmake_target' from command line to 'None'
[9.063s] Level 5:colcon.colcon_core.verb:set package 'pangolin_control' build argument 'cmake_target_skip_unavailable' from command line to 'False'
[9.063s] Level 5:colcon.colcon_core.verb:set package 'pangolin_control' build argument 'cmake_clean_cache' from command line to 'False'
[9.063s] Level 5:colcon.colcon_core.verb:set package 'pangolin_control' build argument 'cmake_clean_first' from command line to 'False'
[9.064s] Level 5:colcon.colcon_core.verb:set package 'pangolin_control' build argument 'cmake_force_configure' from command line to 'False'
[9.064s] Level 5:colcon.colcon_core.verb:set package 'pangolin_control' build argument 'ament_cmake_args' from command line to 'None'
[9.064s] Level 5:colcon.colcon_core.verb:set package 'pangolin_control' build argument 'catkin_cmake_args' from command line to 'None'
[9.064s] Level 5:colcon.colcon_core.verb:set package 'pangolin_control' build argument 'catkin_skip_building_tests' from command line to 'False'
[9.064s] DEBUG:colcon.colcon_core.verb:Building package 'pangolin_control' with the following arguments: {'ament_cmake_args': None, 'build_base': '/home/ubuntu/pangolin_ws/build/pangolin_control', 'catkin_cmake_args': None, 'catkin_skip_building_tests': False, 'cmake_args': None, 'cmake_clean_cache': False, 'cmake_clean_first': False, 'cmake_force_configure': False, 'cmake_target': None, 'cmake_target_skip_unavailable': False, 'install_base': '/home/ubuntu/pangolin_ws/install/pangolin_control', 'merge_install': False, 'path': '/home/ubuntu/pangolin_ws/src/pangolin_control', 'symlink_install': True, 'test_result_base': None}
[9.183s] Level 5:colcon.colcon_core.verb:set package 'py_pubsub' build argument 'cmake_args' from command line to 'None'
[9.183s] Level 5:colcon.colcon_core.verb:set package 'py_pubsub' build argument 'cmake_target' from command line to 'None'
[9.183s] Level 5:colcon.colcon_core.verb:set package 'py_pubsub' build argument 'cmake_target_skip_unavailable' from command line to 'False'
[9.183s] Level 5:colcon.colcon_core.verb:set package 'py_pubsub' build argument 'cmake_clean_cache' from command line to 'False'
[9.183s] Level 5:colcon.colcon_core.verb:set package 'py_pubsub' build argument 'cmake_clean_first' from command line to 'False'
[9.183s] Level 5:colcon.colcon_core.verb:set package 'py_pubsub' build argument 'cmake_force_configure' from command line to 'False'
[9.183s] Level 5:colcon.colcon_core.verb:set package 'py_pubsub' build argument 'ament_cmake_args' from command line to 'None'
[9.183s] Level 5:colcon.colcon_core.verb:set package 'py_pubsub' build argument 'catkin_cmake_args' from command line to 'None'
[9.184s] Level 5:colcon.colcon_core.verb:set package 'py_pubsub' build argument 'catkin_skip_building_tests' from command line to 'False'
[9.184s] DEBUG:colcon.colcon_core.verb:Building package 'py_pubsub' with the following arguments: {'ament_cmake_args': None, 'build_base': '/home/ubuntu/pangolin_ws/build/py_pubsub', 'catkin_cmake_args': None, 'catkin_skip_building_tests': False, 'cmake_args': None, 'cmake_clean_cache': False, 'cmake_clean_first': False, 'cmake_force_configure': False, 'cmake_target': None, 'cmake_target_skip_unavailable': False, 'install_base': '/home/ubuntu/pangolin_ws/install/py_pubsub', 'merge_install': False, 'path': '/home/ubuntu/pangolin_ws/src/py_pubsub', 'symlink_install': True, 'test_result_base': None}
[9.343s] INFO:colcon.colcon_core.executor:Executing jobs using 'parallel' executor
[9.464s] DEBUG:colcon.colcon_parallel_executor.executor.parallel:run_until_complete
[9.466s] INFO:colcon.colcon_ros.task.ament_python.build:Building ROS package in '/home/ubuntu/pangolin_ws/src/pangolin_control' with build type 'ament_python'
[9.466s] Level 1:colcon.colcon_core.shell:create_environment_hook('pangolin_control', 'ament_prefix_path')
[9.603s] INFO:colcon.colcon_core.plugin_system:Skipping extension 'colcon_core.shell.bat': Not used on non-Windows systems
[9.604s] INFO:colcon.colcon_core.shell:Creating environment hook '/home/ubuntu/pangolin_ws/install/pangolin_control/share/pangolin_control/hook/ament_prefix_path.ps1'
[9.607s] INFO:colcon.colcon_core.shell:Creating environment descriptor '/home/ubuntu/pangolin_ws/install/pangolin_control/share/pangolin_control/hook/ament_prefix_path.dsv'
[9.609s] INFO:colcon.colcon_core.shell:Creating environment hook '/home/ubuntu/pangolin_ws/install/pangolin_control/share/pangolin_control/hook/ament_prefix_path.sh'
[9.734s] INFO:colcon.colcon_core.shell:Skip shell extension 'powershell' for command environment: Not usable outside of PowerShell
[9.735s] DEBUG:colcon.colcon_core.shell:Skip shell extension 'dsv' for command environment
[10.133s] INFO:colcon.colcon_ros.task.ament_python.build:Building ROS package in '/home/ubuntu/pangolin_ws/src/py_pubsub' with build type 'ament_python'
[10.134s] Level 1:colcon.colcon_core.shell:create_environment_hook('py_pubsub', 'ament_prefix_path')
[10.267s] INFO:colcon.colcon_core.shell:Creating environment hook '/home/ubuntu/pangolin_ws/install/py_pubsub/share/py_pubsub/hook/ament_prefix_path.ps1'
[10.269s] INFO:colcon.colcon_core.shell:Creating environment descriptor '/home/ubuntu/pangolin_ws/install/py_pubsub/share/py_pubsub/hook/ament_prefix_path.dsv'
[10.271s] INFO:colcon.colcon_core.shell:Creating environment hook '/home/ubuntu/pangolin_ws/install/py_pubsub/share/py_pubsub/hook/ament_prefix_path.sh'
[10.399s] INFO:colcon.colcon_core.shell:Skip shell extension 'powershell' for command environment: Not usable outside of PowerShell
[10.399s] DEBUG:colcon.colcon_core.shell:Skip shell extension 'dsv' for command environment
[11.667s] INFO:colcon.colcon_core.task.python.build:Building Python package in '/home/ubuntu/pangolin_ws/src/pangolin_control'
[11.800s] INFO:colcon.colcon_core.shell:Skip shell extension 'powershell' for command environment: Not usable outside of PowerShell
[11.800s] DEBUG:colcon.colcon_core.shell:Skip shell extension 'dsv' for command environment
[13.027s] INFO:colcon.colcon_core.task.python.build:Building Python package in '/home/ubuntu/pangolin_ws/src/py_pubsub'
[13.155s] INFO:colcon.colcon_core.shell:Skip shell extension 'powershell' for command environment: Not usable outside of PowerShell
[13.156s] DEBUG:colcon.colcon_core.shell:Skip shell extension 'dsv' for command environment
[15.096s] DEBUG:colcon.colcon_core.event_handler.log_command:Invoking command in '/home/ubuntu/pangolin_ws/build/pangolin_control': PYTHONPATH=/home/ubuntu/pangolin_ws/build/pangolin_control/prefix_override:/home/ubuntu/pangolin_ws/install/pangolin_control/lib/python3.8/site-packages:${PYTHONPATH} /usr/bin/python3 setup.py develop --editable --build-directory /home/ubuntu/pangolin_ws/build/pangolin_control/build --no-deps install_data
[15.138s] DEBUG:colcon.colcon_core.event_handler.log_command:Invoking command in '/home/ubuntu/pangolin_ws/build/py_pubsub': PYTHONPATH=/home/ubuntu/pangolin_ws/build/py_pubsub/prefix_override:/home/ubuntu/pangolin_ws/install/py_pubsub/lib/python3.8/site-packages:${PYTHONPATH} /usr/bin/python3 setup.py develop --editable --build-directory /home/ubuntu/pangolin_ws/build/py_pubsub/build --no-deps install_data
[16.981s] Level 1:colcon.colcon_core.shell:create_environment_hook('pangolin_control', 'pythonpath_develop')
[16.984s] DEBUG:colcon.colcon_core.event_handler.log_command:Invoked command in '/home/ubuntu/pangolin_ws/build/pangolin_control' returned '0': PYTHONPATH=/home/ubuntu/pangolin_ws/build/pangolin_control/prefix_override:/home/ubuntu/pangolin_ws/install/pangolin_control/lib/python3.8/site-packages:${PYTHONPATH} /usr/bin/python3 setup.py develop --editable --build-directory /home/ubuntu/pangolin_ws/build/pangolin_control/build --no-deps install_data
[17.118s] INFO:colcon.colcon_core.shell:Creating environment hook '/home/ubuntu/pangolin_ws/build/pangolin_control/share/pangolin_control/hook/pythonpath_develop.ps1'
[17.121s] INFO:colcon.colcon_core.shell:Creating environment descriptor '/home/ubuntu/pangolin_ws/build/pangolin_control/share/pangolin_control/hook/pythonpath_develop.dsv'
[17.123s] INFO:colcon.colcon_core.shell:Creating environment hook '/home/ubuntu/pangolin_ws/build/pangolin_control/share/pangolin_control/hook/pythonpath_develop.sh'
[17.257s] Level 1:colcon.colcon_core.environment:checking '/home/ubuntu/pangolin_ws/install/pangolin_control' for CMake module files
[17.260s] Level 1:colcon.colcon_core.environment:checking '/home/ubuntu/pangolin_ws/install/pangolin_control' for CMake config files
[17.264s] Level 1:colcon.colcon_core.environment:checking '/home/ubuntu/pangolin_ws/install/pangolin_control/lib'
[17.265s] Level 1:colcon.colcon_core.environment:checking '/home/ubuntu/pangolin_ws/install/pangolin_control/bin'
[17.265s] Level 1:colcon.colcon_core.environment:checking '/home/ubuntu/pangolin_ws/install/pangolin_control/lib/pkgconfig/pangolin_control.pc'
[17.266s] Level 1:colcon.colcon_core.environment:checking '/home/ubuntu/pangolin_ws/install/pangolin_control/lib/python3.8/site-packages'
[17.267s] Level 1:colcon.colcon_core.shell:create_environment_hook('pangolin_control', 'pythonpath')
[17.396s] INFO:colcon.colcon_core.shell:Creating environment hook '/home/ubuntu/pangolin_ws/install/pangolin_control/share/pangolin_control/hook/pythonpath.ps1'
[17.398s] INFO:colcon.colcon_core.shell:Creating environment descriptor '/home/ubuntu/pangolin_ws/install/pangolin_control/share/pangolin_control/hook/pythonpath.dsv'
[17.400s] INFO:colcon.colcon_core.shell:Creating environment hook '/home/ubuntu/pangolin_ws/install/pangolin_control/share/pangolin_control/hook/pythonpath.sh'
[17.402s] Level 1:colcon.colcon_core.environment:checking '/home/ubuntu/pangolin_ws/install/pangolin_control/bin'
[17.402s] Level 1:colcon.colcon_core.environment:create_environment_scripts_only(pangolin_control)
[17.526s] INFO:colcon.colcon_core.shell:Creating package script '/home/ubuntu/pangolin_ws/install/pangolin_control/share/pangolin_control/package.ps1'
[17.530s] INFO:colcon.colcon_core.shell:Creating package descriptor '/home/ubuntu/pangolin_ws/install/pangolin_control/share/pangolin_control/package.dsv'
[17.533s] INFO:colcon.colcon_core.shell:Creating package script '/home/ubuntu/pangolin_ws/install/pangolin_control/share/pangolin_control/package.sh'
[17.536s] INFO:colcon.colcon_core.shell:Creating package script '/home/ubuntu/pangolin_ws/install/pangolin_control/share/pangolin_control/package.bash'
[17.539s] INFO:colcon.colcon_core.shell:Creating package script '/home/ubuntu/pangolin_ws/install/pangolin_control/share/pangolin_control/package.zsh'
[17.542s] Level 1:colcon.colcon_core.environment:create_file_with_runtime_dependencies(/home/ubuntu/pangolin_ws/install/pangolin_control/share/colcon-core/packages/pangolin_control)
[17.547s] Level 1:colcon.colcon_core.shell:create_environment_hook('py_pubsub', 'pythonpath_develop')
[17.549s] DEBUG:colcon.colcon_core.event_handler.log_command:Invoked command in '/home/ubuntu/pangolin_ws/build/py_pubsub' returned '0': PYTHONPATH=/home/ubuntu/pangolin_ws/build/py_pubsub/prefix_override:/home/ubuntu/pangolin_ws/install/py_pubsub/lib/python3.8/site-packages:${PYTHONPATH} /usr/bin/python3 setup.py develop --editable --build-directory /home/ubuntu/pangolin_ws/build/py_pubsub/build --no-deps install_data
[17.678s] INFO:colcon.colcon_core.shell:Creating environment hook '/home/ubuntu/pangolin_ws/build/py_pubsub/share/py_pubsub/hook/pythonpath_develop.ps1'
[17.680s] INFO:colcon.colcon_core.shell:Creating environment descriptor '/home/ubuntu/pangolin_ws/build/py_pubsub/share/py_pubsub/hook/pythonpath_develop.dsv'
[17.682s] INFO:colcon.colcon_core.shell:Creating environment hook '/home/ubuntu/pangolin_ws/build/py_pubsub/share/py_pubsub/hook/pythonpath_develop.sh'
[17.812s] Level 1:colcon.colcon_core.environment:checking '/home/ubuntu/pangolin_ws/install/py_pubsub' for CMake module files
[17.815s] Level 1:colcon.colcon_core.environment:checking '/home/ubuntu/pangolin_ws/install/py_pubsub' for CMake config files
[17.817s] Level 1:colcon.colcon_core.environment:checking '/home/ubuntu/pangolin_ws/install/py_pubsub/lib'
[17.818s] Level 1:colcon.colcon_core.environment:checking '/home/ubuntu/pangolin_ws/install/py_pubsub/bin'
[17.818s] Level 1:colcon.colcon_core.environment:checking '/home/ubuntu/pangolin_ws/install/py_pubsub/lib/pkgconfig/py_pubsub.pc'
[17.818s] Level 1:colcon.colcon_core.environment:checking '/home/ubuntu/pangolin_ws/install/py_pubsub/lib/python3.8/site-packages'
[17.819s] Level 1:colcon.colcon_core.shell:create_environment_hook('py_pubsub', 'pythonpath')
[17.942s] INFO:colcon.colcon_core.shell:Creating environment hook '/home/ubuntu/pangolin_ws/install/py_pubsub/share/py_pubsub/hook/pythonpath.ps1'
[17.944s] INFO:colcon.colcon_core.shell:Creating environment descriptor '/home/ubuntu/pangolin_ws/install/py_pubsub/share/py_pubsub/hook/pythonpath.dsv'
[17.946s] INFO:colcon.colcon_core.shell:Creating environment hook '/home/ubuntu/pangolin_ws/install/py_pubsub/share/py_pubsub/hook/pythonpath.sh'
[17.948s] Level 1:colcon.colcon_core.environment:checking '/home/ubuntu/pangolin_ws/install/py_pubsub/bin'
[17.948s] Level 1:colcon.colcon_core.environment:create_environment_scripts_only(py_pubsub)
[18.078s] INFO:colcon.colcon_core.shell:Creating package script '/home/ubuntu/pangolin_ws/install/py_pubsub/share/py_pubsub/package.ps1'
[18.081s] INFO:colcon.colcon_core.shell:Creating package descriptor '/home/ubuntu/pangolin_ws/install/py_pubsub/share/py_pubsub/package.dsv'
[18.083s] INFO:colcon.colcon_core.shell:Creating package script '/home/ubuntu/pangolin_ws/install/py_pubsub/share/py_pubsub/package.sh'
[18.085s] INFO:colcon.colcon_core.shell:Creating package script '/home/ubuntu/pangolin_ws/install/py_pubsub/share/py_pubsub/package.bash'
[18.087s] INFO:colcon.colcon_core.shell:Creating package script '/home/ubuntu/pangolin_ws/install/py_pubsub/share/py_pubsub/package.zsh'
[18.089s] Level 1:colcon.colcon_core.environment:create_file_with_runtime_dependencies(/home/ubuntu/pangolin_ws/install/py_pubsub/share/colcon-core/packages/py_pubsub)
[18.091s] DEBUG:colcon.colcon_parallel_executor.executor.parallel:closing loop
[18.092s] DEBUG:colcon.colcon_parallel_executor.executor.parallel:loop closed
[18.092s] DEBUG:colcon.colcon_parallel_executor.executor.parallel:run_until_complete finished with '0'
[18.093s] DEBUG:colcon.colcon_core.event_reactor:joining thread
[18.236s] INFO:colcon.colcon_core.plugin_system:Skipping extension 'colcon_notification.desktop_notification.notify_send': Could not find 'notify-send'
[18.236s] INFO:colcon.colcon_core.plugin_system:Skipping extension 'colcon_notification.desktop_notification.terminal_notifier': Not used on non-Darwin systems
[18.237s] INFO:colcon.colcon_core.plugin_system:Skipping extension 'colcon_notification.desktop_notification.win32': Not used on non-Windows systems
[18.237s] INFO:colcon.colcon_notification.desktop_notification:Sending desktop notification using 'notify2'
[18.240s] DEBUG:colcon.colcon_notification.desktop_notification.notify2:Failed to initialize notify2: org.freedesktop.DBus.Error.ServiceUnknown: The name org.freedesktop.Notifications was not provided by any .service files
[18.240s] DEBUG:colcon.colcon_core.event_reactor:joined thread
[18.364s] INFO:colcon.colcon_core.shell:Creating prefix script '/home/ubuntu/pangolin_ws/install/local_setup.ps1'
[18.367s] INFO:colcon.colcon_core.shell:Creating prefix util module '/home/ubuntu/pangolin_ws/install/_local_setup_util_ps1.py'
[18.372s] INFO:colcon.colcon_core.shell:Creating prefix chain script '/home/ubuntu/pangolin_ws/install/setup.ps1'
[18.498s] INFO:colcon.colcon_core.shell:Creating prefix script '/home/ubuntu/pangolin_ws/install/local_setup.sh'
[18.501s] INFO:colcon.colcon_core.shell:Creating prefix util module '/home/ubuntu/pangolin_ws/install/_local_setup_util_sh.py'
[18.503s] INFO:colcon.colcon_core.shell:Creating prefix chain script '/home/ubuntu/pangolin_ws/install/setup.sh'
[18.629s] INFO:colcon.colcon_core.shell:Creating prefix script '/home/ubuntu/pangolin_ws/install/local_setup.bash'
[18.632s] INFO:colcon.colcon_core.shell:Creating prefix chain script '/home/ubuntu/pangolin_ws/install/setup.bash'
[18.761s] INFO:colcon.colcon_core.shell:Creating prefix script '/home/ubuntu/pangolin_ws/install/local_setup.zsh'
[18.763s] INFO:colcon.colcon_core.shell:Creating prefix chain script '/home/ubuntu/pangolin_ws/install/setup.zsh'
