[1.276s] Invoking command in '/home/ubuntu/pangolin_ws/build/pangolin_interfaces': CMAKE_PREFIX_PATH=${CMAKE_PREFIX_PATH}:/home/ubuntu/pangolin_ws/install/py_srvcli:/home/ubuntu/pangolin_ws/install/py_pubsub:/home/ubuntu/pangolin_ws/install/pangolin_control:/opt/ros/foxy /usr/bin/cmake --build /home/ubuntu/pangolin_ws/build/pangolin_interfaces -- -j4 -l4
[1.503s] [  3%] Built target pangolin_interfaces__cpp
[1.517s] [ 12%] Built target pangolin_interfaces__rosidl_generator_c
[1.639s] [ 22%] Built target pangolin_interfaces__rosidl_typesupport_cpp
[1.663s] [ 32%] Built target pangolin_interfaces__rosidl_typesupport_fastrtps_cpp
[1.695s] [ 41%] Built target pangolin_interfaces__rosidl_typesupport_c
[1.709s] [ 51%] Built target pangolin_interfaces__rosidl_typesupport_introspection_cpp
[1.755s] [ 61%] Built target pangolin_interfaces__rosidl_typesupport_introspection_c
[1.802s] [ 70%] Built target pangolin_interfaces__rosidl_typesupport_fastrtps_c
[1.885s] [ 70%] Built target pangolin_interfaces
[1.976s] [ 74%] Built target pangolin_interfaces__py
[2.086s] [ 80%] Built target pangolin_interfaces__python
[2.213s] [ 93%] Built target pangolin_interfaces__rosidl_typesupport_c__pyext
[2.216s] [ 93%] Built target pangolin_interfaces__rosidl_typesupport_introspection_c__pyext
[2.223s] [100%] Built target pangolin_interfaces__rosidl_typesupport_fastrtps_c__pyext
[2.986s] Invoked command in '/home/ubuntu/pangolin_ws/build/pangolin_interfaces' returned '0': CMAKE_PREFIX_PATH=${CMAKE_PREFIX_PATH}:/home/ubuntu/pangolin_ws/install/py_srvcli:/home/ubuntu/pangolin_ws/install/py_pubsub:/home/ubuntu/pangolin_ws/install/pangolin_control:/opt/ros/foxy /usr/bin/cmake --build /home/ubuntu/pangolin_ws/build/pangolin_interfaces -- -j4 -l4
[3.306s] Invoking command in '/home/ubuntu/pangolin_ws/build/pangolin_interfaces': CMAKE_PREFIX_PATH=${CMAKE_PREFIX_PATH}:/home/ubuntu/pangolin_ws/install/py_srvcli:/home/ubuntu/pangolin_ws/install/py_pubsub:/home/ubuntu/pangolin_ws/install/pangolin_control:/opt/ros/foxy /usr/bin/cmake --install /home/ubuntu/pangolin_ws/build/pangolin_interfaces
[3.340s] -- Install configuration: ""
[3.341s] -- Execute custom install script
[3.343s] -- Up-to-date symlink: /home/ubuntu/pangolin_ws/install/pangolin_interfaces/share/ament_index/resource_index/rosidl_interfaces/pangolin_interfaces
[3.347s] -- Up-to-date symlink: /home/ubuntu/pangolin_ws/install/pangolin_interfaces/include/pangolin_interfaces/action/detail/pangolin_action__functions.h
[3.349s] -- Up-to-date symlink: /home/ubuntu/pangolin_ws/install/pangolin_interfaces/include/pangolin_interfaces/action/detail/pangolin_action__struct.h
[3.350s] -- Up-to-date symlink: /home/ubuntu/pangolin_ws/install/pangolin_interfaces/include/pangolin_interfaces/action/detail/pangolin_action__type_support.h
[3.351s] -- Up-to-date symlink: /home/ubuntu/pangolin_ws/install/pangolin_interfaces/include/pangolin_interfaces/action/pangolin_action.h
[3.353s] -- Up-to-date symlink: /home/ubuntu/pangolin_ws/install/pangolin_interfaces/include/pangolin_interfaces/msg/rosidl_generator_c__visibility_control.h
[3.355s] -- Up-to-date symlink: /home/ubuntu/pangolin_ws/install/pangolin_interfaces/share/pangolin_interfaces/environment/library_path.sh
[3.356s] -- Up-to-date symlink: /home/ubuntu/pangolin_ws/install/pangolin_interfaces/share/pangolin_interfaces/environment/library_path.dsv
[3.360s] -- Up-to-date symlink: /home/ubuntu/pangolin_ws/install/pangolin_interfaces/include/pangolin_interfaces/action/detail/pangolin_action__rosidl_typesupport_fastrtps_c.h
[3.362s] -- Up-to-date symlink: /home/ubuntu/pangolin_ws/install/pangolin_interfaces/include/pangolin_interfaces/msg/rosidl_typesupport_fastrtps_c__visibility_control.h
[3.364s] -- Up-to-date symlink: /home/ubuntu/pangolin_ws/install/pangolin_interfaces/lib/libpangolin_interfaces__rosidl_typesupport_fastrtps_c.so
[3.368s] -- Up-to-date symlink: /home/ubuntu/pangolin_ws/install/pangolin_interfaces/include/pangolin_interfaces/action/detail/pangolin_action__rosidl_typesupport_fastrtps_cpp.hpp
[3.370s] -- Up-to-date symlink: /home/ubuntu/pangolin_ws/install/pangolin_interfaces/include/pangolin_interfaces/msg/rosidl_typesupport_fastrtps_cpp__visibility_control.h
[3.372s] -- Up-to-date symlink: /home/ubuntu/pangolin_ws/install/pangolin_interfaces/lib/libpangolin_interfaces__rosidl_typesupport_fastrtps_cpp.so
[3.375s] -- Up-to-date symlink: /home/ubuntu/pangolin_ws/install/pangolin_interfaces/include/pangolin_interfaces/action/detail/pangolin_action__rosidl_typesupport_introspection_c.h
[3.376s] -- Up-to-date symlink: /home/ubuntu/pangolin_ws/install/pangolin_interfaces/include/pangolin_interfaces/msg/rosidl_typesupport_introspection_c__visibility_control.h
[3.380s] -- Up-to-date symlink: /home/ubuntu/pangolin_ws/install/pangolin_interfaces/include/pangolin_interfaces/action/detail/pangolin_action__builder.hpp
[3.381s] -- Up-to-date symlink: /home/ubuntu/pangolin_ws/install/pangolin_interfaces/include/pangolin_interfaces/action/detail/pangolin_action__struct.hpp
[3.382s] -- Up-to-date symlink: /home/ubuntu/pangolin_ws/install/pangolin_interfaces/include/pangolin_interfaces/action/detail/pangolin_action__traits.hpp
[3.384s] -- Up-to-date symlink: /home/ubuntu/pangolin_ws/install/pangolin_interfaces/include/pangolin_interfaces/action/detail/pangolin_action__type_support.hpp
[3.385s] -- Up-to-date symlink: /home/ubuntu/pangolin_ws/install/pangolin_interfaces/include/pangolin_interfaces/action/pangolin_action.hpp
[3.386s] -- Up-to-date symlink: /home/ubuntu/pangolin_ws/install/pangolin_interfaces/include/pangolin_interfaces/msg/rosidl_generator_cpp__visibility_control.hpp
[3.389s] -- Up-to-date symlink: /home/ubuntu/pangolin_ws/install/pangolin_interfaces/include/pangolin_interfaces/action/detail/pangolin_action__rosidl_typesupport_introspection_cpp.hpp
[3.391s] -- Up-to-date symlink: /home/ubuntu/pangolin_ws/install/pangolin_interfaces/share/pangolin_interfaces/environment/pythonpath.sh
[3.392s] -- Up-to-date symlink: /home/ubuntu/pangolin_ws/install/pangolin_interfaces/share/pangolin_interfaces/environment/pythonpath.dsv
[3.394s] -- Up-to-date symlink: /home/ubuntu/pangolin_ws/install/pangolin_interfaces/lib/python3.8/site-packages/pangolin_interfaces/__init__.py
[3.397s] -- Up-to-date symlink: /home/ubuntu/pangolin_ws/install/pangolin_interfaces/lib/python3.8/site-packages/pangolin_interfaces/action/__init__.py
[3.398s] -- Up-to-date symlink: /home/ubuntu/pangolin_ws/install/pangolin_interfaces/lib/python3.8/site-packages/pangolin_interfaces/action/_pangolin_action.py
[3.400s] -- Up-to-date symlink: /home/ubuntu/pangolin_ws/install/pangolin_interfaces/lib/python3.8/site-packages/pangolin_interfaces/pangolin_interfaces_s__rosidl_typesupport_fastrtps_c.cpython-38-aarch64-linux-gnu.so
[3.403s] -- Up-to-date symlink: /home/ubuntu/pangolin_ws/install/pangolin_interfaces/lib/python3.8/site-packages/pangolin_interfaces/pangolin_interfaces_s__rosidl_typesupport_introspection_c.cpython-38-aarch64-linux-gnu.so
[3.405s] -- Up-to-date symlink: /home/ubuntu/pangolin_ws/install/pangolin_interfaces/lib/python3.8/site-packages/pangolin_interfaces/pangolin_interfaces_s__rosidl_typesupport_c.cpython-38-aarch64-linux-gnu.so
[3.407s] -- Up-to-date symlink: /home/ubuntu/pangolin_ws/install/pangolin_interfaces/lib/libpangolin_interfaces__python.so
[3.408s] -- Up-to-date symlink: /home/ubuntu/pangolin_ws/install/pangolin_interfaces/share/pangolin_interfaces/action/PangolinAction.idl
[3.410s] -- Up-to-date symlink: /home/ubuntu/pangolin_ws/install/pangolin_interfaces/share/pangolin_interfaces/action/PangolinAction.action
[3.411s] -- Up-to-date symlink: /home/ubuntu/pangolin_ws/install/pangolin_interfaces/share/ament_index/resource_index/package_run_dependencies/pangolin_interfaces
[3.413s] -- Up-to-date symlink: /home/ubuntu/pangolin_ws/install/pangolin_interfaces/share/ament_index/resource_index/parent_prefix_path/pangolin_interfaces
[3.415s] -- Up-to-date symlink: /home/ubuntu/pangolin_ws/install/pangolin_interfaces/share/pangolin_interfaces/environment/ament_prefix_path.sh
[3.416s] -- Up-to-date symlink: /home/ubuntu/pangolin_ws/install/pangolin_interfaces/share/pangolin_interfaces/environment/ament_prefix_path.dsv
[3.418s] -- Up-to-date symlink: /home/ubuntu/pangolin_ws/install/pangolin_interfaces/share/pangolin_interfaces/environment/path.sh
[3.419s] -- Up-to-date symlink: /home/ubuntu/pangolin_ws/install/pangolin_interfaces/share/pangolin_interfaces/environment/path.dsv
[3.421s] -- Up-to-date symlink: /home/ubuntu/pangolin_ws/install/pangolin_interfaces/share/pangolin_interfaces/local_setup.bash
[3.423s] -- Up-to-date symlink: /home/ubuntu/pangolin_ws/install/pangolin_interfaces/share/pangolin_interfaces/local_setup.sh
[3.424s] -- Up-to-date symlink: /home/ubuntu/pangolin_ws/install/pangolin_interfaces/share/pangolin_interfaces/local_setup.zsh
[3.426s] -- Up-to-date symlink: /home/ubuntu/pangolin_ws/install/pangolin_interfaces/share/pangolin_interfaces/local_setup.dsv
[3.427s] -- Symlinking: /home/ubuntu/pangolin_ws/install/pangolin_interfaces/share/pangolin_interfaces/package.dsv
[3.463s] -- Up-to-date symlink: /home/ubuntu/pangolin_ws/install/pangolin_interfaces/share/ament_index/resource_index/packages/pangolin_interfaces
[3.465s] -- Up-to-date symlink: /home/ubuntu/pangolin_ws/install/pangolin_interfaces/share/pangolin_interfaces/cmake/rosidl_cmake-extras.cmake
[3.466s] -- Up-to-date symlink: /home/ubuntu/pangolin_ws/install/pangolin_interfaces/share/pangolin_interfaces/cmake/ament_cmake_export_dependencies-extras.cmake
[3.468s] -- Up-to-date symlink: /home/ubuntu/pangolin_ws/install/pangolin_interfaces/share/pangolin_interfaces/cmake/ament_cmake_export_libraries-extras.cmake
[3.470s] -- Up-to-date symlink: /home/ubuntu/pangolin_ws/install/pangolin_interfaces/share/pangolin_interfaces/cmake/ament_cmake_export_targets-extras.cmake
[3.471s] -- Up-to-date symlink: /home/ubuntu/pangolin_ws/install/pangolin_interfaces/share/pangolin_interfaces/cmake/ament_cmake_export_include_directories-extras.cmake
[3.473s] -- Up-to-date symlink: /home/ubuntu/pangolin_ws/install/pangolin_interfaces/share/pangolin_interfaces/cmake/rosidl_cmake_export_typesupport_libraries-extras.cmake
[3.474s] -- Up-to-date symlink: /home/ubuntu/pangolin_ws/install/pangolin_interfaces/share/pangolin_interfaces/cmake/rosidl_cmake_export_typesupport_targets-extras.cmake
[3.476s] -- Up-to-date symlink: /home/ubuntu/pangolin_ws/install/pangolin_interfaces/share/pangolin_interfaces/cmake/pangolin_interfacesConfig.cmake
[3.477s] -- Up-to-date symlink: /home/ubuntu/pangolin_ws/install/pangolin_interfaces/share/pangolin_interfaces/cmake/pangolin_interfacesConfig-version.cmake
[3.478s] -- Up-to-date symlink: /home/ubuntu/pangolin_ws/install/pangolin_interfaces/share/pangolin_interfaces/package.xml
[3.480s] -- Up-to-date: /home/ubuntu/pangolin_ws/install/pangolin_interfaces/lib/libpangolin_interfaces__rosidl_generator_c.so
[3.482s] -- Up-to-date: /home/ubuntu/pangolin_ws/install/pangolin_interfaces/lib/libpangolin_interfaces__rosidl_typesupport_introspection_c.so
[3.484s] -- Up-to-date: /home/ubuntu/pangolin_ws/install/pangolin_interfaces/lib/libpangolin_interfaces__rosidl_typesupport_c.so
[3.486s] -- Up-to-date: /home/ubuntu/pangolin_ws/install/pangolin_interfaces/lib/libpangolin_interfaces__rosidl_typesupport_introspection_cpp.so
[3.489s] -- Up-to-date: /home/ubuntu/pangolin_ws/install/pangolin_interfaces/lib/libpangolin_interfaces__rosidl_typesupport_cpp.so
[3.668s] -- Up-to-date: /home/ubuntu/pangolin_ws/install/pangolin_interfaces/share/pangolin_interfaces/cmake/pangolin_interfaces__rosidl_generator_cExport.cmake
[3.669s] -- Up-to-date: /home/ubuntu/pangolin_ws/install/pangolin_interfaces/share/pangolin_interfaces/cmake/pangolin_interfaces__rosidl_generator_cExport-noconfig.cmake
[3.671s] -- Up-to-date: /home/ubuntu/pangolin_ws/install/pangolin_interfaces/share/pangolin_interfaces/cmake/pangolin_interfaces__rosidl_typesupport_introspection_cExport.cmake
[3.672s] -- Up-to-date: /home/ubuntu/pangolin_ws/install/pangolin_interfaces/share/pangolin_interfaces/cmake/pangolin_interfaces__rosidl_typesupport_introspection_cExport-noconfig.cmake
[3.674s] -- Up-to-date: /home/ubuntu/pangolin_ws/install/pangolin_interfaces/share/pangolin_interfaces/cmake/pangolin_interfaces__rosidl_typesupport_cExport.cmake
[3.675s] -- Up-to-date: /home/ubuntu/pangolin_ws/install/pangolin_interfaces/share/pangolin_interfaces/cmake/pangolin_interfaces__rosidl_typesupport_cExport-noconfig.cmake
[3.677s] -- Up-to-date: /home/ubuntu/pangolin_ws/install/pangolin_interfaces/share/pangolin_interfaces/cmake/pangolin_interfaces__rosidl_generator_cppExport.cmake
[3.679s] -- Up-to-date: /home/ubuntu/pangolin_ws/install/pangolin_interfaces/share/pangolin_interfaces/cmake/pangolin_interfaces__rosidl_typesupport_introspection_cppExport.cmake
[3.680s] -- Up-to-date: /home/ubuntu/pangolin_ws/install/pangolin_interfaces/share/pangolin_interfaces/cmake/pangolin_interfaces__rosidl_typesupport_introspection_cppExport-noconfig.cmake
[3.682s] -- Up-to-date: /home/ubuntu/pangolin_ws/install/pangolin_interfaces/share/pangolin_interfaces/cmake/pangolin_interfaces__rosidl_typesupport_cppExport.cmake
[3.684s] -- Up-to-date: /home/ubuntu/pangolin_ws/install/pangolin_interfaces/share/pangolin_interfaces/cmake/pangolin_interfaces__rosidl_typesupport_cppExport-noconfig.cmake
[3.697s] Invoked command in '/home/ubuntu/pangolin_ws/build/pangolin_interfaces' returned '0': CMAKE_PREFIX_PATH=${CMAKE_PREFIX_PATH}:/home/ubuntu/pangolin_ws/install/py_srvcli:/home/ubuntu/pangolin_ws/install/py_pubsub:/home/ubuntu/pangolin_ws/install/pangolin_control:/opt/ros/foxy /usr/bin/cmake --install /home/ubuntu/pangolin_ws/build/pangolin_interfaces
