[5.243s] Invoking command in '/home/ubuntu/pangolin_ws/build/py_pubsub': PYTHONPATH=/home/ubuntu/pangolin_ws/build/py_pubsub/prefix_override:/home/ubuntu/pangolin_ws/install/py_pubsub/lib/python3.8/site-packages:${PYTHONPATH} /usr/bin/python3 setup.py develop --editable --build-directory /home/ubuntu/pangolin_ws/build/py_pubsub/build --no-deps install_data
[6.175s] running develop
[6.707s] running egg_info
[6.708s] creating py_pubsub.egg-info
[6.715s] writing py_pubsub.egg-info/PKG-INFO
[6.716s] writing dependency_links to py_pubsub.egg-info/dependency_links.txt
[6.717s] writing entry points to py_pubsub.egg-info/entry_points.txt
[6.718s] writing requirements to py_pubsub.egg-info/requires.txt
[6.719s] writing top-level names to py_pubsub.egg-info/top_level.txt
[6.720s] writing manifest file 'py_pubsub.egg-info/SOURCES.txt'
[6.845s] reading manifest file 'py_pubsub.egg-info/SOURCES.txt'
[6.847s] writing manifest file 'py_pubsub.egg-info/SOURCES.txt'
[6.853s] running build_ext
[6.855s] Creating /home/ubuntu/pangolin_ws/install/py_pubsub/lib/python3.8/site-packages/site.py
[6.863s] Creating /home/ubuntu/pangolin_ws/install/py_pubsub/lib/python3.8/site-packages/py-pubsub.egg-link (link to .)
[6.866s] Installing listener script to /home/ubuntu/pangolin_ws/install/py_pubsub/lib/py_pubsub
[6.885s] Installing talker script to /home/ubuntu/pangolin_ws/install/py_pubsub/lib/py_pubsub
[6.895s] 
[6.901s] Installed /home/ubuntu/pangolin_ws/build/py_pubsub
[6.905s] running install_data
[6.909s] creating /home/ubuntu/pangolin_ws/install/py_pubsub/share/ament_index
[6.916s] creating /home/ubuntu/pangolin_ws/install/py_pubsub/share/ament_index/resource_index
[6.918s] creating /home/ubuntu/pangolin_ws/install/py_pubsub/share/ament_index/resource_index/packages
[6.921s] copying resource/py_pubsub -> /home/ubuntu/pangolin_ws/install/py_pubsub/share/ament_index/resource_index/packages
[6.929s] copying package.xml -> /home/ubuntu/pangolin_ws/install/py_pubsub/share/py_pubsub
[7.632s] Invoked command in '/home/ubuntu/pangolin_ws/build/py_pubsub' returned '0': PYTHONPATH=/home/ubuntu/pangolin_ws/build/py_pubsub/prefix_override:/home/ubuntu/pangolin_ws/install/py_pubsub/lib/python3.8/site-packages:${PYTHONPATH} /usr/bin/python3 setup.py develop --editable --build-directory /home/ubuntu/pangolin_ws/build/py_pubsub/build --no-deps install_data
