[7.187s] DEBUG:colcon:Command line arguments: ['/usr/bin/colcon', 'build', '--symlink-install']
[7.187s] DEBUG:colcon:Parsed command line arguments: Namespace(allow_overriding=[], ament_cmake_args=None, base_paths=['.'], build_base='build', catkin_cmake_args=None, catkin_skip_building_tests=False, cmake_args=None, cmake_clean_cache=False, cmake_clean_first=False, cmake_force_configure=False, cmake_target=None, cmake_target_skip_unavailable=False, continue_on_error=False, event_handlers=None, executor='parallel', ignore_user_meta=False, install_base='install', log_base=None, log_level=None, main=<bound method BuildVerb.main of <colcon_core.verb.build.BuildVerb object at 0xffff9923e9a0>>, merge_install=False, metas=['./colcon.meta'], packages_above=None, packages_above_and_dependencies=None, packages_above_depth=None, packages_end=None, packages_ignore=None, packages_ignore_regex=None, packages_select=None, packages_select_build_failed=False, packages_select_by_dep=None, packages_select_regex=None, packages_select_test_failures=False, packages_skip=None, packages_skip_build_finished=False, packages_skip_by_dep=None, packages_skip_regex=None, packages_skip_test_passed=False, packages_skip_up_to=None, packages_start=None, packages_up_to=None, packages_up_to_regex=None, parallel_workers=4, paths=None, symlink_install=True, test_result_base=None, verb_extension=<colcon_core.verb.build.BuildVerb object at 0xffff9923e9a0>, verb_name='build', verb_parser=<colcon_defaults.argument_parser.defaults.DefaultArgumentsDecorator object at 0xffff98dfbc10>)
[7.530s] Level 1:colcon.colcon_core.package_discovery:discover_packages(colcon_meta) check parameters
[7.531s] Level 1:colcon.colcon_core.package_discovery:discover_packages(recursive) check parameters
[7.531s] Level 1:colcon.colcon_core.package_discovery:discover_packages(ignore) check parameters
[7.531s] Level 1:colcon.colcon_core.package_discovery:discover_packages(path) check parameters
[7.531s] Level 1:colcon.colcon_core.package_discovery:discover_packages(colcon_meta) discover
[7.531s] Level 1:colcon.colcon_core.package_discovery:discover_packages(recursive) discover
[7.532s] INFO:colcon.colcon_core.package_discovery:Crawling recursively for packages in '/home/ubuntu/pangolin_ws'
[7.532s] Level 1:colcon.colcon_core.package_identification:_identify(.) by extensions ['ignore', 'ignore_ament_install']
[7.532s] Level 1:colcon.colcon_core.package_identification:_identify(.) by extension 'ignore'
[7.533s] Level 1:colcon.colcon_core.package_identification:_identify(.) by extension 'ignore_ament_install'
[7.533s] Level 1:colcon.colcon_core.package_identification:_identify(.) by extensions ['colcon_pkg']
[7.533s] Level 1:colcon.colcon_core.package_identification:_identify(.) by extension 'colcon_pkg'
[7.533s] Level 1:colcon.colcon_core.package_identification:_identify(.) by extensions ['colcon_meta']
[7.533s] Level 1:colcon.colcon_core.package_identification:_identify(.) by extension 'colcon_meta'
[7.533s] Level 1:colcon.colcon_core.package_identification:_identify(.) by extensions ['ros']
[7.533s] Level 1:colcon.colcon_core.package_identification:_identify(.) by extension 'ros'
[7.574s] Level 1:colcon.colcon_core.package_identification:_identify(.) by extensions ['cmake', 'python']
[7.574s] Level 1:colcon.colcon_core.package_identification:_identify(.) by extension 'cmake'
[7.575s] Level 1:colcon.colcon_core.package_identification:_identify(.) by extension 'python'
[7.575s] Level 1:colcon.colcon_core.package_identification:_identify(.) by extensions ['python_setup_py']
[7.575s] Level 1:colcon.colcon_core.package_identification:_identify(.) by extension 'python_setup_py'
[7.576s] Level 1:colcon.colcon_core.package_identification:_identify(build) by extensions ['ignore', 'ignore_ament_install']
[7.576s] Level 1:colcon.colcon_core.package_identification:_identify(build) by extension 'ignore'
[7.576s] Level 1:colcon.colcon_core.package_identification:_identify(build) ignored
[7.577s] Level 1:colcon.colcon_core.package_identification:_identify(install) by extensions ['ignore', 'ignore_ament_install']
[7.577s] Level 1:colcon.colcon_core.package_identification:_identify(install) by extension 'ignore'
[7.577s] Level 1:colcon.colcon_core.package_identification:_identify(install) ignored
[7.578s] Level 1:colcon.colcon_core.package_identification:_identify(log) by extensions ['ignore', 'ignore_ament_install']
[7.578s] Level 1:colcon.colcon_core.package_identification:_identify(log) by extension 'ignore'
[7.578s] Level 1:colcon.colcon_core.package_identification:_identify(log) ignored
[7.579s] Level 1:colcon.colcon_core.package_identification:_identify(src) by extensions ['ignore', 'ignore_ament_install']
[7.579s] Level 1:colcon.colcon_core.package_identification:_identify(src) by extension 'ignore'
[7.579s] Level 1:colcon.colcon_core.package_identification:_identify(src) by extension 'ignore_ament_install'
[7.580s] Level 1:colcon.colcon_core.package_identification:_identify(src) by extensions ['colcon_pkg']
[7.580s] Level 1:colcon.colcon_core.package_identification:_identify(src) by extension 'colcon_pkg'
[7.580s] Level 1:colcon.colcon_core.package_identification:_identify(src) by extensions ['colcon_meta']
[7.580s] Level 1:colcon.colcon_core.package_identification:_identify(src) by extension 'colcon_meta'
[7.580s] Level 1:colcon.colcon_core.package_identification:_identify(src) by extensions ['ros']
[7.580s] Level 1:colcon.colcon_core.package_identification:_identify(src) by extension 'ros'
[7.581s] Level 1:colcon.colcon_core.package_identification:_identify(src) by extensions ['cmake', 'python']
[7.581s] Level 1:colcon.colcon_core.package_identification:_identify(src) by extension 'cmake'
[7.581s] Level 1:colcon.colcon_core.package_identification:_identify(src) by extension 'python'
[7.581s] Level 1:colcon.colcon_core.package_identification:_identify(src) by extensions ['python_setup_py']
[7.581s] Level 1:colcon.colcon_core.package_identification:_identify(src) by extension 'python_setup_py'
[7.582s] Level 1:colcon.colcon_core.package_identification:_identify(src/joystick_ros2) by extensions ['ignore', 'ignore_ament_install']
[7.582s] Level 1:colcon.colcon_core.package_identification:_identify(src/joystick_ros2) by extension 'ignore'
[7.582s] Level 1:colcon.colcon_core.package_identification:_identify(src/joystick_ros2) by extension 'ignore_ament_install'
[7.583s] Level 1:colcon.colcon_core.package_identification:_identify(src/joystick_ros2) by extensions ['colcon_pkg']
[7.583s] Level 1:colcon.colcon_core.package_identification:_identify(src/joystick_ros2) by extension 'colcon_pkg'
[7.583s] Level 1:colcon.colcon_core.package_identification:_identify(src/joystick_ros2) by extensions ['colcon_meta']
[7.583s] Level 1:colcon.colcon_core.package_identification:_identify(src/joystick_ros2) by extension 'colcon_meta'
[7.583s] Level 1:colcon.colcon_core.package_identification:_identify(src/joystick_ros2) by extensions ['ros']
[7.583s] Level 1:colcon.colcon_core.package_identification:_identify(src/joystick_ros2) by extension 'ros'
[7.591s] DEBUG:colcon.colcon_core.package_identification:Package 'src/joystick_ros2' with type 'ros.ament_python' and name 'joystick_ros2'
[7.592s] Level 1:colcon.colcon_core.package_identification:_identify(src/joystick_ros2_ex) by extensions ['ignore', 'ignore_ament_install']
[7.593s] Level 1:colcon.colcon_core.package_identification:_identify(src/joystick_ros2_ex) by extension 'ignore'
[7.593s] Level 1:colcon.colcon_core.package_identification:_identify(src/joystick_ros2_ex) by extension 'ignore_ament_install'
[7.593s] Level 1:colcon.colcon_core.package_identification:_identify(src/joystick_ros2_ex) by extensions ['colcon_pkg']
[7.593s] Level 1:colcon.colcon_core.package_identification:_identify(src/joystick_ros2_ex) by extension 'colcon_pkg'
[7.593s] Level 1:colcon.colcon_core.package_identification:_identify(src/joystick_ros2_ex) by extensions ['colcon_meta']
[7.593s] Level 1:colcon.colcon_core.package_identification:_identify(src/joystick_ros2_ex) by extension 'colcon_meta'
[7.594s] Level 1:colcon.colcon_core.package_identification:_identify(src/joystick_ros2_ex) by extensions ['ros']
[7.594s] Level 1:colcon.colcon_core.package_identification:_identify(src/joystick_ros2_ex) by extension 'ros'
[7.596s] DEBUG:colcon.colcon_core.package_identification:Package 'src/joystick_ros2_ex' with type 'ros.ament_python' and name 'joystick_ros2'
[7.596s] Level 1:colcon.colcon_core.package_identification:_identify(src/pangolin_control) by extensions ['ignore', 'ignore_ament_install']
[7.597s] Level 1:colcon.colcon_core.package_identification:_identify(src/pangolin_control) by extension 'ignore'
[7.597s] Level 1:colcon.colcon_core.package_identification:_identify(src/pangolin_control) by extension 'ignore_ament_install'
[7.597s] Level 1:colcon.colcon_core.package_identification:_identify(src/pangolin_control) by extensions ['colcon_pkg']
[7.597s] Level 1:colcon.colcon_core.package_identification:_identify(src/pangolin_control) by extension 'colcon_pkg'
[7.598s] Level 1:colcon.colcon_core.package_identification:_identify(src/pangolin_control) by extensions ['colcon_meta']
[7.598s] Level 1:colcon.colcon_core.package_identification:_identify(src/pangolin_control) by extension 'colcon_meta'
[7.598s] Level 1:colcon.colcon_core.package_identification:_identify(src/pangolin_control) by extensions ['ros']
[7.598s] Level 1:colcon.colcon_core.package_identification:_identify(src/pangolin_control) by extension 'ros'
[7.600s] DEBUG:colcon.colcon_core.package_identification:Package 'src/pangolin_control' with type 'ros.ament_python' and name 'pangolin_control'
[7.600s] Level 1:colcon.colcon_core.package_identification:_identify(src/py_pubsub) by extensions ['ignore', 'ignore_ament_install']
[7.601s] Level 1:colcon.colcon_core.package_identification:_identify(src/py_pubsub) by extension 'ignore'
[7.601s] Level 1:colcon.colcon_core.package_identification:_identify(src/py_pubsub) by extension 'ignore_ament_install'
[7.601s] Level 1:colcon.colcon_core.package_identification:_identify(src/py_pubsub) by extensions ['colcon_pkg']
[7.601s] Level 1:colcon.colcon_core.package_identification:_identify(src/py_pubsub) by extension 'colcon_pkg'
[7.602s] Level 1:colcon.colcon_core.package_identification:_identify(src/py_pubsub) by extensions ['colcon_meta']
[7.602s] Level 1:colcon.colcon_core.package_identification:_identify(src/py_pubsub) by extension 'colcon_meta'
[7.602s] Level 1:colcon.colcon_core.package_identification:_identify(src/py_pubsub) by extensions ['ros']
[7.602s] Level 1:colcon.colcon_core.package_identification:_identify(src/py_pubsub) by extension 'ros'
[7.604s] DEBUG:colcon.colcon_core.package_identification:Package 'src/py_pubsub' with type 'ros.ament_python' and name 'py_pubsub'
[7.604s] Level 1:colcon.colcon_core.package_discovery:discover_packages(recursive) using defaults
[7.604s] Level 1:colcon.colcon_core.package_discovery:discover_packages(ignore) discover
[7.604s] Level 1:colcon.colcon_core.package_discovery:discover_packages(ignore) using defaults
[7.604s] Level 1:colcon.colcon_core.package_discovery:discover_packages(path) discover
[7.605s] Level 1:colcon.colcon_core.package_discovery:discover_packages(path) using defaults
[8.262s] Level 1:colcon.colcon_core.package_discovery:discover_packages(prefix_path) check parameters
[8.263s] Level 1:colcon.colcon_core.package_discovery:discover_packages(prefix_path) discover
[8.505s] DEBUG:colcon.colcon_installed_package_information.package_discovery:Found 4 installed packages in /home/ubuntu/pangolin_ws/install
[8.624s] DEBUG:colcon.colcon_installed_package_information.package_discovery:Found 1 installed packages in /home/ubuntu/install
[8.747s] DEBUG:colcon.colcon_installed_package_information.package_discovery:Found 174 installed packages in /opt/ros/foxy
[8.752s] Level 1:colcon.colcon_core.package_discovery:discover_packages(prefix_path) using defaults
[9.048s] ERROR:colcon:colcon build: Duplicate package names not supported:
- joystick_ros2:
  - src/joystick_ros2
  - src/joystick_ros2_ex
