[7.432s] DEBUG:colcon:Command line arguments: ['/usr/bin/colcon', 'build', '--symlink-install']
[7.433s] DEBUG:colcon:Parsed command line arguments: Namespace(allow_overriding=[], ament_cmake_args=None, base_paths=['.'], build_base='build', catkin_cmake_args=None, catkin_skip_building_tests=False, cmake_args=None, cmake_clean_cache=False, cmake_clean_first=False, cmake_force_configure=False, cmake_target=None, cmake_target_skip_unavailable=False, continue_on_error=False, event_handlers=None, executor='parallel', ignore_user_meta=False, install_base='install', log_base=None, log_level=None, main=<bound method BuildVerb.main of <colcon_core.verb.build.BuildVerb object at 0xffffa089fdf0>>, merge_install=False, metas=['./colcon.meta'], packages_above=None, packages_above_and_dependencies=None, packages_above_depth=None, packages_end=None, packages_ignore=None, packages_ignore_regex=None, packages_select=None, packages_select_build_failed=False, packages_select_by_dep=None, packages_select_regex=None, packages_select_test_failures=False, packages_skip=None, packages_skip_build_finished=False, packages_skip_by_dep=None, packages_skip_regex=None, packages_skip_test_passed=False, packages_skip_up_to=None, packages_start=None, packages_up_to=None, packages_up_to_regex=None, parallel_workers=4, paths=None, symlink_install=True, test_result_base=None, verb_extension=<colcon_core.verb.build.BuildVerb object at 0xffffa089fdf0>, verb_name='build', verb_parser=<colcon_defaults.argument_parser.defaults.DefaultArgumentsDecorator object at 0xffffa046fb50>)
[7.789s] Level 1:colcon.colcon_core.package_discovery:discover_packages(colcon_meta) check parameters
[7.790s] Level 1:colcon.colcon_core.package_discovery:discover_packages(recursive) check parameters
[7.790s] Level 1:colcon.colcon_core.package_discovery:discover_packages(ignore) check parameters
[7.790s] Level 1:colcon.colcon_core.package_discovery:discover_packages(path) check parameters
[7.790s] Level 1:colcon.colcon_core.package_discovery:discover_packages(colcon_meta) discover
[7.791s] Level 1:colcon.colcon_core.package_discovery:discover_packages(recursive) discover
[7.791s] INFO:colcon.colcon_core.package_discovery:Crawling recursively for packages in '/home/ubuntu/pangolin_ws'
[7.791s] Level 1:colcon.colcon_core.package_identification:_identify(.) by extensions ['ignore', 'ignore_ament_install']
[7.792s] Level 1:colcon.colcon_core.package_identification:_identify(.) by extension 'ignore'
[7.792s] Level 1:colcon.colcon_core.package_identification:_identify(.) by extension 'ignore_ament_install'
[7.792s] Level 1:colcon.colcon_core.package_identification:_identify(.) by extensions ['colcon_pkg']
[7.792s] Level 1:colcon.colcon_core.package_identification:_identify(.) by extension 'colcon_pkg'
[7.792s] Level 1:colcon.colcon_core.package_identification:_identify(.) by extensions ['colcon_meta']
[7.793s] Level 1:colcon.colcon_core.package_identification:_identify(.) by extension 'colcon_meta'
[7.793s] Level 1:colcon.colcon_core.package_identification:_identify(.) by extensions ['ros']
[7.793s] Level 1:colcon.colcon_core.package_identification:_identify(.) by extension 'ros'
[7.834s] Level 1:colcon.colcon_core.package_identification:_identify(.) by extensions ['cmake', 'python']
[7.835s] Level 1:colcon.colcon_core.package_identification:_identify(.) by extension 'cmake'
[7.835s] Level 1:colcon.colcon_core.package_identification:_identify(.) by extension 'python'
[7.835s] Level 1:colcon.colcon_core.package_identification:_identify(.) by extensions ['python_setup_py']
[7.835s] Level 1:colcon.colcon_core.package_identification:_identify(.) by extension 'python_setup_py'
[7.836s] Level 1:colcon.colcon_core.package_identification:_identify(build) by extensions ['ignore', 'ignore_ament_install']
[7.836s] Level 1:colcon.colcon_core.package_identification:_identify(build) by extension 'ignore'
[7.837s] Level 1:colcon.colcon_core.package_identification:_identify(build) ignored
[7.837s] Level 1:colcon.colcon_core.package_identification:_identify(install) by extensions ['ignore', 'ignore_ament_install']
[7.838s] Level 1:colcon.colcon_core.package_identification:_identify(install) by extension 'ignore'
[7.838s] Level 1:colcon.colcon_core.package_identification:_identify(install) ignored
[7.839s] Level 1:colcon.colcon_core.package_identification:_identify(log) by extensions ['ignore', 'ignore_ament_install']
[7.840s] Level 1:colcon.colcon_core.package_identification:_identify(log) by extension 'ignore'
[7.840s] Level 1:colcon.colcon_core.package_identification:_identify(log) ignored
[7.840s] Level 1:colcon.colcon_core.package_identification:_identify(src) by extensions ['ignore', 'ignore_ament_install']
[7.840s] Level 1:colcon.colcon_core.package_identification:_identify(src) by extension 'ignore'
[7.841s] Level 1:colcon.colcon_core.package_identification:_identify(src) by extension 'ignore_ament_install'
[7.841s] Level 1:colcon.colcon_core.package_identification:_identify(src) by extensions ['colcon_pkg']
[7.841s] Level 1:colcon.colcon_core.package_identification:_identify(src) by extension 'colcon_pkg'
[7.841s] Level 1:colcon.colcon_core.package_identification:_identify(src) by extensions ['colcon_meta']
[7.841s] Level 1:colcon.colcon_core.package_identification:_identify(src) by extension 'colcon_meta'
[7.842s] Level 1:colcon.colcon_core.package_identification:_identify(src) by extensions ['ros']
[7.842s] Level 1:colcon.colcon_core.package_identification:_identify(src) by extension 'ros'
[7.842s] Level 1:colcon.colcon_core.package_identification:_identify(src) by extensions ['cmake', 'python']
[7.842s] Level 1:colcon.colcon_core.package_identification:_identify(src) by extension 'cmake'
[7.842s] Level 1:colcon.colcon_core.package_identification:_identify(src) by extension 'python'
[7.843s] Level 1:colcon.colcon_core.package_identification:_identify(src) by extensions ['python_setup_py']
[7.843s] Level 1:colcon.colcon_core.package_identification:_identify(src) by extension 'python_setup_py'
[7.843s] Level 1:colcon.colcon_core.package_identification:_identify(src/pangolin_control) by extensions ['ignore', 'ignore_ament_install']
[7.843s] Level 1:colcon.colcon_core.package_identification:_identify(src/pangolin_control) by extension 'ignore'
[7.844s] Level 1:colcon.colcon_core.package_identification:_identify(src/pangolin_control) by extension 'ignore_ament_install'
[7.844s] Level 1:colcon.colcon_core.package_identification:_identify(src/pangolin_control) by extensions ['colcon_pkg']
[7.844s] Level 1:colcon.colcon_core.package_identification:_identify(src/pangolin_control) by extension 'colcon_pkg'
[7.844s] Level 1:colcon.colcon_core.package_identification:_identify(src/pangolin_control) by extensions ['colcon_meta']
[7.844s] Level 1:colcon.colcon_core.package_identification:_identify(src/pangolin_control) by extension 'colcon_meta'
[7.845s] Level 1:colcon.colcon_core.package_identification:_identify(src/pangolin_control) by extensions ['ros']
[7.845s] Level 1:colcon.colcon_core.package_identification:_identify(src/pangolin_control) by extension 'ros'
[7.853s] DEBUG:colcon.colcon_core.package_identification:Package 'src/pangolin_control' with type 'ros.ament_python' and name 'pangolin_control'
[7.854s] Level 1:colcon.colcon_core.package_identification:_identify(src/pangolin_interfaces) by extensions ['ignore', 'ignore_ament_install']
[7.854s] Level 1:colcon.colcon_core.package_identification:_identify(src/pangolin_interfaces) by extension 'ignore'
[7.854s] Level 1:colcon.colcon_core.package_identification:_identify(src/pangolin_interfaces) by extension 'ignore_ament_install'
[7.855s] Level 1:colcon.colcon_core.package_identification:_identify(src/pangolin_interfaces) by extensions ['colcon_pkg']
[7.855s] Level 1:colcon.colcon_core.package_identification:_identify(src/pangolin_interfaces) by extension 'colcon_pkg'
[7.855s] Level 1:colcon.colcon_core.package_identification:_identify(src/pangolin_interfaces) by extensions ['colcon_meta']
[7.855s] Level 1:colcon.colcon_core.package_identification:_identify(src/pangolin_interfaces) by extension 'colcon_meta'
[7.855s] Level 1:colcon.colcon_core.package_identification:_identify(src/pangolin_interfaces) by extensions ['ros']
[7.855s] Level 1:colcon.colcon_core.package_identification:_identify(src/pangolin_interfaces) by extension 'ros'
[7.858s] DEBUG:colcon.colcon_core.package_identification:Package 'src/pangolin_interfaces' with type 'ros.ament_cmake' and name 'pangolin_interfaces'
[7.858s] Level 1:colcon.colcon_core.package_identification:_identify(src/py_pubsub) by extensions ['ignore', 'ignore_ament_install']
[7.859s] Level 1:colcon.colcon_core.package_identification:_identify(src/py_pubsub) by extension 'ignore'
[7.859s] Level 1:colcon.colcon_core.package_identification:_identify(src/py_pubsub) by extension 'ignore_ament_install'
[7.859s] Level 1:colcon.colcon_core.package_identification:_identify(src/py_pubsub) by extensions ['colcon_pkg']
[7.859s] Level 1:colcon.colcon_core.package_identification:_identify(src/py_pubsub) by extension 'colcon_pkg'
[7.859s] Level 1:colcon.colcon_core.package_identification:_identify(src/py_pubsub) by extensions ['colcon_meta']
[7.860s] Level 1:colcon.colcon_core.package_identification:_identify(src/py_pubsub) by extension 'colcon_meta'
[7.860s] Level 1:colcon.colcon_core.package_identification:_identify(src/py_pubsub) by extensions ['ros']
[7.860s] Level 1:colcon.colcon_core.package_identification:_identify(src/py_pubsub) by extension 'ros'
[7.862s] DEBUG:colcon.colcon_core.package_identification:Package 'src/py_pubsub' with type 'ros.ament_python' and name 'py_pubsub'
[7.862s] Level 1:colcon.colcon_core.package_discovery:discover_packages(recursive) using defaults
[7.862s] Level 1:colcon.colcon_core.package_discovery:discover_packages(ignore) discover
[7.862s] Level 1:colcon.colcon_core.package_discovery:discover_packages(ignore) using defaults
[7.862s] Level 1:colcon.colcon_core.package_discovery:discover_packages(path) discover
[7.862s] Level 1:colcon.colcon_core.package_discovery:discover_packages(path) using defaults
[8.533s] Level 1:colcon.colcon_core.package_discovery:discover_packages(prefix_path) check parameters
[8.533s] Level 1:colcon.colcon_core.package_discovery:discover_packages(prefix_path) discover
[8.788s] DEBUG:colcon.colcon_installed_package_information.package_discovery:Found 4 installed packages in /home/ubuntu/pangolin_ws/install
[8.914s] DEBUG:colcon.colcon_installed_package_information.package_discovery:Found 175 installed packages in /opt/ros/foxy
[8.919s] Level 1:colcon.colcon_core.package_discovery:discover_packages(prefix_path) using defaults
[9.352s] Level 5:colcon.colcon_core.verb:set package 'pangolin_interfaces' build argument 'cmake_args' from command line to 'None'
[9.353s] Level 5:colcon.colcon_core.verb:set package 'pangolin_interfaces' build argument 'cmake_target' from command line to 'None'
[9.353s] Level 5:colcon.colcon_core.verb:set package 'pangolin_interfaces' build argument 'cmake_target_skip_unavailable' from command line to 'False'
[9.353s] Level 5:colcon.colcon_core.verb:set package 'pangolin_interfaces' build argument 'cmake_clean_cache' from command line to 'False'
[9.353s] Level 5:colcon.colcon_core.verb:set package 'pangolin_interfaces' build argument 'cmake_clean_first' from command line to 'False'
[9.353s] Level 5:colcon.colcon_core.verb:set package 'pangolin_interfaces' build argument 'cmake_force_configure' from command line to 'False'
[9.353s] Level 5:colcon.colcon_core.verb:set package 'pangolin_interfaces' build argument 'ament_cmake_args' from command line to 'None'
[9.353s] Level 5:colcon.colcon_core.verb:set package 'pangolin_interfaces' build argument 'catkin_cmake_args' from command line to 'None'
[9.353s] Level 5:colcon.colcon_core.verb:set package 'pangolin_interfaces' build argument 'catkin_skip_building_tests' from command line to 'False'
[9.353s] DEBUG:colcon.colcon_core.verb:Building package 'pangolin_interfaces' with the following arguments: {'ament_cmake_args': None, 'build_base': '/home/ubuntu/pangolin_ws/build/pangolin_interfaces', 'catkin_cmake_args': None, 'catkin_skip_building_tests': False, 'cmake_args': None, 'cmake_clean_cache': False, 'cmake_clean_first': False, 'cmake_force_configure': False, 'cmake_target': None, 'cmake_target_skip_unavailable': False, 'install_base': '/home/ubuntu/pangolin_ws/install/pangolin_interfaces', 'merge_install': False, 'path': '/home/ubuntu/pangolin_ws/src/pangolin_interfaces', 'symlink_install': True, 'test_result_base': None}
[9.475s] Level 5:colcon.colcon_core.verb:set package 'py_pubsub' build argument 'cmake_args' from command line to 'None'
[9.475s] Level 5:colcon.colcon_core.verb:set package 'py_pubsub' build argument 'cmake_target' from command line to 'None'
[9.475s] Level 5:colcon.colcon_core.verb:set package 'py_pubsub' build argument 'cmake_target_skip_unavailable' from command line to 'False'
[9.475s] Level 5:colcon.colcon_core.verb:set package 'py_pubsub' build argument 'cmake_clean_cache' from command line to 'False'
[9.475s] Level 5:colcon.colcon_core.verb:set package 'py_pubsub' build argument 'cmake_clean_first' from command line to 'False'
[9.475s] Level 5:colcon.colcon_core.verb:set package 'py_pubsub' build argument 'cmake_force_configure' from command line to 'False'
[9.475s] Level 5:colcon.colcon_core.verb:set package 'py_pubsub' build argument 'ament_cmake_args' from command line to 'None'
[9.476s] Level 5:colcon.colcon_core.verb:set package 'py_pubsub' build argument 'catkin_cmake_args' from command line to 'None'
[9.476s] Level 5:colcon.colcon_core.verb:set package 'py_pubsub' build argument 'catkin_skip_building_tests' from command line to 'False'
[9.476s] DEBUG:colcon.colcon_core.verb:Building package 'py_pubsub' with the following arguments: {'ament_cmake_args': None, 'build_base': '/home/ubuntu/pangolin_ws/build/py_pubsub', 'catkin_cmake_args': None, 'catkin_skip_building_tests': False, 'cmake_args': None, 'cmake_clean_cache': False, 'cmake_clean_first': False, 'cmake_force_configure': False, 'cmake_target': None, 'cmake_target_skip_unavailable': False, 'install_base': '/home/ubuntu/pangolin_ws/install/py_pubsub', 'merge_install': False, 'path': '/home/ubuntu/pangolin_ws/src/py_pubsub', 'symlink_install': True, 'test_result_base': None}
[9.641s] Level 5:colcon.colcon_core.verb:set package 'pangolin_control' build argument 'cmake_args' from command line to 'None'
[9.641s] Level 5:colcon.colcon_core.verb:set package 'pangolin_control' build argument 'cmake_target' from command line to 'None'
[9.641s] Level 5:colcon.colcon_core.verb:set package 'pangolin_control' build argument 'cmake_target_skip_unavailable' from command line to 'False'
[9.641s] Level 5:colcon.colcon_core.verb:set package 'pangolin_control' build argument 'cmake_clean_cache' from command line to 'False'
[9.642s] Level 5:colcon.colcon_core.verb:set package 'pangolin_control' build argument 'cmake_clean_first' from command line to 'False'
[9.642s] Level 5:colcon.colcon_core.verb:set package 'pangolin_control' build argument 'cmake_force_configure' from command line to 'False'
[9.642s] Level 5:colcon.colcon_core.verb:set package 'pangolin_control' build argument 'ament_cmake_args' from command line to 'None'
[9.642s] Level 5:colcon.colcon_core.verb:set package 'pangolin_control' build argument 'catkin_cmake_args' from command line to 'None'
[9.642s] Level 5:colcon.colcon_core.verb:set package 'pangolin_control' build argument 'catkin_skip_building_tests' from command line to 'False'
[9.642s] DEBUG:colcon.colcon_core.verb:Building package 'pangolin_control' with the following arguments: {'ament_cmake_args': None, 'build_base': '/home/ubuntu/pangolin_ws/build/pangolin_control', 'catkin_cmake_args': None, 'catkin_skip_building_tests': False, 'cmake_args': None, 'cmake_clean_cache': False, 'cmake_clean_first': False, 'cmake_force_configure': False, 'cmake_target': None, 'cmake_target_skip_unavailable': False, 'install_base': '/home/ubuntu/pangolin_ws/install/pangolin_control', 'merge_install': False, 'path': '/home/ubuntu/pangolin_ws/src/pangolin_control', 'symlink_install': True, 'test_result_base': None}
[9.764s] INFO:colcon.colcon_core.executor:Executing jobs using 'parallel' executor
[9.891s] DEBUG:colcon.colcon_parallel_executor.executor.parallel:run_until_complete
[9.893s] INFO:colcon.colcon_ros.task.ament_cmake.build:Building ROS package in '/home/ubuntu/pangolin_ws/src/pangolin_interfaces' with build type 'ament_cmake'
[9.893s] INFO:colcon.colcon_cmake.task.cmake.build:Building CMake package in '/home/ubuntu/pangolin_ws/src/pangolin_interfaces'
[10.031s] INFO:colcon.colcon_core.plugin_system:Skipping extension 'colcon_core.shell.bat': Not used on non-Windows systems
[10.032s] INFO:colcon.colcon_core.shell:Skip shell extension 'powershell' for command environment: Not usable outside of PowerShell
[10.033s] DEBUG:colcon.colcon_core.shell:Skip shell extension 'dsv' for command environment
[10.439s] INFO:colcon.colcon_ros.task.ament_python.build:Building ROS package in '/home/ubuntu/pangolin_ws/src/py_pubsub' with build type 'ament_python'
[10.440s] Level 1:colcon.colcon_core.shell:create_environment_hook('py_pubsub', 'ament_prefix_path')
[10.576s] INFO:colcon.colcon_core.shell:Creating environment hook '/home/ubuntu/pangolin_ws/install/py_pubsub/share/py_pubsub/hook/ament_prefix_path.ps1'
[10.579s] INFO:colcon.colcon_core.shell:Creating environment descriptor '/home/ubuntu/pangolin_ws/install/py_pubsub/share/py_pubsub/hook/ament_prefix_path.dsv'
[10.581s] INFO:colcon.colcon_core.shell:Creating environment hook '/home/ubuntu/pangolin_ws/install/py_pubsub/share/py_pubsub/hook/ament_prefix_path.sh'
[10.713s] INFO:colcon.colcon_core.shell:Skip shell extension 'powershell' for command environment: Not usable outside of PowerShell
[10.713s] DEBUG:colcon.colcon_core.shell:Skip shell extension 'dsv' for command environment
[11.170s] DEBUG:colcon.colcon_core.event_handler.log_command:Invoking command in '/home/ubuntu/pangolin_ws/build/pangolin_interfaces': CMAKE_PREFIX_PATH=${CMAKE_PREFIX_PATH}:/home/ubuntu/pangolin_ws/install/py_srvcli:/home/ubuntu/pangolin_ws/install/py_pubsub:/home/ubuntu/pangolin_ws/install/pangolin_control:/opt/ros/foxy /usr/bin/cmake --build /home/ubuntu/pangolin_ws/build/pangolin_interfaces -- -j4 -l4
[12.318s] INFO:colcon.colcon_core.task.python.build:Building Python package in '/home/ubuntu/pangolin_ws/src/py_pubsub'
[12.454s] INFO:colcon.colcon_core.shell:Skip shell extension 'powershell' for command environment: Not usable outside of PowerShell
[12.454s] DEBUG:colcon.colcon_core.shell:Skip shell extension 'dsv' for command environment
[12.857s] DEBUG:colcon.colcon_core.event_handler.log_command:Invoked command in '/home/ubuntu/pangolin_ws/build/pangolin_interfaces' returned '0': CMAKE_PREFIX_PATH=${CMAKE_PREFIX_PATH}:/home/ubuntu/pangolin_ws/install/py_srvcli:/home/ubuntu/pangolin_ws/install/py_pubsub:/home/ubuntu/pangolin_ws/install/pangolin_control:/opt/ros/foxy /usr/bin/cmake --build /home/ubuntu/pangolin_ws/build/pangolin_interfaces -- -j4 -l4
[13.178s] DEBUG:colcon.colcon_core.event_handler.log_command:Invoking command in '/home/ubuntu/pangolin_ws/build/pangolin_interfaces': CMAKE_PREFIX_PATH=${CMAKE_PREFIX_PATH}:/home/ubuntu/pangolin_ws/install/py_srvcli:/home/ubuntu/pangolin_ws/install/py_pubsub:/home/ubuntu/pangolin_ws/install/pangolin_control:/opt/ros/foxy /usr/bin/cmake --install /home/ubuntu/pangolin_ws/build/pangolin_interfaces
[13.554s] Level 1:colcon.colcon_core.environment:create_environment_scripts_only(pangolin_interfaces)
[13.556s] DEBUG:colcon.colcon_core.event_handler.log_command:Invoked command in '/home/ubuntu/pangolin_ws/build/pangolin_interfaces' returned '0': CMAKE_PREFIX_PATH=${CMAKE_PREFIX_PATH}:/home/ubuntu/pangolin_ws/install/py_srvcli:/home/ubuntu/pangolin_ws/install/py_pubsub:/home/ubuntu/pangolin_ws/install/pangolin_control:/opt/ros/foxy /usr/bin/cmake --install /home/ubuntu/pangolin_ws/build/pangolin_interfaces
[13.730s] Level 1:colcon.colcon_core.environment:checking '/home/ubuntu/pangolin_ws/install/pangolin_interfaces' for CMake module files
[13.735s] Level 1:colcon.colcon_core.environment:checking '/home/ubuntu/pangolin_ws/install/pangolin_interfaces' for CMake config files
[13.741s] Level 1:colcon.colcon_core.shell:create_environment_hook('pangolin_interfaces', 'cmake_prefix_path')
[13.907s] INFO:colcon.colcon_core.shell:Creating environment hook '/home/ubuntu/pangolin_ws/install/pangolin_interfaces/share/pangolin_interfaces/hook/cmake_prefix_path.ps1'
[13.909s] INFO:colcon.colcon_core.shell:Creating environment descriptor '/home/ubuntu/pangolin_ws/install/pangolin_interfaces/share/pangolin_interfaces/hook/cmake_prefix_path.dsv'
[13.911s] INFO:colcon.colcon_core.shell:Creating environment hook '/home/ubuntu/pangolin_ws/install/pangolin_interfaces/share/pangolin_interfaces/hook/cmake_prefix_path.sh'
[13.915s] Level 1:colcon.colcon_core.environment:checking '/home/ubuntu/pangolin_ws/install/pangolin_interfaces/lib'
[13.916s] Level 1:colcon.colcon_core.shell:create_environment_hook('pangolin_interfaces', 'ld_library_path_lib')
[14.079s] INFO:colcon.colcon_core.shell:Creating environment hook '/home/ubuntu/pangolin_ws/install/pangolin_interfaces/share/pangolin_interfaces/hook/ld_library_path_lib.ps1'
[14.083s] INFO:colcon.colcon_core.shell:Creating environment descriptor '/home/ubuntu/pangolin_ws/install/pangolin_interfaces/share/pangolin_interfaces/hook/ld_library_path_lib.dsv'
[14.085s] INFO:colcon.colcon_core.shell:Creating environment hook '/home/ubuntu/pangolin_ws/install/pangolin_interfaces/share/pangolin_interfaces/hook/ld_library_path_lib.sh'
[14.087s] Level 1:colcon.colcon_core.environment:checking '/home/ubuntu/pangolin_ws/install/pangolin_interfaces/bin'
[14.088s] Level 1:colcon.colcon_core.environment:checking '/home/ubuntu/pangolin_ws/install/pangolin_interfaces/lib/pkgconfig/pangolin_interfaces.pc'
[14.089s] Level 1:colcon.colcon_core.environment:checking '/home/ubuntu/pangolin_ws/install/pangolin_interfaces/lib/python3.8/site-packages'
[14.089s] Level 1:colcon.colcon_core.shell:create_environment_hook('pangolin_interfaces', 'pythonpath')
[14.264s] INFO:colcon.colcon_core.shell:Creating environment hook '/home/ubuntu/pangolin_ws/install/pangolin_interfaces/share/pangolin_interfaces/hook/pythonpath.ps1'
[14.266s] INFO:colcon.colcon_core.shell:Creating environment descriptor '/home/ubuntu/pangolin_ws/install/pangolin_interfaces/share/pangolin_interfaces/hook/pythonpath.dsv'
[14.268s] INFO:colcon.colcon_core.shell:Creating environment hook '/home/ubuntu/pangolin_ws/install/pangolin_interfaces/share/pangolin_interfaces/hook/pythonpath.sh'
[14.271s] Level 1:colcon.colcon_core.environment:checking '/home/ubuntu/pangolin_ws/install/pangolin_interfaces/bin'
[14.497s] INFO:colcon.colcon_core.shell:Creating package script '/home/ubuntu/pangolin_ws/install/pangolin_interfaces/share/pangolin_interfaces/package.ps1'
[14.501s] INFO:colcon.colcon_core.shell:Creating package descriptor '/home/ubuntu/pangolin_ws/install/pangolin_interfaces/share/pangolin_interfaces/package.dsv'
[14.504s] INFO:colcon.colcon_core.shell:Creating package script '/home/ubuntu/pangolin_ws/install/pangolin_interfaces/share/pangolin_interfaces/package.sh'
[14.507s] INFO:colcon.colcon_core.shell:Creating package script '/home/ubuntu/pangolin_ws/install/pangolin_interfaces/share/pangolin_interfaces/package.bash'
[14.510s] INFO:colcon.colcon_core.shell:Creating package script '/home/ubuntu/pangolin_ws/install/pangolin_interfaces/share/pangolin_interfaces/package.zsh'
[14.513s] Level 1:colcon.colcon_core.environment:create_file_with_runtime_dependencies(/home/ubuntu/pangolin_ws/install/pangolin_interfaces/share/colcon-core/packages/pangolin_interfaces)
[14.539s] DEBUG:colcon.colcon_core.event_handler.log_command:Invoking command in '/home/ubuntu/pangolin_ws/build/py_pubsub': PYTHONPATH=/home/ubuntu/pangolin_ws/build/py_pubsub/prefix_override:/home/ubuntu/pangolin_ws/install/py_pubsub/lib/python3.8/site-packages:${PYTHONPATH} /usr/bin/python3 setup.py develop --editable --build-directory /home/ubuntu/pangolin_ws/build/py_pubsub/build --no-deps install_data
[14.955s] Level 1:colcon.colcon_core.environment:create_environment_scripts_only(pangolin_interfaces)
[15.118s] Level 1:colcon.colcon_core.environment:checking '/home/ubuntu/pangolin_ws/install/pangolin_interfaces' for CMake module files
[15.122s] Level 1:colcon.colcon_core.environment:checking '/home/ubuntu/pangolin_ws/install/pangolin_interfaces' for CMake config files
[15.128s] Level 1:colcon.colcon_core.shell:create_environment_hook('pangolin_interfaces', 'cmake_prefix_path')
[15.285s] INFO:colcon.colcon_core.shell:Creating environment hook '/home/ubuntu/pangolin_ws/install/pangolin_interfaces/share/pangolin_interfaces/hook/cmake_prefix_path.ps1'
[15.288s] INFO:colcon.colcon_core.shell:Creating environment descriptor '/home/ubuntu/pangolin_ws/install/pangolin_interfaces/share/pangolin_interfaces/hook/cmake_prefix_path.dsv'
[15.290s] INFO:colcon.colcon_core.shell:Creating environment hook '/home/ubuntu/pangolin_ws/install/pangolin_interfaces/share/pangolin_interfaces/hook/cmake_prefix_path.sh'
[15.293s] Level 1:colcon.colcon_core.environment:checking '/home/ubuntu/pangolin_ws/install/pangolin_interfaces/lib'
[15.294s] Level 1:colcon.colcon_core.shell:create_environment_hook('pangolin_interfaces', 'ld_library_path_lib')
[15.463s] INFO:colcon.colcon_core.shell:Creating environment hook '/home/ubuntu/pangolin_ws/install/pangolin_interfaces/share/pangolin_interfaces/hook/ld_library_path_lib.ps1'
[15.466s] INFO:colcon.colcon_core.shell:Creating environment descriptor '/home/ubuntu/pangolin_ws/install/pangolin_interfaces/share/pangolin_interfaces/hook/ld_library_path_lib.dsv'
[15.468s] INFO:colcon.colcon_core.shell:Creating environment hook '/home/ubuntu/pangolin_ws/install/pangolin_interfaces/share/pangolin_interfaces/hook/ld_library_path_lib.sh'
[15.470s] Level 1:colcon.colcon_core.environment:checking '/home/ubuntu/pangolin_ws/install/pangolin_interfaces/bin'
[15.471s] Level 1:colcon.colcon_core.environment:checking '/home/ubuntu/pangolin_ws/install/pangolin_interfaces/lib/pkgconfig/pangolin_interfaces.pc'
[15.472s] Level 1:colcon.colcon_core.environment:checking '/home/ubuntu/pangolin_ws/install/pangolin_interfaces/lib/python3.8/site-packages'
[15.472s] Level 1:colcon.colcon_core.shell:create_environment_hook('pangolin_interfaces', 'pythonpath')
[15.672s] INFO:colcon.colcon_core.shell:Creating environment hook '/home/ubuntu/pangolin_ws/install/pangolin_interfaces/share/pangolin_interfaces/hook/pythonpath.ps1'
[15.674s] INFO:colcon.colcon_core.shell:Creating environment descriptor '/home/ubuntu/pangolin_ws/install/pangolin_interfaces/share/pangolin_interfaces/hook/pythonpath.dsv'
[15.676s] INFO:colcon.colcon_core.shell:Creating environment hook '/home/ubuntu/pangolin_ws/install/pangolin_interfaces/share/pangolin_interfaces/hook/pythonpath.sh'
[15.679s] Level 1:colcon.colcon_core.environment:checking '/home/ubuntu/pangolin_ws/install/pangolin_interfaces/bin'
[15.842s] INFO:colcon.colcon_core.shell:Creating package script '/home/ubuntu/pangolin_ws/install/pangolin_interfaces/share/pangolin_interfaces/package.ps1'
[15.844s] INFO:colcon.colcon_core.shell:Creating package descriptor '/home/ubuntu/pangolin_ws/install/pangolin_interfaces/share/pangolin_interfaces/package.dsv'
[15.847s] INFO:colcon.colcon_core.shell:Creating package script '/home/ubuntu/pangolin_ws/install/pangolin_interfaces/share/pangolin_interfaces/package.sh'
[15.850s] INFO:colcon.colcon_core.shell:Creating package script '/home/ubuntu/pangolin_ws/install/pangolin_interfaces/share/pangolin_interfaces/package.bash'
[15.852s] INFO:colcon.colcon_core.shell:Creating package script '/home/ubuntu/pangolin_ws/install/pangolin_interfaces/share/pangolin_interfaces/package.zsh'
[15.854s] Level 1:colcon.colcon_core.environment:create_file_with_runtime_dependencies(/home/ubuntu/pangolin_ws/install/pangolin_interfaces/share/colcon-core/packages/pangolin_interfaces)
[15.856s] INFO:colcon.colcon_ros.task.ament_python.build:Building ROS package in '/home/ubuntu/pangolin_ws/src/pangolin_control' with build type 'ament_python'
[15.857s] Level 1:colcon.colcon_core.shell:create_environment_hook('pangolin_control', 'ament_prefix_path')
[16.044s] INFO:colcon.colcon_core.shell:Creating environment hook '/home/ubuntu/pangolin_ws/install/pangolin_control/share/pangolin_control/hook/ament_prefix_path.ps1'
[16.046s] INFO:colcon.colcon_core.shell:Creating environment descriptor '/home/ubuntu/pangolin_ws/install/pangolin_control/share/pangolin_control/hook/ament_prefix_path.dsv'
[16.048s] INFO:colcon.colcon_core.shell:Creating environment hook '/home/ubuntu/pangolin_ws/install/pangolin_control/share/pangolin_control/hook/ament_prefix_path.sh'
[16.213s] INFO:colcon.colcon_core.shell:Skip shell extension 'powershell' for command environment: Not usable outside of PowerShell
[16.214s] DEBUG:colcon.colcon_core.shell:Skip shell extension 'dsv' for command environment
[16.719s] Level 1:colcon.colcon_core.shell:create_environment_hook('py_pubsub', 'pythonpath_develop')
[16.722s] DEBUG:colcon.colcon_core.event_handler.log_command:Invoked command in '/home/ubuntu/pangolin_ws/build/py_pubsub' returned '0': PYTHONPATH=/home/ubuntu/pangolin_ws/build/py_pubsub/prefix_override:/home/ubuntu/pangolin_ws/install/py_pubsub/lib/python3.8/site-packages:${PYTHONPATH} /usr/bin/python3 setup.py develop --editable --build-directory /home/ubuntu/pangolin_ws/build/py_pubsub/build --no-deps install_data
[16.853s] INFO:colcon.colcon_core.shell:Creating environment hook '/home/ubuntu/pangolin_ws/build/py_pubsub/share/py_pubsub/hook/pythonpath_develop.ps1'
[16.855s] INFO:colcon.colcon_core.shell:Creating environment descriptor '/home/ubuntu/pangolin_ws/build/py_pubsub/share/py_pubsub/hook/pythonpath_develop.dsv'
[16.857s] INFO:colcon.colcon_core.shell:Creating environment hook '/home/ubuntu/pangolin_ws/build/py_pubsub/share/py_pubsub/hook/pythonpath_develop.sh'
[16.992s] Level 1:colcon.colcon_core.environment:checking '/home/ubuntu/pangolin_ws/install/py_pubsub' for CMake module files
[16.995s] Level 1:colcon.colcon_core.environment:checking '/home/ubuntu/pangolin_ws/install/py_pubsub' for CMake config files
[16.998s] Level 1:colcon.colcon_core.environment:checking '/home/ubuntu/pangolin_ws/install/py_pubsub/lib'
[16.998s] Level 1:colcon.colcon_core.environment:checking '/home/ubuntu/pangolin_ws/install/py_pubsub/bin'
[16.999s] Level 1:colcon.colcon_core.environment:checking '/home/ubuntu/pangolin_ws/install/py_pubsub/lib/pkgconfig/py_pubsub.pc'
[17.000s] Level 1:colcon.colcon_core.environment:checking '/home/ubuntu/pangolin_ws/install/py_pubsub/lib/python3.8/site-packages'
[17.000s] Level 1:colcon.colcon_core.shell:create_environment_hook('py_pubsub', 'pythonpath')
[17.169s] INFO:colcon.colcon_core.shell:Creating environment hook '/home/ubuntu/pangolin_ws/install/py_pubsub/share/py_pubsub/hook/pythonpath.ps1'
[17.171s] INFO:colcon.colcon_core.shell:Creating environment descriptor '/home/ubuntu/pangolin_ws/install/py_pubsub/share/py_pubsub/hook/pythonpath.dsv'
[17.173s] INFO:colcon.colcon_core.shell:Creating environment hook '/home/ubuntu/pangolin_ws/install/py_pubsub/share/py_pubsub/hook/pythonpath.sh'
[17.175s] Level 1:colcon.colcon_core.environment:checking '/home/ubuntu/pangolin_ws/install/py_pubsub/bin'
[17.176s] Level 1:colcon.colcon_core.environment:create_environment_scripts_only(py_pubsub)
[17.306s] INFO:colcon.colcon_core.shell:Creating package script '/home/ubuntu/pangolin_ws/install/py_pubsub/share/py_pubsub/package.ps1'
[17.309s] INFO:colcon.colcon_core.shell:Creating package descriptor '/home/ubuntu/pangolin_ws/install/py_pubsub/share/py_pubsub/package.dsv'
[17.311s] INFO:colcon.colcon_core.shell:Creating package script '/home/ubuntu/pangolin_ws/install/py_pubsub/share/py_pubsub/package.sh'
[17.313s] INFO:colcon.colcon_core.shell:Creating package script '/home/ubuntu/pangolin_ws/install/py_pubsub/share/py_pubsub/package.bash'
[17.315s] INFO:colcon.colcon_core.shell:Creating package script '/home/ubuntu/pangolin_ws/install/py_pubsub/share/py_pubsub/package.zsh'
[17.317s] Level 1:colcon.colcon_core.environment:create_file_with_runtime_dependencies(/home/ubuntu/pangolin_ws/install/py_pubsub/share/colcon-core/packages/py_pubsub)
[18.177s] INFO:colcon.colcon_core.task.python.build:Building Python package in '/home/ubuntu/pangolin_ws/src/pangolin_control'
[18.314s] INFO:colcon.colcon_core.shell:Skip shell extension 'powershell' for command environment: Not usable outside of PowerShell
[18.314s] DEBUG:colcon.colcon_core.shell:Skip shell extension 'dsv' for command environment
[20.092s] DEBUG:colcon.colcon_core.event_handler.log_command:Invoking command in '/home/ubuntu/pangolin_ws/build/pangolin_control': PYTHONPATH=/home/ubuntu/pangolin_ws/build/pangolin_control/prefix_override:/home/ubuntu/pangolin_ws/install/pangolin_control/lib/python3.8/site-packages:/home/ubuntu/pangolin_ws/install/pangolin_interfaces/lib/python3.8/site-packages:/home/ubuntu/pangolin_ws/install/py_srvcli/lib/python3.8/site-packages:/home/ubuntu/pangolin_ws/build/py_pubsub:/home/ubuntu/pangolin_ws/install/py_pubsub/lib/python3.8/site-packages:/home/ubuntu/pangolin_ws/build/pangolin_control:/home/ubuntu/pangolin_ws/install/pangolin_control/lib/python3.8/site-packages:/opt/ros/foxy/lib/python3.8/site-packages /usr/bin/python3 setup.py develop --editable --build-directory /home/ubuntu/pangolin_ws/build/pangolin_control/build --no-deps install_data
[21.679s] Level 1:colcon.colcon_core.shell:create_environment_hook('pangolin_control', 'pythonpath_develop')
[21.681s] DEBUG:colcon.colcon_core.event_handler.log_command:Invoked command in '/home/ubuntu/pangolin_ws/build/pangolin_control' returned '0': PYTHONPATH=/home/ubuntu/pangolin_ws/build/pangolin_control/prefix_override:/home/ubuntu/pangolin_ws/install/pangolin_control/lib/python3.8/site-packages:/home/ubuntu/pangolin_ws/install/pangolin_interfaces/lib/python3.8/site-packages:/home/ubuntu/pangolin_ws/install/py_srvcli/lib/python3.8/site-packages:/home/ubuntu/pangolin_ws/build/py_pubsub:/home/ubuntu/pangolin_ws/install/py_pubsub/lib/python3.8/site-packages:/home/ubuntu/pangolin_ws/build/pangolin_control:/home/ubuntu/pangolin_ws/install/pangolin_control/lib/python3.8/site-packages:/opt/ros/foxy/lib/python3.8/site-packages /usr/bin/python3 setup.py develop --editable --build-directory /home/ubuntu/pangolin_ws/build/pangolin_control/build --no-deps install_data
[21.812s] INFO:colcon.colcon_core.shell:Creating environment hook '/home/ubuntu/pangolin_ws/build/pangolin_control/share/pangolin_control/hook/pythonpath_develop.ps1'
[21.814s] INFO:colcon.colcon_core.shell:Creating environment descriptor '/home/ubuntu/pangolin_ws/build/pangolin_control/share/pangolin_control/hook/pythonpath_develop.dsv'
[21.815s] INFO:colcon.colcon_core.shell:Creating environment hook '/home/ubuntu/pangolin_ws/build/pangolin_control/share/pangolin_control/hook/pythonpath_develop.sh'
[21.948s] Level 1:colcon.colcon_core.environment:checking '/home/ubuntu/pangolin_ws/install/pangolin_control' for CMake module files
[21.950s] Level 1:colcon.colcon_core.environment:checking '/home/ubuntu/pangolin_ws/install/pangolin_control' for CMake config files
[21.953s] Level 1:colcon.colcon_core.environment:checking '/home/ubuntu/pangolin_ws/install/pangolin_control/lib'
[21.954s] Level 1:colcon.colcon_core.environment:checking '/home/ubuntu/pangolin_ws/install/pangolin_control/bin'
[21.954s] Level 1:colcon.colcon_core.environment:checking '/home/ubuntu/pangolin_ws/install/pangolin_control/lib/pkgconfig/pangolin_control.pc'
[21.955s] Level 1:colcon.colcon_core.environment:checking '/home/ubuntu/pangolin_ws/install/pangolin_control/lib/python3.8/site-packages'
[21.955s] Level 1:colcon.colcon_core.shell:create_environment_hook('pangolin_control', 'pythonpath')
[22.092s] INFO:colcon.colcon_core.shell:Creating environment hook '/home/ubuntu/pangolin_ws/install/pangolin_control/share/pangolin_control/hook/pythonpath.ps1'
[22.094s] INFO:colcon.colcon_core.shell:Creating environment descriptor '/home/ubuntu/pangolin_ws/install/pangolin_control/share/pangolin_control/hook/pythonpath.dsv'
[22.095s] INFO:colcon.colcon_core.shell:Creating environment hook '/home/ubuntu/pangolin_ws/install/pangolin_control/share/pangolin_control/hook/pythonpath.sh'
[22.098s] Level 1:colcon.colcon_core.environment:checking '/home/ubuntu/pangolin_ws/install/pangolin_control/bin'
[22.098s] Level 1:colcon.colcon_core.environment:create_environment_scripts_only(pangolin_control)
[22.228s] INFO:colcon.colcon_core.shell:Creating package script '/home/ubuntu/pangolin_ws/install/pangolin_control/share/pangolin_control/package.ps1'
[22.230s] INFO:colcon.colcon_core.shell:Creating package descriptor '/home/ubuntu/pangolin_ws/install/pangolin_control/share/pangolin_control/package.dsv'
[22.233s] INFO:colcon.colcon_core.shell:Creating package script '/home/ubuntu/pangolin_ws/install/pangolin_control/share/pangolin_control/package.sh'
[22.235s] INFO:colcon.colcon_core.shell:Creating package script '/home/ubuntu/pangolin_ws/install/pangolin_control/share/pangolin_control/package.bash'
[22.237s] INFO:colcon.colcon_core.shell:Creating package script '/home/ubuntu/pangolin_ws/install/pangolin_control/share/pangolin_control/package.zsh'
[22.239s] Level 1:colcon.colcon_core.environment:create_file_with_runtime_dependencies(/home/ubuntu/pangolin_ws/install/pangolin_control/share/colcon-core/packages/pangolin_control)
[22.240s] DEBUG:colcon.colcon_parallel_executor.executor.parallel:closing loop
[22.241s] DEBUG:colcon.colcon_parallel_executor.executor.parallel:loop closed
[22.242s] DEBUG:colcon.colcon_parallel_executor.executor.parallel:run_until_complete finished with '0'
[22.243s] DEBUG:colcon.colcon_core.event_reactor:joining thread
[22.393s] INFO:colcon.colcon_core.plugin_system:Skipping extension 'colcon_notification.desktop_notification.notify_send': Could not find 'notify-send'
[22.393s] INFO:colcon.colcon_core.plugin_system:Skipping extension 'colcon_notification.desktop_notification.terminal_notifier': Not used on non-Darwin systems
[22.394s] INFO:colcon.colcon_core.plugin_system:Skipping extension 'colcon_notification.desktop_notification.win32': Not used on non-Windows systems
[22.394s] INFO:colcon.colcon_notification.desktop_notification:Sending desktop notification using 'notify2'
[22.396s] DEBUG:colcon.colcon_notification.desktop_notification.notify2:Failed to initialize notify2: org.freedesktop.DBus.Error.ServiceUnknown: The name org.freedesktop.Notifications was not provided by any .service files
[22.397s] DEBUG:colcon.colcon_core.event_reactor:joined thread
[22.523s] INFO:colcon.colcon_core.shell:Creating prefix script '/home/ubuntu/pangolin_ws/install/local_setup.ps1'
[22.527s] INFO:colcon.colcon_core.shell:Creating prefix util module '/home/ubuntu/pangolin_ws/install/_local_setup_util_ps1.py'
[22.532s] INFO:colcon.colcon_core.shell:Creating prefix chain script '/home/ubuntu/pangolin_ws/install/setup.ps1'
[22.658s] INFO:colcon.colcon_core.shell:Creating prefix script '/home/ubuntu/pangolin_ws/install/local_setup.sh'
[22.661s] INFO:colcon.colcon_core.shell:Creating prefix util module '/home/ubuntu/pangolin_ws/install/_local_setup_util_sh.py'
[22.663s] INFO:colcon.colcon_core.shell:Creating prefix chain script '/home/ubuntu/pangolin_ws/install/setup.sh'
[22.792s] INFO:colcon.colcon_core.shell:Creating prefix script '/home/ubuntu/pangolin_ws/install/local_setup.bash'
[22.794s] INFO:colcon.colcon_core.shell:Creating prefix chain script '/home/ubuntu/pangolin_ws/install/setup.bash'
[22.923s] INFO:colcon.colcon_core.shell:Creating prefix script '/home/ubuntu/pangolin_ws/install/local_setup.zsh'
[22.925s] INFO:colcon.colcon_core.shell:Creating prefix chain script '/home/ubuntu/pangolin_ws/install/setup.zsh'
