[5.227s] Invoking command in '/home/ubuntu/pangolin_ws/build/py_pubsub': PYTHONPATH=/home/ubuntu/pangolin_ws/build/py_pubsub/prefix_override:/home/ubuntu/pangolin_ws/install/py_pubsub/lib/python3.8/site-packages:${PYTHONPATH} /usr/bin/python3 setup.py develop --editable --build-directory /home/ubuntu/pangolin_ws/build/py_pubsub/build --no-deps install_data
[6.170s] running develop
[6.709s] running egg_info
[6.710s] creating py_pubsub.egg-info
[6.711s] writing py_pubsub.egg-info/PKG-INFO
[6.711s] writing dependency_links to py_pubsub.egg-info/dependency_links.txt
[6.712s] writing entry points to py_pubsub.egg-info/entry_points.txt
[6.713s] writing requirements to py_pubsub.egg-info/requires.txt
[6.713s] writing top-level names to py_pubsub.egg-info/top_level.txt
[6.720s] writing manifest file 'py_pubsub.egg-info/SOURCES.txt'
[6.855s] reading manifest file 'py_pubsub.egg-info/SOURCES.txt'
[6.860s] writing manifest file 'py_pubsub.egg-info/SOURCES.txt'
[6.882s] running build_ext
[6.884s] Creating /home/ubuntu/pangolin_ws/install/py_pubsub/lib/python3.8/site-packages/site.py
[6.885s] Creating /home/ubuntu/pangolin_ws/install/py_pubsub/lib/python3.8/site-packages/py-pubsub.egg-link (link to .)
[6.892s] Installing listener script to /home/ubuntu/pangolin_ws/install/py_pubsub/lib/py_pubsub
[6.894s] Installing talker script to /home/ubuntu/pangolin_ws/install/py_pubsub/lib/py_pubsub
[6.897s] 
[6.898s] Installed /home/ubuntu/pangolin_ws/build/py_pubsub
[6.899s] running install_data
[6.900s] creating /home/ubuntu/pangolin_ws/install/py_pubsub/share/ament_index
[6.902s] creating /home/ubuntu/pangolin_ws/install/py_pubsub/share/ament_index/resource_index
[6.903s] creating /home/ubuntu/pangolin_ws/install/py_pubsub/share/ament_index/resource_index/packages
[6.904s] copying resource/py_pubsub -> /home/ubuntu/pangolin_ws/install/py_pubsub/share/ament_index/resource_index/packages
[6.906s] copying package.xml -> /home/ubuntu/pangolin_ws/install/py_pubsub/share/py_pubsub
[7.527s] Invoked command in '/home/ubuntu/pangolin_ws/build/py_pubsub' returned '0': PYTHONPATH=/home/ubuntu/pangolin_ws/build/py_pubsub/prefix_override:/home/ubuntu/pangolin_ws/install/py_pubsub/lib/python3.8/site-packages:${PYTHONPATH} /usr/bin/python3 setup.py develop --editable --build-directory /home/ubuntu/pangolin_ws/build/py_pubsub/build --no-deps install_data
