[11.214s] DEBUG:colcon:Command line arguments: ['/usr/bin/colcon', 'build', '--symlink-install']
[11.214s] DEBUG:colcon:Parsed command line arguments: Namespace(allow_overriding=[], ament_cmake_args=None, base_paths=['.'], build_base='build', catkin_cmake_args=None, catkin_skip_building_tests=False, cmake_args=None, cmake_clean_cache=False, cmake_clean_first=False, cmake_force_configure=False, cmake_target=None, cmake_target_skip_unavailable=False, continue_on_error=False, event_handlers=None, executor='parallel', ignore_user_meta=False, install_base='install', log_base=None, log_level=None, main=<bound method BuildVerb.main of <colcon_core.verb.build.BuildVerb object at 0xffffabe4e190>>, merge_install=False, metas=['./colcon.meta'], packages_above=None, packages_above_and_dependencies=None, packages_above_depth=None, packages_end=None, packages_ignore=None, packages_ignore_regex=None, packages_select=None, packages_select_build_failed=False, packages_select_by_dep=None, packages_select_regex=None, packages_select_test_failures=False, packages_skip=None, packages_skip_build_finished=False, packages_skip_by_dep=None, packages_skip_regex=None, packages_skip_test_passed=False, packages_skip_up_to=None, packages_start=None, packages_up_to=None, packages_up_to_regex=None, parallel_workers=4, paths=None, symlink_install=True, test_result_base=None, verb_extension=<colcon_core.verb.build.BuildVerb object at 0xffffabe4e190>, verb_name='build', verb_parser=<colcon_defaults.argument_parser.defaults.DefaultArgumentsDecorator object at 0xffffab9dca60>)
[11.560s] Level 1:colcon.colcon_core.package_discovery:discover_packages(colcon_meta) check parameters
[11.561s] Level 1:colcon.colcon_core.package_discovery:discover_packages(recursive) check parameters
[11.561s] Level 1:colcon.colcon_core.package_discovery:discover_packages(ignore) check parameters
[11.561s] Level 1:colcon.colcon_core.package_discovery:discover_packages(path) check parameters
[11.561s] Level 1:colcon.colcon_core.package_discovery:discover_packages(colcon_meta) discover
[11.562s] Level 1:colcon.colcon_core.package_discovery:discover_packages(recursive) discover
[11.562s] INFO:colcon.colcon_core.package_discovery:Crawling recursively for packages in '/home/ubuntu/pangolin_ws'
[11.562s] Level 1:colcon.colcon_core.package_identification:_identify(.) by extensions ['ignore', 'ignore_ament_install']
[11.563s] Level 1:colcon.colcon_core.package_identification:_identify(.) by extension 'ignore'
[11.563s] Level 1:colcon.colcon_core.package_identification:_identify(.) by extension 'ignore_ament_install'
[11.563s] Level 1:colcon.colcon_core.package_identification:_identify(.) by extensions ['colcon_pkg']
[11.563s] Level 1:colcon.colcon_core.package_identification:_identify(.) by extension 'colcon_pkg'
[11.563s] Level 1:colcon.colcon_core.package_identification:_identify(.) by extensions ['colcon_meta']
[11.563s] Level 1:colcon.colcon_core.package_identification:_identify(.) by extension 'colcon_meta'
[11.564s] Level 1:colcon.colcon_core.package_identification:_identify(.) by extensions ['ros']
[11.564s] Level 1:colcon.colcon_core.package_identification:_identify(.) by extension 'ros'
[11.604s] Level 1:colcon.colcon_core.package_identification:_identify(.) by extensions ['cmake', 'python']
[11.604s] Level 1:colcon.colcon_core.package_identification:_identify(.) by extension 'cmake'
[11.605s] Level 1:colcon.colcon_core.package_identification:_identify(.) by extension 'python'
[11.605s] Level 1:colcon.colcon_core.package_identification:_identify(.) by extensions ['python_setup_py']
[11.605s] Level 1:colcon.colcon_core.package_identification:_identify(.) by extension 'python_setup_py'
[11.605s] Level 1:colcon.colcon_core.package_identification:_identify(build) by extensions ['ignore', 'ignore_ament_install']
[11.606s] Level 1:colcon.colcon_core.package_identification:_identify(build) by extension 'ignore'
[11.606s] Level 1:colcon.colcon_core.package_identification:_identify(build) ignored
[11.607s] Level 1:colcon.colcon_core.package_identification:_identify(install) by extensions ['ignore', 'ignore_ament_install']
[11.607s] Level 1:colcon.colcon_core.package_identification:_identify(install) by extension 'ignore'
[11.607s] Level 1:colcon.colcon_core.package_identification:_identify(install) ignored
[11.608s] Level 1:colcon.colcon_core.package_identification:_identify(log) by extensions ['ignore', 'ignore_ament_install']
[11.608s] Level 1:colcon.colcon_core.package_identification:_identify(log) by extension 'ignore'
[11.609s] Level 1:colcon.colcon_core.package_identification:_identify(log) ignored
[11.609s] Level 1:colcon.colcon_core.package_identification:_identify(src) by extensions ['ignore', 'ignore_ament_install']
[11.609s] Level 1:colcon.colcon_core.package_identification:_identify(src) by extension 'ignore'
[11.609s] Level 1:colcon.colcon_core.package_identification:_identify(src) by extension 'ignore_ament_install'
[11.610s] Level 1:colcon.colcon_core.package_identification:_identify(src) by extensions ['colcon_pkg']
[11.610s] Level 1:colcon.colcon_core.package_identification:_identify(src) by extension 'colcon_pkg'
[11.610s] Level 1:colcon.colcon_core.package_identification:_identify(src) by extensions ['colcon_meta']
[11.610s] Level 1:colcon.colcon_core.package_identification:_identify(src) by extension 'colcon_meta'
[11.610s] Level 1:colcon.colcon_core.package_identification:_identify(src) by extensions ['ros']
[11.610s] Level 1:colcon.colcon_core.package_identification:_identify(src) by extension 'ros'
[11.611s] Level 1:colcon.colcon_core.package_identification:_identify(src) by extensions ['cmake', 'python']
[11.611s] Level 1:colcon.colcon_core.package_identification:_identify(src) by extension 'cmake'
[11.611s] Level 1:colcon.colcon_core.package_identification:_identify(src) by extension 'python'
[11.611s] Level 1:colcon.colcon_core.package_identification:_identify(src) by extensions ['python_setup_py']
[11.611s] Level 1:colcon.colcon_core.package_identification:_identify(src) by extension 'python_setup_py'
[11.612s] Level 1:colcon.colcon_core.package_identification:_identify(src/pangolin_control) by extensions ['ignore', 'ignore_ament_install']
[11.612s] Level 1:colcon.colcon_core.package_identification:_identify(src/pangolin_control) by extension 'ignore'
[11.612s] Level 1:colcon.colcon_core.package_identification:_identify(src/pangolin_control) by extension 'ignore_ament_install'
[11.613s] Level 1:colcon.colcon_core.package_identification:_identify(src/pangolin_control) by extensions ['colcon_pkg']
[11.613s] Level 1:colcon.colcon_core.package_identification:_identify(src/pangolin_control) by extension 'colcon_pkg'
[11.613s] Level 1:colcon.colcon_core.package_identification:_identify(src/pangolin_control) by extensions ['colcon_meta']
[11.613s] Level 1:colcon.colcon_core.package_identification:_identify(src/pangolin_control) by extension 'colcon_meta'
[11.613s] Level 1:colcon.colcon_core.package_identification:_identify(src/pangolin_control) by extensions ['ros']
[11.613s] Level 1:colcon.colcon_core.package_identification:_identify(src/pangolin_control) by extension 'ros'
[11.621s] DEBUG:colcon.colcon_core.package_identification:Package 'src/pangolin_control' with type 'ros.ament_python' and name 'pangolin_control'
[11.622s] Level 1:colcon.colcon_core.package_identification:_identify(src/py_pubsub) by extensions ['ignore', 'ignore_ament_install']
[11.622s] Level 1:colcon.colcon_core.package_identification:_identify(src/py_pubsub) by extension 'ignore'
[11.623s] Level 1:colcon.colcon_core.package_identification:_identify(src/py_pubsub) by extension 'ignore_ament_install'
[11.623s] Level 1:colcon.colcon_core.package_identification:_identify(src/py_pubsub) by extensions ['colcon_pkg']
[11.623s] Level 1:colcon.colcon_core.package_identification:_identify(src/py_pubsub) by extension 'colcon_pkg'
[11.623s] Level 1:colcon.colcon_core.package_identification:_identify(src/py_pubsub) by extensions ['colcon_meta']
[11.624s] Level 1:colcon.colcon_core.package_identification:_identify(src/py_pubsub) by extension 'colcon_meta'
[11.624s] Level 1:colcon.colcon_core.package_identification:_identify(src/py_pubsub) by extensions ['ros']
[11.624s] Level 1:colcon.colcon_core.package_identification:_identify(src/py_pubsub) by extension 'ros'
[11.626s] DEBUG:colcon.colcon_core.package_identification:Package 'src/py_pubsub' with type 'ros.ament_python' and name 'py_pubsub'
[11.626s] Level 1:colcon.colcon_core.package_discovery:discover_packages(recursive) using defaults
[11.626s] Level 1:colcon.colcon_core.package_discovery:discover_packages(ignore) discover
[11.626s] Level 1:colcon.colcon_core.package_discovery:discover_packages(ignore) using defaults
[11.626s] Level 1:colcon.colcon_core.package_discovery:discover_packages(path) discover
[11.626s] Level 1:colcon.colcon_core.package_discovery:discover_packages(path) using defaults
[12.432s] Level 1:colcon.colcon_core.package_discovery:discover_packages(prefix_path) check parameters
[12.432s] Level 1:colcon.colcon_core.package_discovery:discover_packages(prefix_path) discover
[12.554s] WARNING:colcon.colcon_ros.prefix_path.ament:The path '/home/ubuntu/pangolin_ws/install/joystick_ros2' in the environment variable AMENT_PREFIX_PATH doesn't exist
[12.677s] DEBUG:colcon.colcon_installed_package_information.package_discovery:Found 2 installed packages in /home/ubuntu/pangolin_ws/install
[12.796s] DEBUG:colcon.colcon_installed_package_information.package_discovery:Found 1 installed packages in /home/ubuntu/install
[12.923s] DEBUG:colcon.colcon_installed_package_information.package_discovery:Found 175 installed packages in /opt/ros/foxy
[12.928s] Level 1:colcon.colcon_core.package_discovery:discover_packages(prefix_path) using defaults
[13.344s] Level 5:colcon.colcon_core.verb:set package 'pangolin_control' build argument 'cmake_args' from command line to 'None'
[13.344s] Level 5:colcon.colcon_core.verb:set package 'pangolin_control' build argument 'cmake_target' from command line to 'None'
[13.344s] Level 5:colcon.colcon_core.verb:set package 'pangolin_control' build argument 'cmake_target_skip_unavailable' from command line to 'False'
[13.344s] Level 5:colcon.colcon_core.verb:set package 'pangolin_control' build argument 'cmake_clean_cache' from command line to 'False'
[13.345s] Level 5:colcon.colcon_core.verb:set package 'pangolin_control' build argument 'cmake_clean_first' from command line to 'False'
[13.345s] Level 5:colcon.colcon_core.verb:set package 'pangolin_control' build argument 'cmake_force_configure' from command line to 'False'
[13.345s] Level 5:colcon.colcon_core.verb:set package 'pangolin_control' build argument 'ament_cmake_args' from command line to 'None'
[13.345s] Level 5:colcon.colcon_core.verb:set package 'pangolin_control' build argument 'catkin_cmake_args' from command line to 'None'
[13.345s] Level 5:colcon.colcon_core.verb:set package 'pangolin_control' build argument 'catkin_skip_building_tests' from command line to 'False'
[13.345s] DEBUG:colcon.colcon_core.verb:Building package 'pangolin_control' with the following arguments: {'ament_cmake_args': None, 'build_base': '/home/ubuntu/pangolin_ws/build/pangolin_control', 'catkin_cmake_args': None, 'catkin_skip_building_tests': False, 'cmake_args': None, 'cmake_clean_cache': False, 'cmake_clean_first': False, 'cmake_force_configure': False, 'cmake_target': None, 'cmake_target_skip_unavailable': False, 'install_base': '/home/ubuntu/pangolin_ws/install/pangolin_control', 'merge_install': False, 'path': '/home/ubuntu/pangolin_ws/src/pangolin_control', 'symlink_install': True, 'test_result_base': None}
[13.464s] Level 5:colcon.colcon_core.verb:set package 'py_pubsub' build argument 'cmake_args' from command line to 'None'
[13.464s] Level 5:colcon.colcon_core.verb:set package 'py_pubsub' build argument 'cmake_target' from command line to 'None'
[13.464s] Level 5:colcon.colcon_core.verb:set package 'py_pubsub' build argument 'cmake_target_skip_unavailable' from command line to 'False'
[13.464s] Level 5:colcon.colcon_core.verb:set package 'py_pubsub' build argument 'cmake_clean_cache' from command line to 'False'
[13.464s] Level 5:colcon.colcon_core.verb:set package 'py_pubsub' build argument 'cmake_clean_first' from command line to 'False'
[13.465s] Level 5:colcon.colcon_core.verb:set package 'py_pubsub' build argument 'cmake_force_configure' from command line to 'False'
[13.465s] Level 5:colcon.colcon_core.verb:set package 'py_pubsub' build argument 'ament_cmake_args' from command line to 'None'
[13.465s] Level 5:colcon.colcon_core.verb:set package 'py_pubsub' build argument 'catkin_cmake_args' from command line to 'None'
[13.465s] Level 5:colcon.colcon_core.verb:set package 'py_pubsub' build argument 'catkin_skip_building_tests' from command line to 'False'
[13.465s] DEBUG:colcon.colcon_core.verb:Building package 'py_pubsub' with the following arguments: {'ament_cmake_args': None, 'build_base': '/home/ubuntu/pangolin_ws/build/py_pubsub', 'catkin_cmake_args': None, 'catkin_skip_building_tests': False, 'cmake_args': None, 'cmake_clean_cache': False, 'cmake_clean_first': False, 'cmake_force_configure': False, 'cmake_target': None, 'cmake_target_skip_unavailable': False, 'install_base': '/home/ubuntu/pangolin_ws/install/py_pubsub', 'merge_install': False, 'path': '/home/ubuntu/pangolin_ws/src/py_pubsub', 'symlink_install': True, 'test_result_base': None}
[13.667s] INFO:colcon.colcon_core.executor:Executing jobs using 'parallel' executor
[13.924s] DEBUG:colcon.colcon_parallel_executor.executor.parallel:run_until_complete
[13.926s] INFO:colcon.colcon_ros.task.ament_python.build:Building ROS package in '/home/ubuntu/pangolin_ws/src/pangolin_control' with build type 'ament_python'
[13.927s] Level 1:colcon.colcon_core.shell:create_environment_hook('pangolin_control', 'ament_prefix_path')
[14.127s] INFO:colcon.colcon_core.plugin_system:Skipping extension 'colcon_core.shell.bat': Not used on non-Windows systems
[14.128s] INFO:colcon.colcon_core.shell:Creating environment hook '/home/ubuntu/pangolin_ws/install/pangolin_control/share/pangolin_control/hook/ament_prefix_path.ps1'
[14.130s] INFO:colcon.colcon_core.shell:Creating environment descriptor '/home/ubuntu/pangolin_ws/install/pangolin_control/share/pangolin_control/hook/ament_prefix_path.dsv'
[14.132s] INFO:colcon.colcon_core.shell:Creating environment hook '/home/ubuntu/pangolin_ws/install/pangolin_control/share/pangolin_control/hook/ament_prefix_path.sh'
[14.260s] INFO:colcon.colcon_core.shell:Skip shell extension 'powershell' for command environment: Not usable outside of PowerShell
[14.260s] DEBUG:colcon.colcon_core.shell:Skip shell extension 'dsv' for command environment
[14.788s] INFO:colcon.colcon_ros.task.ament_python.build:Building ROS package in '/home/ubuntu/pangolin_ws/src/py_pubsub' with build type 'ament_python'
[14.789s] Level 1:colcon.colcon_core.shell:create_environment_hook('py_pubsub', 'ament_prefix_path')
[14.919s] INFO:colcon.colcon_core.shell:Creating environment hook '/home/ubuntu/pangolin_ws/install/py_pubsub/share/py_pubsub/hook/ament_prefix_path.ps1'
[14.921s] INFO:colcon.colcon_core.shell:Creating environment descriptor '/home/ubuntu/pangolin_ws/install/py_pubsub/share/py_pubsub/hook/ament_prefix_path.dsv'
[14.922s] INFO:colcon.colcon_core.shell:Creating environment hook '/home/ubuntu/pangolin_ws/install/py_pubsub/share/py_pubsub/hook/ament_prefix_path.sh'
[15.050s] INFO:colcon.colcon_core.shell:Skip shell extension 'powershell' for command environment: Not usable outside of PowerShell
[15.051s] DEBUG:colcon.colcon_core.shell:Skip shell extension 'dsv' for command environment
[16.393s] INFO:colcon.colcon_core.task.python.build:Building Python package in '/home/ubuntu/pangolin_ws/src/pangolin_control'
[16.521s] INFO:colcon.colcon_core.shell:Skip shell extension 'powershell' for command environment: Not usable outside of PowerShell
[16.521s] DEBUG:colcon.colcon_core.shell:Skip shell extension 'dsv' for command environment
[17.856s] INFO:colcon.colcon_core.task.python.build:Building Python package in '/home/ubuntu/pangolin_ws/src/py_pubsub'
[17.987s] INFO:colcon.colcon_core.shell:Skip shell extension 'powershell' for command environment: Not usable outside of PowerShell
[17.988s] DEBUG:colcon.colcon_core.shell:Skip shell extension 'dsv' for command environment
[20.049s] DEBUG:colcon.colcon_core.event_handler.log_command:Invoking command in '/home/ubuntu/pangolin_ws/build/pangolin_control': PYTHONPATH=/home/ubuntu/pangolin_ws/build/pangolin_control/prefix_override:/home/ubuntu/pangolin_ws/install/pangolin_control/lib/python3.8/site-packages:${PYTHONPATH} /usr/bin/python3 setup.py develop --editable --build-directory /home/ubuntu/pangolin_ws/build/pangolin_control/build --no-deps install_data
[20.083s] DEBUG:colcon.colcon_core.event_handler.log_command:Invoking command in '/home/ubuntu/pangolin_ws/build/py_pubsub': PYTHONPATH=/home/ubuntu/pangolin_ws/build/py_pubsub/prefix_override:/home/ubuntu/pangolin_ws/install/py_pubsub/lib/python3.8/site-packages:${PYTHONPATH} /usr/bin/python3 setup.py develop --editable --build-directory /home/ubuntu/pangolin_ws/build/py_pubsub/build --no-deps install_data
[21.848s] Level 1:colcon.colcon_core.shell:create_environment_hook('pangolin_control', 'pythonpath_develop')
[21.850s] DEBUG:colcon.colcon_core.event_handler.log_command:Invoked command in '/home/ubuntu/pangolin_ws/build/pangolin_control' returned '0': PYTHONPATH=/home/ubuntu/pangolin_ws/build/pangolin_control/prefix_override:/home/ubuntu/pangolin_ws/install/pangolin_control/lib/python3.8/site-packages:${PYTHONPATH} /usr/bin/python3 setup.py develop --editable --build-directory /home/ubuntu/pangolin_ws/build/pangolin_control/build --no-deps install_data
[21.991s] INFO:colcon.colcon_core.shell:Creating environment hook '/home/ubuntu/pangolin_ws/build/pangolin_control/share/pangolin_control/hook/pythonpath_develop.ps1'
[21.994s] INFO:colcon.colcon_core.shell:Creating environment descriptor '/home/ubuntu/pangolin_ws/build/pangolin_control/share/pangolin_control/hook/pythonpath_develop.dsv'
[21.997s] INFO:colcon.colcon_core.shell:Creating environment hook '/home/ubuntu/pangolin_ws/build/pangolin_control/share/pangolin_control/hook/pythonpath_develop.sh'
[22.175s] Level 1:colcon.colcon_core.environment:checking '/home/ubuntu/pangolin_ws/install/pangolin_control' for CMake module files
[22.178s] Level 1:colcon.colcon_core.environment:checking '/home/ubuntu/pangolin_ws/install/pangolin_control' for CMake config files
[22.181s] Level 1:colcon.colcon_core.environment:checking '/home/ubuntu/pangolin_ws/install/pangolin_control/lib'
[22.181s] Level 1:colcon.colcon_core.environment:checking '/home/ubuntu/pangolin_ws/install/pangolin_control/bin'
[22.182s] Level 1:colcon.colcon_core.environment:checking '/home/ubuntu/pangolin_ws/install/pangolin_control/lib/pkgconfig/pangolin_control.pc'
[22.182s] Level 1:colcon.colcon_core.environment:checking '/home/ubuntu/pangolin_ws/install/pangolin_control/lib/python3.8/site-packages'
[22.183s] Level 1:colcon.colcon_core.shell:create_environment_hook('pangolin_control', 'pythonpath')
[22.314s] INFO:colcon.colcon_core.shell:Creating environment hook '/home/ubuntu/pangolin_ws/install/pangolin_control/share/pangolin_control/hook/pythonpath.ps1'
[22.316s] INFO:colcon.colcon_core.shell:Creating environment descriptor '/home/ubuntu/pangolin_ws/install/pangolin_control/share/pangolin_control/hook/pythonpath.dsv'
[22.318s] INFO:colcon.colcon_core.shell:Creating environment hook '/home/ubuntu/pangolin_ws/install/pangolin_control/share/pangolin_control/hook/pythonpath.sh'
[22.320s] Level 1:colcon.colcon_core.environment:checking '/home/ubuntu/pangolin_ws/install/pangolin_control/bin'
[22.320s] Level 1:colcon.colcon_core.environment:create_environment_scripts_only(pangolin_control)
[22.445s] INFO:colcon.colcon_core.shell:Creating package script '/home/ubuntu/pangolin_ws/install/pangolin_control/share/pangolin_control/package.ps1'
[22.448s] INFO:colcon.colcon_core.shell:Creating package descriptor '/home/ubuntu/pangolin_ws/install/pangolin_control/share/pangolin_control/package.dsv'
[22.451s] INFO:colcon.colcon_core.shell:Creating package script '/home/ubuntu/pangolin_ws/install/pangolin_control/share/pangolin_control/package.sh'
[22.454s] INFO:colcon.colcon_core.shell:Creating package script '/home/ubuntu/pangolin_ws/install/pangolin_control/share/pangolin_control/package.bash'
[22.457s] INFO:colcon.colcon_core.shell:Creating package script '/home/ubuntu/pangolin_ws/install/pangolin_control/share/pangolin_control/package.zsh'
[22.459s] Level 1:colcon.colcon_core.environment:create_file_with_runtime_dependencies(/home/ubuntu/pangolin_ws/install/pangolin_control/share/colcon-core/packages/pangolin_control)
[22.463s] Level 1:colcon.colcon_core.shell:create_environment_hook('py_pubsub', 'pythonpath_develop')
[22.465s] DEBUG:colcon.colcon_core.event_handler.log_command:Invoked command in '/home/ubuntu/pangolin_ws/build/py_pubsub' returned '0': PYTHONPATH=/home/ubuntu/pangolin_ws/build/py_pubsub/prefix_override:/home/ubuntu/pangolin_ws/install/py_pubsub/lib/python3.8/site-packages:${PYTHONPATH} /usr/bin/python3 setup.py develop --editable --build-directory /home/ubuntu/pangolin_ws/build/py_pubsub/build --no-deps install_data
[22.596s] INFO:colcon.colcon_core.shell:Creating environment hook '/home/ubuntu/pangolin_ws/build/py_pubsub/share/py_pubsub/hook/pythonpath_develop.ps1'
[22.603s] INFO:colcon.colcon_core.shell:Creating environment descriptor '/home/ubuntu/pangolin_ws/build/py_pubsub/share/py_pubsub/hook/pythonpath_develop.dsv'
[22.605s] INFO:colcon.colcon_core.shell:Creating environment hook '/home/ubuntu/pangolin_ws/build/py_pubsub/share/py_pubsub/hook/pythonpath_develop.sh'
[22.736s] Level 1:colcon.colcon_core.environment:checking '/home/ubuntu/pangolin_ws/install/py_pubsub' for CMake module files
[22.738s] Level 1:colcon.colcon_core.environment:checking '/home/ubuntu/pangolin_ws/install/py_pubsub' for CMake config files
[22.741s] Level 1:colcon.colcon_core.environment:checking '/home/ubuntu/pangolin_ws/install/py_pubsub/lib'
[22.741s] Level 1:colcon.colcon_core.environment:checking '/home/ubuntu/pangolin_ws/install/py_pubsub/bin'
[22.741s] Level 1:colcon.colcon_core.environment:checking '/home/ubuntu/pangolin_ws/install/py_pubsub/lib/pkgconfig/py_pubsub.pc'
[22.742s] Level 1:colcon.colcon_core.environment:checking '/home/ubuntu/pangolin_ws/install/py_pubsub/lib/python3.8/site-packages'
[22.743s] Level 1:colcon.colcon_core.shell:create_environment_hook('py_pubsub', 'pythonpath')
[22.867s] INFO:colcon.colcon_core.shell:Creating environment hook '/home/ubuntu/pangolin_ws/install/py_pubsub/share/py_pubsub/hook/pythonpath.ps1'
[22.869s] INFO:colcon.colcon_core.shell:Creating environment descriptor '/home/ubuntu/pangolin_ws/install/py_pubsub/share/py_pubsub/hook/pythonpath.dsv'
[22.871s] INFO:colcon.colcon_core.shell:Creating environment hook '/home/ubuntu/pangolin_ws/install/py_pubsub/share/py_pubsub/hook/pythonpath.sh'
[22.873s] Level 1:colcon.colcon_core.environment:checking '/home/ubuntu/pangolin_ws/install/py_pubsub/bin'
[22.873s] Level 1:colcon.colcon_core.environment:create_environment_scripts_only(py_pubsub)
[23.001s] INFO:colcon.colcon_core.shell:Creating package script '/home/ubuntu/pangolin_ws/install/py_pubsub/share/py_pubsub/package.ps1'
[23.003s] INFO:colcon.colcon_core.shell:Creating package descriptor '/home/ubuntu/pangolin_ws/install/py_pubsub/share/py_pubsub/package.dsv'
[23.005s] INFO:colcon.colcon_core.shell:Creating package script '/home/ubuntu/pangolin_ws/install/py_pubsub/share/py_pubsub/package.sh'
[23.007s] INFO:colcon.colcon_core.shell:Creating package script '/home/ubuntu/pangolin_ws/install/py_pubsub/share/py_pubsub/package.bash'
[23.009s] INFO:colcon.colcon_core.shell:Creating package script '/home/ubuntu/pangolin_ws/install/py_pubsub/share/py_pubsub/package.zsh'
[23.010s] Level 1:colcon.colcon_core.environment:create_file_with_runtime_dependencies(/home/ubuntu/pangolin_ws/install/py_pubsub/share/colcon-core/packages/py_pubsub)
[23.012s] DEBUG:colcon.colcon_parallel_executor.executor.parallel:closing loop
[23.012s] DEBUG:colcon.colcon_parallel_executor.executor.parallel:loop closed
[23.013s] DEBUG:colcon.colcon_parallel_executor.executor.parallel:run_until_complete finished with '0'
[23.013s] DEBUG:colcon.colcon_core.event_reactor:joining thread
[23.159s] INFO:colcon.colcon_core.plugin_system:Skipping extension 'colcon_notification.desktop_notification.notify_send': Could not find 'notify-send'
[23.160s] INFO:colcon.colcon_core.plugin_system:Skipping extension 'colcon_notification.desktop_notification.terminal_notifier': Not used on non-Darwin systems
[23.160s] INFO:colcon.colcon_core.plugin_system:Skipping extension 'colcon_notification.desktop_notification.win32': Not used on non-Windows systems
[23.160s] INFO:colcon.colcon_notification.desktop_notification:Sending desktop notification using 'notify2'
[23.163s] DEBUG:colcon.colcon_notification.desktop_notification.notify2:Failed to initialize notify2: org.freedesktop.DBus.Error.ServiceUnknown: The name org.freedesktop.Notifications was not provided by any .service files
[23.164s] DEBUG:colcon.colcon_core.event_reactor:joined thread
[23.286s] INFO:colcon.colcon_core.shell:Creating prefix script '/home/ubuntu/pangolin_ws/install/local_setup.ps1'
[23.289s] INFO:colcon.colcon_core.shell:Creating prefix util module '/home/ubuntu/pangolin_ws/install/_local_setup_util_ps1.py'
[23.294s] INFO:colcon.colcon_core.shell:Creating prefix chain script '/home/ubuntu/pangolin_ws/install/setup.ps1'
[23.458s] INFO:colcon.colcon_core.shell:Creating prefix script '/home/ubuntu/pangolin_ws/install/local_setup.sh'
[23.461s] INFO:colcon.colcon_core.shell:Creating prefix util module '/home/ubuntu/pangolin_ws/install/_local_setup_util_sh.py'
[23.463s] INFO:colcon.colcon_core.shell:Creating prefix chain script '/home/ubuntu/pangolin_ws/install/setup.sh'
[23.604s] INFO:colcon.colcon_core.shell:Creating prefix script '/home/ubuntu/pangolin_ws/install/local_setup.bash'
[23.608s] INFO:colcon.colcon_core.shell:Creating prefix chain script '/home/ubuntu/pangolin_ws/install/setup.bash'
[23.741s] INFO:colcon.colcon_core.shell:Creating prefix script '/home/ubuntu/pangolin_ws/install/local_setup.zsh'
[23.743s] INFO:colcon.colcon_core.shell:Creating prefix chain script '/home/ubuntu/pangolin_ws/install/setup.zsh'
