[6.008s] Invoking command in '/home/ubuntu/pangolin_ws/build/pangolin_control': PYTHONPATH=/home/ubuntu/pangolin_ws/build/pangolin_control/prefix_override:/home/ubuntu/pangolin_ws/install/pangolin_control/lib/python3.8/site-packages:${PYTHONPATH} /usr/bin/python3 setup.py develop --editable --build-directory /home/ubuntu/pangolin_ws/build/pangolin_control/build --no-deps install_data
[6.941s] running develop
[7.471s] running egg_info
[7.472s] creating pangolin_control.egg-info
[7.473s] writing pangolin_control.egg-info/PKG-INFO
[7.474s] writing dependency_links to pangolin_control.egg-info/dependency_links.txt
[7.475s] writing entry points to pangolin_control.egg-info/entry_points.txt
[7.475s] writing requirements to pangolin_control.egg-info/requires.txt
[7.476s] writing top-level names to pangolin_control.egg-info/top_level.txt
[7.480s] writing manifest file 'pangolin_control.egg-info/SOURCES.txt'
[7.607s] reading manifest file 'pangolin_control.egg-info/SOURCES.txt'
[7.609s] writing manifest file 'pangolin_control.egg-info/SOURCES.txt'
[7.615s] running build_ext
[7.616s] Creating /home/ubuntu/pangolin_ws/install/pangolin_control/lib/python3.8/site-packages/site.py
[7.624s] Creating /home/ubuntu/pangolin_ws/install/pangolin_control/lib/python3.8/site-packages/pangolin-control.egg-link (link to .)
[7.627s] Installing pangolin_control script to /home/ubuntu/pangolin_ws/install/pangolin_control/lib/pangolin_control
[7.629s] 
[7.630s] Installed /home/ubuntu/pangolin_ws/build/pangolin_control
[7.631s] running install_data
[7.631s] creating /home/ubuntu/pangolin_ws/install/pangolin_control/share/ament_index
[7.632s] creating /home/ubuntu/pangolin_ws/install/pangolin_control/share/ament_index/resource_index
[7.633s] creating /home/ubuntu/pangolin_ws/install/pangolin_control/share/ament_index/resource_index/packages
[7.634s] copying resource/pangolin_control -> /home/ubuntu/pangolin_ws/install/pangolin_control/share/ament_index/resource_index/packages
[7.635s] copying package.xml -> /home/ubuntu/pangolin_ws/install/pangolin_control/share/pangolin_control
[7.636s] creating /home/ubuntu/pangolin_ws/install/pangolin_control/share/pangolin_control/launch
[7.637s] copying launch/pangolin_control.launch.py -> /home/ubuntu/pangolin_ws/install/pangolin_control/share/pangolin_control/launch
[7.759s] Invoked command in '/home/ubuntu/pangolin_ws/build/pangolin_control' returned '0': PYTHONPATH=/home/ubuntu/pangolin_ws/build/pangolin_control/prefix_override:/home/ubuntu/pangolin_ws/install/pangolin_control/lib/python3.8/site-packages:${PYTHONPATH} /usr/bin/python3 setup.py develop --editable --build-directory /home/ubuntu/pangolin_ws/build/pangolin_control/build --no-deps install_data
