[5.974s] Invoking command in '/home/ubuntu/pangolin_ws/build/pangolin_control': PYTHONPATH=/home/ubuntu/pangolin_ws/build/pangolin_control/prefix_override:/home/ubuntu/pangolin_ws/install/pangolin_control/lib/python3.8/site-packages:${PYTHONPATH} /usr/bin/python3 setup.py develop --editable --build-directory /home/ubuntu/pangolin_ws/build/pangolin_control/build --no-deps install_data
[6.928s] running develop
[7.458s] running egg_info
[7.458s] creating pangolin_control.egg-info
[7.459s] writing pangolin_control.egg-info/PKG-INFO
[7.460s] writing dependency_links to pangolin_control.egg-info/dependency_links.txt
[7.462s] writing entry points to pangolin_control.egg-info/entry_points.txt
[7.465s] writing requirements to pangolin_control.egg-info/requires.txt
[7.466s] writing top-level names to pangolin_control.egg-info/top_level.txt
[7.467s] writing manifest file 'pangolin_control.egg-info/SOURCES.txt'
[7.587s] reading manifest file 'pangolin_control.egg-info/SOURCES.txt'
[7.589s] writing manifest file 'pangolin_control.egg-info/SOURCES.txt'
[7.596s] running build_ext
[7.599s] Creating /home/ubuntu/pangolin_ws/install/pangolin_control/lib/python3.8/site-packages/site.py
[7.606s] Creating /home/ubuntu/pangolin_ws/install/pangolin_control/lib/python3.8/site-packages/pangolin-control.egg-link (link to .)
[7.609s] Installing pangolin_control script to /home/ubuntu/pangolin_ws/install/pangolin_control/lib/pangolin_control
[7.611s] 
[7.612s] Installed /home/ubuntu/pangolin_ws/build/pangolin_control
[7.613s] running install_data
[7.616s] creating /home/ubuntu/pangolin_ws/install/pangolin_control/share/ament_index
[7.618s] creating /home/ubuntu/pangolin_ws/install/pangolin_control/share/ament_index/resource_index
[7.620s] creating /home/ubuntu/pangolin_ws/install/pangolin_control/share/ament_index/resource_index/packages
[7.626s] copying resource/pangolin_control -> /home/ubuntu/pangolin_ws/install/pangolin_control/share/ament_index/resource_index/packages
[7.628s] copying package.xml -> /home/ubuntu/pangolin_ws/install/pangolin_control/share/pangolin_control
[7.636s] creating /home/ubuntu/pangolin_ws/install/pangolin_control/share/pangolin_control/launch
[8.324s] Invoked command in '/home/ubuntu/pangolin_ws/build/pangolin_control' returned '0': PYTHONPATH=/home/ubuntu/pangolin_ws/build/pangolin_control/prefix_override:/home/ubuntu/pangolin_ws/install/pangolin_control/lib/python3.8/site-packages:${PYTHONPATH} /usr/bin/python3 setup.py develop --editable --build-directory /home/ubuntu/pangolin_ws/build/pangolin_control/build --no-deps install_data
