[5.995s] Invoking command in '/home/ubuntu/pangolin_ws/build/pangolin_control': PYTHONPATH=/home/ubuntu/pangolin_ws/build/pangolin_control/prefix_override:/home/ubuntu/pangolin_ws/install/pangolin_control/lib/python3.8/site-packages:${PYTHONPATH} /usr/bin/python3 setup.py develop --editable --build-directory /home/ubuntu/pangolin_ws/build/pangolin_control/build --no-deps install_data
[6.959s] running develop
[7.505s] running egg_info
[7.511s] creating pangolin_control.egg-info
[7.512s] writing pangolin_control.egg-info/PKG-INFO
[7.513s] writing dependency_links to pangolin_control.egg-info/dependency_links.txt
[7.513s] writing entry points to pangolin_control.egg-info/entry_points.txt
[7.514s] writing requirements to pangolin_control.egg-info/requires.txt
[7.514s] writing top-level names to pangolin_control.egg-info/top_level.txt
[7.515s] writing manifest file 'pangolin_control.egg-info/SOURCES.txt'
[7.636s] reading manifest file 'pangolin_control.egg-info/SOURCES.txt'
[7.639s] writing manifest file 'pangolin_control.egg-info/SOURCES.txt'
[7.646s] running build_ext
[7.647s] Creating /home/ubuntu/pangolin_ws/install/pangolin_control/lib/python3.8/site-packages/site.py
[7.654s] Creating /home/ubuntu/pangolin_ws/install/pangolin_control/lib/python3.8/site-packages/pangolin-control.egg-link (link to .)
[7.658s] Installing pangolin_control script to /home/ubuntu/pangolin_ws/install/pangolin_control/lib/pangolin_control
[7.679s] 
[7.681s] Installed /home/ubuntu/pangolin_ws/build/pangolin_control
[7.683s] running install_data
[7.694s] creating /home/ubuntu/pangolin_ws/install/pangolin_control/share/ament_index
[7.698s] creating /home/ubuntu/pangolin_ws/install/pangolin_control/share/ament_index/resource_index
[7.706s] creating /home/ubuntu/pangolin_ws/install/pangolin_control/share/ament_index/resource_index/packages
[7.710s] copying resource/pangolin_control -> /home/ubuntu/pangolin_ws/install/pangolin_control/share/ament_index/resource_index/packages
[7.714s] copying package.xml -> /home/ubuntu/pangolin_ws/install/pangolin_control/share/pangolin_control
[7.716s] creating /home/ubuntu/pangolin_ws/install/pangolin_control/share/pangolin_control/launch
[7.718s] copying launch/pangolin_control_launch.py -> /home/ubuntu/pangolin_ws/install/pangolin_control/share/pangolin_control/launch
[7.816s] Invoked command in '/home/ubuntu/pangolin_ws/build/pangolin_control' returned '0': PYTHONPATH=/home/ubuntu/pangolin_ws/build/pangolin_control/prefix_override:/home/ubuntu/pangolin_ws/install/pangolin_control/lib/python3.8/site-packages:${PYTHONPATH} /usr/bin/python3 setup.py develop --editable --build-directory /home/ubuntu/pangolin_ws/build/pangolin_control/build --no-deps install_data
